<?xml version="1.0" encoding="UTF-8"?>
<robot generator="Robot 4.1 (Python 3.9.7 on win32)" generated="20211119 15:36:20.460" rpa="false" schemaversion="2">
<suite id="s1" name="Tests" source="C:\Luby\NeerHouse\QA\frontend\tests">
<suite id="s1-s1" name="CadastroClienteTests" source="C:\Luby\NeerHouse\QA\frontend\tests\CadastroClienteTests.robot">
<kw name="Start Session" library="Base" type="SETUP">
<kw name="New Browser" library="Browser">
<arg>chromium</arg>
<arg>False</arg>
<tag>BrowserControl</tag>
<tag>Setter</tag>
<doc>Create a new playwright Browser with specified options.</doc>
<msg timestamp="20211119 15:36:22.746" level="INFO">{"browser": "chromium", "headless": false, "handleSIGINT": true, "handleSIGTERM": true, "handleSIGHUP": true, "timeout": 30000.0, "devtools": false, "slowMo": 0.0, "tracesDir": "C:\\Luby\\NeerHouse\\QA\\frontend\\log\\browser\\traces\\c8e46651-2da6-4415-89f1-96a609416beb"}</msg>
<msg timestamp="20211119 15:36:24.031" level="INFO">Successfully created browser with options: {"browser":"chromium","headless":false,"handleSIGINT":true,"handleSIGTERM":true,"handleSIGHUP":true,"timeout":30000,"devtools":false,"slowMo":0,"tracesDir":"C:\\Luby\\NeerHouse\\QA\\frontend\\log\\browser\\traces\\c8e46651-2da6-4415-89f1-96a609416beb"}</msg>
<status status="PASS" starttime="20211119 15:36:22.745" endtime="20211119 15:36:24.032"/>
</kw>
<kw name="New Page" library="Browser">
<arg>https://neer.stag.dev.luby.com.br/</arg>
<tag>BrowserControl</tag>
<tag>Setter</tag>
<doc>Open a new Page. A Page is the Playwright equivalent to a tab.
See `Browser, Context and Page` for more information about Page concept.
Returns a stable identifier for the created page.</doc>
<msg timestamp="20211119 15:36:34.638" level="INFO">Successfully initialized new page object and opened url: https://neer.stag.dev.luby.com.br/</msg>
<msg timestamp="20211119 15:36:34.638" level="INFO">No context was open. New context was automatically opened when this page is created.</msg>
<status status="PASS" starttime="20211119 15:36:24.032" endtime="20211119 15:36:34.638"/>
</kw>
<status status="PASS" starttime="20211119 15:36:22.744" endtime="20211119 15:36:34.639"/>
</kw>
<test id="s1-s1-t1" name="Logar Adm">
<kw name="Login Admin" library="CadAdm">
<kw name="Login With" library="LoginActions">
<arg>admin@email.com</arg>
<arg>12345678</arg>
<kw name="Fill Text" library="Browser">
<arg>id=email</arg>
<arg>${email}</arg>
<tag>PageContent</tag>
<tag>Setter</tag>
<doc>Clears and fills the given ``txt`` into the text field found by ``selector``.</doc>
<msg timestamp="20211119 15:36:34.849" level="INFO">Fills the text 'admin@email.com' in the given field.</msg>
<status status="PASS" starttime="20211119 15:36:34.847" endtime="20211119 15:36:39.612"/>
</kw>
<kw name="Fill Text" library="Browser">
<arg>id=password</arg>
<arg>${pass}</arg>
<tag>PageContent</tag>
<tag>Setter</tag>
<doc>Clears and fills the given ``txt`` into the text field found by ``selector``.</doc>
<msg timestamp="20211119 15:36:39.613" level="INFO">Fills the text '12345678' in the given field.</msg>
<status status="PASS" starttime="20211119 15:36:39.612" endtime="20211119 15:36:39.685"/>
</kw>
<kw name="Click" library="Browser">
<arg>text=Entrar</arg>
<tag>PageContent</tag>
<tag>Setter</tag>
<doc>Simulates mouse click on the element found by ``selector``.</doc>
<status status="PASS" starttime="20211119 15:36:39.686" endtime="20211119 15:36:39.860"/>
</kw>
<status status="PASS" starttime="20211119 15:36:34.846" endtime="20211119 15:36:39.860"/>
</kw>
<status status="PASS" starttime="20211119 15:36:34.846" endtime="20211119 15:36:39.861"/>
</kw>
<kw name="Finish Test" library="Base" type="TEARDOWN">
<kw name="Take Screenshot" library="Browser">
<tag>PageContent</tag>
<doc>Takes a screenshot of the current window or element and saves it to disk.</doc>
<msg timestamp="20211119 15:36:40.102" level="INFO" html="true">&lt;/td&gt;&lt;/tr&gt;&lt;tr&gt;&lt;td colspan="3"&gt;&lt;a href="browser/screenshot/robotframework-browser-screenshot-1.png"&gt;&lt;img src="browser/screenshot/robotframework-browser-screenshot-1.png" width="800px"&gt;&lt;/a&gt;</msg>
<status status="PASS" starttime="20211119 15:36:39.863" endtime="20211119 15:36:40.103"/>
</kw>
<status status="PASS" starttime="20211119 15:36:39.862" endtime="20211119 15:36:40.103"/>
</kw>
<status status="PASS" starttime="20211119 15:36:34.639" endtime="20211119 15:36:40.104"/>
</test>
<test id="s1-s1-t2" name="Cadastro Cliente Sucesso">
<kw name="Get DadosCad" library="Helpers">
<var>${DadosCad}</var>
<arg>CadClienteCompleto</arg>
<kw name="Get File" library="OperatingSystem">
<var>${fixture}</var>
<arg>${EXECDIR}/resources/fixtures/DadosCad.json</arg>
<doc>Returns the contents of a specified file.</doc>
<msg timestamp="20211119 15:36:40.139" level="INFO" html="true">Getting file '&lt;a href="file://C:\Luby\NeerHouse\QA\frontend\resources\fixtures\DadosCad.json"&gt;C:\Luby\NeerHouse\QA\frontend\resources\fixtures\DadosCad.json&lt;/a&gt;'.</msg>
<msg timestamp="20211119 15:36:40.141" level="INFO">${fixture} = {   
    "Adm1": {
        "email": "emailteste@teste.com",
        "permissao" :"Admin"
    },

    "EmailBranco": {
        "email": "",
        "permissao" :"SysAdmin"
    },

    "Vazio": {
      ...</msg>
<status status="PASS" starttime="20211119 15:36:40.138" endtime="20211119 15:36:40.141"/>
</kw>
<kw name="Evaluate" library="BuiltIn">
<var>${json}</var>
<arg>json.loads($fixture)</arg>
<arg>json</arg>
<doc>Evaluates the given expression in Python and returns the result.</doc>
<msg timestamp="20211119 15:36:40.155" level="INFO">${json} = {'Adm1': {'email': 'emailteste@teste.com', 'permissao': 'Admin'}, 'EmailBranco': {'email': '', 'permissao': 'SysAdmin'}, 'Vazio': {'email': '', 'permissao': ''}, 'PermissaoBranco': {'email': 'email2@e...</msg>
<status status="PASS" starttime="20211119 15:36:40.141" endtime="20211119 15:36:40.155"/>
</kw>
<kw name="Set Variable" library="BuiltIn">
<var>${select_DadosCad}</var>
<arg>${json}[${DadosCad}]</arg>
<doc>Returns the given values which can then be assigned to a variables.</doc>
<msg timestamp="20211119 15:36:40.157" level="INFO">${select_DadosCad} = {'Name': 'Jõao da Silva', 'CPF': '12345678901', 'Email': 'joao@silva.com', 'DataNasc': '18/11/1980', 'Telefone': '43112345678'}</msg>
<status status="PASS" starttime="20211119 15:36:40.156" endtime="20211119 15:36:40.157"/>
</kw>
<msg timestamp="20211119 15:36:40.157" level="INFO">${DadosCad} = {'Name': 'Jõao da Silva', 'CPF': '12345678901', 'Email': 'joao@silva.com', 'DataNasc': '18/11/1980', 'Telefone': '43112345678'}</msg>
<status status="PASS" starttime="20211119 15:36:40.136" endtime="20211119 15:36:40.157"/>
</kw>
<kw name="Go To CadCliente" library="CadClienteActions">
<kw name="Click" library="Browser">
<arg>text=Usuários</arg>
<tag>PageContent</tag>
<tag>Setter</tag>
<doc>Simulates mouse click on the element found by ``selector``.</doc>
<status status="PASS" starttime="20211119 15:36:40.159" endtime="20211119 15:36:41.634"/>
</kw>
<kw name="Click" library="Browser">
<arg>xpath=/html/body/div/main/div/aside/div[1]/div[2]/ul/li/ul/ul/li/ul/li[3]/ul/li[1]</arg>
<tag>PageContent</tag>
<tag>Setter</tag>
<doc>Simulates mouse click on the element found by ``selector``.</doc>
<status status="PASS" starttime="20211119 15:36:41.635" endtime="20211119 15:36:42.015"/>
</kw>
<kw name="Get Text" library="Browser">
<arg>text="Cadastrar Cliente"</arg>
<tag>Assertion</tag>
<tag>Getter</tag>
<tag>PageContent</tag>
<doc>Returns text attribute of the element found by ``selector``.</doc>
<status status="PASS" starttime="20211119 15:36:42.015" endtime="20211119 15:36:42.341"/>
</kw>
<status status="PASS" starttime="20211119 15:36:40.158" endtime="20211119 15:36:42.342"/>
</kw>
<kw name="Submit Form Cliente" library="CadClienteActions">
<arg>${DadosCad}</arg>
<kw name="Fill Text" library="Browser">
<arg>id=name</arg>
<arg>${DadosCad}[Name]</arg>
<tag>PageContent</tag>
<tag>Setter</tag>
<doc>Clears and fills the given ``txt`` into the text field found by ``selector``.</doc>
<msg timestamp="20211119 15:36:42.344" level="INFO">Fills the text 'Jõao da Silva' in the given field.</msg>
<status status="PASS" starttime="20211119 15:36:42.343" endtime="20211119 15:36:42.419"/>
</kw>
<kw name="Fill Text" library="Browser">
<arg>id=cpf</arg>
<arg>${DadosCad}[CPF]</arg>
<tag>PageContent</tag>
<tag>Setter</tag>
<doc>Clears and fills the given ``txt`` into the text field found by ``selector``.</doc>
<msg timestamp="20211119 15:36:42.421" level="INFO">Fills the text '12345678901' in the given field.</msg>
<status status="PASS" starttime="20211119 15:36:42.420" endtime="20211119 15:36:42.521"/>
</kw>
<kw name="Fill Text" library="Browser">
<arg>id=email</arg>
<arg>${DadosCad}[Email]</arg>
<tag>PageContent</tag>
<tag>Setter</tag>
<doc>Clears and fills the given ``txt`` into the text field found by ``selector``.</doc>
<msg timestamp="20211119 15:36:42.522" level="INFO">Fills the text 'joao@silva.com' in the given field.</msg>
<status status="PASS" starttime="20211119 15:36:42.521" endtime="20211119 15:36:42.595"/>
</kw>
<kw name="Fill Text" library="Browser">
<arg>id=dateBirth</arg>
<arg>${DadosCad}[DataNasc]</arg>
<tag>PageContent</tag>
<tag>Setter</tag>
<doc>Clears and fills the given ``txt`` into the text field found by ``selector``.</doc>
<msg timestamp="20211119 15:36:42.596" level="INFO">Fills the text '18/11/1980' in the given field.</msg>
<status status="PASS" starttime="20211119 15:36:42.596" endtime="20211119 15:36:42.703"/>
</kw>
<kw name="Fill Text" library="Browser">
<arg>id=phone</arg>
<arg>${DadosCad}[Telefone]</arg>
<tag>PageContent</tag>
<tag>Setter</tag>
<doc>Clears and fills the given ``txt`` into the text field found by ``selector``.</doc>
<msg timestamp="20211119 15:36:42.705" level="INFO">Fills the text '43112345678' in the given field.</msg>
<status status="PASS" starttime="20211119 15:36:42.704" endtime="20211119 15:36:42.779"/>
</kw>
<status status="PASS" starttime="20211119 15:36:42.342" endtime="20211119 15:36:42.780"/>
</kw>
<kw name="Click" library="Browser">
<arg>xpath=/html/body/div[1]/main/div/main/form/footer/button[1]/span[2]</arg>
<tag>PageContent</tag>
<tag>Setter</tag>
<doc>Simulates mouse click on the element found by ``selector``.</doc>
<status status="PASS" starttime="20211119 15:36:42.790" endtime="20211119 15:36:43.018"/>
</kw>
<kw name="Finish Test" library="Base" type="TEARDOWN">
<kw name="Take Screenshot" library="Browser">
<tag>PageContent</tag>
<doc>Takes a screenshot of the current window or element and saves it to disk.</doc>
<msg timestamp="20211119 15:36:43.208" level="INFO" html="true">&lt;/td&gt;&lt;/tr&gt;&lt;tr&gt;&lt;td colspan="3"&gt;&lt;a href="browser/screenshot/robotframework-browser-screenshot-2.png"&gt;&lt;img src="browser/screenshot/robotframework-browser-screenshot-2.png" width="800px"&gt;&lt;/a&gt;</msg>
<status status="PASS" starttime="20211119 15:36:43.029" endtime="20211119 15:36:43.208"/>
</kw>
<status status="PASS" starttime="20211119 15:36:43.028" endtime="20211119 15:36:43.208"/>
</kw>
<tag>CadCliente</tag>
<status status="PASS" starttime="20211119 15:36:40.123" endtime="20211119 15:36:43.209"/>
</test>
<test id="s1-s1-t3" name="Cadastro Cliente Campos em branco">
<kw name="Go To CadCliente" library="CadClienteActions">
<kw name="Click" library="Browser">
<arg>text=Usuários</arg>
<tag>PageContent</tag>
<tag>Setter</tag>
<doc>Simulates mouse click on the element found by ``selector``.</doc>
<status status="PASS" starttime="20211119 15:36:43.229" endtime="20211119 15:36:43.329"/>
</kw>
<kw name="Click" library="Browser">
<arg>xpath=/html/body/div/main/div/aside/div[1]/div[2]/ul/li/ul/ul/li/ul/li[3]/ul/li[1]</arg>
<tag>PageContent</tag>
<tag>Setter</tag>
<doc>Simulates mouse click on the element found by ``selector``.</doc>
<status status="PASS" starttime="20211119 15:36:43.329" endtime="20211119 15:36:43.638"/>
</kw>
<kw name="Get Text" library="Browser">
<arg>text="Cadastrar Cliente"</arg>
<tag>Assertion</tag>
<tag>Getter</tag>
<tag>PageContent</tag>
<doc>Returns text attribute of the element found by ``selector``.</doc>
<status status="PASS" starttime="20211119 15:36:43.639" endtime="20211119 15:36:43.681"/>
</kw>
<status status="PASS" starttime="20211119 15:36:43.228" endtime="20211119 15:36:43.681"/>
</kw>
<kw name="Click" library="Browser">
<arg>xpath=/html/body/div[1]/main/div/main/form/footer/button[2]</arg>
<tag>PageContent</tag>
<tag>Setter</tag>
<doc>Simulates mouse click on the element found by ``selector``.</doc>
<status status="PASS" starttime="20211119 15:36:43.685" endtime="20211119 15:36:43.790"/>
</kw>
<kw name="Alert Form Null" library="AlertMessage">
<kw name="Set Variable" library="BuiltIn">
<var>${Name}</var>
<arg>css=input[error*="informe o nome"]</arg>
<doc>Returns the given values which can then be assigned to a variables.</doc>
<msg timestamp="20211119 15:36:43.794" level="INFO">${Name} = css=input[error*="informe o nome"]</msg>
<status status="PASS" starttime="20211119 15:36:43.793" endtime="20211119 15:36:43.794"/>
</kw>
<kw name="Set Variable" library="BuiltIn">
<var>${CPF}</var>
<arg>css=input[error*="CPF válido"]</arg>
<doc>Returns the given values which can then be assigned to a variables.</doc>
<msg timestamp="20211119 15:36:43.795" level="INFO">${CPF} = css=input[error*="CPF válido"]</msg>
<status status="PASS" starttime="20211119 15:36:43.794" endtime="20211119 15:36:43.795"/>
</kw>
<kw name="Set Variable" library="BuiltIn">
<var>${Email}</var>
<arg>css=input[error*="email válido"]</arg>
<doc>Returns the given values which can then be assigned to a variables.</doc>
<msg timestamp="20211119 15:36:43.795" level="INFO">${Email} = css=input[error*="email válido"]</msg>
<status status="PASS" starttime="20211119 15:36:43.795" endtime="20211119 15:36:43.795"/>
</kw>
<kw name="Set Variable" library="BuiltIn">
<var>${DataNasc}</var>
<arg>css=input[error*="informe a data de nascimento"]</arg>
<doc>Returns the given values which can then be assigned to a variables.</doc>
<msg timestamp="20211119 15:36:43.796" level="INFO">${DataNasc} = css=input[error*="informe a data de nascimento"]</msg>
<status status="PASS" starttime="20211119 15:36:43.796" endtime="20211119 15:36:43.796"/>
</kw>
<kw name="Set Variable" library="BuiltIn">
<var>${Telefone}</var>
<arg>css=input[error*="informe um telefone"]</arg>
<doc>Returns the given values which can then be assigned to a variables.</doc>
<msg timestamp="20211119 15:36:43.801" level="INFO">${Telefone} = css=input[error*="informe um telefone"]</msg>
<status status="PASS" starttime="20211119 15:36:43.797" endtime="20211119 15:36:43.801"/>
</kw>
<kw name="Wait For Elements State" library="Browser">
<arg>${Name}</arg>
<arg>visible</arg>
<arg>10</arg>
<tag>PageContent</tag>
<tag>Wait</tag>
<doc>Waits for the element found by ``selector`` to satisfy state option.</doc>
<msg timestamp="20211119 15:36:43.845" level="INFO">Wait for Element with selector: css=input[error*="informe o nome"]</msg>
<status status="PASS" starttime="20211119 15:36:43.802" endtime="20211119 15:36:43.846"/>
</kw>
<kw name="Wait For Elements State" library="Browser">
<arg>${CPF}</arg>
<arg>visible</arg>
<arg>10</arg>
<tag>PageContent</tag>
<tag>Wait</tag>
<doc>Waits for the element found by ``selector`` to satisfy state option.</doc>
<msg timestamp="20211119 15:36:43.893" level="INFO">Wait for Element with selector: css=input[error*="CPF válido"]</msg>
<status status="PASS" starttime="20211119 15:36:43.846" endtime="20211119 15:36:43.894"/>
</kw>
<kw name="Wait For Elements State" library="Browser">
<arg>${Email}</arg>
<arg>visible</arg>
<arg>10</arg>
<tag>PageContent</tag>
<tag>Wait</tag>
<doc>Waits for the element found by ``selector`` to satisfy state option.</doc>
<msg timestamp="20211119 15:36:43.926" level="INFO">Wait for Element with selector: css=input[error*="email válido"]</msg>
<status status="PASS" starttime="20211119 15:36:43.894" endtime="20211119 15:36:43.926"/>
</kw>
<kw name="Wait For Elements State" library="Browser">
<arg>${DataNasc}</arg>
<arg>visible</arg>
<arg>10</arg>
<tag>PageContent</tag>
<tag>Wait</tag>
<doc>Waits for the element found by ``selector`` to satisfy state option.</doc>
<msg timestamp="20211119 15:36:43.955" level="INFO">Wait for Element with selector: css=input[error*="informe a data de nascimento"]</msg>
<status status="PASS" starttime="20211119 15:36:43.927" endtime="20211119 15:36:43.955"/>
</kw>
<kw name="Wait For Elements State" library="Browser">
<arg>${Telefone}</arg>
<arg>visible</arg>
<arg>10</arg>
<tag>PageContent</tag>
<tag>Wait</tag>
<doc>Waits for the element found by ``selector`` to satisfy state option.</doc>
<msg timestamp="20211119 15:36:43.995" level="INFO">Wait for Element with selector: css=input[error*="informe um telefone"]</msg>
<status status="PASS" starttime="20211119 15:36:43.955" endtime="20211119 15:36:43.995"/>
</kw>
<status status="PASS" starttime="20211119 15:36:43.791" endtime="20211119 15:36:43.995"/>
</kw>
<kw name="Click" library="Browser">
<arg>xpath=/html/body/div[1]/main/div/main/form/footer/button[1]/span[2]</arg>
<tag>PageContent</tag>
<tag>Setter</tag>
<doc>Simulates mouse click on the element found by ``selector``.</doc>
<status status="PASS" starttime="20211119 15:36:43.996" endtime="20211119 15:36:44.326"/>
</kw>
<kw name="Finish Test" library="Base" type="TEARDOWN">
<kw name="Take Screenshot" library="Browser">
<tag>PageContent</tag>
<doc>Takes a screenshot of the current window or element and saves it to disk.</doc>
<msg timestamp="20211119 15:36:44.545" level="INFO" html="true">&lt;/td&gt;&lt;/tr&gt;&lt;tr&gt;&lt;td colspan="3"&gt;&lt;a href="browser/screenshot/robotframework-browser-screenshot-3.png"&gt;&lt;img src="browser/screenshot/robotframework-browser-screenshot-3.png" width="800px"&gt;&lt;/a&gt;</msg>
<status status="PASS" starttime="20211119 15:36:44.328" endtime="20211119 15:36:44.545"/>
</kw>
<status status="PASS" starttime="20211119 15:36:44.327" endtime="20211119 15:36:44.545"/>
</kw>
<tag>CadcliVazio</tag>
<status status="PASS" starttime="20211119 15:36:43.222" endtime="20211119 15:36:44.546"/>
</test>
<test id="s1-s1-t4" name="Cadastros Cliente CPF Incompleto">
<kw name="Get DadosCad" library="Helpers">
<var>${DadosCad}</var>
<arg>CadClienteCPFIncompleto</arg>
<kw name="Get File" library="OperatingSystem">
<var>${fixture}</var>
<arg>${EXECDIR}/resources/fixtures/DadosCad.json</arg>
<doc>Returns the contents of a specified file.</doc>
<msg timestamp="20211119 15:36:44.582" level="INFO" html="true">Getting file '&lt;a href="file://C:\Luby\NeerHouse\QA\frontend\resources\fixtures\DadosCad.json"&gt;C:\Luby\NeerHouse\QA\frontend\resources\fixtures\DadosCad.json&lt;/a&gt;'.</msg>
<msg timestamp="20211119 15:36:44.584" level="INFO">${fixture} = {   
    "Adm1": {
        "email": "emailteste@teste.com",
        "permissao" :"Admin"
    },

    "EmailBranco": {
        "email": "",
        "permissao" :"SysAdmin"
    },

    "Vazio": {
      ...</msg>
<status status="PASS" starttime="20211119 15:36:44.580" endtime="20211119 15:36:44.584"/>
</kw>
<kw name="Evaluate" library="BuiltIn">
<var>${json}</var>
<arg>json.loads($fixture)</arg>
<arg>json</arg>
<doc>Evaluates the given expression in Python and returns the result.</doc>
<msg timestamp="20211119 15:36:44.587" level="INFO">${json} = {'Adm1': {'email': 'emailteste@teste.com', 'permissao': 'Admin'}, 'EmailBranco': {'email': '', 'permissao': 'SysAdmin'}, 'Vazio': {'email': '', 'permissao': ''}, 'PermissaoBranco': {'email': 'email2@e...</msg>
<status status="PASS" starttime="20211119 15:36:44.585" endtime="20211119 15:36:44.587"/>
</kw>
<kw name="Set Variable" library="BuiltIn">
<var>${select_DadosCad}</var>
<arg>${json}[${DadosCad}]</arg>
<doc>Returns the given values which can then be assigned to a variables.</doc>
<msg timestamp="20211119 15:36:44.588" level="INFO">${select_DadosCad} = {'Name': 'Jõao da Silva', 'CPF': '1234567', 'Email': 'joao@silva.com', 'DataNasc': '18/11/1980', 'Telefone': '43112345678'}</msg>
<status status="PASS" starttime="20211119 15:36:44.588" endtime="20211119 15:36:44.589"/>
</kw>
<msg timestamp="20211119 15:36:44.589" level="INFO">${DadosCad} = {'Name': 'Jõao da Silva', 'CPF': '1234567', 'Email': 'joao@silva.com', 'DataNasc': '18/11/1980', 'Telefone': '43112345678'}</msg>
<status status="PASS" starttime="20211119 15:36:44.579" endtime="20211119 15:36:44.589"/>
</kw>
<kw name="Go To CadCliente" library="CadClienteActions">
<kw name="Click" library="Browser">
<arg>text=Usuários</arg>
<tag>PageContent</tag>
<tag>Setter</tag>
<doc>Simulates mouse click on the element found by ``selector``.</doc>
<status status="PASS" starttime="20211119 15:36:44.591" endtime="20211119 15:36:44.709"/>
</kw>
<kw name="Click" library="Browser">
<arg>xpath=/html/body/div/main/div/aside/div[1]/div[2]/ul/li/ul/ul/li/ul/li[3]/ul/li[1]</arg>
<tag>PageContent</tag>
<tag>Setter</tag>
<doc>Simulates mouse click on the element found by ``selector``.</doc>
<status status="PASS" starttime="20211119 15:36:44.709" endtime="20211119 15:36:45.105"/>
</kw>
<kw name="Get Text" library="Browser">
<arg>text="Cadastrar Cliente"</arg>
<tag>Assertion</tag>
<tag>Getter</tag>
<tag>PageContent</tag>
<doc>Returns text attribute of the element found by ``selector``.</doc>
<status status="PASS" starttime="20211119 15:36:45.106" endtime="20211119 15:36:45.160"/>
</kw>
<status status="PASS" starttime="20211119 15:36:44.591" endtime="20211119 15:36:45.160"/>
</kw>
<kw name="Submit Form Cliente" library="CadClienteActions">
<arg>${DadosCad}</arg>
<kw name="Fill Text" library="Browser">
<arg>id=name</arg>
<arg>${DadosCad}[Name]</arg>
<tag>PageContent</tag>
<tag>Setter</tag>
<doc>Clears and fills the given ``txt`` into the text field found by ``selector``.</doc>
<msg timestamp="20211119 15:36:45.162" level="INFO">Fills the text 'Jõao da Silva' in the given field.</msg>
<status status="PASS" starttime="20211119 15:36:45.162" endtime="20211119 15:36:45.221"/>
</kw>
<kw name="Fill Text" library="Browser">
<arg>id=cpf</arg>
<arg>${DadosCad}[CPF]</arg>
<tag>PageContent</tag>
<tag>Setter</tag>
<doc>Clears and fills the given ``txt`` into the text field found by ``selector``.</doc>
<msg timestamp="20211119 15:36:45.223" level="INFO">Fills the text '1234567' in the given field.</msg>
<status status="PASS" starttime="20211119 15:36:45.222" endtime="20211119 15:36:45.308"/>
</kw>
<kw name="Fill Text" library="Browser">
<arg>id=email</arg>
<arg>${DadosCad}[Email]</arg>
<tag>PageContent</tag>
<tag>Setter</tag>
<doc>Clears and fills the given ``txt`` into the text field found by ``selector``.</doc>
<msg timestamp="20211119 15:36:45.309" level="INFO">Fills the text 'joao@silva.com' in the given field.</msg>
<status status="PASS" starttime="20211119 15:36:45.308" endtime="20211119 15:36:45.377"/>
</kw>
<kw name="Fill Text" library="Browser">
<arg>id=dateBirth</arg>
<arg>${DadosCad}[DataNasc]</arg>
<tag>PageContent</tag>
<tag>Setter</tag>
<doc>Clears and fills the given ``txt`` into the text field found by ``selector``.</doc>
<msg timestamp="20211119 15:36:45.378" level="INFO">Fills the text '18/11/1980' in the given field.</msg>
<status status="PASS" starttime="20211119 15:36:45.377" endtime="20211119 15:36:45.452"/>
</kw>
<kw name="Fill Text" library="Browser">
<arg>id=phone</arg>
<arg>${DadosCad}[Telefone]</arg>
<tag>PageContent</tag>
<tag>Setter</tag>
<doc>Clears and fills the given ``txt`` into the text field found by ``selector``.</doc>
<msg timestamp="20211119 15:36:45.454" level="INFO">Fills the text '43112345678' in the given field.</msg>
<status status="PASS" starttime="20211119 15:36:45.453" endtime="20211119 15:36:45.545"/>
</kw>
<status status="PASS" starttime="20211119 15:36:45.161" endtime="20211119 15:36:45.545"/>
</kw>
<kw name="Click" library="Browser">
<arg>xpath=/html/body/div[1]/main/div/main/form/footer/button[2]</arg>
<tag>PageContent</tag>
<tag>Setter</tag>
<doc>Simulates mouse click on the element found by ``selector``.</doc>
<status status="PASS" starttime="20211119 15:36:45.546" endtime="20211119 15:36:45.738"/>
</kw>
<kw name="Alert CPF Incompleto" library="AlertMessage">
<kw name="Set Variable" library="BuiltIn">
<var>${CPF}</var>
<arg>css=input[error*="11 digitos"]</arg>
<doc>Returns the given values which can then be assigned to a variables.</doc>
<msg timestamp="20211119 15:36:45.759" level="INFO">${CPF} = css=input[error*="11 digitos"]</msg>
<status status="PASS" starttime="20211119 15:36:45.758" endtime="20211119 15:36:45.759"/>
</kw>
<kw name="Wait For Elements State" library="Browser">
<arg>${CPF}</arg>
<arg>visible</arg>
<arg>10</arg>
<tag>PageContent</tag>
<tag>Wait</tag>
<doc>Waits for the element found by ``selector`` to satisfy state option.</doc>
<msg timestamp="20211119 15:36:45.797" level="INFO">Wait for Element with selector: css=input[error*="11 digitos"]</msg>
<status status="PASS" starttime="20211119 15:36:45.759" endtime="20211119 15:36:45.798"/>
</kw>
<status status="PASS" starttime="20211119 15:36:45.757" endtime="20211119 15:36:45.798"/>
</kw>
<kw name="Click" library="Browser">
<arg>xpath=/html/body/div[1]/main/div/main/form/footer/button[1]/span[2]</arg>
<tag>PageContent</tag>
<tag>Setter</tag>
<doc>Simulates mouse click on the element found by ``selector``.</doc>
<status status="PASS" starttime="20211119 15:36:45.805" endtime="20211119 15:36:46.006"/>
</kw>
<kw name="Finish Test" library="Base" type="TEARDOWN">
<kw name="Take Screenshot" library="Browser">
<tag>PageContent</tag>
<doc>Takes a screenshot of the current window or element and saves it to disk.</doc>
<msg timestamp="20211119 15:36:46.188" level="INFO" html="true">&lt;/td&gt;&lt;/tr&gt;&lt;tr&gt;&lt;td colspan="3"&gt;&lt;a href="browser/screenshot/robotframework-browser-screenshot-4.png"&gt;&lt;img src="browser/screenshot/robotframework-browser-screenshot-4.png" width="800px"&gt;&lt;/a&gt;</msg>
<status status="PASS" starttime="20211119 15:36:46.009" endtime="20211119 15:36:46.188"/>
</kw>
<status status="PASS" starttime="20211119 15:36:46.008" endtime="20211119 15:36:46.189"/>
</kw>
<tag>CadCliCPFIncompleto</tag>
<status status="PASS" starttime="20211119 15:36:44.573" endtime="20211119 15:36:46.190"/>
</test>
<test id="s1-s1-t5" name="Cadastro Cliente Email Invalido">
<kw name="Get DadosCad" library="Helpers">
<var>${DadosCad}</var>
<arg>CadClienteEmailInvalido</arg>
<kw name="Get File" library="OperatingSystem">
<var>${fixture}</var>
<arg>${EXECDIR}/resources/fixtures/DadosCad.json</arg>
<doc>Returns the contents of a specified file.</doc>
<msg timestamp="20211119 15:36:46.223" level="INFO" html="true">Getting file '&lt;a href="file://C:\Luby\NeerHouse\QA\frontend\resources\fixtures\DadosCad.json"&gt;C:\Luby\NeerHouse\QA\frontend\resources\fixtures\DadosCad.json&lt;/a&gt;'.</msg>
<msg timestamp="20211119 15:36:46.223" level="INFO">${fixture} = {   
    "Adm1": {
        "email": "emailteste@teste.com",
        "permissao" :"Admin"
    },

    "EmailBranco": {
        "email": "",
        "permissao" :"SysAdmin"
    },

    "Vazio": {
      ...</msg>
<status status="PASS" starttime="20211119 15:36:46.222" endtime="20211119 15:36:46.223"/>
</kw>
<kw name="Evaluate" library="BuiltIn">
<var>${json}</var>
<arg>json.loads($fixture)</arg>
<arg>json</arg>
<doc>Evaluates the given expression in Python and returns the result.</doc>
<msg timestamp="20211119 15:36:46.224" level="INFO">${json} = {'Adm1': {'email': 'emailteste@teste.com', 'permissao': 'Admin'}, 'EmailBranco': {'email': '', 'permissao': 'SysAdmin'}, 'Vazio': {'email': '', 'permissao': ''}, 'PermissaoBranco': {'email': 'email2@e...</msg>
<status status="PASS" starttime="20211119 15:36:46.223" endtime="20211119 15:36:46.224"/>
</kw>
<kw name="Set Variable" library="BuiltIn">
<var>${select_DadosCad}</var>
<arg>${json}[${DadosCad}]</arg>
<doc>Returns the given values which can then be assigned to a variables.</doc>
<msg timestamp="20211119 15:36:46.225" level="INFO">${select_DadosCad} = {'Name': 'Jõao da Silva', 'CPF': '12345678901', 'Email': 'joao##@', 'DataNasc': '18/11/1980', 'Telefone': '43112345678'}</msg>
<status status="PASS" starttime="20211119 15:36:46.224" endtime="20211119 15:36:46.225"/>
</kw>
<msg timestamp="20211119 15:36:46.225" level="INFO">${DadosCad} = {'Name': 'Jõao da Silva', 'CPF': '12345678901', 'Email': 'joao##@', 'DataNasc': '18/11/1980', 'Telefone': '43112345678'}</msg>
<status status="PASS" starttime="20211119 15:36:46.221" endtime="20211119 15:36:46.225"/>
</kw>
<kw name="Go To CadCliente" library="CadClienteActions">
<kw name="Click" library="Browser">
<arg>text=Usuários</arg>
<tag>PageContent</tag>
<tag>Setter</tag>
<doc>Simulates mouse click on the element found by ``selector``.</doc>
<status status="PASS" starttime="20211119 15:36:46.226" endtime="20211119 15:36:46.335"/>
</kw>
<kw name="Click" library="Browser">
<arg>xpath=/html/body/div/main/div/aside/div[1]/div[2]/ul/li/ul/ul/li/ul/li[3]/ul/li[1]</arg>
<tag>PageContent</tag>
<tag>Setter</tag>
<doc>Simulates mouse click on the element found by ``selector``.</doc>
<status status="PASS" starttime="20211119 15:36:46.336" endtime="20211119 15:36:46.576"/>
</kw>
<kw name="Get Text" library="Browser">
<arg>text="Cadastrar Cliente"</arg>
<tag>Assertion</tag>
<tag>Getter</tag>
<tag>PageContent</tag>
<doc>Returns text attribute of the element found by ``selector``.</doc>
<msg timestamp="20211119 15:36:56.795" level="INFO" html="true">&lt;/td&gt;&lt;/tr&gt;&lt;tr&gt;&lt;td colspan="3"&gt;&lt;a href="browser/screenshot/fail-screenshot-1.png"&gt;&lt;img src="browser/screenshot/fail-screenshot-1.png" width="800px"&gt;&lt;/a&gt;</msg>
<msg timestamp="20211119 15:36:56.806" level="FAIL">TimeoutError: page.waitForSelector: Timeout 10000ms exceeded.
=========================== logs ===========================
waiting for selector "text="Cadastrar Cliente""
============================================================</msg>
<status status="FAIL" starttime="20211119 15:36:46.576" endtime="20211119 15:36:56.806"/>
</kw>
<status status="FAIL" starttime="20211119 15:36:46.226" endtime="20211119 15:36:56.808"/>
</kw>
<kw name="Submit Form Cliente" library="CadClienteActions">
<arg>${DadosCad}</arg>
<status status="NOT RUN" starttime="20211119 15:36:56.809" endtime="20211119 15:36:56.809"/>
</kw>
<kw name="Click" library="Browser">
<arg>xpath=/html/body/div[1]/main/div/main/form/footer/button[2]</arg>
<tag>PageContent</tag>
<tag>Setter</tag>
<doc>Simulates mouse click on the element found by ``selector``.</doc>
<status status="NOT RUN" starttime="20211119 15:36:56.810" endtime="20211119 15:36:56.810"/>
</kw>
<kw name="Alert Invalid Email Shold Be" library="AlertMessage">
<status status="NOT RUN" starttime="20211119 15:36:56.810" endtime="20211119 15:36:56.810"/>
</kw>
<kw name="Click" library="Browser">
<arg>xpath=/html/body/div[1]/main/div/main/form/footer/button[1]/span[2]</arg>
<tag>PageContent</tag>
<tag>Setter</tag>
<doc>Simulates mouse click on the element found by ``selector``.</doc>
<status status="NOT RUN" starttime="20211119 15:36:56.811" endtime="20211119 15:36:56.811"/>
</kw>
<kw name="Finish Test" library="Base" type="TEARDOWN">
<kw name="Take Screenshot" library="Browser">
<tag>PageContent</tag>
<doc>Takes a screenshot of the current window or element and saves it to disk.</doc>
<msg timestamp="20211119 15:36:56.991" level="INFO" html="true">&lt;/td&gt;&lt;/tr&gt;&lt;tr&gt;&lt;td colspan="3"&gt;&lt;a href="browser/screenshot/robotframework-browser-screenshot-5.png"&gt;&lt;img src="browser/screenshot/robotframework-browser-screenshot-5.png" width="800px"&gt;&lt;/a&gt;</msg>
<status status="PASS" starttime="20211119 15:36:56.812" endtime="20211119 15:36:56.991"/>
</kw>
<status status="PASS" starttime="20211119 15:36:56.811" endtime="20211119 15:36:56.992"/>
</kw>
<tag>CadCliEmailInvalido</tag>
<status status="FAIL" starttime="20211119 15:36:46.210" endtime="20211119 15:36:56.992">TimeoutError: page.waitForSelector: Timeout 10000ms exceeded.
=========================== logs ===========================
waiting for selector "text="Cadastrar Cliente""
============================================================</status>
</test>
<test id="s1-s1-t6" name="Cadastro Cliente Data Incompleta">
<kw name="Get DadosCad" library="Helpers">
<var>${DadosCad}</var>
<arg>CadClienteDataIncompleta</arg>
<kw name="Get File" library="OperatingSystem">
<var>${fixture}</var>
<arg>${EXECDIR}/resources/fixtures/DadosCad.json</arg>
<doc>Returns the contents of a specified file.</doc>
<msg timestamp="20211119 15:36:57.011" level="INFO" html="true">Getting file '&lt;a href="file://C:\Luby\NeerHouse\QA\frontend\resources\fixtures\DadosCad.json"&gt;C:\Luby\NeerHouse\QA\frontend\resources\fixtures\DadosCad.json&lt;/a&gt;'.</msg>
<msg timestamp="20211119 15:36:57.012" level="INFO">${fixture} = {   
    "Adm1": {
        "email": "emailteste@teste.com",
        "permissao" :"Admin"
    },

    "EmailBranco": {
        "email": "",
        "permissao" :"SysAdmin"
    },

    "Vazio": {
      ...</msg>
<status status="PASS" starttime="20211119 15:36:57.011" endtime="20211119 15:36:57.012"/>
</kw>
<kw name="Evaluate" library="BuiltIn">
<var>${json}</var>
<arg>json.loads($fixture)</arg>
<arg>json</arg>
<doc>Evaluates the given expression in Python and returns the result.</doc>
<msg timestamp="20211119 15:36:57.013" level="INFO">${json} = {'Adm1': {'email': 'emailteste@teste.com', 'permissao': 'Admin'}, 'EmailBranco': {'email': '', 'permissao': 'SysAdmin'}, 'Vazio': {'email': '', 'permissao': ''}, 'PermissaoBranco': {'email': 'email2@e...</msg>
<status status="PASS" starttime="20211119 15:36:57.012" endtime="20211119 15:36:57.013"/>
</kw>
<kw name="Set Variable" library="BuiltIn">
<var>${select_DadosCad}</var>
<arg>${json}[${DadosCad}]</arg>
<doc>Returns the given values which can then be assigned to a variables.</doc>
<msg timestamp="20211119 15:36:57.014" level="INFO">${select_DadosCad} = {'Name': 'Jõao da Silva', 'CPF': '12345678901', 'Email': 'joao@silva.com', 'DataNasc': '18/11/19', 'Telefone': '43112345678'}</msg>
<status status="PASS" starttime="20211119 15:36:57.013" endtime="20211119 15:36:57.015"/>
</kw>
<msg timestamp="20211119 15:36:57.016" level="INFO">${DadosCad} = {'Name': 'Jõao da Silva', 'CPF': '12345678901', 'Email': 'joao@silva.com', 'DataNasc': '18/11/19', 'Telefone': '43112345678'}</msg>
<status status="PASS" starttime="20211119 15:36:57.010" endtime="20211119 15:36:57.016"/>
</kw>
<kw name="Go To CadCliente" library="CadClienteActions">
<kw name="Click" library="Browser">
<arg>text=Usuários</arg>
<tag>PageContent</tag>
<tag>Setter</tag>
<doc>Simulates mouse click on the element found by ``selector``.</doc>
<status status="PASS" starttime="20211119 15:36:57.020" endtime="20211119 15:36:57.132"/>
</kw>
<kw name="Click" library="Browser">
<arg>xpath=/html/body/div/main/div/aside/div[1]/div[2]/ul/li/ul/ul/li/ul/li[3]/ul/li[1]</arg>
<tag>PageContent</tag>
<tag>Setter</tag>
<doc>Simulates mouse click on the element found by ``selector``.</doc>
<status status="PASS" starttime="20211119 15:36:57.133" endtime="20211119 15:36:57.555"/>
</kw>
<kw name="Get Text" library="Browser">
<arg>text="Cadastrar Cliente"</arg>
<tag>Assertion</tag>
<tag>Getter</tag>
<tag>PageContent</tag>
<doc>Returns text attribute of the element found by ``selector``.</doc>
<status status="PASS" starttime="20211119 15:36:57.555" endtime="20211119 15:36:57.598"/>
</kw>
<status status="PASS" starttime="20211119 15:36:57.019" endtime="20211119 15:36:57.599"/>
</kw>
<kw name="Submit Form Cliente" library="CadClienteActions">
<arg>${DadosCad}</arg>
<kw name="Fill Text" library="Browser">
<arg>id=name</arg>
<arg>${DadosCad}[Name]</arg>
<tag>PageContent</tag>
<tag>Setter</tag>
<doc>Clears and fills the given ``txt`` into the text field found by ``selector``.</doc>
<msg timestamp="20211119 15:36:57.604" level="INFO">Fills the text 'Jõao da Silva' in the given field.</msg>
<status status="PASS" starttime="20211119 15:36:57.603" endtime="20211119 15:36:57.653"/>
</kw>
<kw name="Fill Text" library="Browser">
<arg>id=cpf</arg>
<arg>${DadosCad}[CPF]</arg>
<tag>PageContent</tag>
<tag>Setter</tag>
<doc>Clears and fills the given ``txt`` into the text field found by ``selector``.</doc>
<msg timestamp="20211119 15:36:57.655" level="INFO">Fills the text '12345678901' in the given field.</msg>
<status status="PASS" starttime="20211119 15:36:57.654" endtime="20211119 15:36:57.748"/>
</kw>
<kw name="Fill Text" library="Browser">
<arg>id=email</arg>
<arg>${DadosCad}[Email]</arg>
<tag>PageContent</tag>
<tag>Setter</tag>
<doc>Clears and fills the given ``txt`` into the text field found by ``selector``.</doc>
<msg timestamp="20211119 15:36:57.751" level="INFO">Fills the text 'joao@silva.com' in the given field.</msg>
<status status="PASS" starttime="20211119 15:36:57.750" endtime="20211119 15:36:57.835"/>
</kw>
<kw name="Fill Text" library="Browser">
<arg>id=dateBirth</arg>
<arg>${DadosCad}[DataNasc]</arg>
<tag>PageContent</tag>
<tag>Setter</tag>
<doc>Clears and fills the given ``txt`` into the text field found by ``selector``.</doc>
<msg timestamp="20211119 15:36:57.837" level="INFO">Fills the text '18/11/19' in the given field.</msg>
<status status="PASS" starttime="20211119 15:36:57.836" endtime="20211119 15:36:57.914"/>
</kw>
<kw name="Fill Text" library="Browser">
<arg>id=phone</arg>
<arg>${DadosCad}[Telefone]</arg>
<tag>PageContent</tag>
<tag>Setter</tag>
<doc>Clears and fills the given ``txt`` into the text field found by ``selector``.</doc>
<msg timestamp="20211119 15:36:57.918" level="INFO">Fills the text '43112345678' in the given field.</msg>
<status status="PASS" starttime="20211119 15:36:57.915" endtime="20211119 15:36:58.024"/>
</kw>
<status status="PASS" starttime="20211119 15:36:57.603" endtime="20211119 15:36:58.024"/>
</kw>
<kw name="Click" library="Browser">
<arg>xpath=/html/body/div[1]/main/div/main/form/footer/button[2]</arg>
<tag>PageContent</tag>
<tag>Setter</tag>
<doc>Simulates mouse click on the element found by ``selector``.</doc>
<status status="PASS" starttime="20211119 15:36:58.025" endtime="20211119 15:36:58.164"/>
</kw>
<kw name="Alert Date Incomplet" library="AlertMessage">
<kw name="Set Variable" library="BuiltIn">
<var>${Date}</var>
<arg>css=input[error*="8 digitos"]</arg>
<doc>Returns the given values which can then be assigned to a variables.</doc>
<msg timestamp="20211119 15:36:58.176" level="INFO">${Date} = css=input[error*="8 digitos"]</msg>
<status status="PASS" starttime="20211119 15:36:58.175" endtime="20211119 15:36:58.176"/>
</kw>
<kw name="Wait For Elements State" library="Browser">
<arg>${Date}</arg>
<arg>visible</arg>
<arg>10</arg>
<tag>PageContent</tag>
<tag>Wait</tag>
<doc>Waits for the element found by ``selector`` to satisfy state option.</doc>
<msg timestamp="20211119 15:36:58.228" level="INFO">Wait for Element with selector: css=input[error*="8 digitos"]</msg>
<status status="PASS" starttime="20211119 15:36:58.176" endtime="20211119 15:36:58.228"/>
</kw>
<status status="PASS" starttime="20211119 15:36:58.174" endtime="20211119 15:36:58.228"/>
</kw>
<kw name="Click" library="Browser">
<arg>xpath=/html/body/div[1]/main/div/main/form/footer/button[1]/span[2]</arg>
<tag>PageContent</tag>
<tag>Setter</tag>
<doc>Simulates mouse click on the element found by ``selector``.</doc>
<status status="PASS" starttime="20211119 15:36:58.230" endtime="20211119 15:36:58.493"/>
</kw>
<kw name="Finish Test" library="Base" type="TEARDOWN">
<kw name="Take Screenshot" library="Browser">
<tag>PageContent</tag>
<doc>Takes a screenshot of the current window or element and saves it to disk.</doc>
<msg timestamp="20211119 15:36:58.694" level="INFO" html="true">&lt;/td&gt;&lt;/tr&gt;&lt;tr&gt;&lt;td colspan="3"&gt;&lt;a href="browser/screenshot/robotframework-browser-screenshot-6.png"&gt;&lt;img src="browser/screenshot/robotframework-browser-screenshot-6.png" width="800px"&gt;&lt;/a&gt;</msg>
<status status="PASS" starttime="20211119 15:36:58.496" endtime="20211119 15:36:58.694"/>
</kw>
<status status="PASS" starttime="20211119 15:36:58.495" endtime="20211119 15:36:58.694"/>
</kw>
<tag>CadcliDataNasc</tag>
<status status="PASS" starttime="20211119 15:36:57.005" endtime="20211119 15:36:58.695"/>
</test>
<test id="s1-s1-t7" name="Cadastros Cliente Telefone Incompleta">
<kw name="Get DadosCad" library="Helpers">
<var>${DadosCad}</var>
<arg>CadClienteTelefoneIncompleto</arg>
<kw name="Get File" library="OperatingSystem">
<var>${fixture}</var>
<arg>${EXECDIR}/resources/fixtures/DadosCad.json</arg>
<doc>Returns the contents of a specified file.</doc>
<msg timestamp="20211119 15:36:58.823" level="INFO" html="true">Getting file '&lt;a href="file://C:\Luby\NeerHouse\QA\frontend\resources\fixtures\DadosCad.json"&gt;C:\Luby\NeerHouse\QA\frontend\resources\fixtures\DadosCad.json&lt;/a&gt;'.</msg>
<msg timestamp="20211119 15:36:58.824" level="INFO">${fixture} = {   
    "Adm1": {
        "email": "emailteste@teste.com",
        "permissao" :"Admin"
    },

    "EmailBranco": {
        "email": "",
        "permissao" :"SysAdmin"
    },

    "Vazio": {
      ...</msg>
<status status="PASS" starttime="20211119 15:36:58.822" endtime="20211119 15:36:58.824"/>
</kw>
<kw name="Evaluate" library="BuiltIn">
<var>${json}</var>
<arg>json.loads($fixture)</arg>
<arg>json</arg>
<doc>Evaluates the given expression in Python and returns the result.</doc>
<msg timestamp="20211119 15:36:58.825" level="INFO">${json} = {'Adm1': {'email': 'emailteste@teste.com', 'permissao': 'Admin'}, 'EmailBranco': {'email': '', 'permissao': 'SysAdmin'}, 'Vazio': {'email': '', 'permissao': ''}, 'PermissaoBranco': {'email': 'email2@e...</msg>
<status status="PASS" starttime="20211119 15:36:58.824" endtime="20211119 15:36:58.825"/>
</kw>
<kw name="Set Variable" library="BuiltIn">
<var>${select_DadosCad}</var>
<arg>${json}[${DadosCad}]</arg>
<doc>Returns the given values which can then be assigned to a variables.</doc>
<msg timestamp="20211119 15:36:58.826" level="INFO">${select_DadosCad} = {'Name': 'Jõao da Silva', 'CPF': '12345678901', 'Email': 'joao@silva.com', 'DataNasc': '18/11/1980', 'Telefone': '43112348'}</msg>
<status status="PASS" starttime="20211119 15:36:58.825" endtime="20211119 15:36:58.826"/>
</kw>
<msg timestamp="20211119 15:36:58.826" level="INFO">${DadosCad} = {'Name': 'Jõao da Silva', 'CPF': '12345678901', 'Email': 'joao@silva.com', 'DataNasc': '18/11/1980', 'Telefone': '43112348'}</msg>
<status status="PASS" starttime="20211119 15:36:58.819" endtime="20211119 15:36:58.826"/>
</kw>
<kw name="Go To CadCliente" library="CadClienteActions">
<kw name="Click" library="Browser">
<arg>text=Usuários</arg>
<tag>PageContent</tag>
<tag>Setter</tag>
<doc>Simulates mouse click on the element found by ``selector``.</doc>
<status status="PASS" starttime="20211119 15:36:58.827" endtime="20211119 15:36:58.944"/>
</kw>
<kw name="Click" library="Browser">
<arg>xpath=/html/body/div/main/div/aside/div[1]/div[2]/ul/li/ul/ul/li/ul/li[3]/ul/li[1]</arg>
<tag>PageContent</tag>
<tag>Setter</tag>
<doc>Simulates mouse click on the element found by ``selector``.</doc>
<status status="PASS" starttime="20211119 15:36:58.944" endtime="20211119 15:36:59.296"/>
</kw>
<kw name="Get Text" library="Browser">
<arg>text="Cadastrar Cliente"</arg>
<tag>Assertion</tag>
<tag>Getter</tag>
<tag>PageContent</tag>
<doc>Returns text attribute of the element found by ``selector``.</doc>
<status status="PASS" starttime="20211119 15:36:59.297" endtime="20211119 15:36:59.340"/>
</kw>
<status status="PASS" starttime="20211119 15:36:58.827" endtime="20211119 15:36:59.340"/>
</kw>
<kw name="Submit Form Cliente" library="CadClienteActions">
<arg>${DadosCad}</arg>
<kw name="Fill Text" library="Browser">
<arg>id=name</arg>
<arg>${DadosCad}[Name]</arg>
<tag>PageContent</tag>
<tag>Setter</tag>
<doc>Clears and fills the given ``txt`` into the text field found by ``selector``.</doc>
<msg timestamp="20211119 15:36:59.342" level="INFO">Fills the text 'Jõao da Silva' in the given field.</msg>
<status status="PASS" starttime="20211119 15:36:59.341" endtime="20211119 15:36:59.397"/>
</kw>
<kw name="Fill Text" library="Browser">
<arg>id=cpf</arg>
<arg>${DadosCad}[CPF]</arg>
<tag>PageContent</tag>
<tag>Setter</tag>
<doc>Clears and fills the given ``txt`` into the text field found by ``selector``.</doc>
<msg timestamp="20211119 15:36:59.401" level="INFO">Fills the text '12345678901' in the given field.</msg>
<status status="PASS" starttime="20211119 15:36:59.398" endtime="20211119 15:36:59.466"/>
</kw>
<kw name="Fill Text" library="Browser">
<arg>id=email</arg>
<arg>${DadosCad}[Email]</arg>
<tag>PageContent</tag>
<tag>Setter</tag>
<doc>Clears and fills the given ``txt`` into the text field found by ``selector``.</doc>
<msg timestamp="20211119 15:36:59.469" level="INFO">Fills the text 'joao@silva.com' in the given field.</msg>
<status status="PASS" starttime="20211119 15:36:59.467" endtime="20211119 15:36:59.526"/>
</kw>
<kw name="Fill Text" library="Browser">
<arg>id=dateBirth</arg>
<arg>${DadosCad}[DataNasc]</arg>
<tag>PageContent</tag>
<tag>Setter</tag>
<doc>Clears and fills the given ``txt`` into the text field found by ``selector``.</doc>
<msg timestamp="20211119 15:36:59.527" level="INFO">Fills the text '18/11/1980' in the given field.</msg>
<status status="PASS" starttime="20211119 15:36:59.526" endtime="20211119 15:36:59.611"/>
</kw>
<kw name="Fill Text" library="Browser">
<arg>id=phone</arg>
<arg>${DadosCad}[Telefone]</arg>
<tag>PageContent</tag>
<tag>Setter</tag>
<doc>Clears and fills the given ``txt`` into the text field found by ``selector``.</doc>
<msg timestamp="20211119 15:36:59.611" level="INFO">Fills the text '43112348' in the given field.</msg>
<status status="PASS" starttime="20211119 15:36:59.611" endtime="20211119 15:36:59.697"/>
</kw>
<status status="PASS" starttime="20211119 15:36:59.341" endtime="20211119 15:36:59.699"/>
</kw>
<kw name="Click" library="Browser">
<arg>xpath=/html/body/div[1]/main/div/main/form/footer/button[2]</arg>
<tag>PageContent</tag>
<tag>Setter</tag>
<doc>Simulates mouse click on the element found by ``selector``.</doc>
<status status="PASS" starttime="20211119 15:36:59.705" endtime="20211119 15:36:59.826"/>
</kw>
<kw name="Alert Phone Shold Be" library="AlertMessage">
<kw name="Set Variable" library="BuiltIn">
<var>${element}</var>
<arg>css=input[error*="telefone"]</arg>
<doc>Returns the given values which can then be assigned to a variables.</doc>
<msg timestamp="20211119 15:36:59.873" level="INFO">${element} = css=input[error*="telefone"]</msg>
<status status="PASS" starttime="20211119 15:36:59.871" endtime="20211119 15:36:59.873"/>
</kw>
<kw name="Wait For Elements State" library="Browser">
<arg>${element}</arg>
<arg>visible</arg>
<arg>10</arg>
<tag>PageContent</tag>
<tag>Wait</tag>
<doc>Waits for the element found by ``selector`` to satisfy state option.</doc>
<msg timestamp="20211119 15:37:10.093" level="INFO" html="true">&lt;/td&gt;&lt;/tr&gt;&lt;tr&gt;&lt;td colspan="3"&gt;&lt;a href="browser/screenshot/fail-screenshot-2.png"&gt;&lt;img src="browser/screenshot/fail-screenshot-2.png" width="800px"&gt;&lt;/a&gt;</msg>
<msg timestamp="20211119 15:37:10.096" level="FAIL">TimeoutError: page.waitForSelector: Timeout 10000ms exceeded.
=========================== logs ===========================
waiting for selector "css=input[error*="telefone"]" to be visible
============================================================</msg>
<status status="FAIL" starttime="20211119 15:36:59.873" endtime="20211119 15:37:10.096"/>
</kw>
<status status="FAIL" starttime="20211119 15:36:59.870" endtime="20211119 15:37:10.101"/>
</kw>
<kw name="Click" library="Browser">
<arg>xpath=/html/body/div[1]/main/div/main/form/footer/button[1]/span[2]</arg>
<tag>PageContent</tag>
<tag>Setter</tag>
<doc>Simulates mouse click on the element found by ``selector``.</doc>
<status status="NOT RUN" starttime="20211119 15:37:10.104" endtime="20211119 15:37:10.104"/>
</kw>
<kw name="Finish Test" library="Base" type="TEARDOWN">
<kw name="Take Screenshot" library="Browser">
<tag>PageContent</tag>
<doc>Takes a screenshot of the current window or element and saves it to disk.</doc>
<msg timestamp="20211119 15:37:10.306" level="INFO" html="true">&lt;/td&gt;&lt;/tr&gt;&lt;tr&gt;&lt;td colspan="3"&gt;&lt;a href="browser/screenshot/robotframework-browser-screenshot-7.png"&gt;&lt;img src="browser/screenshot/robotframework-browser-screenshot-7.png" width="800px"&gt;&lt;/a&gt;</msg>
<status status="PASS" starttime="20211119 15:37:10.107" endtime="20211119 15:37:10.306"/>
</kw>
<status status="PASS" starttime="20211119 15:37:10.106" endtime="20211119 15:37:10.307"/>
</kw>
<tag>CadCliFoneIncompleto</tag>
<status status="FAIL" starttime="20211119 15:36:58.809" endtime="20211119 15:37:10.307">TimeoutError: page.waitForSelector: Timeout 10000ms exceeded.
=========================== logs ===========================
waiting for selector "css=input[error*="telefone"]" to be visible
============================================================</status>
</test>
<doc>Cadastro Cliente Teste</doc>
<status status="FAIL" starttime="20211119 15:36:20.537" endtime="20211119 15:37:10.322"/>
</suite>
<suite id="s1-s2" name="CadastroLojistaTests" source="C:\Luby\NeerHouse\QA\frontend\tests\CadastroLojistaTests.robot">
<kw name="Start Session" library="Base" type="SETUP">
<kw name="New Browser" library="Browser">
<arg>chromium</arg>
<arg>False</arg>
<tag>BrowserControl</tag>
<tag>Setter</tag>
<doc>Create a new playwright Browser with specified options.</doc>
<msg timestamp="20211119 15:37:10.522" level="INFO">{"browser": "chromium", "headless": false, "handleSIGINT": true, "handleSIGTERM": true, "handleSIGHUP": true, "timeout": 30000.0, "devtools": false, "slowMo": 0.0, "tracesDir": "C:\\Luby\\NeerHouse\\QA\\frontend\\log\\browser\\traces\\5084f61c-fdb1-482c-8361-95d4f42abbed"}</msg>
<msg timestamp="20211119 15:37:12.212" level="INFO">Successfully created browser with options: {"browser":"chromium","headless":false,"handleSIGINT":true,"handleSIGTERM":true,"handleSIGHUP":true,"timeout":30000,"devtools":false,"slowMo":0,"tracesDir":"C:\\Luby\\NeerHouse\\QA\\frontend\\log\\browser\\traces\\5084f61c-fdb1-482c-8361-95d4f42abbed"}</msg>
<status status="PASS" starttime="20211119 15:37:10.521" endtime="20211119 15:37:12.213"/>
</kw>
<kw name="New Page" library="Browser">
<arg>https://neer.stag.dev.luby.com.br/</arg>
<tag>BrowserControl</tag>
<tag>Setter</tag>
<doc>Open a new Page. A Page is the Playwright equivalent to a tab.
See `Browser, Context and Page` for more information about Page concept.
Returns a stable identifier for the created page.</doc>
<msg timestamp="20211119 15:37:22.557" level="INFO">Successfully initialized new page object and opened url: https://neer.stag.dev.luby.com.br/</msg>
<msg timestamp="20211119 15:37:22.557" level="INFO">No context was open. New context was automatically opened when this page is created.</msg>
<status status="PASS" starttime="20211119 15:37:12.213" endtime="20211119 15:37:22.557"/>
</kw>
<status status="PASS" starttime="20211119 15:37:10.520" endtime="20211119 15:37:22.558"/>
</kw>
<test id="s1-s2-t1" name="Login admin">
<kw name="Login Admin" library="CadAdm">
<kw name="Login With" library="LoginActions">
<arg>admin@email.com</arg>
<arg>12345678</arg>
<kw name="Fill Text" library="Browser">
<arg>id=email</arg>
<arg>${email}</arg>
<tag>PageContent</tag>
<tag>Setter</tag>
<doc>Clears and fills the given ``txt`` into the text field found by ``selector``.</doc>
<msg timestamp="20211119 15:37:22.616" level="INFO">Fills the text 'admin@email.com' in the given field.</msg>
<status status="PASS" starttime="20211119 15:37:22.614" endtime="20211119 15:37:25.394"/>
</kw>
<kw name="Fill Text" library="Browser">
<arg>id=password</arg>
<arg>${pass}</arg>
<tag>PageContent</tag>
<tag>Setter</tag>
<doc>Clears and fills the given ``txt`` into the text field found by ``selector``.</doc>
<msg timestamp="20211119 15:37:25.395" level="INFO">Fills the text '12345678' in the given field.</msg>
<status status="PASS" starttime="20211119 15:37:25.394" endtime="20211119 15:37:25.464"/>
</kw>
<kw name="Click" library="Browser">
<arg>text=Entrar</arg>
<tag>PageContent</tag>
<tag>Setter</tag>
<doc>Simulates mouse click on the element found by ``selector``.</doc>
<status status="PASS" starttime="20211119 15:37:25.466" endtime="20211119 15:37:25.611"/>
</kw>
<status status="PASS" starttime="20211119 15:37:22.613" endtime="20211119 15:37:25.611"/>
</kw>
<status status="PASS" starttime="20211119 15:37:22.612" endtime="20211119 15:37:25.612"/>
</kw>
<kw name="Finish Test" library="Base" type="TEARDOWN">
<kw name="Take Screenshot" library="Browser">
<tag>PageContent</tag>
<doc>Takes a screenshot of the current window or element and saves it to disk.</doc>
<msg timestamp="20211119 15:37:25.833" level="INFO" html="true">&lt;/td&gt;&lt;/tr&gt;&lt;tr&gt;&lt;td colspan="3"&gt;&lt;a href="browser/screenshot/robotframework-browser-screenshot-8.png"&gt;&lt;img src="browser/screenshot/robotframework-browser-screenshot-8.png" width="800px"&gt;&lt;/a&gt;</msg>
<status status="PASS" starttime="20211119 15:37:25.613" endtime="20211119 15:37:25.834"/>
</kw>
<status status="PASS" starttime="20211119 15:37:25.612" endtime="20211119 15:37:25.837"/>
</kw>
<status status="PASS" starttime="20211119 15:37:22.558" endtime="20211119 15:37:25.839"/>
</test>
<test id="s1-s2-t2" name="Cadastro Lojista Sucesso Obrigatorio">
<kw name="Get DadosCad" library="Helpers">
<var>${DadosCad}</var>
<arg>CadLojista</arg>
<kw name="Get File" library="OperatingSystem">
<var>${fixture}</var>
<arg>${EXECDIR}/resources/fixtures/DadosCad.json</arg>
<doc>Returns the contents of a specified file.</doc>
<msg timestamp="20211119 15:37:25.862" level="INFO" html="true">Getting file '&lt;a href="file://C:\Luby\NeerHouse\QA\frontend\resources\fixtures\DadosCad.json"&gt;C:\Luby\NeerHouse\QA\frontend\resources\fixtures\DadosCad.json&lt;/a&gt;'.</msg>
<msg timestamp="20211119 15:37:25.863" level="INFO">${fixture} = {   
    "Adm1": {
        "email": "emailteste@teste.com",
        "permissao" :"Admin"
    },

    "EmailBranco": {
        "email": "",
        "permissao" :"SysAdmin"
    },

    "Vazio": {
      ...</msg>
<status status="PASS" starttime="20211119 15:37:25.861" endtime="20211119 15:37:25.863"/>
</kw>
<kw name="Evaluate" library="BuiltIn">
<var>${json}</var>
<arg>json.loads($fixture)</arg>
<arg>json</arg>
<doc>Evaluates the given expression in Python and returns the result.</doc>
<msg timestamp="20211119 15:37:25.867" level="INFO">${json} = {'Adm1': {'email': 'emailteste@teste.com', 'permissao': 'Admin'}, 'EmailBranco': {'email': '', 'permissao': 'SysAdmin'}, 'Vazio': {'email': '', 'permissao': ''}, 'PermissaoBranco': {'email': 'email2@e...</msg>
<status status="PASS" starttime="20211119 15:37:25.863" endtime="20211119 15:37:25.867"/>
</kw>
<kw name="Set Variable" library="BuiltIn">
<var>${select_DadosCad}</var>
<arg>${json}[${DadosCad}]</arg>
<doc>Returns the given values which can then be assigned to a variables.</doc>
<msg timestamp="20211119 15:37:25.871" level="INFO">${select_DadosCad} = {'email': 'lojista@email.com', 'phone': '43999999999'}</msg>
<status status="PASS" starttime="20211119 15:37:25.869" endtime="20211119 15:37:25.871"/>
</kw>
<msg timestamp="20211119 15:37:25.871" level="INFO">${DadosCad} = {'email': 'lojista@email.com', 'phone': '43999999999'}</msg>
<status status="PASS" starttime="20211119 15:37:25.861" endtime="20211119 15:37:25.872"/>
</kw>
<kw name="Go To CadLojista" library="CadLojista">
<kw name="Click" library="Browser">
<arg>text=Usuários</arg>
<tag>PageContent</tag>
<tag>Setter</tag>
<doc>Simulates mouse click on the element found by ``selector``.</doc>
<status status="PASS" starttime="20211119 15:37:25.876" endtime="20211119 15:37:27.412"/>
</kw>
<kw name="Click" library="Browser">
<arg>xpath=/html/body/div[1]/main/div/aside/div[1]/div[2]/ul/li/ul/ul/li/ul/li[2]/ul/li[1]/span</arg>
<tag>PageContent</tag>
<tag>Setter</tag>
<doc>Simulates mouse click on the element found by ``selector``.</doc>
<status status="PASS" starttime="20211119 15:37:27.413" endtime="20211119 15:37:27.585"/>
</kw>
<kw name="Get Text" library="Browser">
<arg>text="Cadastrar Lojista"</arg>
<tag>Assertion</tag>
<tag>Getter</tag>
<tag>PageContent</tag>
<doc>Returns text attribute of the element found by ``selector``.</doc>
<msg timestamp="20211119 15:37:37.808" level="INFO" html="true">&lt;/td&gt;&lt;/tr&gt;&lt;tr&gt;&lt;td colspan="3"&gt;&lt;a href="browser/screenshot/fail-screenshot-3.png"&gt;&lt;img src="browser/screenshot/fail-screenshot-3.png" width="800px"&gt;&lt;/a&gt;</msg>
<msg timestamp="20211119 15:37:37.811" level="FAIL">TimeoutError: page.waitForSelector: Timeout 10000ms exceeded.
=========================== logs ===========================
waiting for selector "text="Cadastrar Lojista""
============================================================</msg>
<status status="FAIL" starttime="20211119 15:37:27.586" endtime="20211119 15:37:37.811"/>
</kw>
<status status="FAIL" starttime="20211119 15:37:25.875" endtime="20211119 15:37:37.812"/>
</kw>
<kw name="Submit Form CadLojista" library="CadLojista">
<arg>${DadosCad}</arg>
<status status="NOT RUN" starttime="20211119 15:37:37.813" endtime="20211119 15:37:37.813"/>
</kw>
<kw name="Click" library="Browser">
<arg>xpath=/html/body/div[1]/main/div/main/form/footer[2]/button[1]</arg>
<tag>PageContent</tag>
<tag>Setter</tag>
<doc>Simulates mouse click on the element found by ``selector``.</doc>
<status status="NOT RUN" starttime="20211119 15:37:37.822" endtime="20211119 15:37:37.822"/>
</kw>
<kw name="Finish Test" library="Base" type="TEARDOWN">
<kw name="Take Screenshot" library="Browser">
<tag>PageContent</tag>
<doc>Takes a screenshot of the current window or element and saves it to disk.</doc>
<msg timestamp="20211119 15:37:38.032" level="INFO" html="true">&lt;/td&gt;&lt;/tr&gt;&lt;tr&gt;&lt;td colspan="3"&gt;&lt;a href="browser/screenshot/robotframework-browser-screenshot-9.png"&gt;&lt;img src="browser/screenshot/robotframework-browser-screenshot-9.png" width="800px"&gt;&lt;/a&gt;</msg>
<status status="PASS" starttime="20211119 15:37:37.824" endtime="20211119 15:37:38.034"/>
</kw>
<status status="PASS" starttime="20211119 15:37:37.823" endtime="20211119 15:37:38.034"/>
</kw>
<tag>CadLojista</tag>
<status status="FAIL" starttime="20211119 15:37:25.845" endtime="20211119 15:37:38.037">TimeoutError: page.waitForSelector: Timeout 10000ms exceeded.
=========================== logs ===========================
waiting for selector "text="Cadastrar Lojista""
============================================================</status>
</test>
<test id="s1-s2-t3" name="Cadastro Lojista Sucesso Completo">
<kw name="Get DadosCad" library="Helpers">
<var>${DadosCad}</var>
<arg>CadLojistaCompleto</arg>
<kw name="Get File" library="OperatingSystem">
<var>${fixture}</var>
<arg>${EXECDIR}/resources/fixtures/DadosCad.json</arg>
<doc>Returns the contents of a specified file.</doc>
<msg timestamp="20211119 15:37:38.061" level="INFO" html="true">Getting file '&lt;a href="file://C:\Luby\NeerHouse\QA\frontend\resources\fixtures\DadosCad.json"&gt;C:\Luby\NeerHouse\QA\frontend\resources\fixtures\DadosCad.json&lt;/a&gt;'.</msg>
<msg timestamp="20211119 15:37:38.062" level="INFO">${fixture} = {   
    "Adm1": {
        "email": "emailteste@teste.com",
        "permissao" :"Admin"
    },

    "EmailBranco": {
        "email": "",
        "permissao" :"SysAdmin"
    },

    "Vazio": {
      ...</msg>
<status status="PASS" starttime="20211119 15:37:38.060" endtime="20211119 15:37:38.062"/>
</kw>
<kw name="Evaluate" library="BuiltIn">
<var>${json}</var>
<arg>json.loads($fixture)</arg>
<arg>json</arg>
<doc>Evaluates the given expression in Python and returns the result.</doc>
<msg timestamp="20211119 15:37:38.063" level="INFO">${json} = {'Adm1': {'email': 'emailteste@teste.com', 'permissao': 'Admin'}, 'EmailBranco': {'email': '', 'permissao': 'SysAdmin'}, 'Vazio': {'email': '', 'permissao': ''}, 'PermissaoBranco': {'email': 'email2@e...</msg>
<status status="PASS" starttime="20211119 15:37:38.062" endtime="20211119 15:37:38.063"/>
</kw>
<kw name="Set Variable" library="BuiltIn">
<var>${select_DadosCad}</var>
<arg>${json}[${DadosCad}]</arg>
<doc>Returns the given values which can then be assigned to a variables.</doc>
<msg timestamp="20211119 15:37:38.066" level="INFO">${select_DadosCad} = {'email': 'lojista@email.com', 'phone': '43999999999', 'name': 'Nome Teste', 'doc': '06665666987', 'banco': '', 'agencia': 'xxxx', 'conta': '0000', 'pix': ''}</msg>
<status status="PASS" starttime="20211119 15:37:38.064" endtime="20211119 15:37:38.066"/>
</kw>
<msg timestamp="20211119 15:37:38.067" level="INFO">${DadosCad} = {'email': 'lojista@email.com', 'phone': '43999999999', 'name': 'Nome Teste', 'doc': '06665666987', 'banco': '', 'agencia': 'xxxx', 'conta': '0000', 'pix': ''}</msg>
<status status="PASS" starttime="20211119 15:37:38.059" endtime="20211119 15:37:38.067"/>
</kw>
<kw name="Go To CadLojista" library="CadLojista">
<kw name="Click" library="Browser">
<arg>text=Usuários</arg>
<tag>PageContent</tag>
<tag>Setter</tag>
<doc>Simulates mouse click on the element found by ``selector``.</doc>
<status status="PASS" starttime="20211119 15:37:38.070" endtime="20211119 15:37:38.241"/>
</kw>
<kw name="Click" library="Browser">
<arg>xpath=/html/body/div[1]/main/div/aside/div[1]/div[2]/ul/li/ul/ul/li/ul/li[2]/ul/li[1]/span</arg>
<tag>PageContent</tag>
<tag>Setter</tag>
<doc>Simulates mouse click on the element found by ``selector``.</doc>
<status status="PASS" starttime="20211119 15:37:38.242" endtime="20211119 15:37:38.419"/>
</kw>
<kw name="Get Text" library="Browser">
<arg>text="Cadastrar Lojista"</arg>
<tag>Assertion</tag>
<tag>Getter</tag>
<tag>PageContent</tag>
<doc>Returns text attribute of the element found by ``selector``.</doc>
<msg timestamp="20211119 15:37:48.602" level="INFO" html="true">&lt;/td&gt;&lt;/tr&gt;&lt;tr&gt;&lt;td colspan="3"&gt;&lt;a href="browser/screenshot/fail-screenshot-4.png"&gt;&lt;img src="browser/screenshot/fail-screenshot-4.png" width="800px"&gt;&lt;/a&gt;</msg>
<msg timestamp="20211119 15:37:48.606" level="FAIL">TimeoutError: page.waitForSelector: Timeout 10000ms exceeded.
=========================== logs ===========================
waiting for selector "text="Cadastrar Lojista""
============================================================</msg>
<status status="FAIL" starttime="20211119 15:37:38.421" endtime="20211119 15:37:48.606"/>
</kw>
<status status="FAIL" starttime="20211119 15:37:38.069" endtime="20211119 15:37:48.607"/>
</kw>
<kw name="Dados Adicionais" library="CadLojista">
<status status="NOT RUN" starttime="20211119 15:37:48.607" endtime="20211119 15:37:48.607"/>
</kw>
<kw name="Submit Form CadLojistaCompleto" library="CadLojista">
<arg>${DadosCad}</arg>
<status status="NOT RUN" starttime="20211119 15:37:48.608" endtime="20211119 15:37:48.608"/>
</kw>
<kw name="Click" library="Browser">
<arg>xpath=/html/body/div[1]/main/div/main/form/footer[2]/button[1]</arg>
<tag>PageContent</tag>
<tag>Setter</tag>
<doc>Simulates mouse click on the element found by ``selector``.</doc>
<status status="NOT RUN" starttime="20211119 15:37:48.609" endtime="20211119 15:37:48.609"/>
</kw>
<kw name="Finish Test" library="Base" type="TEARDOWN">
<kw name="Take Screenshot" library="Browser">
<tag>PageContent</tag>
<doc>Takes a screenshot of the current window or element and saves it to disk.</doc>
<msg timestamp="20211119 15:37:48.790" level="INFO" html="true">&lt;/td&gt;&lt;/tr&gt;&lt;tr&gt;&lt;td colspan="3"&gt;&lt;a href="browser/screenshot/robotframework-browser-screenshot-10.png"&gt;&lt;img src="browser/screenshot/robotframework-browser-screenshot-10.png" width="800px"&gt;&lt;/a&gt;</msg>
<status status="PASS" starttime="20211119 15:37:48.610" endtime="20211119 15:37:48.790"/>
</kw>
<status status="PASS" starttime="20211119 15:37:48.610" endtime="20211119 15:37:48.791"/>
</kw>
<tag>CadLojistaCompleto</tag>
<status status="FAIL" starttime="20211119 15:37:38.047" endtime="20211119 15:37:48.791">TimeoutError: page.waitForSelector: Timeout 10000ms exceeded.
=========================== logs ===========================
waiting for selector "text="Cadastrar Lojista""
============================================================</status>
</test>
<test id="s1-s2-t4" name="Campos em branco">
<kw name="Get DadosCad" library="Helpers">
<var>${DadosCad}</var>
<arg>CadLogistaBranco</arg>
<kw name="Get File" library="OperatingSystem">
<var>${fixture}</var>
<arg>${EXECDIR}/resources/fixtures/DadosCad.json</arg>
<doc>Returns the contents of a specified file.</doc>
<msg timestamp="20211119 15:37:48.810" level="INFO" html="true">Getting file '&lt;a href="file://C:\Luby\NeerHouse\QA\frontend\resources\fixtures\DadosCad.json"&gt;C:\Luby\NeerHouse\QA\frontend\resources\fixtures\DadosCad.json&lt;/a&gt;'.</msg>
<msg timestamp="20211119 15:37:48.811" level="INFO">${fixture} = {   
    "Adm1": {
        "email": "emailteste@teste.com",
        "permissao" :"Admin"
    },

    "EmailBranco": {
        "email": "",
        "permissao" :"SysAdmin"
    },

    "Vazio": {
      ...</msg>
<status status="PASS" starttime="20211119 15:37:48.810" endtime="20211119 15:37:48.811"/>
</kw>
<kw name="Evaluate" library="BuiltIn">
<var>${json}</var>
<arg>json.loads($fixture)</arg>
<arg>json</arg>
<doc>Evaluates the given expression in Python and returns the result.</doc>
<msg timestamp="20211119 15:37:48.812" level="INFO">${json} = {'Adm1': {'email': 'emailteste@teste.com', 'permissao': 'Admin'}, 'EmailBranco': {'email': '', 'permissao': 'SysAdmin'}, 'Vazio': {'email': '', 'permissao': ''}, 'PermissaoBranco': {'email': 'email2@e...</msg>
<status status="PASS" starttime="20211119 15:37:48.811" endtime="20211119 15:37:48.812"/>
</kw>
<kw name="Set Variable" library="BuiltIn">
<var>${select_DadosCad}</var>
<arg>${json}[${DadosCad}]</arg>
<doc>Returns the given values which can then be assigned to a variables.</doc>
<msg timestamp="20211119 15:37:48.812" level="INFO">${select_DadosCad} = {'email': '', 'phone': ''}</msg>
<status status="PASS" starttime="20211119 15:37:48.812" endtime="20211119 15:37:48.812"/>
</kw>
<msg timestamp="20211119 15:37:48.813" level="INFO">${DadosCad} = {'email': '', 'phone': ''}</msg>
<status status="PASS" starttime="20211119 15:37:48.809" endtime="20211119 15:37:48.813"/>
</kw>
<kw name="Go To CadLojista" library="CadLojista">
<kw name="Click" library="Browser">
<arg>text=Usuários</arg>
<tag>PageContent</tag>
<tag>Setter</tag>
<doc>Simulates mouse click on the element found by ``selector``.</doc>
<status status="PASS" starttime="20211119 15:37:48.819" endtime="20211119 15:37:48.929"/>
</kw>
<kw name="Click" library="Browser">
<arg>xpath=/html/body/div[1]/main/div/aside/div[1]/div[2]/ul/li/ul/ul/li/ul/li[2]/ul/li[1]/span</arg>
<tag>PageContent</tag>
<tag>Setter</tag>
<doc>Simulates mouse click on the element found by ``selector``.</doc>
<status status="PASS" starttime="20211119 15:37:48.929" endtime="20211119 15:37:49.223"/>
</kw>
<kw name="Get Text" library="Browser">
<arg>text="Cadastrar Lojista"</arg>
<tag>Assertion</tag>
<tag>Getter</tag>
<tag>PageContent</tag>
<doc>Returns text attribute of the element found by ``selector``.</doc>
<status status="PASS" starttime="20211119 15:37:49.224" endtime="20211119 15:37:49.491"/>
</kw>
<status status="PASS" starttime="20211119 15:37:48.818" endtime="20211119 15:37:49.492"/>
</kw>
<kw name="Submit Form CadLojista" library="CadLojista">
<arg>${DadosCad}</arg>
<kw name="Fill Text" library="Browser">
<arg>id=email</arg>
<arg>${DadosCad}[email]</arg>
<tag>PageContent</tag>
<tag>Setter</tag>
<doc>Clears and fills the given ``txt`` into the text field found by ``selector``.</doc>
<msg timestamp="20211119 15:37:49.493" level="INFO">Fills the text '' in the given field.</msg>
<status status="PASS" starttime="20211119 15:37:49.493" endtime="20211119 15:37:49.546"/>
</kw>
<kw name="Fill Text" library="Browser">
<arg>id=phone</arg>
<arg>${DadosCad}[phone]</arg>
<tag>PageContent</tag>
<tag>Setter</tag>
<doc>Clears and fills the given ``txt`` into the text field found by ``selector``.</doc>
<msg timestamp="20211119 15:37:49.552" level="INFO">Fills the text '' in the given field.</msg>
<status status="PASS" starttime="20211119 15:37:49.548" endtime="20211119 15:37:49.631"/>
</kw>
<status status="PASS" starttime="20211119 15:37:49.492" endtime="20211119 15:37:49.631"/>
</kw>
<kw name="Click" library="Browser">
<arg>text=Salvar</arg>
<tag>PageContent</tag>
<tag>Setter</tag>
<doc>Simulates mouse click on the element found by ``selector``.</doc>
<status status="PASS" starttime="20211119 15:37:49.637" endtime="20211119 15:37:49.791"/>
</kw>
<kw name="Alert Email Shold Be" library="AlertMessage">
<kw name="Set Variable" library="BuiltIn">
<var>${element}</var>
<arg>css=input[error*="email válido"]</arg>
<doc>Returns the given values which can then be assigned to a variables.</doc>
<msg timestamp="20211119 15:37:49.793" level="INFO">${element} = css=input[error*="email válido"]</msg>
<status status="PASS" starttime="20211119 15:37:49.793" endtime="20211119 15:37:49.793"/>
</kw>
<kw name="Wait For Elements State" library="Browser">
<arg>${element}</arg>
<arg>visible</arg>
<arg>10</arg>
<tag>PageContent</tag>
<tag>Wait</tag>
<doc>Waits for the element found by ``selector`` to satisfy state option.</doc>
<msg timestamp="20211119 15:37:49.825" level="INFO">Wait for Element with selector: css=input[error*="email válido"]</msg>
<status status="PASS" starttime="20211119 15:37:49.793" endtime="20211119 15:37:49.825"/>
</kw>
<status status="PASS" starttime="20211119 15:37:49.792" endtime="20211119 15:37:49.825"/>
</kw>
<kw name="Alert Phone Shold Be" library="AlertMessage">
<kw name="Set Variable" library="BuiltIn">
<var>${element}</var>
<arg>css=input[error*="telefone"]</arg>
<doc>Returns the given values which can then be assigned to a variables.</doc>
<msg timestamp="20211119 15:37:49.827" level="INFO">${element} = css=input[error*="telefone"]</msg>
<status status="PASS" starttime="20211119 15:37:49.826" endtime="20211119 15:37:49.827"/>
</kw>
<kw name="Wait For Elements State" library="Browser">
<arg>${element}</arg>
<arg>visible</arg>
<arg>10</arg>
<tag>PageContent</tag>
<tag>Wait</tag>
<doc>Waits for the element found by ``selector`` to satisfy state option.</doc>
<msg timestamp="20211119 15:37:49.849" level="INFO">Wait for Element with selector: css=input[error*="telefone"]</msg>
<status status="PASS" starttime="20211119 15:37:49.827" endtime="20211119 15:37:49.851"/>
</kw>
<status status="PASS" starttime="20211119 15:37:49.826" endtime="20211119 15:37:49.852"/>
</kw>
<kw name="Click" library="Browser">
<arg>xpath=/html/body/div[1]/main/div/main/form/footer[2]/button[1]</arg>
<tag>PageContent</tag>
<tag>Setter</tag>
<doc>Simulates mouse click on the element found by ``selector``.</doc>
<status status="PASS" starttime="20211119 15:37:49.855" endtime="20211119 15:37:50.085"/>
</kw>
<kw name="Finish Test" library="Base" type="TEARDOWN">
<kw name="Take Screenshot" library="Browser">
<tag>PageContent</tag>
<doc>Takes a screenshot of the current window or element and saves it to disk.</doc>
<msg timestamp="20211119 15:37:50.295" level="INFO" html="true">&lt;/td&gt;&lt;/tr&gt;&lt;tr&gt;&lt;td colspan="3"&gt;&lt;a href="browser/screenshot/robotframework-browser-screenshot-11.png"&gt;&lt;img src="browser/screenshot/robotframework-browser-screenshot-11.png" width="800px"&gt;&lt;/a&gt;</msg>
<status status="PASS" starttime="20211119 15:37:50.107" endtime="20211119 15:37:50.295"/>
</kw>
<status status="PASS" starttime="20211119 15:37:50.107" endtime="20211119 15:37:50.296"/>
</kw>
<tag>CadLojistaBranco</tag>
<status status="PASS" starttime="20211119 15:37:48.803" endtime="20211119 15:37:50.296"/>
</test>
<test id="s1-s2-t5" name="Email Invalid">
<kw name="Get DadosCad" library="Helpers">
<var>${DadosCad}</var>
<arg>CadLogistaEmailInvalid</arg>
<kw name="Get File" library="OperatingSystem">
<var>${fixture}</var>
<arg>${EXECDIR}/resources/fixtures/DadosCad.json</arg>
<doc>Returns the contents of a specified file.</doc>
<msg timestamp="20211119 15:37:50.326" level="INFO" html="true">Getting file '&lt;a href="file://C:\Luby\NeerHouse\QA\frontend\resources\fixtures\DadosCad.json"&gt;C:\Luby\NeerHouse\QA\frontend\resources\fixtures\DadosCad.json&lt;/a&gt;'.</msg>
<msg timestamp="20211119 15:37:50.326" level="INFO">${fixture} = {   
    "Adm1": {
        "email": "emailteste@teste.com",
        "permissao" :"Admin"
    },

    "EmailBranco": {
        "email": "",
        "permissao" :"SysAdmin"
    },

    "Vazio": {
      ...</msg>
<status status="PASS" starttime="20211119 15:37:50.326" endtime="20211119 15:37:50.326"/>
</kw>
<kw name="Evaluate" library="BuiltIn">
<var>${json}</var>
<arg>json.loads($fixture)</arg>
<arg>json</arg>
<doc>Evaluates the given expression in Python and returns the result.</doc>
<msg timestamp="20211119 15:37:50.327" level="INFO">${json} = {'Adm1': {'email': 'emailteste@teste.com', 'permissao': 'Admin'}, 'EmailBranco': {'email': '', 'permissao': 'SysAdmin'}, 'Vazio': {'email': '', 'permissao': ''}, 'PermissaoBranco': {'email': 'email2@e...</msg>
<status status="PASS" starttime="20211119 15:37:50.326" endtime="20211119 15:37:50.327"/>
</kw>
<kw name="Set Variable" library="BuiltIn">
<var>${select_DadosCad}</var>
<arg>${json}[${DadosCad}]</arg>
<doc>Returns the given values which can then be assigned to a variables.</doc>
<msg timestamp="20211119 15:37:50.328" level="INFO">${select_DadosCad} = {'email': 'tstes@', 'phone': '44988565547'}</msg>
<status status="PASS" starttime="20211119 15:37:50.327" endtime="20211119 15:37:50.328"/>
</kw>
<msg timestamp="20211119 15:37:50.328" level="INFO">${DadosCad} = {'email': 'tstes@', 'phone': '44988565547'}</msg>
<status status="PASS" starttime="20211119 15:37:50.325" endtime="20211119 15:37:50.328"/>
</kw>
<kw name="Go To CadLojista" library="CadLojista">
<kw name="Click" library="Browser">
<arg>text=Usuários</arg>
<tag>PageContent</tag>
<tag>Setter</tag>
<doc>Simulates mouse click on the element found by ``selector``.</doc>
<status status="PASS" starttime="20211119 15:37:50.330" endtime="20211119 15:37:50.493"/>
</kw>
<kw name="Click" library="Browser">
<arg>xpath=/html/body/div[1]/main/div/aside/div[1]/div[2]/ul/li/ul/ul/li/ul/li[2]/ul/li[1]/span</arg>
<tag>PageContent</tag>
<tag>Setter</tag>
<doc>Simulates mouse click on the element found by ``selector``.</doc>
<status status="PASS" starttime="20211119 15:37:50.493" endtime="20211119 15:37:50.868"/>
</kw>
<kw name="Get Text" library="Browser">
<arg>text="Cadastrar Lojista"</arg>
<tag>Assertion</tag>
<tag>Getter</tag>
<tag>PageContent</tag>
<doc>Returns text attribute of the element found by ``selector``.</doc>
<status status="PASS" starttime="20211119 15:37:50.869" endtime="20211119 15:37:50.938"/>
</kw>
<status status="PASS" starttime="20211119 15:37:50.329" endtime="20211119 15:37:50.939"/>
</kw>
<kw name="Submit Form CadLojista" library="CadLojista">
<arg>${DadosCad}</arg>
<kw name="Fill Text" library="Browser">
<arg>id=email</arg>
<arg>${DadosCad}[email]</arg>
<tag>PageContent</tag>
<tag>Setter</tag>
<doc>Clears and fills the given ``txt`` into the text field found by ``selector``.</doc>
<msg timestamp="20211119 15:37:50.941" level="INFO">Fills the text 'tstes@' in the given field.</msg>
<status status="PASS" starttime="20211119 15:37:50.940" endtime="20211119 15:37:50.997"/>
</kw>
<kw name="Fill Text" library="Browser">
<arg>id=phone</arg>
<arg>${DadosCad}[phone]</arg>
<tag>PageContent</tag>
<tag>Setter</tag>
<doc>Clears and fills the given ``txt`` into the text field found by ``selector``.</doc>
<msg timestamp="20211119 15:37:50.999" level="INFO">Fills the text '44988565547' in the given field.</msg>
<status status="PASS" starttime="20211119 15:37:50.998" endtime="20211119 15:37:51.070"/>
</kw>
<status status="PASS" starttime="20211119 15:37:50.939" endtime="20211119 15:37:51.071"/>
</kw>
<kw name="Click" library="Browser">
<arg>text=Salvar</arg>
<tag>PageContent</tag>
<tag>Setter</tag>
<doc>Simulates mouse click on the element found by ``selector``.</doc>
<status status="PASS" starttime="20211119 15:37:51.073" endtime="20211119 15:37:51.193"/>
</kw>
<kw name="Alert Email Shold Be" library="AlertMessage">
<kw name="Set Variable" library="BuiltIn">
<var>${element}</var>
<arg>css=input[error*="email válido"]</arg>
<doc>Returns the given values which can then be assigned to a variables.</doc>
<msg timestamp="20211119 15:37:51.194" level="INFO">${element} = css=input[error*="email válido"]</msg>
<status status="PASS" starttime="20211119 15:37:51.194" endtime="20211119 15:37:51.194"/>
</kw>
<kw name="Wait For Elements State" library="Browser">
<arg>${element}</arg>
<arg>visible</arg>
<arg>10</arg>
<tag>PageContent</tag>
<tag>Wait</tag>
<doc>Waits for the element found by ``selector`` to satisfy state option.</doc>
<msg timestamp="20211119 15:37:51.227" level="INFO">Wait for Element with selector: css=input[error*="email válido"]</msg>
<status status="PASS" starttime="20211119 15:37:51.194" endtime="20211119 15:37:51.227"/>
</kw>
<status status="PASS" starttime="20211119 15:37:51.193" endtime="20211119 15:37:51.228"/>
</kw>
<kw name="Click" library="Browser">
<arg>xpath=/html/body/div[1]/main/div/main/form/footer[2]/button[1]</arg>
<tag>PageContent</tag>
<tag>Setter</tag>
<doc>Simulates mouse click on the element found by ``selector``.</doc>
<status status="PASS" starttime="20211119 15:37:51.229" endtime="20211119 15:37:51.492"/>
</kw>
<kw name="Finish Test" library="Base" type="TEARDOWN">
<kw name="Take Screenshot" library="Browser">
<tag>PageContent</tag>
<doc>Takes a screenshot of the current window or element and saves it to disk.</doc>
<msg timestamp="20211119 15:37:51.690" level="INFO" html="true">&lt;/td&gt;&lt;/tr&gt;&lt;tr&gt;&lt;td colspan="3"&gt;&lt;a href="browser/screenshot/robotframework-browser-screenshot-12.png"&gt;&lt;img src="browser/screenshot/robotframework-browser-screenshot-12.png" width="800px"&gt;&lt;/a&gt;</msg>
<status status="PASS" starttime="20211119 15:37:51.495" endtime="20211119 15:37:51.690"/>
</kw>
<status status="PASS" starttime="20211119 15:37:51.493" endtime="20211119 15:37:51.690"/>
</kw>
<tag>CadLojistaEmailInvalid</tag>
<status status="PASS" starttime="20211119 15:37:50.311" endtime="20211119 15:37:51.693"/>
</test>
<test id="s1-s2-t6" name="Phone Invalid">
<kw name="Get DadosCad" library="Helpers">
<var>${DadosCad}</var>
<arg>CadLogistaPhoneBranco</arg>
<kw name="Get File" library="OperatingSystem">
<var>${fixture}</var>
<arg>${EXECDIR}/resources/fixtures/DadosCad.json</arg>
<doc>Returns the contents of a specified file.</doc>
<msg timestamp="20211119 15:37:51.723" level="INFO" html="true">Getting file '&lt;a href="file://C:\Luby\NeerHouse\QA\frontend\resources\fixtures\DadosCad.json"&gt;C:\Luby\NeerHouse\QA\frontend\resources\fixtures\DadosCad.json&lt;/a&gt;'.</msg>
<msg timestamp="20211119 15:37:51.723" level="INFO">${fixture} = {   
    "Adm1": {
        "email": "emailteste@teste.com",
        "permissao" :"Admin"
    },

    "EmailBranco": {
        "email": "",
        "permissao" :"SysAdmin"
    },

    "Vazio": {
      ...</msg>
<status status="PASS" starttime="20211119 15:37:51.722" endtime="20211119 15:37:51.723"/>
</kw>
<kw name="Evaluate" library="BuiltIn">
<var>${json}</var>
<arg>json.loads($fixture)</arg>
<arg>json</arg>
<doc>Evaluates the given expression in Python and returns the result.</doc>
<msg timestamp="20211119 15:37:51.724" level="INFO">${json} = {'Adm1': {'email': 'emailteste@teste.com', 'permissao': 'Admin'}, 'EmailBranco': {'email': '', 'permissao': 'SysAdmin'}, 'Vazio': {'email': '', 'permissao': ''}, 'PermissaoBranco': {'email': 'email2@e...</msg>
[...]
<status status="PASS" starttime="20211119 15:40:46.454" endtime="20211119 15:40:51.455"/>
</kw>
<kw name="Fill Text" library="Browser">
<arg>id=password</arg>
<arg>${pass}</arg>
<tag>PageContent</tag>
<tag>Setter</tag>
<doc>Clears and fills the given ``txt`` into the text field found by ``selector``.</doc>
<msg timestamp="20211119 15:40:51.457" level="INFO">Fills the text '12345678' in the given field.</msg>
<status status="PASS" starttime="20211119 15:40:51.456" endtime="20211119 15:40:51.561"/>
</kw>
<kw name="Click" library="Browser">
<arg>text=Entrar</arg>
<tag>PageContent</tag>
<tag>Setter</tag>
<doc>Simulates mouse click on the element found by ``selector``.</doc>
<status status="PASS" starttime="20211119 15:40:51.562" endtime="20211119 15:40:51.743"/>
</kw>
<status status="PASS" starttime="20211119 15:40:46.453" endtime="20211119 15:40:51.744"/>
</kw>
<kw name="User Shold Be Logged In" library="LoginActions">
<kw name="Wait For Elements State" library="Browser">
<arg>css=.anticon-home</arg>
<arg>visible</arg>
<arg>10</arg>
<tag>PageContent</tag>
<tag>Wait</tag>
<doc>Waits for the element found by ``selector`` to satisfy state option.</doc>
<msg timestamp="20211119 15:40:53.076" level="INFO">Wait for Element with selector: css=.anticon-home</msg>
<status status="PASS" starttime="20211119 15:40:51.746" endtime="20211119 15:40:53.077"/>
</kw>
<status status="PASS" starttime="20211119 15:40:51.745" endtime="20211119 15:40:53.080"/>
</kw>
<kw name="Take ScreenShot And Logout" library="Base" type="TEARDOWN">
<kw name="Take Screenshot" library="Browser">
<tag>PageContent</tag>
<doc>Takes a screenshot of the current window or element and saves it to disk.</doc>
<msg timestamp="20211119 15:40:53.609" level="INFO" html="true">&lt;/td&gt;&lt;/tr&gt;&lt;tr&gt;&lt;td colspan="3"&gt;&lt;a href="browser/screenshot/robotframework-browser-screenshot-40.png"&gt;&lt;img src="browser/screenshot/robotframework-browser-screenshot-40.png" width="800px"&gt;&lt;/a&gt;</msg>
<status status="PASS" starttime="20211119 15:40:53.094" endtime="20211119 15:40:53.610"/>
</kw>
<kw name="Do logout" library="LoginActions">
<kw name="Click" library="Browser">
<arg>css=#root &gt; main &gt; div &gt; main &gt; header &gt; div &gt; span</arg>
<tag>PageContent</tag>
<tag>Setter</tag>
<doc>Simulates mouse click on the element found by ``selector``.</doc>
<status status="PASS" starttime="20211119 15:40:53.611" endtime="20211119 15:40:53.823"/>
</kw>
<kw name="Click" library="Browser">
<arg>text=Sair</arg>
<tag>PageContent</tag>
<tag>Setter</tag>
<doc>Simulates mouse click on the element found by ``selector``.</doc>
<status status="PASS" starttime="20211119 15:40:53.824" endtime="20211119 15:40:54.260"/>
</kw>
<status status="PASS" starttime="20211119 15:40:53.610" endtime="20211119 15:40:54.260"/>
</kw>
<status status="PASS" starttime="20211119 15:40:53.093" endtime="20211119 15:40:54.261"/>
</kw>
<tag>login</tag>
<status status="PASS" starttime="20211119 15:40:46.266" endtime="20211119 15:40:54.261"/>
</test>
<test id="s1-s7-t2" name="Senha incorreta">
<kw name="Login With" library="LoginActions">
<arg>shopmanager@gmail.com</arg>
<arg>123</arg>
<kw name="Fill Text" library="Browser">
<arg>id=email</arg>
<arg>${email}</arg>
<tag>PageContent</tag>
<tag>Setter</tag>
<doc>Clears and fills the given ``txt`` into the text field found by ``selector``.</doc>
<msg timestamp="20211119 15:40:54.282" level="INFO">Fills the text 'shopmanager@gmail.com' in the given field.</msg>
<status status="PASS" starttime="20211119 15:40:54.280" endtime="20211119 15:40:54.323"/>
</kw>
<kw name="Fill Text" library="Browser">
<arg>id=password</arg>
<arg>${pass}</arg>
<tag>PageContent</tag>
<tag>Setter</tag>
<doc>Clears and fills the given ``txt`` into the text field found by ``selector``.</doc>
<msg timestamp="20211119 15:40:54.325" level="INFO">Fills the text '123' in the given field.</msg>
<status status="PASS" starttime="20211119 15:40:54.323" endtime="20211119 15:40:54.383"/>
</kw>
<kw name="Click" library="Browser">
<arg>text=Entrar</arg>
<tag>PageContent</tag>
<tag>Setter</tag>
<doc>Simulates mouse click on the element found by ``selector``.</doc>
<status status="PASS" starttime="20211119 15:40:54.383" endtime="20211119 15:40:54.480"/>
</kw>
<status status="PASS" starttime="20211119 15:40:54.279" endtime="20211119 15:40:54.480"/>
</kw>
<kw name="Alert Text Shold Be" library="AlertMessage">
<arg>Ocorreu um erro, verifique suas credenciais e tente novamente</arg>
<kw name="Set Variable" library="BuiltIn">
<var>${element}</var>
<arg>css=.ant-message</arg>
<doc>Returns the given values which can then be assigned to a variables.</doc>
<msg timestamp="20211119 15:40:54.486" level="INFO">${element} = css=.ant-message</msg>
<status status="PASS" starttime="20211119 15:40:54.485" endtime="20211119 15:40:54.486"/>
</kw>
<kw name="Wait For Elements State" library="Browser">
<arg>${element}</arg>
<arg>visible</arg>
<arg>5</arg>
<arg>Login error</arg>
<tag>PageContent</tag>
<tag>Wait</tag>
<doc>Waits for the element found by ``selector`` to satisfy state option.</doc>
<msg timestamp="20211119 15:40:54.709" level="INFO">Wait for Element with selector: css=.ant-message</msg>
<status status="PASS" starttime="20211119 15:40:54.486" endtime="20211119 15:40:54.709"/>
</kw>
<kw name="Get Text" library="Browser">
<arg>${element}</arg>
<arg>equal</arg>
<arg>${expect_message}</arg>
<tag>Assertion</tag>
<tag>Getter</tag>
<tag>PageContent</tag>
<doc>Returns text attribute of the element found by ``selector``.</doc>
<status status="PASS" starttime="20211119 15:40:54.710" endtime="20211119 15:40:54.746"/>
</kw>
<status status="PASS" starttime="20211119 15:40:54.484" endtime="20211119 15:40:54.747"/>
</kw>
<kw name="Finish Test" library="Base" type="TEARDOWN">
<kw name="Take Screenshot" library="Browser">
<tag>PageContent</tag>
<doc>Takes a screenshot of the current window or element and saves it to disk.</doc>
<msg timestamp="20211119 15:40:55.003" level="INFO" html="true">&lt;/td&gt;&lt;/tr&gt;&lt;tr&gt;&lt;td colspan="3"&gt;&lt;a href="browser/screenshot/robotframework-browser-screenshot-41.png"&gt;&lt;img src="browser/screenshot/robotframework-browser-screenshot-41.png" width="800px"&gt;&lt;/a&gt;</msg>
<status status="PASS" starttime="20211119 15:40:54.755" endtime="20211119 15:40:55.003"/>
</kw>
<status status="PASS" starttime="20211119 15:40:54.754" endtime="20211119 15:40:55.003"/>
</kw>
<tag>pass</tag>
<status status="PASS" starttime="20211119 15:40:54.272" endtime="20211119 15:40:55.004"/>
</test>
<test id="s1-s7-t3" name="Email invalido">
<kw name="Login With" library="LoginActions">
<arg>shomanager@ssl</arg>
<arg>123</arg>
<kw name="Fill Text" library="Browser">
<arg>id=email</arg>
<arg>${email}</arg>
<tag>PageContent</tag>
<tag>Setter</tag>
<doc>Clears and fills the given ``txt`` into the text field found by ``selector``.</doc>
<msg timestamp="20211119 15:40:55.022" level="INFO">Fills the text 'shomanager@ssl' in the given field.</msg>
<status status="PASS" starttime="20211119 15:40:55.021" endtime="20211119 15:40:55.079"/>
</kw>
<kw name="Fill Text" library="Browser">
<arg>id=password</arg>
<arg>${pass}</arg>
<tag>PageContent</tag>
<tag>Setter</tag>
<doc>Clears and fills the given ``txt`` into the text field found by ``selector``.</doc>
<msg timestamp="20211119 15:40:55.081" level="INFO">Fills the text '123' in the given field.</msg>
<status status="PASS" starttime="20211119 15:40:55.080" endtime="20211119 15:40:55.166"/>
</kw>
<kw name="Click" library="Browser">
<arg>text=Entrar</arg>
<tag>PageContent</tag>
<tag>Setter</tag>
<doc>Simulates mouse click on the element found by ``selector``.</doc>
<status status="PASS" starttime="20211119 15:40:55.166" endtime="20211119 15:40:55.275"/>
</kw>
<status status="PASS" starttime="20211119 15:40:55.021" endtime="20211119 15:40:55.275"/>
</kw>
<kw name="Alert login Shold Be" library="AlertMessage">
<kw name="Set Variable" library="BuiltIn">
<var>${element}</var>
<arg>css=input[error="email must be a valid email"]</arg>
<doc>Returns the given values which can then be assigned to a variables.</doc>
<msg timestamp="20211119 15:40:55.277" level="INFO">${element} = css=input[error="email must be a valid email"]</msg>
<status status="PASS" starttime="20211119 15:40:55.276" endtime="20211119 15:40:55.277"/>
</kw>
<kw name="Wait For Elements State" library="Browser">
<arg>${element}</arg>
<arg>visible</arg>
<arg>10</arg>
<tag>PageContent</tag>
<tag>Wait</tag>
<doc>Waits for the element found by ``selector`` to satisfy state option.</doc>
<msg timestamp="20211119 15:40:55.297" level="INFO">Wait for Element with selector: css=input[error="email must be a valid email"]</msg>
<status status="PASS" starttime="20211119 15:40:55.277" endtime="20211119 15:40:55.298"/>
</kw>
<status status="PASS" starttime="20211119 15:40:55.276" endtime="20211119 15:40:55.299"/>
</kw>
<kw name="Finish Test" library="Base" type="TEARDOWN">
<kw name="Take Screenshot" library="Browser">
<tag>PageContent</tag>
<doc>Takes a screenshot of the current window or element and saves it to disk.</doc>
<msg timestamp="20211119 15:40:55.540" level="INFO" html="true">&lt;/td&gt;&lt;/tr&gt;&lt;tr&gt;&lt;td colspan="3"&gt;&lt;a href="browser/screenshot/robotframework-browser-screenshot-42.png"&gt;&lt;img src="browser/screenshot/robotframework-browser-screenshot-42.png" width="800px"&gt;&lt;/a&gt;</msg>
<status status="PASS" starttime="20211119 15:40:55.302" endtime="20211119 15:40:55.540"/>
</kw>
<status status="PASS" starttime="20211119 15:40:55.301" endtime="20211119 15:40:55.540"/>
</kw>
<status status="PASS" starttime="20211119 15:40:55.011" endtime="20211119 15:40:55.541"/>
</test>
<test id="s1-s7-t4" name="Login em branco">
<kw name="Login With" library="LoginActions">
<arg>${EMPTY}</arg>
<arg>123</arg>
<kw name="Fill Text" library="Browser">
<arg>id=email</arg>
<arg>${email}</arg>
<tag>PageContent</tag>
<tag>Setter</tag>
<doc>Clears and fills the given ``txt`` into the text field found by ``selector``.</doc>
<msg timestamp="20211119 15:40:55.576" level="INFO">Fills the text '' in the given field.</msg>
<status status="PASS" starttime="20211119 15:40:55.575" endtime="20211119 15:40:55.638"/>
</kw>
<kw name="Fill Text" library="Browser">
<arg>id=password</arg>
<arg>${pass}</arg>
<tag>PageContent</tag>
<tag>Setter</tag>
<doc>Clears and fills the given ``txt`` into the text field found by ``selector``.</doc>
<msg timestamp="20211119 15:40:55.639" level="INFO">Fills the text '123' in the given field.</msg>
<status status="PASS" starttime="20211119 15:40:55.638" endtime="20211119 15:40:55.676"/>
</kw>
<kw name="Click" library="Browser">
<arg>text=Entrar</arg>
<tag>PageContent</tag>
<tag>Setter</tag>
<doc>Simulates mouse click on the element found by ``selector``.</doc>
<status status="PASS" starttime="20211119 15:40:55.677" endtime="20211119 15:40:55.766"/>
</kw>
<status status="PASS" starttime="20211119 15:40:55.574" endtime="20211119 15:40:55.766"/>
</kw>
<kw name="Alert login Shold Be Required" library="AlertMessage">
<kw name="Set Variable" library="BuiltIn">
<var>${element}</var>
<arg>css=input[error="email is a required field"]</arg>
<doc>Returns the given values which can then be assigned to a variables.</doc>
<msg timestamp="20211119 15:40:55.769" level="INFO">${element} = css=input[error="email is a required field"]</msg>
<status status="PASS" starttime="20211119 15:40:55.769" endtime="20211119 15:40:55.769"/>
</kw>
<kw name="Wait For Elements State" library="Browser">
<arg>${element}</arg>
<arg>visible</arg>
<arg>10</arg>
<tag>PageContent</tag>
<tag>Wait</tag>
<doc>Waits for the element found by ``selector`` to satisfy state option.</doc>
<msg timestamp="20211119 15:40:55.788" level="INFO">Wait for Element with selector: css=input[error="email is a required field"]</msg>
<status status="PASS" starttime="20211119 15:40:55.770" endtime="20211119 15:40:55.789"/>
</kw>
<status status="PASS" starttime="20211119 15:40:55.768" endtime="20211119 15:40:55.789"/>
</kw>
<kw name="Finish Test" library="Base" type="TEARDOWN">
<kw name="Take Screenshot" library="Browser">
<tag>PageContent</tag>
<doc>Takes a screenshot of the current window or element and saves it to disk.</doc>
<msg timestamp="20211119 15:40:56.057" level="INFO" html="true">&lt;/td&gt;&lt;/tr&gt;&lt;tr&gt;&lt;td colspan="3"&gt;&lt;a href="browser/screenshot/robotframework-browser-screenshot-43.png"&gt;&lt;img src="browser/screenshot/robotframework-browser-screenshot-43.png" width="800px"&gt;&lt;/a&gt;</msg>
<status status="PASS" starttime="20211119 15:40:55.790" endtime="20211119 15:40:56.057"/>
</kw>
<status status="PASS" starttime="20211119 15:40:55.790" endtime="20211119 15:40:56.057"/>
</kw>
<status status="PASS" starttime="20211119 15:40:55.558" endtime="20211119 15:40:56.058"/>
</test>
<test id="s1-s7-t5" name="Ambos em branco">
<kw name="Login With" library="LoginActions">
<arg>${EMPTY}</arg>
<arg>${EMPTY}</arg>
<kw name="Fill Text" library="Browser">
<arg>id=email</arg>
<arg>${email}</arg>
<tag>PageContent</tag>
<tag>Setter</tag>
<doc>Clears and fills the given ``txt`` into the text field found by ``selector``.</doc>
<msg timestamp="20211119 15:40:56.076" level="INFO">Fills the text '' in the given field.</msg>
<status status="PASS" starttime="20211119 15:40:56.076" endtime="20211119 15:40:56.108"/>
</kw>
<kw name="Fill Text" library="Browser">
<arg>id=password</arg>
<arg>${pass}</arg>
<tag>PageContent</tag>
<tag>Setter</tag>
<doc>Clears and fills the given ``txt`` into the text field found by ``selector``.</doc>
<msg timestamp="20211119 15:40:56.109" level="INFO">Fills the text '' in the given field.</msg>
<status status="PASS" starttime="20211119 15:40:56.109" endtime="20211119 15:40:56.189"/>
</kw>
<kw name="Click" library="Browser">
<arg>text=Entrar</arg>
<tag>PageContent</tag>
<tag>Setter</tag>
<doc>Simulates mouse click on the element found by ``selector``.</doc>
<status status="PASS" starttime="20211119 15:40:56.190" endtime="20211119 15:40:56.277"/>
</kw>
<status status="PASS" starttime="20211119 15:40:56.074" endtime="20211119 15:40:56.278"/>
</kw>
<kw name="Alert login Shold Be Required" library="AlertMessage">
<kw name="Set Variable" library="BuiltIn">
<var>${element}</var>
<arg>css=input[error="email is a required field"]</arg>
<doc>Returns the given values which can then be assigned to a variables.</doc>
<msg timestamp="20211119 15:40:56.279" level="INFO">${element} = css=input[error="email is a required field"]</msg>
<status status="PASS" starttime="20211119 15:40:56.279" endtime="20211119 15:40:56.279"/>
</kw>
<kw name="Wait For Elements State" library="Browser">
<arg>${element}</arg>
<arg>visible</arg>
<arg>10</arg>
<tag>PageContent</tag>
<tag>Wait</tag>
<doc>Waits for the element found by ``selector`` to satisfy state option.</doc>
<msg timestamp="20211119 15:40:56.298" level="INFO">Wait for Element with selector: css=input[error="email is a required field"]</msg>
<status status="PASS" starttime="20211119 15:40:56.279" endtime="20211119 15:40:56.298"/>
</kw>
<status status="PASS" starttime="20211119 15:40:56.278" endtime="20211119 15:40:56.299"/>
</kw>
<kw name="Alert password Shold Be Required" library="AlertMessage">
<kw name="Set Variable" library="BuiltIn">
<var>${element}</var>
<arg>css=input[error="password is a required field"]</arg>
<doc>Returns the given values which can then be assigned to a variables.</doc>
<msg timestamp="20211119 15:40:56.303" level="INFO">${element} = css=input[error="password is a required field"]</msg>
<status status="PASS" starttime="20211119 15:40:56.301" endtime="20211119 15:40:56.303"/>
</kw>
<kw name="Wait For Elements State" library="Browser">
<arg>${element}</arg>
<arg>visible</arg>
<arg>10</arg>
<tag>PageContent</tag>
<tag>Wait</tag>
<doc>Waits for the element found by ``selector`` to satisfy state option.</doc>
<msg timestamp="20211119 15:40:56.322" level="INFO">Wait for Element with selector: css=input[error="password is a required field"]</msg>
<status status="PASS" starttime="20211119 15:40:56.303" endtime="20211119 15:40:56.323"/>
</kw>
<status status="PASS" starttime="20211119 15:40:56.301" endtime="20211119 15:40:56.323"/>
</kw>
<kw name="Finish Test" library="Base" type="TEARDOWN">
<kw name="Take Screenshot" library="Browser">
<tag>PageContent</tag>
<doc>Takes a screenshot of the current window or element and saves it to disk.</doc>
<msg timestamp="20211119 15:40:56.558" level="INFO" html="true">&lt;/td&gt;&lt;/tr&gt;&lt;tr&gt;&lt;td colspan="3"&gt;&lt;a href="browser/screenshot/robotframework-browser-screenshot-44.png"&gt;&lt;img src="browser/screenshot/robotframework-browser-screenshot-44.png" width="800px"&gt;&lt;/a&gt;</msg>
<status status="PASS" starttime="20211119 15:40:56.324" endtime="20211119 15:40:56.558"/>
</kw>
<status status="PASS" starttime="20211119 15:40:56.324" endtime="20211119 15:40:56.558"/>
</kw>
<status status="PASS" starttime="20211119 15:40:56.070" endtime="20211119 15:40:56.559"/>
</test>
<doc>Login Tests</doc>
<status status="PASS" starttime="20211119 15:40:34.961" endtime="20211119 15:40:56.569"/>
</suite>
<status status="FAIL" starttime="20211119 15:36:20.469" endtime="20211119 15:40:56.743"/>
</suite>
<statistics>
<total>
<stat pass="30" fail="14" skip="0">All Tests</stat>
</total>
<tag>
<stat pass="0" fail="1" skip="0">Cadastro</stat>
<stat pass="1" fail="0" skip="0">CadBranco</stat>
<stat pass="1" fail="0" skip="0">CadCliCPFIncompleto</stat>
<stat pass="1" fail="0" skip="0">CadcliDataNasc</stat>
<stat pass="0" fail="1" skip="0">CadCliEmailInvalido</stat>
<stat pass="1" fail="0" skip="0">CadCliente</stat>
<stat pass="0" fail="1" skip="0">CadCliFoneIncompleto</stat>
<stat pass="1" fail="0" skip="0">CadcliVazio</stat>
<stat pass="1" fail="1" skip="0">CadLojista</stat>
<stat pass="3" fail="0" skip="0">CadLojistaBranco</stat>
<stat pass="0" fail="1" skip="0">CadLojistaCompleto</stat>
<stat pass="1" fail="0" skip="0">CadLojistaEmailInvalid</stat>
<stat pass="1" fail="0" skip="0">DirecionaCadastroADM</stat>
<stat pass="0" fail="1" skip="0">DirecionaCadastroCliente</stat>
<stat pass="0" fail="1" skip="0">DirecionaCadastroLojista</stat>
<stat pass="1" fail="0" skip="0">LimpaFiltroADM</stat>
<stat pass="1" fail="0" skip="0">LimpaFiltroCliente</stat>
<stat pass="1" fail="0" skip="0">LimpaFiltroLojista</stat>
<stat pass="1" fail="0" skip="0">ListaComDadosADM</stat>
<stat pass="1" fail="0" skip="0">ListaComDadosCliente</stat>
<stat pass="0" fail="1" skip="0">ListaComDadosLojista</stat>
<stat pass="1" fail="0" skip="0">ListaComFiltroADM</stat>
<stat pass="0" fail="1" skip="0">ListaComFiltroCliente</stat>
<stat pass="1" fail="0" skip="0">ListaComFiltroLojista</stat>
<stat pass="0" fail="1" skip="0">ListavaziaADM</stat>
<stat pass="0" fail="1" skip="0">ListavaziaCliente</stat>
<stat pass="0" fail="1" skip="0">ListavaziaLojista</stat>
<stat pass="1" fail="0" skip="0">login</stat>
<stat pass="1" fail="0" skip="0">MailBranco</stat>
<stat pass="0" fail="1" skip="0">MailInvalid</stat>
<stat pass="1" fail="0" skip="0">pass</stat>
<stat pass="0" fail="1" skip="0">PermissionBranco</stat>
</tag>
<suite>
<stat pass="30" fail="14" skip="0" id="s1" name="Tests">Tests</stat>
<stat pass="5" fail="2" skip="0" id="s1-s1" name="CadastroClienteTests">Tests.CadastroClienteTests</stat>
<stat pass="6" fail="2" skip="0" id="s1-s2" name="CadastroLojistaTests">Tests.CadastroLojistaTests</stat>
<stat pass="3" fail="3" skip="0" id="s1-s3" name="CadastrosAdminTests">Tests.CadastrosAdminTests</stat>
<stat pass="5" fail="1" skip="0" id="s1-s4" name="ListagemAdmTests">Tests.ListagemAdmTests</stat>
<stat pass="3" fail="3" skip="0" id="s1-s5" name="ListagemClienteTests">Tests.ListagemClienteTests</stat>
<stat pass="3" fail="3" skip="0" id="s1-s6" name="ListagemLojistaTests">Tests.ListagemLojistaTests</stat>
<stat pass="5" fail="0" skip="0" id="s1-s7" name="LoginTests">Tests.LoginTests</stat>
</suite>
</statistics>
<errors>
</errors>
</robot>
