<?xml version="1.0" encoding="UTF-8"?>
<robot generator="Robot 4.1.2 (Python 3.10.1 on win32)" generated="20211220 17:28:23.110" rpa="false" schemaversion="2">
<suite id="s1" name="Tests" source="C:\Luby\NeerHouse\QA\frontend\tests">
<suite id="s1-s1" name="1.LoginTests" source="C:\Luby\NeerHouse\QA\frontend\tests\1.LoginTests.robot">
<kw name="Start Session" library="Base" type="SETUP">
<kw name="New Browser" library="Browser">
<arg>chromium</arg>
<arg>False</arg>
<tag>BrowserControl</tag>
<tag>Setter</tag>
<doc>Create a new playwright Browser with specified options.</doc>
<msg timestamp="20211220 17:28:23.961" level="INFO">{"browser": "chromium", "headless": false, "handleSIGINT": true, "handleSIGTERM": true, "handleSIGHUP": true, "timeout": 30000.0, "devtools": false, "slowMo": 0.0, "tracesDir": "C:\\Luby\\NeerHouse\\QA\\frontend\\log\\browser\\traces\\6c6f6df2-cb3d-4097-ae6e-e0b03c567f24"}</msg>
<msg timestamp="20211220 17:28:24.566" level="INFO">Successfully created browser with options: {"browser":"chromium","headless":false,"handleSIGINT":true,"handleSIGTERM":true,"handleSIGHUP":true,"timeout":30000,"devtools":false,"slowMo":0,"tracesDir":"C:\\Luby\\NeerHouse\\QA\\frontend\\log\\browser\\traces\\6c6f6df2-cb3d-4097-ae6e-e0b03c567f24"}</msg>
<status status="PASS" starttime="20211220 17:28:23.960" endtime="20211220 17:28:24.566"/>
</kw>
<kw name="New Page" library="Browser">
<arg>https://neer.stag.dev.luby.com.br/</arg>
<tag>BrowserControl</tag>
<tag>Setter</tag>
<doc>Open a new Page.</doc>
<msg timestamp="20211220 17:28:28.562" level="INFO">Successfully initialized new page object and opened url: https://neer.stag.dev.luby.com.br/</msg>
<msg timestamp="20211220 17:28:28.563" level="INFO">No context was open. New context was automatically opened when this page is created.</msg>
<status status="PASS" starttime="20211220 17:28:24.567" endtime="20211220 17:28:28.563"/>
</kw>
<status status="PASS" starttime="20211220 17:28:23.960" endtime="20211220 17:28:28.563"/>
</kw>
<test id="s1-s1-t1" name="Fazer login">
<kw name="Login With" library="LoginActions">
<arg>shopmanager@email.com</arg>
<arg>12345678</arg>
<kw name="Fill Text" library="Browser">
<arg>id=email</arg>
<arg>${email}</arg>
<tag>PageContent</tag>
<tag>Setter</tag>
<doc>Clears and fills the given ``txt`` into the text field found by ``selector``.</doc>
<msg timestamp="20211220 17:28:28.575" level="INFO">Fills the text 'shopmanager@email.com' in the given field.</msg>
<status status="PASS" starttime="20211220 17:28:28.575" endtime="20211220 17:28:28.632"/>
</kw>
<kw name="Fill Text" library="Browser">
<arg>id=password</arg>
<arg>${pass}</arg>
<tag>PageContent</tag>
<tag>Setter</tag>
<doc>Clears and fills the given ``txt`` into the text field found by ``selector``.</doc>
<msg timestamp="20211220 17:28:28.633" level="INFO">Fills the text '12345678' in the given field.</msg>
<status status="PASS" starttime="20211220 17:28:28.633" endtime="20211220 17:28:28.673"/>
</kw>
<kw name="Click" library="Browser">
<arg>text=Entrar</arg>
<tag>PageContent</tag>
<tag>Setter</tag>
<doc>Simulates mouse click on the element found by ``selector``.</doc>
<status status="PASS" starttime="20211220 17:28:28.673" endtime="20211220 17:28:30.273"/>
</kw>
<status status="PASS" starttime="20211220 17:28:28.575" endtime="20211220 17:28:30.273"/>
</kw>
<kw name="User Shold Be Logged In" library="LoginActions">
<kw name="Wait For Elements State" library="Browser">
<arg>css=.anticon-home</arg>
<arg>visible</arg>
<arg>10</arg>
<tag>PageContent</tag>
<tag>Wait</tag>
<doc>Waits for the element found by ``selector`` to satisfy state option.</doc>
<msg timestamp="20211220 17:28:31.449" level="INFO">Waited for Element with selector css=.anticon-home at state visible</msg>
<status status="PASS" starttime="20211220 17:28:30.274" endtime="20211220 17:28:31.449"/>
</kw>
<status status="PASS" starttime="20211220 17:28:30.273" endtime="20211220 17:28:31.449"/>
</kw>
<kw name="Take ScreenShot And Logout" library="Base" type="TEARDOWN">
<kw name="Take Screenshot" library="Browser">
<tag>PageContent</tag>
<doc>Takes a screenshot of the current window or element and saves it to disk.</doc>
<msg timestamp="20211220 17:28:31.722" level="INFO" html="true">&lt;/td&gt;&lt;/tr&gt;&lt;tr&gt;&lt;td colspan="3"&gt;&lt;a href="browser/screenshot/robotframework-browser-screenshot-1.png"&gt;&lt;img src="browser/screenshot/robotframework-browser-screenshot-1.png" width="800px"&gt;&lt;/a&gt;</msg>
<status status="PASS" starttime="20211220 17:28:31.451" endtime="20211220 17:28:31.722"/>
</kw>
<kw name="Do logout" library="LoginActions">
<kw name="Click" library="Browser">
<arg>xpath=//*[@id="root"]/main/div/main/header/div[2]/span</arg>
<tag>PageContent</tag>
<tag>Setter</tag>
<doc>Simulates mouse click on the element found by ``selector``.</doc>
<status status="PASS" starttime="20211220 17:28:31.722" endtime="20211220 17:28:31.877"/>
</kw>
<kw name="Click" library="Browser">
<arg>text=Sair</arg>
<tag>PageContent</tag>
<tag>Setter</tag>
<doc>Simulates mouse click on the element found by ``selector``.</doc>
<status status="PASS" starttime="20211220 17:28:31.877" endtime="20211220 17:28:32.182"/>
</kw>
<status status="PASS" starttime="20211220 17:28:31.722" endtime="20211220 17:28:32.182"/>
</kw>
<status status="PASS" starttime="20211220 17:28:31.450" endtime="20211220 17:28:32.182"/>
</kw>
<tag>loginsucesso</tag>
<status status="PASS" starttime="20211220 17:28:28.564" endtime="20211220 17:28:32.186"/>
</test>
<test id="s1-s1-t2" name="Ambos em branco">
<kw name="Click" library="Browser">
<arg>text=Entrar</arg>
<tag>PageContent</tag>
<tag>Setter</tag>
<doc>Simulates mouse click on the element found by ``selector``.</doc>
<status status="PASS" starttime="20211220 17:28:32.199" endtime="20211220 17:28:32.265"/>
</kw>
<kw name="Alert login Shold Be Required" library="AlertMessage">
<kw name="Wait For Elements State" library="Browser">
<arg>text=Erro email na validação de campo</arg>
<arg>visible</arg>
<arg>10</arg>
<tag>PageContent</tag>
<tag>Wait</tag>
<doc>Waits for the element found by ``selector`` to satisfy state option.</doc>
<msg timestamp="20211220 17:28:32.313" level="INFO">Waited for Element with selector text=Erro email na validação de campo at state visible</msg>
<status status="PASS" starttime="20211220 17:28:32.266" endtime="20211220 17:28:32.313"/>
</kw>
<status status="PASS" starttime="20211220 17:28:32.265" endtime="20211220 17:28:32.314"/>
</kw>
<kw name="Alert password Shold Be Required" library="AlertMessage">
<kw name="Wait For Elements State" library="Browser">
<arg>text=Por favor, insira a senha!</arg>
<arg>visible</arg>
<arg>10</arg>
<tag>PageContent</tag>
<tag>Wait</tag>
<doc>Waits for the element found by ``selector`` to satisfy state option.</doc>
<msg timestamp="20211220 17:28:32.327" level="INFO">Waited for Element with selector text=Por favor, insira a senha! at state visible</msg>
<status status="PASS" starttime="20211220 17:28:32.315" endtime="20211220 17:28:32.327"/>
</kw>
<status status="PASS" starttime="20211220 17:28:32.314" endtime="20211220 17:28:32.327"/>
</kw>
<kw name="Finish Test" library="Base" type="TEARDOWN">
<kw name="Take Screenshot" library="Browser">
<tag>PageContent</tag>
<doc>Takes a screenshot of the current window or element and saves it to disk.</doc>
<msg timestamp="20211220 17:28:32.472" level="INFO" html="true">&lt;/td&gt;&lt;/tr&gt;&lt;tr&gt;&lt;td colspan="3"&gt;&lt;a href="browser/screenshot/robotframework-browser-screenshot-2.png"&gt;&lt;img src="browser/screenshot/robotframework-browser-screenshot-2.png" width="800px"&gt;&lt;/a&gt;</msg>
<status status="PASS" starttime="20211220 17:28:32.328" endtime="20211220 17:28:32.472"/>
</kw>
<status status="PASS" starttime="20211220 17:28:32.328" endtime="20211220 17:28:32.473"/>
</kw>
<tag>CamposVazios</tag>
<status status="PASS" starttime="20211220 17:28:32.196" endtime="20211220 17:28:32.474"/>
</test>
<test id="s1-s1-t3" name="Login em branco">
<kw name="Login With" library="LoginActions">
<arg>${EMPTY}</arg>
<arg>123</arg>
<kw name="Fill Text" library="Browser">
<arg>id=email</arg>
<arg>${email}</arg>
<tag>PageContent</tag>
<tag>Setter</tag>
<doc>Clears and fills the given ``txt`` into the text field found by ``selector``.</doc>
<msg timestamp="20211220 17:28:32.486" level="INFO">Fills the text '' in the given field.</msg>
<status status="PASS" starttime="20211220 17:28:32.485" endtime="20211220 17:28:32.509"/>
</kw>
<kw name="Fill Text" library="Browser">
<arg>id=password</arg>
<arg>${pass}</arg>
<tag>PageContent</tag>
<tag>Setter</tag>
<doc>Clears and fills the given ``txt`` into the text field found by ``selector``.</doc>
<msg timestamp="20211220 17:28:32.510" level="INFO">Fills the text '123' in the given field.</msg>
<status status="PASS" starttime="20211220 17:28:32.510" endtime="20211220 17:28:32.541"/>
</kw>
<kw name="Click" library="Browser">
<arg>text=Entrar</arg>
<tag>PageContent</tag>
<tag>Setter</tag>
<doc>Simulates mouse click on the element found by ``selector``.</doc>
<status status="PASS" starttime="20211220 17:28:32.541" endtime="20211220 17:28:32.913"/>
</kw>
<status status="PASS" starttime="20211220 17:28:32.483" endtime="20211220 17:28:32.913"/>
</kw>
<kw name="Alert login Shold Be Required" library="AlertMessage">
<kw name="Wait For Elements State" library="Browser">
<arg>text=Erro email na validação de campo</arg>
<arg>visible</arg>
<arg>10</arg>
<tag>PageContent</tag>
<tag>Wait</tag>
<doc>Waits for the element found by ``selector`` to satisfy state option.</doc>
<msg timestamp="20211220 17:28:32.926" level="INFO">Waited for Element with selector text=Erro email na validação de campo at state visible</msg>
<status status="PASS" starttime="20211220 17:28:32.914" endtime="20211220 17:28:32.927"/>
</kw>
<status status="PASS" starttime="20211220 17:28:32.914" endtime="20211220 17:28:32.927"/>
</kw>
<kw name="Finish Test" library="Base" type="TEARDOWN">
<kw name="Take Screenshot" library="Browser">
<tag>PageContent</tag>
<doc>Takes a screenshot of the current window or element and saves it to disk.</doc>
<msg timestamp="20211220 17:28:33.057" level="INFO" html="true">&lt;/td&gt;&lt;/tr&gt;&lt;tr&gt;&lt;td colspan="3"&gt;&lt;a href="browser/screenshot/robotframework-browser-screenshot-3.png"&gt;&lt;img src="browser/screenshot/robotframework-browser-screenshot-3.png" width="800px"&gt;&lt;/a&gt;</msg>
<status status="PASS" starttime="20211220 17:28:32.927" endtime="20211220 17:28:33.057"/>
</kw>
<status status="PASS" starttime="20211220 17:28:32.927" endtime="20211220 17:28:33.057"/>
</kw>
<tag>LoginVazio</tag>
<status status="PASS" starttime="20211220 17:28:32.479" endtime="20211220 17:28:33.058"/>
</test>
<test id="s1-s1-t4" name="Senha incorreta">
<kw name="Login With" library="LoginActions">
<arg>shopmanager@gmail.com</arg>
<arg>123</arg>
<kw name="Fill Text" library="Browser">
<arg>id=email</arg>
<arg>${email}</arg>
<tag>PageContent</tag>
<tag>Setter</tag>
<doc>Clears and fills the given ``txt`` into the text field found by ``selector``.</doc>
<msg timestamp="20211220 17:28:33.069" level="INFO">Fills the text 'shopmanager@gmail.com' in the given field.</msg>
<status status="PASS" starttime="20211220 17:28:33.068" endtime="20211220 17:28:33.095"/>
</kw>
<kw name="Fill Text" library="Browser">
<arg>id=password</arg>
<arg>${pass}</arg>
<tag>PageContent</tag>
<tag>Setter</tag>
<doc>Clears and fills the given ``txt`` into the text field found by ``selector``.</doc>
<msg timestamp="20211220 17:28:33.096" level="INFO">Fills the text '123' in the given field.</msg>
<status status="PASS" starttime="20211220 17:28:33.095" endtime="20211220 17:28:33.118"/>
</kw>
<kw name="Click" library="Browser">
<arg>text=Entrar</arg>
<tag>PageContent</tag>
<tag>Setter</tag>
<doc>Simulates mouse click on the element found by ``selector``.</doc>
<status status="PASS" starttime="20211220 17:28:33.118" endtime="20211220 17:28:33.475"/>
</kw>
<status status="PASS" starttime="20211220 17:28:33.068" endtime="20211220 17:28:33.475"/>
</kw>
<kw name="Alert Text Shold Be" library="AlertMessage">
<arg>Ocorreu um erro, verifique suas credenciais e tente novamente</arg>
<kw name="Set Variable" library="BuiltIn">
<var>${element}</var>
<arg>css=.ant-message</arg>
<doc>Returns the given values which can then be assigned to a variables.</doc>
<msg timestamp="20211220 17:28:33.476" level="INFO">${element} = css=.ant-message</msg>
<status status="PASS" starttime="20211220 17:28:33.476" endtime="20211220 17:28:33.476"/>
</kw>
<kw name="Wait For Elements State" library="Browser">
<arg>${element}</arg>
<arg>visible</arg>
<arg>5</arg>
<arg>Login error</arg>
<tag>PageContent</tag>
<tag>Wait</tag>
<doc>Waits for the element found by ``selector`` to satisfy state option.</doc>
<msg timestamp="20211220 17:28:33.702" level="INFO">Waited for Element with selector css=.ant-message at state visible</msg>
<status status="PASS" starttime="20211220 17:28:33.477" endtime="20211220 17:28:33.703"/>
</kw>
<kw name="Get Text" library="Browser">
<arg>${element}</arg>
<arg>equal</arg>
<arg>${expect_message}</arg>
<tag>Assertion</tag>
<tag>Getter</tag>
<tag>PageContent</tag>
<doc>Returns text attribute of the element found by ``selector``.</doc>
<status status="PASS" starttime="20211220 17:28:33.703" endtime="20211220 17:28:33.732"/>
</kw>
<status status="PASS" starttime="20211220 17:28:33.476" endtime="20211220 17:28:33.732"/>
</kw>
<kw name="Finish Test" library="Base" type="TEARDOWN">
<kw name="Take Screenshot" library="Browser">
<tag>PageContent</tag>
<doc>Takes a screenshot of the current window or element and saves it to disk.</doc>
<msg timestamp="20211220 17:28:33.885" level="INFO" html="true">&lt;/td&gt;&lt;/tr&gt;&lt;tr&gt;&lt;td colspan="3"&gt;&lt;a href="browser/screenshot/robotframework-browser-screenshot-4.png"&gt;&lt;img src="browser/screenshot/robotframework-browser-screenshot-4.png" width="800px"&gt;&lt;/a&gt;</msg>
<status status="PASS" starttime="20211220 17:28:33.733" endtime="20211220 17:28:33.886"/>
</kw>
<status status="PASS" starttime="20211220 17:28:33.733" endtime="20211220 17:28:33.886"/>
</kw>
<tag>Senhaincorreta</tag>
<status status="PASS" starttime="20211220 17:28:33.063" endtime="20211220 17:28:33.888"/>
</test>
<test id="s1-s1-t5" name="Email invalido">
<kw name="Login With" library="LoginActions">
<arg>shomanager@ssl</arg>
<arg>123</arg>
<kw name="Fill Text" library="Browser">
<arg>id=email</arg>
<arg>${email}</arg>
<tag>PageContent</tag>
<tag>Setter</tag>
<doc>Clears and fills the given ``txt`` into the text field found by ``selector``.</doc>
<msg timestamp="20211220 17:28:33.899" level="INFO">Fills the text 'shomanager@ssl' in the given field.</msg>
<status status="PASS" starttime="20211220 17:28:33.899" endtime="20211220 17:28:33.928"/>
</kw>
<kw name="Fill Text" library="Browser">
<arg>id=password</arg>
<arg>${pass}</arg>
<tag>PageContent</tag>
<tag>Setter</tag>
<doc>Clears and fills the given ``txt`` into the text field found by ``selector``.</doc>
<msg timestamp="20211220 17:28:33.929" level="INFO">Fills the text '123' in the given field.</msg>
<status status="PASS" starttime="20211220 17:28:33.928" endtime="20211220 17:28:33.964"/>
</kw>
<kw name="Click" library="Browser">
<arg>text=Entrar</arg>
<tag>PageContent</tag>
<tag>Setter</tag>
<doc>Simulates mouse click on the element found by ``selector``.</doc>
<status status="PASS" starttime="20211220 17:28:33.964" endtime="20211220 17:28:34.027"/>
</kw>
<status status="PASS" starttime="20211220 17:28:33.898" endtime="20211220 17:28:34.027"/>
</kw>
<kw name="Alert login Shold Be" library="AlertMessage">
<kw name="Set Variable" library="BuiltIn">
<var>${element}</var>
<arg>css=.ant-form-item-explain-error</arg>
<doc>Returns the given values which can then be assigned to a variables.</doc>
<msg timestamp="20211220 17:28:34.028" level="INFO">${element} = css=.ant-form-item-explain-error</msg>
<status status="PASS" starttime="20211220 17:28:34.028" endtime="20211220 17:28:34.028"/>
</kw>
<kw name="Wait For Elements State" library="Browser">
<arg>${element}</arg>
<arg>visible</arg>
<arg>10</arg>
<tag>PageContent</tag>
<tag>Wait</tag>
<doc>Waits for the element found by ``selector`` to satisfy state option.</doc>
<msg timestamp="20211220 17:28:34.038" level="INFO">Waited for Element with selector css=.ant-form-item-explain-error at state visible</msg>
<status status="PASS" starttime="20211220 17:28:34.028" endtime="20211220 17:28:34.038"/>
</kw>
<status status="PASS" starttime="20211220 17:28:34.028" endtime="20211220 17:28:34.038"/>
</kw>
<kw name="Finish Test" library="Base" type="TEARDOWN">
<kw name="Take Screenshot" library="Browser">
<tag>PageContent</tag>
<doc>Takes a screenshot of the current window or element and saves it to disk.</doc>
<msg timestamp="20211220 17:28:34.175" level="INFO" html="true">&lt;/td&gt;&lt;/tr&gt;&lt;tr&gt;&lt;td colspan="3"&gt;&lt;a href="browser/screenshot/robotframework-browser-screenshot-5.png"&gt;&lt;img src="browser/screenshot/robotframework-browser-screenshot-5.png" width="800px"&gt;&lt;/a&gt;</msg>
<status status="PASS" starttime="20211220 17:28:34.040" endtime="20211220 17:28:34.176"/>
</kw>
<status status="PASS" starttime="20211220 17:28:34.039" endtime="20211220 17:28:34.176"/>
</kw>
<tag>EmailInvalido</tag>
<status status="PASS" starttime="20211220 17:28:33.895" endtime="20211220 17:28:34.176"/>
</test>
<doc>Login Tests</doc>
<status status="PASS" starttime="20211220 17:28:23.139" endtime="20211220 17:28:34.182"/>
</suite>
<suite id="s1-s2" name="2.CadastrosAdminTests" source="C:\Luby\NeerHouse\QA\frontend\tests\2.CadastrosAdminTests.robot">
<kw name="Start Session" library="Base" type="SETUP">
<kw name="New Browser" library="Browser">
<arg>chromium</arg>
<arg>False</arg>
<tag>BrowserControl</tag>
<tag>Setter</tag>
<doc>Create a new playwright Browser with specified options.</doc>
<msg timestamp="20211220 17:28:34.269" level="INFO">{"browser": "chromium", "headless": false, "handleSIGINT": true, "handleSIGTERM": true, "handleSIGHUP": true, "timeout": 30000.0, "devtools": false, "slowMo": 0.0, "tracesDir": "C:\\Luby\\NeerHouse\\QA\\frontend\\log\\browser\\traces\\f8851718-243c-416c-af82-41215e5ee998"}</msg>
<msg timestamp="20211220 17:28:34.779" level="INFO">Successfully created browser with options: {"browser":"chromium","headless":false,"handleSIGINT":true,"handleSIGTERM":true,"handleSIGHUP":true,"timeout":30000,"devtools":false,"slowMo":0,"tracesDir":"C:\\Luby\\NeerHouse\\QA\\frontend\\log\\browser\\traces\\f8851718-243c-416c-af82-41215e5ee998"}</msg>
<status status="PASS" starttime="20211220 17:28:34.269" endtime="20211220 17:28:34.780"/>
</kw>
<kw name="New Page" library="Browser">
<arg>https://neer.stag.dev.luby.com.br/</arg>
<tag>BrowserControl</tag>
<tag>Setter</tag>
<doc>Open a new Page.</doc>
<msg timestamp="20211220 17:28:39.019" level="INFO">Successfully initialized new page object and opened url: https://neer.stag.dev.luby.com.br/</msg>
<msg timestamp="20211220 17:28:39.019" level="INFO">No context was open. New context was automatically opened when this page is created.</msg>
<status status="PASS" starttime="20211220 17:28:34.780" endtime="20211220 17:28:39.019"/>
</kw>
<status status="PASS" starttime="20211220 17:28:34.268" endtime="20211220 17:28:39.020"/>
</kw>
<test id="s1-s2-t1" name="Login Admin">
<kw name="Login Admin" library="CadAdm">
<kw name="Login With" library="LoginActions">
<arg>admin@email.com</arg>
<arg>12345678</arg>
<kw name="Fill Text" library="Browser">
<arg>id=email</arg>
<arg>${email}</arg>
<tag>PageContent</tag>
<tag>Setter</tag>
<doc>Clears and fills the given ``txt`` into the text field found by ``selector``.</doc>
<msg timestamp="20211220 17:28:39.030" level="INFO">Fills the text 'admin@email.com' in the given field.</msg>
<status status="PASS" starttime="20211220 17:28:39.029" endtime="20211220 17:28:39.078"/>
</kw>
<kw name="Fill Text" library="Browser">
<arg>id=password</arg>
<arg>${pass}</arg>
<tag>PageContent</tag>
<tag>Setter</tag>
<doc>Clears and fills the given ``txt`` into the text field found by ``selector``.</doc>
<msg timestamp="20211220 17:28:39.079" level="INFO">Fills the text '12345678' in the given field.</msg>
<status status="PASS" starttime="20211220 17:28:39.078" endtime="20211220 17:28:39.112"/>
</kw>
<kw name="Click" library="Browser">
<arg>text=Entrar</arg>
<tag>PageContent</tag>
<tag>Setter</tag>
<doc>Simulates mouse click on the element found by ``selector``.</doc>
<status status="PASS" starttime="20211220 17:28:39.112" endtime="20211220 17:28:40.708"/>
</kw>
<status status="PASS" starttime="20211220 17:28:39.029" endtime="20211220 17:28:40.708"/>
</kw>
<status status="PASS" starttime="20211220 17:28:39.029" endtime="20211220 17:28:40.709"/>
</kw>
<kw name="Finish Test" library="Base" type="TEARDOWN">
<kw name="Take Screenshot" library="Browser">
<tag>PageContent</tag>
<doc>Takes a screenshot of the current window or element and saves it to disk.</doc>
<msg timestamp="20211220 17:28:40.865" level="INFO" html="true">&lt;/td&gt;&lt;/tr&gt;&lt;tr&gt;&lt;td colspan="3"&gt;&lt;a href="browser/screenshot/robotframework-browser-screenshot-6.png"&gt;&lt;img src="browser/screenshot/robotframework-browser-screenshot-6.png" width="800px"&gt;&lt;/a&gt;</msg>
<status status="PASS" starttime="20211220 17:28:40.711" endtime="20211220 17:28:40.865"/>
</kw>
<status status="PASS" starttime="20211220 17:28:40.710" endtime="20211220 17:28:40.866"/>
</kw>
<status status="PASS" starttime="20211220 17:28:39.020" endtime="20211220 17:28:40.866"/>
</test>
<test id="s1-s2-t2" name="Cadastro admin com sucesso">
<kw name="Get DadosCad" library="Helpers">
<var>${DadosCad}</var>
<arg>Adm1</arg>
<kw name="Get File" library="OperatingSystem">
<var>${fixture}</var>
<arg>${EXECDIR}/resources/fixtures/DadosCad.json</arg>
<doc>Returns the contents of a specified file.</doc>
<msg timestamp="20211220 17:28:40.881" level="INFO" html="true">Getting file '&lt;a href="file://C:\Luby\NeerHouse\QA\frontend\resources\fixtures\DadosCad.json"&gt;C:\Luby\NeerHouse\QA\frontend\resources\fixtures\DadosCad.json&lt;/a&gt;'.</msg>
<msg timestamp="20211220 17:28:40.882" level="INFO">${fixture} = {   
    "Adm1": {
        "email": "emailteste11@teste.com"
        },

    "EmailBranco": {
        "email": ""
    },

    "Vazio": {
        "email": ""
    },

    "PermissaoBranco":{
        "em...</msg>
<status status="PASS" starttime="20211220 17:28:40.880" endtime="20211220 17:28:40.882"/>
</kw>
<kw name="Evaluate" library="BuiltIn">
<var>${json}</var>
<arg>json.loads($fixture)</arg>
<arg>json</arg>
<doc>Evaluates the given expression in Python and returns the result.</doc>
<msg timestamp="20211220 17:28:40.886" level="INFO">${json} = {'Adm1': {'email': 'emailteste11@teste.com'}, 'EmailBranco': {'email': ''}, 'Vazio': {'email': ''}, 'PermissaoBranco': {'email': 'email3@email.com'}, 'EmailInvalido': {'email': 'emailinvalido@'}, 'Cad...</msg>
<status status="PASS" starttime="20211220 17:28:40.882" endtime="20211220 17:28:40.886"/>
</kw>
<kw name="Set Variable" library="BuiltIn">
<var>${select_DadosCad}</var>
<arg>${json}[${DadosCad}]</arg>
<doc>Returns the given values which can then be assigned to a variables.</doc>
<msg timestamp="20211220 17:28:40.887" level="INFO">${select_DadosCad} = {'email': 'emailteste11@teste.com'}</msg>
<status status="PASS" starttime="20211220 17:28:40.887" endtime="20211220 17:28:40.887"/>
</kw>
<msg timestamp="20211220 17:28:40.887" level="INFO">${DadosCad} = {'email': 'emailteste11@teste.com'}</msg>
<status status="PASS" starttime="20211220 17:28:40.879" endtime="20211220 17:28:40.887"/>
</kw>
<kw name="Go To CadAdmin Form" library="CadAdm">
<kw name="Click" library="Browser">
<arg>text=Usuários</arg>
<tag>PageContent</tag>
<tag>Setter</tag>
<doc>Simulates mouse click on the element found by ``selector``.</doc>
<status status="PASS" starttime="20211220 17:28:40.888" endtime="20211220 17:28:42.240"/>
</kw>
<kw name="Click" library="Browser">
<arg>text=Gerenciar Administradores</arg>
<tag>PageContent</tag>
<tag>Setter</tag>
<doc>Simulates mouse click on the element found by ``selector``.</doc>
<status status="PASS" starttime="20211220 17:28:42.240" endtime="20211220 17:28:42.336"/>
</kw>
<kw name="Click" library="Browser">
<arg>text=Cadastrar</arg>
<tag>PageContent</tag>
<tag>Setter</tag>
<doc>Simulates mouse click on the element found by ``selector``.</doc>
<status status="PASS" starttime="20211220 17:28:42.337" endtime="20211220 17:28:42.724"/>
</kw>
<kw name="Get Text" library="Browser">
<arg>text="Cadastrar Administrador"</arg>
<tag>Assertion</tag>
<tag>Getter</tag>
<tag>PageContent</tag>
<doc>Returns text attribute of the element found by ``selector``.</doc>
<status status="PASS" starttime="20211220 17:28:42.724" endtime="20211220 17:28:42.996"/>
</kw>
<status status="PASS" starttime="20211220 17:28:40.888" endtime="20211220 17:28:42.996"/>
</kw>
<kw name="Submit CadastroAdm Form" library="CadAdm">
<arg>${DadosCad}</arg>
<kw name="Fill Text" library="Browser">
<arg>id=email</arg>
<arg>${DadosCad}[email]</arg>
<tag>PageContent</tag>
<tag>Setter</tag>
<doc>Clears and fills the given ``txt`` into the text field found by ``selector``.</doc>
<msg timestamp="20211220 17:28:42.997" level="INFO">Fills the text 'emailteste11@teste.com' in the given field.</msg>
<status status="PASS" starttime="20211220 17:28:42.997" endtime="20211220 17:28:43.018"/>
</kw>
<kw name="Click" library="Browser">
<arg>xpath=//*[@id="root"]/main/div/main/div/div/form/div[2]/div[2]/div/div/div/div</arg>
<tag>PageContent</tag>
<tag>Setter</tag>
<doc>Simulates mouse click on the element found by ``selector``.</doc>
<status status="PASS" starttime="20211220 17:28:43.018" endtime="20211220 17:28:43.106"/>
</kw>
<kw name="Click" library="Browser">
<arg>text=Usuário Super Admin</arg>
<tag>PageContent</tag>
<tag>Setter</tag>
<doc>Simulates mouse click on the element found by ``selector``.</doc>
<status status="PASS" starttime="20211220 17:28:43.106" endtime="20211220 17:28:43.385"/>
</kw>
<kw name="Click" library="Browser">
<arg>text=Salvar</arg>
<tag>PageContent</tag>
<tag>Setter</tag>
<doc>Simulates mouse click on the element found by ``selector``.</doc>
<status status="PASS" starttime="20211220 17:28:43.385" endtime="20211220 17:28:43.460"/>
</kw>
<status status="PASS" starttime="20211220 17:28:42.997" endtime="20211220 17:28:43.460"/>
</kw>
<kw name="Check Submit" library="CadAdm">
<arg>${DadosCad}</arg>
<kw name="Set Variable" library="BuiltIn">
<var>${Cadastro}</var>
<arg>css=.ant-message</arg>
<doc>Returns the given values which can then be assigned to a variables.</doc>
<msg timestamp="20211220 17:28:43.463" level="INFO">${Cadastro} = css=.ant-message</msg>
<status status="PASS" starttime="20211220 17:28:43.462" endtime="20211220 17:28:43.463"/>
</kw>
<kw name="Wait For Elements State" library="Browser">
<arg>${Cadastro}</arg>
<arg>visible</arg>
<arg>5</arg>
<tag>PageContent</tag>
<tag>Wait</tag>
<doc>Waits for the element found by ``selector`` to satisfy state option.</doc>
<msg timestamp="20211220 17:28:44.070" level="INFO">Waited for Element with selector css=.ant-message at state visible</msg>
<status status="PASS" starttime="20211220 17:28:43.463" endtime="20211220 17:28:44.070"/>
</kw>
<kw name="Get Text" library="Browser">
<arg>${Cadastro}</arg>
<arg>contains</arg>
<arg>${DadosCad}[email]</arg>
<tag>Assertion</tag>
<tag>Getter</tag>
<tag>PageContent</tag>
<doc>Returns text attribute of the element found by ``selector``.</doc>
<status status="PASS" starttime="20211220 17:28:44.070" endtime="20211220 17:28:44.092"/>
</kw>
<status status="PASS" starttime="20211220 17:28:43.461" endtime="20211220 17:28:44.092"/>
</kw>
<kw name="Finish Test" library="Base" type="TEARDOWN">
<kw name="Take Screenshot" library="Browser">
<tag>PageContent</tag>
<doc>Takes a screenshot of the current window or element and saves it to disk.</doc>
<msg timestamp="20211220 17:28:44.320" level="INFO" html="true">&lt;/td&gt;&lt;/tr&gt;&lt;tr&gt;&lt;td colspan="3"&gt;&lt;a href="browser/screenshot/robotframework-browser-screenshot-7.png"&gt;&lt;img src="browser/screenshot/robotframework-browser-screenshot-7.png" width="800px"&gt;&lt;/a&gt;</msg>
<status status="PASS" starttime="20211220 17:28:44.093" endtime="20211220 17:28:44.320"/>
</kw>
<status status="PASS" starttime="20211220 17:28:44.093" endtime="20211220 17:28:44.320"/>
</kw>
<tag>Cadastro</tag>
<status status="PASS" starttime="20211220 17:28:40.872" endtime="20211220 17:28:44.321"/>
</test>
<test id="s1-s2-t3" name="Cadastro admin dados em branco">
<kw name="Go To CadAdmin Form" library="CadAdm">
<kw name="Click" library="Browser">
<arg>text=Usuários</arg>
<tag>PageContent</tag>
<tag>Setter</tag>
<doc>Simulates mouse click on the element found by ``selector``.</doc>
<status status="PASS" starttime="20211220 17:28:44.335" endtime="20211220 17:28:44.398"/>
</kw>
<kw name="Click" library="Browser">
<arg>text=Gerenciar Administradores</arg>
<tag>PageContent</tag>
<tag>Setter</tag>
<doc>Simulates mouse click on the element found by ``selector``.</doc>
<status status="PASS" starttime="20211220 17:28:44.399" endtime="20211220 17:28:44.554"/>
</kw>
<kw name="Click" library="Browser">
<arg>text=Cadastrar</arg>
<tag>PageContent</tag>
<tag>Setter</tag>
<doc>Simulates mouse click on the element found by ``selector``.</doc>
<status status="PASS" starttime="20211220 17:28:44.555" endtime="20211220 17:28:44.660"/>
</kw>
<kw name="Get Text" library="Browser">
<arg>text="Cadastrar Administrador"</arg>
<tag>Assertion</tag>
<tag>Getter</tag>
<tag>PageContent</tag>
<doc>Returns text attribute of the element found by ``selector``.</doc>
<status status="PASS" starttime="20211220 17:28:44.660" endtime="20211220 17:28:44.677"/>
</kw>
<status status="PASS" starttime="20211220 17:28:44.334" endtime="20211220 17:28:44.677"/>
</kw>
<kw name="Click" library="Browser">
<arg>text=Salvar</arg>
<tag>PageContent</tag>
<tag>Setter</tag>
<doc>Simulates mouse click on the element found by ``selector``.</doc>
<status status="PASS" starttime="20211220 17:28:44.677" endtime="20211220 17:28:44.779"/>
</kw>
<kw name="Alert Email Shold Be" library="AlertMessage">
<kw name="Wait For Elements State" library="Browser">
<arg>text=Por favor, insira E-mail</arg>
<arg>visible</arg>
<arg>10</arg>
<tag>PageContent</tag>
<tag>Wait</tag>
<doc>Waits for the element found by ``selector`` to satisfy state option.</doc>
<msg timestamp="20211220 17:28:44.820" level="INFO">Waited for Element with selector text=Por favor, insira E-mail at state visible</msg>
<status status="PASS" starttime="20211220 17:28:44.781" endtime="20211220 17:28:44.820"/>
</kw>
<status status="PASS" starttime="20211220 17:28:44.780" endtime="20211220 17:28:44.820"/>
</kw>
<kw name="Alert Permission Shold Be Required" library="AlertMessage">
<kw name="Wait For Elements State" library="Browser">
<arg>text=Por favor, insira Permissão</arg>
<arg>visible</arg>
<arg>10</arg>
<tag>PageContent</tag>
<tag>Wait</tag>
<doc>Waits for the element found by ``selector`` to satisfy state option.</doc>
<msg timestamp="20211220 17:28:44.828" level="INFO">Waited for Element with selector text=Por favor, insira Permissão at state visible</msg>
<status status="PASS" starttime="20211220 17:28:44.821" endtime="20211220 17:28:44.828"/>
</kw>
<status status="PASS" starttime="20211220 17:28:44.821" endtime="20211220 17:28:44.828"/>
</kw>
<kw name="Finish Test" library="Base" type="TEARDOWN">
<kw name="Take Screenshot" library="Browser">
<tag>PageContent</tag>
<doc>Takes a screenshot of the current window or element and saves it to disk.</doc>
<msg timestamp="20211220 17:28:44.973" level="INFO" html="true">&lt;/td&gt;&lt;/tr&gt;&lt;tr&gt;&lt;td colspan="3"&gt;&lt;a href="browser/screenshot/robotframework-browser-screenshot-8.png"&gt;&lt;img src="browser/screenshot/robotframework-browser-screenshot-8.png" width="800px"&gt;&lt;/a&gt;</msg>
<status status="PASS" starttime="20211220 17:28:44.829" endtime="20211220 17:28:44.973"/>
</kw>
<status status="PASS" starttime="20211220 17:28:44.829" endtime="20211220 17:28:44.973"/>
</kw>
<tag>CadBranco</tag>
<status status="PASS" starttime="20211220 17:28:44.326" endtime="20211220 17:28:44.974"/>
</test>
<test id="s1-s2-t4" name="Cadastro admin email em branco">
<kw name="Get DadosCad" library="Helpers">
<var>${DadosCad}</var>
<arg>EmailBranco</arg>
<kw name="Get File" library="OperatingSystem">
<var>${fixture}</var>
<arg>${EXECDIR}/resources/fixtures/DadosCad.json</arg>
<doc>Returns the contents of a specified file.</doc>
<msg timestamp="20211220 17:28:44.986" level="INFO" html="true">Getting file '&lt;a href="file://C:\Luby\NeerHouse\QA\frontend\resources\fixtures\DadosCad.json"&gt;C:\Luby\NeerHouse\QA\frontend\resources\fixtures\DadosCad.json&lt;/a&gt;'.</msg>
<msg timestamp="20211220 17:28:44.986" level="INFO">${fixture} = {   
    "Adm1": {
        "email": "emailteste11@teste.com"
        },

    "EmailBranco": {
        "email": ""
    },

    "Vazio": {
        "email": ""
    },

    "PermissaoBranco":{
        "em...</msg>
<status status="PASS" starttime="20211220 17:28:44.985" endtime="20211220 17:28:44.986"/>
</kw>
<kw name="Evaluate" library="BuiltIn">
<var>${json}</var>
<arg>json.loads($fixture)</arg>
<arg>json</arg>
<doc>Evaluates the given expression in Python and returns the result.</doc>
<msg timestamp="20211220 17:28:44.987" level="INFO">${json} = {'Adm1': {'email': 'emailteste11@teste.com'}, 'EmailBranco': {'email': ''}, 'Vazio': {'email': ''}, 'PermissaoBranco': {'email': 'email3@email.com'}, 'EmailInvalido': {'email': 'emailinvalido@'}, 'Cad...</msg>
<status status="PASS" starttime="20211220 17:28:44.986" endtime="20211220 17:28:44.987"/>
</kw>
<kw name="Set Variable" library="BuiltIn">
<var>${select_DadosCad}</var>
<arg>${json}[${DadosCad}]</arg>
<doc>Returns the given values which can then be assigned to a variables.</doc>
<msg timestamp="20211220 17:28:44.987" level="INFO">${select_DadosCad} = {'email': ''}</msg>
<status status="PASS" starttime="20211220 17:28:44.987" endtime="20211220 17:28:44.987"/>
</kw>
<msg timestamp="20211220 17:28:44.988" level="INFO">${DadosCad} = {'email': ''}</msg>
<status status="PASS" starttime="20211220 17:28:44.985" endtime="20211220 17:28:44.988"/>
</kw>
<kw name="Go To CadAdmin Form" library="CadAdm">
<kw name="Click" library="Browser">
<arg>text=Usuários</arg>
<tag>PageContent</tag>
<tag>Setter</tag>
<doc>Simulates mouse click on the element found by ``selector``.</doc>
<status status="PASS" starttime="20211220 17:28:44.988" endtime="20211220 17:28:45.043"/>
</kw>
<kw name="Click" library="Browser">
<arg>text=Gerenciar Administradores</arg>
<tag>PageContent</tag>
<tag>Setter</tag>
<doc>Simulates mouse click on the element found by ``selector``.</doc>
<status status="PASS" starttime="20211220 17:28:45.044" endtime="20211220 17:28:45.160"/>
</kw>
<kw name="Click" library="Browser">
<arg>text=Cadastrar</arg>
<tag>PageContent</tag>
<tag>Setter</tag>
<doc>Simulates mouse click on the element found by ``selector``.</doc>
<status status="PASS" starttime="20211220 17:28:45.161" endtime="20211220 17:28:45.406"/>
</kw>
<kw name="Get Text" library="Browser">
<arg>text="Cadastrar Administrador"</arg>
<tag>Assertion</tag>
<tag>Getter</tag>
<tag>PageContent</tag>
<doc>Returns text attribute of the element found by ``selector``.</doc>
<status status="PASS" starttime="20211220 17:28:45.406" endtime="20211220 17:28:45.560"/>
</kw>
<status status="PASS" starttime="20211220 17:28:44.988" endtime="20211220 17:28:45.560"/>
</kw>
<kw name="Submit CadastroAdm Form" library="CadAdm">
<arg>${DadosCad}</arg>
<kw name="Fill Text" library="Browser">
<arg>id=email</arg>
<arg>${DadosCad}[email]</arg>
<tag>PageContent</tag>
<tag>Setter</tag>
<doc>Clears and fills the given ``txt`` into the text field found by ``selector``.</doc>
<msg timestamp="20211220 17:28:45.565" level="INFO">Fills the text '' in the given field.</msg>
<status status="PASS" starttime="20211220 17:28:45.563" endtime="20211220 17:28:45.593"/>
</kw>
<kw name="Click" library="Browser">
<arg>xpath=//*[@id="root"]/main/div/main/div/div/form/div[2]/div[2]/div/div/div/div</arg>
<tag>PageContent</tag>
<tag>Setter</tag>
<doc>Simulates mouse click on the element found by ``selector``.</doc>
<status status="PASS" starttime="20211220 17:28:45.593" endtime="20211220 17:28:45.664"/>
</kw>
<kw name="Click" library="Browser">
<arg>text=Usuário Super Admin</arg>
<tag>PageContent</tag>
<tag>Setter</tag>
<doc>Simulates mouse click on the element found by ``selector``.</doc>
<status status="PASS" starttime="20211220 17:28:45.664" endtime="20211220 17:28:45.942"/>
</kw>
<kw name="Click" library="Browser">
<arg>text=Salvar</arg>
<tag>PageContent</tag>
<tag>Setter</tag>
<doc>Simulates mouse click on the element found by ``selector``.</doc>
<status status="PASS" starttime="20211220 17:28:45.942" endtime="20211220 17:28:46.007"/>
</kw>
<status status="PASS" starttime="20211220 17:28:45.562" endtime="20211220 17:28:46.007"/>
</kw>
<kw name="Alert Email Shold Be" library="AlertMessage">
<kw name="Wait For Elements State" library="Browser">
<arg>text=Por favor, insira E-mail</arg>
<arg>visible</arg>
<arg>10</arg>
<tag>PageContent</tag>
<tag>Wait</tag>
<doc>Waits for the element found by ``selector`` to satisfy state option.</doc>
<msg timestamp="20211220 17:28:46.055" level="INFO">Waited for Element with selector text=Por favor, insira E-mail at state visible</msg>
<status status="PASS" starttime="20211220 17:28:46.008" endtime="20211220 17:28:46.055"/>
</kw>
<status status="PASS" starttime="20211220 17:28:46.008" endtime="20211220 17:28:46.055"/>
</kw>
<kw name="Finish Test" library="Base" type="TEARDOWN">
<kw name="Take Screenshot" library="Browser">
<tag>PageContent</tag>
<doc>Takes a screenshot of the current window or element and saves it to disk.</doc>
<msg timestamp="20211220 17:28:46.186" level="INFO" html="true">&lt;/td&gt;&lt;/tr&gt;&lt;tr&gt;&lt;td colspan="3"&gt;&lt;a href="browser/screenshot/robotframework-browser-screenshot-9.png"&gt;&lt;img src="browser/screenshot/robotframework-browser-screenshot-9.png" width="800px"&gt;&lt;/a&gt;</msg>
<status status="PASS" starttime="20211220 17:28:46.056" endtime="20211220 17:28:46.186"/>
</kw>
<status status="PASS" starttime="20211220 17:28:46.056" endtime="20211220 17:28:46.186"/>
</kw>
<tag>MailBranco</tag>
<status status="PASS" starttime="20211220 17:28:44.979" endtime="20211220 17:28:46.187"/>
</test>
<test id="s1-s2-t5" name="Cadastro admin permissao em branco">
<kw name="Get DadosCad" library="Helpers">
<var>${DadosCad}</var>
<arg>PermissaoBranco</arg>
<kw name="Get File" library="OperatingSystem">
<var>${fixture}</var>
<arg>${EXECDIR}/resources/fixtures/DadosCad.json</arg>
<doc>Returns the contents of a specified file.</doc>
<msg timestamp="20211220 17:28:46.196" level="INFO" html="true">Getting file '&lt;a href="file://C:\Luby\NeerHouse\QA\frontend\resources\fixtures\DadosCad.json"&gt;C:\Luby\NeerHouse\QA\frontend\resources\fixtures\DadosCad.json&lt;/a&gt;'.</msg>
<msg timestamp="20211220 17:28:46.196" level="INFO">${fixture} = {   
    "Adm1": {
        "email": "emailteste11@teste.com"
        },

    "EmailBranco": {
        "email": ""
    },

    "Vazio": {
        "email": ""
    },

    "PermissaoBranco":{
        "em...</msg>
<status status="PASS" starttime="20211220 17:28:46.196" endtime="20211220 17:28:46.196"/>
</kw>
<kw name="Evaluate" library="BuiltIn">
<var>${json}</var>
<arg>json.loads($fixture)</arg>
<arg>json</arg>
<doc>Evaluates the given expression in Python and returns the result.</doc>
<msg timestamp="20211220 17:28:46.197" level="INFO">${json} = {'Adm1': {'email': 'emailteste11@teste.com'}, 'EmailBranco': {'email': ''}, 'Vazio': {'email': ''}, 'PermissaoBranco': {'email': 'email3@email.com'}, 'EmailInvalido': {'email': 'emailinvalido@'}, 'Cad...</msg>
<status status="PASS" starttime="20211220 17:28:46.196" endtime="20211220 17:28:46.197"/>
</kw>
<kw name="Set Variable" library="BuiltIn">
<var>${select_DadosCad}</var>
<arg>${json}[${DadosCad}]</arg>
<doc>Returns the given values which can then be assigned to a variables.</doc>
<msg timestamp="20211220 17:28:46.197" level="INFO">${select_DadosCad} = {'email': 'email3@email.com'}</msg>
<status status="PASS" starttime="20211220 17:28:46.197" endtime="20211220 17:28:46.197"/>
</kw>
<msg timestamp="20211220 17:28:46.197" level="INFO">${DadosCad} = {'email': 'email3@email.com'}</msg>
<status status="PASS" starttime="20211220 17:28:46.195" endtime="20211220 17:28:46.198"/>
</kw>
<kw name="Go To CadAdmin Form" library="CadAdm">
<kw name="Click" library="Browser">
<arg>text=Usuários</arg>
<tag>PageContent</tag>
<tag>Setter</tag>
<doc>Simulates mouse click on the element found by ``selector``.</doc>
<status status="PASS" starttime="20211220 17:28:46.200" endtime="20211220 17:28:46.259"/>
</kw>
<kw name="Click" library="Browser">
<arg>text=Gerenciar Administradores</arg>
<tag>PageContent</tag>
<tag>Setter</tag>
<doc>Simulates mouse click on the element found by ``selector``.</doc>
<status status="PASS" starttime="20211220 17:28:46.259" endtime="20211220 17:28:46.375"/>
</kw>
<kw name="Click" library="Browser">
<arg>text=Cadastrar</arg>
<tag>PageContent</tag>
<tag>Setter</tag>
<doc>Simulates mouse click on the element found by ``selector``.</doc>
<status status="PASS" starttime="20211220 17:28:46.375" endtime="20211220 17:28:46.482"/>
</kw>
<kw name="Get Text" library="Browser">
<arg>text="Cadastrar Administrador"</arg>
<tag>Assertion</tag>
<tag>Getter</tag>
<tag>PageContent</tag>
<doc>Returns text attribute of the element found by ``selector``.</doc>
<status status="PASS" starttime="20211220 17:28:46.483" endtime="20211220 17:28:46.502"/>
</kw>
<status status="PASS" starttime="20211220 17:28:46.199" endtime="20211220 17:28:46.502"/>
</kw>
<kw name="Fill Text" library="Browser">
<arg>id=email</arg>
<arg>testepermission@teste.com</arg>
<tag>PageContent</tag>
<tag>Setter</tag>
<doc>Clears and fills the given ``txt`` into the text field found by ``selector``.</doc>
<msg timestamp="20211220 17:28:46.503" level="INFO">Fills the text 'testepermission@teste.com' in the given field.</msg>
<status status="PASS" starttime="20211220 17:28:46.502" endtime="20211220 17:28:46.524"/>
</kw>
<kw name="Click" library="Browser">
<arg>text=Salvar</arg>
<tag>PageContent</tag>
<tag>Setter</tag>
<doc>Simulates mouse click on the element found by ``selector``.</doc>
<status status="PASS" starttime="20211220 17:28:46.525" endtime="20211220 17:28:46.605"/>
</kw>
<kw name="Alert Permission Shold Be Required" library="AlertMessage">
<kw name="Wait For Elements State" library="Browser">
<arg>text=Por favor, insira Permissão</arg>
<arg>visible</arg>
<arg>10</arg>
<tag>PageContent</tag>
<tag>Wait</tag>
<doc>Waits for the element found by ``selector`` to satisfy state option.</doc>
<msg timestamp="20211220 17:28:46.661" level="INFO">Waited for Element with selector text=Por favor, insira Permissão at state visible</msg>
<status status="PASS" starttime="20211220 17:28:46.606" endtime="20211220 17:28:46.661"/>
</kw>
<status status="PASS" starttime="20211220 17:28:46.605" endtime="20211220 17:28:46.662"/>
</kw>
<kw name="Finish Test" library="Base" type="TEARDOWN">
<kw name="Take Screenshot" library="Browser">
<tag>PageContent</tag>
<doc>Takes a screenshot of the current window or element and saves it to disk.</doc>
<msg timestamp="20211220 17:28:46.803" level="INFO" html="true">&lt;/td&gt;&lt;/tr&gt;&lt;tr&gt;&lt;td colspan="3"&gt;&lt;a href="browser/screenshot/robotframework-browser-screenshot-10.png"&gt;&lt;img src="browser/screenshot/robotframework-browser-screenshot-10.png" width="800px"&gt;&lt;/a&gt;</msg>
<status status="PASS" starttime="20211220 17:28:46.664" endtime="20211220 17:28:46.804"/>
</kw>
<status status="PASS" starttime="20211220 17:28:46.663" endtime="20211220 17:28:46.804"/>
</kw>
<tag>PermissionBranco</tag>
<status status="PASS" starttime="20211220 17:28:46.192" endtime="20211220 17:28:46.804"/>
</test>
<test id="s1-s2-t6" name="Cadastro admin email invalido">
<kw name="Get DadosCad" library="Helpers">
<var>${DadosCad}</var>
<arg>EmailInvalido</arg>
<kw name="Get File" library="OperatingSystem">
<var>${fixture}</var>
<arg>${EXECDIR}/resources/fixtures/DadosCad.json</arg>
<doc>Returns the contents of a specified file.</doc>
<msg timestamp="20211220 17:28:46.812" level="INFO" html="true">Getting file '&lt;a href="file://C:\Luby\NeerHouse\QA\frontend\resources\fixtures\DadosCad.json"&gt;C:\Luby\NeerHouse\QA\frontend\resources\fixtures\DadosCad.json&lt;/a&gt;'.</msg>
<msg timestamp="20211220 17:28:46.813" level="INFO">${fixture} = {   
    "Adm1": {
        "email": "emailteste11@teste.com"
        },

    "EmailBranco": {
        "email": ""
    },

    "Vazio": {
        "email": ""
    },

    "PermissaoBranco":{
        "em...</msg>
<status status="PASS" starttime="20211220 17:28:46.812" endtime="20211220 17:28:46.813"/>
</kw>
<kw name="Evaluate" library="BuiltIn">
<var>${json}</var>
<arg>json.loads($fixture)</arg>
<arg>json</arg>
<doc>Evaluates the given expression in Python and returns the result.</doc>
<msg timestamp="20211220 17:28:46.813" level="INFO">${json} = {'Adm1': {'email': 'emailteste11@teste.com'}, 'EmailBranco': {'email': ''}, 'Vazio': {'email': ''}, 'PermissaoBranco': {'email': 'email3@email.com'}, 'EmailInvalido': {'email': 'emailinvalido@'}, 'Cad...</msg>
<status status="PASS" starttime="20211220 17:28:46.813" endtime="20211220 17:28:46.813"/>
</kw>
<kw name="Set Variable" library="BuiltIn">
<var>${select_DadosCad}</var>
<arg>${json}[${DadosCad}]</arg>
<doc>Returns the given values which can then be assigned to a variables.</doc>
<msg timestamp="20211220 17:28:46.814" level="INFO">${select_DadosCad} = {'email': 'emailinvalido@'}</msg>
<status status="PASS" starttime="20211220 17:28:46.813" endtime="20211220 17:28:46.814"/>
</kw>
<msg timestamp="20211220 17:28:46.814" level="INFO">${DadosCad} = {'email': 'emailinvalido@'}</msg>
<status status="PASS" starttime="20211220 17:28:46.812" endtime="20211220 17:28:46.814"/>
</kw>
<kw name="Go To CadAdmin Form" library="CadAdm">
<kw name="Click" library="Browser">
<arg>text=Usuários</arg>
<tag>PageContent</tag>
<tag>Setter</tag>
<doc>Simulates mouse click on the element found by ``selector``.</doc>
<status status="PASS" starttime="20211220 17:28:46.816" endtime="20211220 17:28:46.883"/>
</kw>
<kw name="Click" library="Browser">
<arg>text=Gerenciar Administradores</arg>
<tag>PageContent</tag>
<tag>Setter</tag>
<doc>Simulates mouse click on the element found by ``selector``.</doc>
<status status="PASS" starttime="20211220 17:28:46.884" endtime="20211220 17:28:46.991"/>
</kw>
<kw name="Click" library="Browser">
<arg>text=Cadastrar</arg>
<tag>PageContent</tag>
<tag>Setter</tag>
<doc>Simulates mouse click on the element found by ``selector``.</doc>
<status status="PASS" starttime="20211220 17:28:46.991" endtime="20211220 17:28:47.097"/>
</kw>
<kw name="Get Text" library="Browser">
<arg>text="Cadastrar Administrador"</arg>
<tag>Assertion</tag>
<tag>Getter</tag>
<tag>PageContent</tag>
<doc>Returns text attribute of the element found by ``selector``.</doc>
<status status="PASS" starttime="20211220 17:28:47.097" endtime="20211220 17:28:47.114"/>
</kw>
<status status="PASS" starttime="20211220 17:28:46.815" endtime="20211220 17:28:47.114"/>
</kw>
<kw name="Submit CadastroAdm Form" library="CadAdm">
<arg>${DadosCad}</arg>
<kw name="Fill Text" library="Browser">
<arg>id=email</arg>
<arg>${DadosCad}[email]</arg>
<tag>PageContent</tag>
<tag>Setter</tag>
<doc>Clears and fills the given ``txt`` into the text field found by ``selector``.</doc>
<msg timestamp="20211220 17:28:47.115" level="INFO">Fills the text 'emailinvalido@' in the given field.</msg>
<status status="PASS" starttime="20211220 17:28:47.114" endtime="20211220 17:28:47.139"/>
</kw>
<kw name="Click" library="Browser">
<arg>xpath=//*[@id="root"]/main/div/main/div/div/form/div[2]/div[2]/div/div/div/div</arg>
<tag>PageContent</tag>
<tag>Setter</tag>
<doc>Simulates mouse click on the element found by ``selector``.</doc>
<status status="PASS" starttime="20211220 17:28:47.140" endtime="20211220 17:28:47.257"/>
</kw>
<kw name="Click" library="Browser">
<arg>text=Usuário Super Admin</arg>
<tag>PageContent</tag>
<tag>Setter</tag>
<doc>Simulates mouse click on the element found by ``selector``.</doc>
<status status="PASS" starttime="20211220 17:28:47.258" endtime="20211220 17:28:47.546"/>
</kw>
<kw name="Click" library="Browser">
<arg>text=Salvar</arg>
<tag>PageContent</tag>
<tag>Setter</tag>
<doc>Simulates mouse click on the element found by ``selector``.</doc>
<status status="PASS" starttime="20211220 17:28:47.546" endtime="20211220 17:28:47.618"/>
</kw>
<status status="PASS" starttime="20211220 17:28:47.114" endtime="20211220 17:28:47.618"/>
</kw>
<kw name="Alert Invalid Email Shold Be" library="AlertMessage">
<kw name="Wait For Elements State" library="Browser">
<arg>text=E-mail não é um email válido</arg>
<arg>visible</arg>
<arg>10</arg>
<tag>PageContent</tag>
<tag>Wait</tag>
<doc>Waits for the element found by ``selector`` to satisfy state option.</doc>
<msg timestamp="20211220 17:28:57.776" level="INFO" html="true">&lt;/td&gt;&lt;/tr&gt;&lt;tr&gt;&lt;td colspan="3"&gt;&lt;a href="browser/screenshot/fail-screenshot-1.png"&gt;&lt;img src="browser/screenshot/fail-screenshot-1.png" width="800px"&gt;&lt;/a&gt;</msg>
<msg timestamp="20211220 17:28:57.779" level="FAIL">TimeoutError: locator.waitFor: Timeout 10000ms exceeded.
=========================== logs ===========================
waiting for selector "text=E-mail não é um email válido" to be visible
============================================================</msg>
<status status="FAIL" starttime="20211220 17:28:47.619" endtime="20211220 17:28:57.779"/>
</kw>
<status status="FAIL" starttime="20211220 17:28:47.619" endtime="20211220 17:28:57.780"/>
</kw>
<kw name="Finish Test" library="Base" type="TEARDOWN">
<kw name="Take Screenshot" library="Browser">
<tag>PageContent</tag>
<doc>Takes a screenshot of the current window or element and saves it to disk.</doc>
<msg timestamp="20211220 17:28:57.908" level="INFO" html="true">&lt;/td&gt;&lt;/tr&gt;&lt;tr&gt;&lt;td colspan="3"&gt;&lt;a href="browser/screenshot/robotframework-browser-screenshot-11.png"&gt;&lt;img src="browser/screenshot/robotframework-browser-screenshot-11.png" width="800px"&gt;&lt;/a&gt;</msg>
<status status="PASS" starttime="20211220 17:28:57.781" endtime="20211220 17:28:57.908"/>
</kw>
<status status="PASS" starttime="20211220 17:28:57.781" endtime="20211220 17:28:57.908"/>
</kw>
<tag>MailInvalid</tag>
<status status="FAIL" starttime="20211220 17:28:46.809" endtime="20211220 17:28:57.909">TimeoutError: locator.waitFor: Timeout 10000ms exceeded.
=========================== logs ===========================
waiting for selector "text=E-mail não é um email válido" to be visible
============================================================</status>
</test>
<doc>CADASTRO ADMIN TESTS</doc>
<status status="FAIL" starttime="20211220 17:28:34.250" endtime="20211220 17:28:57.916"/>
</suite>
<suite id="s1-s3" name="3.AtualizaRecuperaTests" source="C:\Luby\NeerHouse\QA\frontend\tests\3.AtualizaRecuperaTests.robot">
<kw name="Start Session" library="Base" type="SETUP">
<kw name="New Browser" library="Browser">
<arg>chromium</arg>
<arg>False</arg>
<tag>BrowserControl</tag>
<tag>Setter</tag>
<doc>Create a new playwright Browser with specified options.</doc>
<msg timestamp="20211220 17:28:58.003" level="INFO">{"browser": "chromium", "headless": false, "handleSIGINT": true, "handleSIGTERM": true, "handleSIGHUP": true, "timeout": 30000.0, "devtools": false, "slowMo": 0.0, "tracesDir": "C:\\Luby\\NeerHouse\\QA\\frontend\\log\\browser\\traces\\edbb4c72-9660-4ce1-a9b0-7b6e327cd198"}</msg>
<msg timestamp="20211220 17:28:58.557" level="INFO">Successfully created browser with options: {"browser":"chromium","headless":false,"handleSIGINT":true,"handleSIGTERM":true,"handleSIGHUP":true,"timeout":30000,"devtools":false,"slowMo":0,"tracesDir":"C:\\Luby\\NeerHouse\\QA\\frontend\\log\\browser\\traces\\edbb4c72-9660-4ce1-a9b0-7b6e327cd198"}</msg>
<status status="PASS" starttime="20211220 17:28:58.003" endtime="20211220 17:28:58.557"/>
</kw>
<kw name="New Page" library="Browser">
<arg>https://neer.stag.dev.luby.com.br/</arg>
<tag>BrowserControl</tag>
<tag>Setter</tag>
<doc>Open a new Page.</doc>
<msg timestamp="20211220 17:29:02.801" level="INFO">Successfully initialized new page object and opened url: https://neer.stag.dev.luby.com.br/</msg>
<msg timestamp="20211220 17:29:02.802" level="INFO">No context was open. New context was automatically opened when this page is created.</msg>
<status status="PASS" starttime="20211220 17:28:58.557" endtime="20211220 17:29:02.802"/>
</kw>
<status status="PASS" starttime="20211220 17:28:58.002" endtime="20211220 17:29:02.802"/>
</kw>
<test id="s1-s3-t1" name="Login">
<kw name="Login Admin" library="CadAdm">
<kw name="Login With" library="LoginActions">
<arg>admin@email.com</arg>
<arg>12345678</arg>
<kw name="Fill Text" library="Browser">
<arg>id=email</arg>
<arg>${email}</arg>
<tag>PageContent</tag>
<tag>Setter</tag>
<doc>Clears and fills the given ``txt`` into the text field found by ``selector``.</doc>
<msg timestamp="20211220 17:29:02.814" level="INFO">Fills the text 'admin@email.com' in the given field.</msg>
<status status="PASS" starttime="20211220 17:29:02.813" endtime="20211220 17:29:02.862"/>
</kw>
<kw name="Fill Text" library="Browser">
<arg>id=password</arg>
<arg>${pass}</arg>
<tag>PageContent</tag>
<tag>Setter</tag>
<doc>Clears and fills the given ``txt`` into the text field found by ``selector``.</doc>
<msg timestamp="20211220 17:29:02.863" level="INFO">Fills the text '12345678' in the given field.</msg>
<status status="PASS" starttime="20211220 17:29:02.863" endtime="20211220 17:29:02.894"/>
</kw>
<kw name="Click" library="Browser">
<arg>text=Entrar</arg>
<tag>PageContent</tag>
<tag>Setter</tag>
<doc>Simulates mouse click on the element found by ``selector``.</doc>
<status status="PASS" starttime="20211220 17:29:02.894" endtime="20211220 17:29:04.463"/>
</kw>
<status status="PASS" starttime="20211220 17:29:02.813" endtime="20211220 17:29:04.463"/>
</kw>
<status status="PASS" starttime="20211220 17:29:02.813" endtime="20211220 17:29:04.463"/>
</kw>
<kw name="Finish Test" library="Base" type="TEARDOWN">
<kw name="Take Screenshot" library="Browser">
<tag>PageContent</tag>
<doc>Takes a screenshot of the current window or element and saves it to disk.</doc>
<msg timestamp="20211220 17:29:04.631" level="INFO" html="true">&lt;/td&gt;&lt;/tr&gt;&lt;tr&gt;&lt;td colspan="3"&gt;&lt;a href="browser/screenshot/robotframework-browser-screenshot-12.png"&gt;&lt;img src="browser/screenshot/robotframework-browser-screenshot-12.png" width="800px"&gt;&lt;/a&gt;</msg>
<status status="PASS" starttime="20211220 17:29:04.465" endtime="20211220 17:29:04.631"/>
</kw>
<status status="PASS" starttime="20211220 17:29:04.464" endtime="20211220 17:29:04.632"/>
</kw>
<status status="PASS" starttime="20211220 17:29:02.803" endtime="20211220 17:29:04.632"/>
</test>
<test id="s1-s3-t2" name="Atualizar CadAdm">
<kw name="Go To ListagemAdm" library="ListagemActions">
<kw name="Click" library="Browser">
<arg>text=Usuários</arg>
<tag>PageContent</tag>
<tag>Setter</tag>
<doc>Simulates mouse click on the element found by ``selector``.</doc>
<status status="PASS" starttime="20211220 17:29:04.644" endtime="20211220 17:29:05.962"/>
</kw>
<kw name="Click" library="Browser">
<arg>text=Gerenciar Administradores</arg>
<tag>PageContent</tag>
<tag>Setter</tag>
<doc>Simulates mouse click on the element found by ``selector``.</doc>
<status status="PASS" starttime="20211220 17:29:05.962" endtime="20211220 17:29:06.061"/>
</kw>
<kw name="Get Text" library="Browser">
<arg>text=Administradores</arg>
<tag>Assertion</tag>
<tag>Getter</tag>
<tag>PageContent</tag>
<doc>Returns text attribute of the element found by ``selector``.</doc>
<status status="PASS" starttime="20211220 17:29:06.062" endtime="20211220 17:29:06.454"/>
</kw>
<status status="PASS" starttime="20211220 17:29:04.644" endtime="20211220 17:29:06.454"/>
</kw>
<kw name="Edit Adm" library="AtualizaActions">
<kw name="Click" library="Browser">
<arg>xpath=//*[@id="root"]/main/div/main/div/div/div[4]/div/div/div/div/div/table/tbody/tr[1]/td[4]/div</arg>
<tag>PageContent</tag>
<tag>Setter</tag>
<doc>Simulates mouse click on the element found by ``selector``.</doc>
<status status="PASS" starttime="20211220 17:29:06.455" endtime="20211220 17:29:07.014"/>
</kw>
<kw name="Sleep" library="BuiltIn">
<arg>1</arg>
<doc>Pauses the test executed for the given time.</doc>
<msg timestamp="20211220 17:29:08.020" level="INFO">Slept 1 second</msg>
<status status="PASS" starttime="20211220 17:29:07.014" endtime="20211220 17:29:08.020"/>
</kw>
<kw name="Click" library="Browser">
<arg>text=Salvar</arg>
<tag>PageContent</tag>
<tag>Setter</tag>
<doc>Simulates mouse click on the element found by ``selector``.</doc>
<status status="PASS" starttime="20211220 17:29:08.020" endtime="20211220 17:29:08.078"/>
</kw>
<status status="PASS" starttime="20211220 17:29:06.455" endtime="20211220 17:29:08.078"/>
</kw>
<kw name="Alert Atualizado com sucesso" library="AlertMessage">
<kw name="Set Variable" library="BuiltIn">
<var>${atualiza}</var>
<arg>css=.ant-message</arg>
<doc>Returns the given values which can then be assigned to a variables.</doc>
<msg timestamp="20211220 17:29:08.079" level="INFO">${atualiza} = css=.ant-message</msg>
<status status="PASS" starttime="20211220 17:29:08.079" endtime="20211220 17:29:08.079"/>
</kw>
<kw name="Wait For Elements State" library="Browser">
<arg>${atualiza}</arg>
<arg>visible</arg>
<arg>5</arg>
<arg>Login error</arg>
<tag>PageContent</tag>
<tag>Wait</tag>
<doc>Waits for the element found by ``selector`` to satisfy state option.</doc>
<msg timestamp="20211220 17:29:08.468" level="INFO">Waited for Element with selector css=.ant-message at state visible</msg>
<status status="PASS" starttime="20211220 17:29:08.080" endtime="20211220 17:29:08.469"/>
</kw>
<kw name="Get Text" library="Browser">
<arg>${atualiza}</arg>
<arg>contains</arg>
<arg>atualizado</arg>
<tag>Assertion</tag>
<tag>Getter</tag>
<tag>PageContent</tag>
<doc>Returns text attribute of the element found by ``selector``.</doc>
<status status="PASS" starttime="20211220 17:29:08.469" endtime="20211220 17:29:08.495"/>
</kw>
<status status="PASS" starttime="20211220 17:29:08.079" endtime="20211220 17:29:08.495"/>
</kw>
<kw name="Finish Test" library="Base" type="TEARDOWN">
<kw name="Take Screenshot" library="Browser">
<tag>PageContent</tag>
<doc>Takes a screenshot of the current window or element and saves it to disk.</doc>
<msg timestamp="20211220 17:29:08.681" level="INFO" html="true">&lt;/td&gt;&lt;/tr&gt;&lt;tr&gt;&lt;td colspan="3"&gt;&lt;a href="browser/screenshot/robotframework-browser-screenshot-13.png"&gt;&lt;img src="browser/screenshot/robotframework-browser-screenshot-13.png" width="800px"&gt;&lt;/a&gt;</msg>
<status status="PASS" starttime="20211220 17:29:08.496" endtime="20211220 17:29:08.681"/>
</kw>
<status status="PASS" starttime="20211220 17:29:08.496" endtime="20211220 17:29:08.681"/>
</kw>
<tag>AtualizaAdm</tag>
<status status="PASS" starttime="20211220 17:29:04.641" endtime="20211220 17:29:08.682"/>
</test>
<test id="s1-s3-t3" name="Atualizar CadLojista">
<kw name="Go To ListagemLojista" library="ListagemActions">
<kw name="Click" library="Browser">
<arg>text=Usuários</arg>
<tag>PageContent</tag>
<tag>Setter</tag>
<doc>Simulates mouse click on the element found by ``selector``.</doc>
<status status="PASS" starttime="20211220 17:29:08.698" endtime="20211220 17:29:08.770"/>
</kw>
<kw name="Click" library="Browser">
<arg>text=Gerenciar Lojistas</arg>
<tag>PageContent</tag>
<tag>Setter</tag>
<doc>Simulates mouse click on the element found by ``selector``.</doc>
<status status="PASS" starttime="20211220 17:29:08.770" endtime="20211220 17:29:08.866"/>
</kw>
<kw name="Get Text" library="Browser">
<arg>text=Lojistas</arg>
<tag>Assertion</tag>
<tag>Getter</tag>
<tag>PageContent</tag>
<doc>Returns text attribute of the element found by ``selector``.</doc>
<status status="PASS" starttime="20211220 17:29:08.866" endtime="20211220 17:29:09.124"/>
</kw>
<status status="PASS" starttime="20211220 17:29:08.697" endtime="20211220 17:29:09.124"/>
</kw>
<kw name="Edit Lojista" library="AtualizaActions">
<kw name="Click" library="Browser">
<arg>xpath=//*[@id="root"]/main/div/main/div/div/div[4]/div/div/div/div/div/table/tbody/tr[1]/td[4]/div</arg>
<tag>PageContent</tag>
<tag>Setter</tag>
<doc>Simulates mouse click on the element found by ``selector``.</doc>
<msg timestamp="20211220 17:29:19.279" level="INFO" html="true">&lt;/td&gt;&lt;/tr&gt;&lt;tr&gt;&lt;td colspan="3"&gt;&lt;a href="browser/screenshot/fail-screenshot-2.png"&gt;&lt;img src="browser/screenshot/fail-screenshot-2.png" width="800px"&gt;&lt;/a&gt;</msg>
<msg timestamp="20211220 17:29:19.281" level="FAIL">TimeoutError: locator.click: Timeout 10000ms exceeded.
=========================== logs ===========================
waiting for selector "xpath=//*[@id="root"]/main/div/main/div/div/div[4]/div/div/div/div/div/table/tbody/tr[1]/td[4]/div"
============================================================</msg>
<status status="FAIL" starttime="20211220 17:29:09.125" endtime="20211220 17:29:19.281"/>
</kw>
<kw name="Click" library="Browser">
<arg>text=Salvar</arg>
<tag>PageContent</tag>
<tag>Setter</tag>
<doc>Simulates mouse click on the element found by ``selector``.</doc>
<status status="NOT RUN" starttime="20211220 17:29:19.281" endtime="20211220 17:29:19.281"/>
</kw>
<status status="FAIL" starttime="20211220 17:29:09.124" endtime="20211220 17:29:19.282"/>
</kw>
<kw name="Alert Atualizado com sucesso" library="AlertMessage">
<status status="NOT RUN" starttime="20211220 17:29:19.283" endtime="20211220 17:29:19.283"/>
</kw>
<kw name="Finish Test" library="Base" type="TEARDOWN">
<kw name="Take Screenshot" library="Browser">
<tag>PageContent</tag>
<doc>Takes a screenshot of the current window or element and saves it to disk.</doc>
<msg timestamp="20211220 17:29:19.393" level="INFO" html="true">&lt;/td&gt;&lt;/tr&gt;&lt;tr&gt;&lt;td colspan="3"&gt;&lt;a href="browser/screenshot/robotframework-browser-screenshot-14.png"&gt;&lt;img src="browser/screenshot/robotframework-browser-screenshot-14.png" width="800px"&gt;&lt;/a&gt;</msg>
<status status="PASS" starttime="20211220 17:29:19.285" endtime="20211220 17:29:19.393"/>
</kw>
<status status="PASS" starttime="20211220 17:29:19.284" endtime="20211220 17:29:19.394"/>
</kw>
<tag>AtualizaLojista</tag>
<status status="FAIL" starttime="20211220 17:29:08.694" endtime="20211220 17:29:19.395">TimeoutError: locator.click: Timeout 10000ms exceeded.
=========================== logs ===========================
waiting for selector "xpath=//*[@id="root"]/main/div/main/div/div/div[4]/div/div/div/div/div/table/tbody/tr[1]/td[4]/div"
============================================================</status>
</test>
<test id="s1-s3-t4" name="Atualizar CadCliente">
<kw name="Go To ListagemCliente" library="ListagemActions">
<kw name="Click" library="Browser">
<arg>text=Usuários</arg>
<tag>PageContent</tag>
<tag>Setter</tag>
<doc>Simulates mouse click on the element found by ``selector``.</doc>
<status status="PASS" starttime="20211220 17:29:19.405" endtime="20211220 17:29:19.456"/>
</kw>
<kw name="Click" library="Browser">
<arg>text=Gerenciar Clientes</arg>
<tag>PageContent</tag>
<tag>Setter</tag>
<doc>Simulates mouse click on the element found by ``selector``.</doc>
<status status="PASS" starttime="20211220 17:29:19.457" endtime="20211220 17:29:19.561"/>
</kw>
<kw name="Get Text" library="Browser">
<arg>text=Clientes</arg>
<tag>Assertion</tag>
<tag>Getter</tag>
<tag>PageContent</tag>
<doc>Returns text attribute of the element found by ``selector``.</doc>
<status status="PASS" starttime="20211220 17:29:19.561" endtime="20211220 17:29:19.825"/>
</kw>
<status status="PASS" starttime="20211220 17:29:19.404" endtime="20211220 17:29:19.825"/>
</kw>
<kw name="Edit Cliente" library="AtualizaActions">
<kw name="Click" library="Browser">
<arg>xpath=//*[@id="root"]/main/div/main/div/div/div[4]/div/div/div/div/div/table/tbody/tr[2]/td[7]/div</arg>
<tag>PageContent</tag>
<tag>Setter</tag>
<doc>Simulates mouse click on the element found by ``selector``.</doc>
<msg timestamp="20211220 17:29:29.993" level="INFO" html="true">&lt;/td&gt;&lt;/tr&gt;&lt;tr&gt;&lt;td colspan="3"&gt;&lt;a href="browser/screenshot/fail-screenshot-3.png"&gt;&lt;img src="browser/screenshot/fail-screenshot-3.png" width="800px"&gt;&lt;/a&gt;</msg>
<msg timestamp="20211220 17:29:29.994" level="FAIL">TimeoutError: locator.click: Timeout 10000ms exceeded.
=========================== logs ===========================
waiting for selector "xpath=//*[@id="root"]/main/div/main/div/div/div[4]/div/div/div/div/div/table/tbody/tr[2]/td[7]/div"
============================================================</msg>
<status status="FAIL" starttime="20211220 17:29:19.827" endtime="20211220 17:29:29.994"/>
</kw>
<kw name="Click" library="Browser">
<arg>text=Salvar</arg>
<tag>PageContent</tag>
<tag>Setter</tag>
<doc>Simulates mouse click on the element found by ``selector``.</doc>
<status status="NOT RUN" starttime="20211220 17:29:29.995" endtime="20211220 17:29:29.995"/>
</kw>
<status status="FAIL" starttime="20211220 17:29:19.826" endtime="20211220 17:29:29.995"/>
</kw>
<kw name="Alert Atualizado com sucesso" library="AlertMessage">
<status status="NOT RUN" starttime="20211220 17:29:29.997" endtime="20211220 17:29:29.997"/>
</kw>
<kw name="Finish Test" library="Base" type="TEARDOWN">
<kw name="Take Screenshot" library="Browser">
<tag>PageContent</tag>
<doc>Takes a screenshot of the current window or element and saves it to disk.</doc>
<msg timestamp="20211220 17:29:30.123" level="INFO" html="true">&lt;/td&gt;&lt;/tr&gt;&lt;tr&gt;&lt;td colspan="3"&gt;&lt;a href="browser/screenshot/robotframework-browser-screenshot-15.png"&gt;&lt;img src="browser/screenshot/robotframework-browser-screenshot-15.png" width="800px"&gt;&lt;/a&gt;</msg>
<status status="PASS" starttime="20211220 17:29:29.997" endtime="20211220 17:29:30.123"/>
</kw>
<status status="PASS" starttime="20211220 17:29:29.997" endtime="20211220 17:29:30.123"/>
</kw>
<tag>AtualizaCliente</tag>
<status status="FAIL" starttime="20211220 17:29:19.401" endtime="20211220 17:29:30.124">TimeoutError: locator.click: Timeout 10000ms exceeded.
=========================== logs ===========================
waiting for selector "xpath=//*[@id="root"]/main/div/main/div/div/div[4]/div/div/div/div/div/table/tbody/tr[2]/td[7]/div"
============================================================</status>
</test>
<test id="s1-s3-t5" name="Recupera Senha Admin">
<kw name="Go To ListagemAdm" library="ListagemActions">
<kw name="Click" library="Browser">
<arg>text=Usuários</arg>
<tag>PageContent</tag>
<tag>Setter</tag>
<doc>Simulates mouse click on the element found by ``selector``.</doc>
<status status="PASS" starttime="20211220 17:29:30.134" endtime="20211220 17:29:30.183"/>
</kw>
<kw name="Click" library="Browser">
<arg>text=Gerenciar Administradores</arg>
<tag>PageContent</tag>
<tag>Setter</tag>
<doc>Simulates mouse click on the element found by ``selector``.</doc>
<status status="PASS" starttime="20211220 17:29:30.183" endtime="20211220 17:29:30.321"/>
</kw>
<kw name="Get Text" library="Browser">
<arg>text=Administradores</arg>
<tag>Assertion</tag>
<tag>Getter</tag>
<tag>PageContent</tag>
<doc>Returns text attribute of the element found by ``selector``.</doc>
<status status="PASS" starttime="20211220 17:29:30.321" endtime="20211220 17:29:30.343"/>
</kw>
<status status="PASS" starttime="20211220 17:29:30.134" endtime="20211220 17:29:30.344"/>
</kw>
<kw name="Go To Recupera Senha Admin" library="AtualizaActions">
<kw name="Click" library="Browser">
<arg>xpath=//*[@id="root"]/main/div/main/div/div/div[4]/div/div/div/div/div/table/tbody/tr[1]/td[4]/div</arg>
<tag>PageContent</tag>
<tag>Setter</tag>
<doc>Simulates mouse click on the element found by ``selector``.</doc>
<msg timestamp="20211220 17:29:40.488" level="INFO" html="true">&lt;/td&gt;&lt;/tr&gt;&lt;tr&gt;&lt;td colspan="3"&gt;&lt;a href="browser/screenshot/fail-screenshot-4.png"&gt;&lt;img src="browser/screenshot/fail-screenshot-4.png" width="800px"&gt;&lt;/a&gt;</msg>
<msg timestamp="20211220 17:29:40.489" level="FAIL">TimeoutError: locator.click: Timeout 10000ms exceeded.
=========================== logs ===========================
waiting for selector "xpath=//*[@id="root"]/main/div/main/div/div/div[4]/div/div/div/div/div/table/tbody/tr[1]/td[4]/div"
============================================================</msg>
<status status="FAIL" starttime="20211220 17:29:30.345" endtime="20211220 17:29:40.489"/>
</kw>
<status status="FAIL" starttime="20211220 17:29:30.344" endtime="20211220 17:29:40.490"/>
</kw>
<kw name="Recupera Senha" library="AtualizaActions">
<status status="NOT RUN" starttime="20211220 17:29:40.491" endtime="20211220 17:29:40.491"/>
</kw>
<kw name="Finish Test" library="Base" type="TEARDOWN">
<kw name="Take Screenshot" library="Browser">
<tag>PageContent</tag>
<doc>Takes a screenshot of the current window or element and saves it to disk.</doc>
<msg timestamp="20211220 17:29:40.601" level="INFO" html="true">&lt;/td&gt;&lt;/tr&gt;&lt;tr&gt;&lt;td colspan="3"&gt;&lt;a href="browser/screenshot/robotframework-browser-screenshot-16.png"&gt;&lt;img src="browser/screenshot/robotframework-browser-screenshot-16.png" width="800px"&gt;&lt;/a&gt;</msg>
<status status="PASS" starttime="20211220 17:29:40.492" endtime="20211220 17:29:40.601"/>
</kw>
<status status="PASS" starttime="20211220 17:29:40.492" endtime="20211220 17:29:40.601"/>
</kw>
<tag>RecuperaSenhaAdmin</tag>
<status status="FAIL" starttime="20211220 17:29:30.131" endtime="20211220 17:29:40.602">TimeoutError: locator.click: Timeout 10000ms exceeded.
=========================== logs ===========================
waiting for selector "xpath=//*[@id="root"]/main/div/main/div/div/div[4]/div/div/div/div/div/table/tbody/tr[1]/td[4]/div"
============================================================</status>
</test>
<test id="s1-s3-t6" name="Recupera Senha Lojista">
<kw name="Go To ListagemLojista" library="ListagemActions">
<kw name="Click" library="Browser">
<arg>text=Usuários</arg>
<tag>PageContent</tag>
<tag>Setter</tag>
<doc>Simulates mouse click on the element found by ``selector``.</doc>
<status status="PASS" starttime="20211220 17:29:40.612" endtime="20211220 17:29:40.660"/>
</kw>
<kw name="Click" library="Browser">
<arg>text=Gerenciar Lojistas</arg>
<tag>PageContent</tag>
<tag>Setter</tag>
<doc>Simulates mouse click on the element found by ``selector``.</doc>
<status status="PASS" starttime="20211220 17:29:40.660" endtime="20211220 17:29:40.793"/>
</kw>
<kw name="Get Text" library="Browser">
<arg>text=Lojistas</arg>
<tag>Assertion</tag>
<tag>Getter</tag>
<tag>PageContent</tag>
<doc>Returns text attribute of the element found by ``selector``.</doc>
<status status="PASS" starttime="20211220 17:29:40.793" endtime="20211220 17:29:40.815"/>
</kw>
<status status="PASS" starttime="20211220 17:29:40.612" endtime="20211220 17:29:40.815"/>
</kw>
<kw name="Go To Recupera Senha Lojista" library="AtualizaActions">
<kw name="Click" library="Browser">
<arg>xpath=//*[@id="root"]/main/div/main/div/div/div[4]/div/div/div/div/div/table/tbody/tr[1]/td[4]/div</arg>
<tag>PageContent</tag>
<tag>Setter</tag>
<doc>Simulates mouse click on the element found by ``selector``.</doc>
<msg timestamp="20211220 17:29:50.963" level="INFO" html="true">&lt;/td&gt;&lt;/tr&gt;&lt;tr&gt;&lt;td colspan="3"&gt;&lt;a href="browser/screenshot/fail-screenshot-5.png"&gt;&lt;img src="browser/screenshot/fail-screenshot-5.png" width="800px"&gt;&lt;/a&gt;</msg>
<msg timestamp="20211220 17:29:50.964" level="FAIL">TimeoutError: locator.click: Timeout 10000ms exceeded.
=========================== logs ===========================
waiting for selector "xpath=//*[@id="root"]/main/div/main/div/div/div[4]/div/div/div/div/div/table/tbody/tr[1]/td[4]/div"
============================================================</msg>
<status status="FAIL" starttime="20211220 17:29:40.816" endtime="20211220 17:29:50.965"/>
</kw>
<status status="FAIL" starttime="20211220 17:29:40.816" endtime="20211220 17:29:50.965"/>
</kw>
<kw name="Recupera Senha" library="AtualizaActions">
<status status="NOT RUN" starttime="20211220 17:29:50.966" endtime="20211220 17:29:50.966"/>
</kw>
<kw name="Finish Test" library="Base" type="TEARDOWN">
<kw name="Take Screenshot" library="Browser">
<tag>PageContent</tag>
<doc>Takes a screenshot of the current window or element and saves it to disk.</doc>
<msg timestamp="20211220 17:29:51.096" level="INFO" html="true">&lt;/td&gt;&lt;/tr&gt;&lt;tr&gt;&lt;td colspan="3"&gt;&lt;a href="browser/screenshot/robotframework-browser-screenshot-17.png"&gt;&lt;img src="browser/screenshot/robotframework-browser-screenshot-17.png" width="800px"&gt;&lt;/a&gt;</msg>
<status status="PASS" starttime="20211220 17:29:50.967" endtime="20211220 17:29:51.097"/>
</kw>
<status status="PASS" starttime="20211220 17:29:50.967" endtime="20211220 17:29:51.097"/>
</kw>
<tag>RecuperaSenhaLojista</tag>
<status status="FAIL" starttime="20211220 17:29:40.609" endtime="20211220 17:29:51.098">TimeoutError: locator.click: Timeout 10000ms exceeded.
=========================== logs ===========================
waiting for selector "xpath=//*[@id="root"]/main/div/main/div/div/div[4]/div/div/div/div/div/table/tbody/tr[1]/td[4]/div"
============================================================</status>
</test>
<test id="s1-s3-t7" name="Recupera Senha Cliente">
<kw name="Go To ListagemCliente" library="ListagemActions">
<kw name="Click" library="Browser">
<arg>text=Usuários</arg>
<tag>PageContent</tag>
<tag>Setter</tag>
<doc>Simulates mouse click on the element found by ``selector``.</doc>
<status status="PASS" starttime="20211220 17:29:51.107" endtime="20211220 17:29:51.170"/>
</kw>
<kw name="Click" library="Browser">
<arg>text=Gerenciar Clientes</arg>
<tag>PageContent</tag>
<tag>Setter</tag>
<doc>Simulates mouse click on the element found by ``selector``.</doc>
<status status="PASS" starttime="20211220 17:29:51.170" endtime="20211220 17:29:51.313"/>
</kw>
<kw name="Get Text" library="Browser">
<arg>text=Clientes</arg>
<tag>Assertion</tag>
<tag>Getter</tag>
<tag>PageContent</tag>
<doc>Returns text attribute of the element found by ``selector``.</doc>
<status status="PASS" starttime="20211220 17:29:51.313" endtime="20211220 17:29:51.341"/>
</kw>
<status status="PASS" starttime="20211220 17:29:51.107" endtime="20211220 17:29:51.341"/>
</kw>
<kw name="Go To Recupera Senha Cliente" library="AtualizaActions">
<kw name="Click" library="Browser">
<arg>xpath=//*[@id="root"]/main/div/main/div/div/div[4]/div/div/div/div/div/table/tbody/tr[2]/td[7]/div</arg>
<tag>PageContent</tag>
<tag>Setter</tag>
<doc>Simulates mouse click on the element found by ``selector``.</doc>
<msg timestamp="20211220 17:30:01.488" level="INFO" html="true">&lt;/td&gt;&lt;/tr&gt;&lt;tr&gt;&lt;td colspan="3"&gt;&lt;a href="browser/screenshot/fail-screenshot-6.png"&gt;&lt;img src="browser/screenshot/fail-screenshot-6.png" width="800px"&gt;&lt;/a&gt;</msg>
<msg timestamp="20211220 17:30:01.489" level="FAIL">TimeoutError: locator.click: Timeout 10000ms exceeded.
=========================== logs ===========================
waiting for selector "xpath=//*[@id="root"]/main/div/main/div/div/div[4]/div/div/div/div/div/table/tbody/tr[2]/td[7]/div"
============================================================</msg>
<status status="FAIL" starttime="20211220 17:29:51.343" endtime="20211220 17:30:01.489"/>
</kw>
<status status="FAIL" starttime="20211220 17:29:51.342" endtime="20211220 17:30:01.490"/>
</kw>
<kw name="Recupera Senha" library="AtualizaActions">
<status status="NOT RUN" starttime="20211220 17:30:01.492" endtime="20211220 17:30:01.492"/>
</kw>
<kw name="Finish Test" library="Base" type="TEARDOWN">
<kw name="Take Screenshot" library="Browser">
<tag>PageContent</tag>
<doc>Takes a screenshot of the current window or element and saves it to disk.</doc>
<msg timestamp="20211220 17:30:01.605" level="INFO" html="true">&lt;/td&gt;&lt;/tr&gt;&lt;tr&gt;&lt;td colspan="3"&gt;&lt;a href="browser/screenshot/robotframework-browser-screenshot-18.png"&gt;&lt;img src="browser/screenshot/robotframework-browser-screenshot-18.png" width="800px"&gt;&lt;/a&gt;</msg>
<status status="PASS" starttime="20211220 17:30:01.493" endtime="20211220 17:30:01.605"/>
</kw>
<status status="PASS" starttime="20211220 17:30:01.493" endtime="20211220 17:30:01.605"/>
</kw>
<tag>RecuperaSenhaCliente</tag>
<status status="FAIL" starttime="20211220 17:29:51.104" endtime="20211220 17:30:01.606">TimeoutError: locator.click: Timeout 10000ms exceeded.
=========================== logs ===========================
waiting for selector "xpath=//*[@id="root"]/main/div/main/div/div/div[4]/div/div/div/div/div/table/tbody/tr[2]/td[7]/div"
============================================================</status>
</test>
<test id="s1-s3-t8" name="Delete Admin">
<kw name="Go To Admin" library="AtualizaActions">
<kw name="Click" library="Browser">
<arg>text=Usuários</arg>
<tag>PageContent</tag>
<tag>Setter</tag>
<doc>Simulates mouse click on the element found by ``selector``.</doc>
<status status="PASS" starttime="20211220 17:30:01.616" endtime="20211220 17:30:01.682"/>
</kw>
<kw name="Click" library="Browser">
<arg>text=Gerenciar Administrador</arg>
<tag>PageContent</tag>
<tag>Setter</tag>
<doc>Simulates mouse click on the element found by ``selector``.</doc>
<status status="PASS" starttime="20211220 17:30:01.682" endtime="20211220 17:30:01.805"/>
</kw>
<kw name="Get Text" library="Browser">
<arg>text=Administradores</arg>
<tag>Assertion</tag>
<tag>Getter</tag>
<tag>PageContent</tag>
<doc>Returns text attribute of the element found by ``selector``.</doc>
<status status="PASS" starttime="20211220 17:30:01.806" endtime="20211220 17:30:01.832"/>
</kw>
<status status="PASS" starttime="20211220 17:30:01.616" endtime="20211220 17:30:01.832"/>
</kw>
<kw name="Delete Admin" library="AtualizaActions">
<kw name="Set Variable" library="BuiltIn">
<var>${delete}</var>
<arg>css=.ant-message</arg>
<doc>Returns the given values which can then be assigned to a variables.</doc>
<msg timestamp="20211220 17:30:01.833" level="INFO">${delete} = css=.ant-message</msg>
<status status="PASS" starttime="20211220 17:30:01.833" endtime="20211220 17:30:01.833"/>
</kw>
<kw name="Click" library="Browser">
<arg>xpath=//*[@id="root"]/main/div/main/div/div/div[4]/div/div/div/div/div/table/tbody/tr[2]/td[4]/div</arg>
<tag>PageContent</tag>
<tag>Setter</tag>
<doc>Simulates mouse click on the element found by ``selector``.</doc>
<msg timestamp="20211220 17:30:11.981" level="INFO" html="true">&lt;/td&gt;&lt;/tr&gt;&lt;tr&gt;&lt;td colspan="3"&gt;&lt;a href="browser/screenshot/fail-screenshot-7.png"&gt;&lt;img src="browser/screenshot/fail-screenshot-7.png" width="800px"&gt;&lt;/a&gt;</msg>
<msg timestamp="20211220 17:30:11.982" level="FAIL">TimeoutError: locator.click: Timeout 10000ms exceeded.
=========================== logs ===========================
waiting for selector "xpath=//*[@id="root"]/main/div/main/div/div/div[4]/div/div/div/div/div/table/tbody/tr[2]/td[4]/div"
============================================================</msg>
<status status="FAIL" starttime="20211220 17:30:01.833" endtime="20211220 17:30:11.982"/>
</kw>
<kw name="Click" library="Browser">
<arg>text=Excluir</arg>
<tag>PageContent</tag>
<tag>Setter</tag>
<doc>Simulates mouse click on the element found by ``selector``.</doc>
[...]
<msg timestamp="20211220 17:31:53.400" level="INFO">${fixture} = {   
    "Adm1": {
        "email": "emailteste11@teste.com"
        },

    "EmailBranco": {
        "email": ""
    },

    "Vazio": {
        "email": ""
    },

    "PermissaoBranco":{
        "em...</msg>
<status status="PASS" starttime="20211220 17:31:53.399" endtime="20211220 17:31:53.400"/>
</kw>
<kw name="Evaluate" library="BuiltIn">
<var>${json}</var>
<arg>json.loads($fixture)</arg>
<arg>json</arg>
<doc>Evaluates the given expression in Python and returns the result.</doc>
<msg timestamp="20211220 17:31:53.400" level="INFO">${json} = {'Adm1': {'email': 'emailteste11@teste.com'}, 'EmailBranco': {'email': ''}, 'Vazio': {'email': ''}, 'PermissaoBranco': {'email': 'email3@email.com'}, 'EmailInvalido': {'email': 'emailinvalido@'}, 'Cad...</msg>
<status status="PASS" starttime="20211220 17:31:53.400" endtime="20211220 17:31:53.400"/>
</kw>
<kw name="Set Variable" library="BuiltIn">
<var>${select_DadosCad}</var>
<arg>${json}[${DadosCad}]</arg>
<doc>Returns the given values which can then be assigned to a variables.</doc>
<msg timestamp="20211220 17:31:53.401" level="INFO">${select_DadosCad} = {'nome': 'Loja6', 'email': 'lojista6@email.com', 'phone': '43999999999', 'CPFCNPJ': '29451036100112', 'fantasia': 'loja6', 'cep': '29055-055', 'logradouro': 'Quadra SHIS QI 21 Conjunto', 'numero': '12...</msg>
<status status="PASS" starttime="20211220 17:31:53.400" endtime="20211220 17:31:53.401"/>
</kw>
<msg timestamp="20211220 17:31:53.401" level="INFO">${DadosCad} = {'nome': 'Loja6', 'email': 'lojista6@email.com', 'phone': '43999999999', 'CPFCNPJ': '29451036100112', 'fantasia': 'loja6', 'cep': '29055-055', 'logradouro': 'Quadra SHIS QI 21 Conjunto', 'numero': '12...</msg>
<status status="PASS" starttime="20211220 17:31:53.399" endtime="20211220 17:31:53.401"/>
</kw>
<kw name="Go To CadLojista" library="CadLojista">
<kw name="Click" library="Browser">
<arg>text=Usuários</arg>
<tag>PageContent</tag>
<tag>Setter</tag>
<doc>Simulates mouse click on the element found by ``selector``.</doc>
<msg timestamp="20211220 17:31:59.957" level="WARN">Keyword 'Take Screenshot  fail-screenshot-{index}' could not be run on failure:
Error: page.screenshot: Target page, context or browser has been closed</msg>
<msg timestamp="20211220 17:31:59.987" level="FAIL">Execution terminated by signal</msg>
<status status="FAIL" starttime="20211220 17:31:53.405" endtime="20211220 17:31:59.987"/>
</kw>
<kw name="Click" library="Browser">
<arg>text=Gerenciar Lojistas</arg>
<tag>PageContent</tag>
<tag>Setter</tag>
<doc>Simulates mouse click on the element found by ``selector``.</doc>
<status status="NOT RUN" starttime="20211220 17:31:59.988" endtime="20211220 17:31:59.988"/>
</kw>
<kw name="Click" library="Browser">
<arg>text=Cadastrar</arg>
<tag>PageContent</tag>
<tag>Setter</tag>
<doc>Simulates mouse click on the element found by ``selector``.</doc>
<status status="NOT RUN" starttime="20211220 17:31:59.988" endtime="20211220 17:31:59.988"/>
</kw>
<kw name="Get Text" library="Browser">
<arg>text="Cadastrar Lojista"</arg>
<tag>Assertion</tag>
<tag>Getter</tag>
<tag>PageContent</tag>
<doc>Returns text attribute of the element found by ``selector``.</doc>
<status status="NOT RUN" starttime="20211220 17:31:59.988" endtime="20211220 17:31:59.988"/>
</kw>
<status status="FAIL" starttime="20211220 17:31:53.403" endtime="20211220 17:31:59.989"/>
</kw>
<kw name="Submit Form CadLojistaCompleto" library="CadLojista">
<arg>${DadosCad}</arg>
<status status="NOT RUN" starttime="20211220 17:32:00.005" endtime="20211220 17:32:00.006"/>
</kw>
<kw name="Alert Cadastro com sucesso" library="AlertMessage">
<status status="NOT RUN" starttime="20211220 17:32:00.006" endtime="20211220 17:32:00.006"/>
</kw>
<kw name="Finish Test" library="Base" type="TEARDOWN">
<kw name="Take Screenshot" library="Browser">
<tag>PageContent</tag>
<doc>Takes a screenshot of the current window or element and saves it to disk.</doc>
<msg timestamp="20211220 17:32:00.047" level="WARN">Keyword 'Take Screenshot  fail-screenshot-{index}' could not be run on failure:
Error: page.screenshot: Target page, context or browser has been closed</msg>
<msg timestamp="20211220 17:32:00.051" level="FAIL">Error: page.screenshot: Target page, context or browser has been closed</msg>
<status status="FAIL" starttime="20211220 17:32:00.031" endtime="20211220 17:32:00.051"/>
</kw>
<status status="FAIL" starttime="20211220 17:32:00.031" endtime="20211220 17:32:00.051">Error: page.screenshot: Target page, context or browser has been closed</status>
</kw>
<tag>CadLojistaCompleto</tag>
<status status="FAIL" starttime="20211220 17:31:53.396" endtime="20211220 17:32:00.052">Execution terminated by signal

Also teardown failed:
Error: page.screenshot: Target page, context or browser has been closed</status>
</test>
<test id="s1-s4-t4" name="Campos em branco">
<kw name="Go To CadLojista" library="CadLojista">
<kw name="Click" library="Browser">
<arg>text=Usuários</arg>
<tag>PageContent</tag>
<tag>Setter</tag>
<doc>Simulates mouse click on the element found by ``selector``.</doc>
<status status="FAIL" starttime="20211220 17:32:00.064" endtime="20211220 17:32:00.066"/>
</kw>
<kw name="Click" library="Browser">
<arg>text=Gerenciar Lojistas</arg>
<tag>PageContent</tag>
<tag>Setter</tag>
<doc>Simulates mouse click on the element found by ``selector``.</doc>
<status status="NOT RUN" starttime="20211220 17:32:00.066" endtime="20211220 17:32:00.066"/>
</kw>
<kw name="Click" library="Browser">
<arg>text=Cadastrar</arg>
<tag>PageContent</tag>
<tag>Setter</tag>
<doc>Simulates mouse click on the element found by ``selector``.</doc>
<status status="NOT RUN" starttime="20211220 17:32:00.067" endtime="20211220 17:32:00.067"/>
</kw>
<kw name="Get Text" library="Browser">
<arg>text="Cadastrar Lojista"</arg>
<tag>Assertion</tag>
<tag>Getter</tag>
<tag>PageContent</tag>
<doc>Returns text attribute of the element found by ``selector``.</doc>
<status status="NOT RUN" starttime="20211220 17:32:00.067" endtime="20211220 17:32:00.067"/>
</kw>
<status status="FAIL" starttime="20211220 17:32:00.063" endtime="20211220 17:32:00.067"/>
</kw>
<kw name="Click" library="Browser">
<arg>text=Salvar</arg>
<tag>PageContent</tag>
<tag>Setter</tag>
<doc>Simulates mouse click on the element found by ``selector``.</doc>
<status status="NOT RUN" starttime="20211220 17:32:00.073" endtime="20211220 17:32:00.073"/>
</kw>
<kw name="Alert Form Null" library="AlertMessage">
<status status="NOT RUN" starttime="20211220 17:32:00.085" endtime="20211220 17:32:00.087"/>
</kw>
<kw name="Finish Test" library="Base" type="TEARDOWN">
<kw name="Take Screenshot" library="Browser">
<tag>PageContent</tag>
<doc>Takes a screenshot of the current window or element and saves it to disk.</doc>
<msg timestamp="20211220 17:32:00.134" level="WARN">Keyword 'Take Screenshot  fail-screenshot-{index}' could not be run on failure:
Error: page.screenshot: Target page, context or browser has been closed</msg>
<msg timestamp="20211220 17:32:00.180" level="FAIL">Error: page.screenshot: Target page, context or browser has been closed</msg>
<status status="FAIL" starttime="20211220 17:32:00.116" endtime="20211220 17:32:00.180"/>
</kw>
<status status="FAIL" starttime="20211220 17:32:00.110" endtime="20211220 17:32:00.180">Error: page.screenshot: Target page, context or browser has been closed</status>
</kw>
<tag>CadLojistaBranco</tag>
<status status="FAIL" starttime="20211220 17:32:00.056" endtime="20211220 17:32:00.196">Execution terminated by signal

Also teardown failed:
Error: page.screenshot: Target page, context or browser has been closed</status>
</test>
<test id="s1-s4-t5" name="Email Invalid">
<tag>CadLojistaEmailInvalid</tag>
<tag>robot:exit</tag>
<status status="FAIL" starttime="20211220 17:32:00.200" endtime="20211220 17:32:00.203">Test execution stopped due to a fatal error.</status>
</test>
<test id="s1-s4-t6" name="Phone Invalid">
<tag>CadLojistaPhoneInvalid</tag>
<tag>robot:exit</tag>
<status status="FAIL" starttime="20211220 17:32:00.207" endtime="20211220 17:32:00.210">Test execution stopped due to a fatal error.</status>
</test>
<test id="s1-s4-t7" name="Email em branco">
<tag>CadLojistaEmailBranco</tag>
<tag>robot:exit</tag>
<status status="FAIL" starttime="20211220 17:32:00.214" endtime="20211220 17:32:00.217">Test execution stopped due to a fatal error.</status>
</test>
<test id="s1-s4-t8" name="Phone em branco">
<tag>CadLojistaPhoneBranco</tag>
<tag>robot:exit</tag>
<status status="FAIL" starttime="20211220 17:32:00.221" endtime="20211220 17:32:00.224">Test execution stopped due to a fatal error.</status>
</test>
<doc>CADASTRO LOJISTA TESTS</doc>
<status status="FAIL" starttime="20211220 17:31:35.935" endtime="20211220 17:32:00.230"/>
</suite>
<suite id="s1-s5" name="5.CadastroClienteTests" source="C:\Luby\NeerHouse\QA\frontend\tests\5.CadastroClienteTests.robot">
<test id="s1-s5-t1" name="Logar Adm">
<tag>robot:exit</tag>
<status status="FAIL" starttime="20211220 17:32:00.238" endtime="20211220 17:32:00.238">Test execution stopped due to a fatal error.</status>
</test>
<test id="s1-s5-t2" name="Cadastro Cliente Sucesso">
<tag>CadCliente</tag>
<tag>robot:exit</tag>
<status status="FAIL" starttime="20211220 17:32:00.240" endtime="20211220 17:32:00.241">Test execution stopped due to a fatal error.</status>
</test>
<test id="s1-s5-t3" name="Cadastro Cliente Campos em branco">
<tag>CadcliVazio</tag>
<tag>robot:exit</tag>
<status status="FAIL" starttime="20211220 17:32:00.243" endtime="20211220 17:32:00.245">Test execution stopped due to a fatal error.</status>
</test>
<test id="s1-s5-t4" name="Cadastros Cliente CPF Incompleto">
<tag>CadCliCPFIncompleto</tag>
<tag>robot:exit</tag>
<status status="FAIL" starttime="20211220 17:32:00.249" endtime="20211220 17:32:00.250">Test execution stopped due to a fatal error.</status>
</test>
<test id="s1-s5-t5" name="Cadastro Cliente Email Invalido">
<tag>CadCliEmailInvalido</tag>
<tag>robot:exit</tag>
<status status="FAIL" starttime="20211220 17:32:00.255" endtime="20211220 17:32:00.256">Test execution stopped due to a fatal error.</status>
</test>
<test id="s1-s5-t6" name="Cadastro Cliente Data Incompleta">
<tag>CadcliDataNasc</tag>
<tag>robot:exit</tag>
<status status="FAIL" starttime="20211220 17:32:00.259" endtime="20211220 17:32:00.263">Test execution stopped due to a fatal error.</status>
</test>
<test id="s1-s5-t7" name="Cadastros Cliente Telefone Incompleta">
<tag>CadCliFoneIncompleto</tag>
<tag>robot:exit</tag>
<status status="FAIL" starttime="20211220 17:32:00.265" endtime="20211220 17:32:00.266">Test execution stopped due to a fatal error.</status>
</test>
<doc>Cadastro Cliente Teste</doc>
<status status="FAIL" starttime="20211220 17:32:00.237" endtime="20211220 17:32:00.268"/>
</suite>
<suite id="s1-s6" name="6.ListagemAdmTests" source="C:\Luby\NeerHouse\QA\frontend\tests\6.ListagemAdmTests.robot">
<test id="s1-s6-t1" name="Logar">
<tag>robot:exit</tag>
<status status="FAIL" starttime="20211220 17:32:00.271" endtime="20211220 17:32:00.272">Test execution stopped due to a fatal error.</status>
</test>
<test id="s1-s6-t2" name="Lista com Dados">
<tag>ListaComDadosADM</tag>
<tag>robot:exit</tag>
<status status="FAIL" starttime="20211220 17:32:00.274" endtime="20211220 17:32:00.275">Test execution stopped due to a fatal error.</status>
</test>
<test id="s1-s6-t3" name="Lista com Filtro">
<tag>ListaComFiltroADM</tag>
<tag>robot:exit</tag>
<status status="FAIL" starttime="20211220 17:32:00.278" endtime="20211220 17:32:00.280">Test execution stopped due to a fatal error.</status>
</test>
<test id="s1-s6-t4" name="Redireciona Cadastro">
<tag>DirecionaCadastroADM</tag>
<tag>robot:exit</tag>
<status status="FAIL" starttime="20211220 17:32:00.281" endtime="20211220 17:32:00.282">Test execution stopped due to a fatal error.</status>
</test>
<test id="s1-s6-t5" name="Limpa Filtro">
<tag>LimpaFiltroADM</tag>
<tag>robot:exit</tag>
<status status="FAIL" starttime="20211220 17:32:00.284" endtime="20211220 17:32:00.285">Test execution stopped due to a fatal error.</status>
</test>
<doc>Cadastro Cliente Teste</doc>
<status status="FAIL" starttime="20211220 17:32:00.271" endtime="20211220 17:32:00.287"/>
</suite>
<suite id="s1-s7" name="7.ListagemLojistaTests" source="C:\Luby\NeerHouse\QA\frontend\tests\7.ListagemLojistaTests.robot">
<test id="s1-s7-t1" name="Logar">
<tag>robot:exit</tag>
<status status="FAIL" starttime="20211220 17:32:00.291" endtime="20211220 17:32:00.291">Test execution stopped due to a fatal error.</status>
</test>
<test id="s1-s7-t2" name="Lista com Dados">
<tag>ListaComDadosLojista</tag>
<tag>robot:exit</tag>
<status status="FAIL" starttime="20211220 17:32:00.295" endtime="20211220 17:32:00.296">Test execution stopped due to a fatal error.</status>
</test>
<test id="s1-s7-t3" name="Lista com Filtro">
<tag>ListaComFiltroLojista</tag>
<tag>robot:exit</tag>
<status status="FAIL" starttime="20211220 17:32:00.298" endtime="20211220 17:32:00.299">Test execution stopped due to a fatal error.</status>
</test>
<test id="s1-s7-t4" name="Redireciona Cadastro">
<tag>DirecionaCadastroLojista</tag>
<tag>robot:exit</tag>
<status status="FAIL" starttime="20211220 17:32:00.300" endtime="20211220 17:32:00.301">Test execution stopped due to a fatal error.</status>
</test>
<test id="s1-s7-t5" name="Limpa Filtro">
<tag>LimpaFiltroLojista</tag>
<tag>robot:exit</tag>
<status status="FAIL" starttime="20211220 17:32:00.302" endtime="20211220 17:32:00.302">Test execution stopped due to a fatal error.</status>
</test>
<doc>Cadastro Cliente Teste</doc>
<status status="FAIL" starttime="20211220 17:32:00.289" endtime="20211220 17:32:00.304"/>
</suite>
<suite id="s1-s8" name="8.ListagemClienteTests" source="C:\Luby\NeerHouse\QA\frontend\tests\8.ListagemClienteTests.robot">
<test id="s1-s8-t1" name="Logar">
<tag>robot:exit</tag>
<status status="FAIL" starttime="20211220 17:32:00.307" endtime="20211220 17:32:00.307">Test execution stopped due to a fatal error.</status>
</test>
<test id="s1-s8-t2" name="Lista com Dados">
<tag>ListaComDadosCliente</tag>
<tag>robot:exit</tag>
<status status="FAIL" starttime="20211220 17:32:00.309" endtime="20211220 17:32:00.311">Test execution stopped due to a fatal error.</status>
</test>
<test id="s1-s8-t3" name="Lista com Filtro">
<tag>ListaComFiltroCliente</tag>
<tag>robot:exit</tag>
<status status="FAIL" starttime="20211220 17:32:00.313" endtime="20211220 17:32:00.314">Test execution stopped due to a fatal error.</status>
</test>
<test id="s1-s8-t4" name="Redireciona Cadastro">
<tag>DirecionaCadastroCliente</tag>
<tag>robot:exit</tag>
<status status="FAIL" starttime="20211220 17:32:00.315" endtime="20211220 17:32:00.316">Test execution stopped due to a fatal error.</status>
</test>
<test id="s1-s8-t5" name="Limpa Filtro">
<tag>LimpaFiltroCliente</tag>
<tag>robot:exit</tag>
<status status="FAIL" starttime="20211220 17:32:00.318" endtime="20211220 17:32:00.318">Test execution stopped due to a fatal error.</status>
</test>
<doc>Cadastro Cliente Teste</doc>
<status status="FAIL" starttime="20211220 17:32:00.305" endtime="20211220 17:32:00.321"/>
</suite>
<status status="FAIL" starttime="20211220 17:28:23.112" endtime="20211220 17:32:00.324"/>
</suite>
<statistics>
<total>
<stat pass="13" fail="44" skip="0">All Tests</stat>
</total>
<tag>
<stat pass="13" fail="18" skip="0" info="combined" combined="NOT robot:exit">NOT robot:exit</stat>
<stat pass="1" fail="0" skip="0">AtualizaAdm</stat>
<stat pass="0" fail="1" skip="0">AtualizaCliente</stat>
<stat pass="0" fail="1" skip="0">AtualizaLojista</stat>
<stat pass="0" fail="1" skip="0">BloquearCLiente</stat>
<stat pass="0" fail="1" skip="0">bloquearlojista</stat>
<stat pass="1" fail="0" skip="0">Cadastro</stat>
<stat pass="1" fail="0" skip="0">CadBranco</stat>
<stat pass="0" fail="1" skip="0">CadCliCPFIncompleto</stat>
<stat pass="0" fail="1" skip="0">CadcliDataNasc</stat>
<stat pass="0" fail="1" skip="0">CadCliEmailInvalido</stat>
<stat pass="0" fail="1" skip="0">CadCliente</stat>
<stat pass="0" fail="1" skip="0">CadCliFoneIncompleto</stat>
<stat pass="0" fail="1" skip="0">CadcliVazio</stat>
<stat pass="0" fail="1" skip="0">CadLojista</stat>
<stat pass="0" fail="1" skip="0">CadLojistaBranco</stat>
<stat pass="0" fail="1" skip="0">CadLojistaCompleto</stat>
<stat pass="0" fail="1" skip="0">CadLojistaEmailBranco</stat>
<stat pass="0" fail="1" skip="0">CadLojistaEmailInvalid</stat>
<stat pass="0" fail="1" skip="0">CadLojistaPhoneBranco</stat>
<stat pass="0" fail="1" skip="0">CadLojistaPhoneInvalid</stat>
<stat pass="1" fail="0" skip="0">CamposVazios</stat>
<stat pass="0" fail="1" skip="0">deleteadmin</stat>
<stat pass="0" fail="1" skip="0">deletecliente</stat>
<stat pass="0" fail="1" skip="0">deletelojista</stat>
<stat pass="0" fail="1" skip="0">DesbloquearCliente</stat>
<stat pass="0" fail="1" skip="0">desbloquearlojista</stat>
<stat pass="0" fail="1" skip="0">DirecionaCadastroADM</stat>
<stat pass="0" fail="1" skip="0">DirecionaCadastroCliente</stat>
<stat pass="0" fail="1" skip="0">DirecionaCadastroLojista</stat>
<stat pass="1" fail="0" skip="0">EmailInvalido</stat>
<stat pass="0" fail="1" skip="0">LimpaFiltroADM</stat>
<stat pass="0" fail="1" skip="0">LimpaFiltroCliente</stat>
<stat pass="0" fail="1" skip="0">LimpaFiltroLojista</stat>
<stat pass="0" fail="1" skip="0">ListaComDadosADM</stat>
<stat pass="0" fail="1" skip="0">ListaComDadosCliente</stat>
<stat pass="0" fail="1" skip="0">ListaComDadosLojista</stat>
<stat pass="0" fail="1" skip="0">ListaComFiltroADM</stat>
<stat pass="0" fail="1" skip="0">ListaComFiltroCliente</stat>
<stat pass="0" fail="1" skip="0">ListaComFiltroLojista</stat>
<stat pass="1" fail="0" skip="0">loginsucesso</stat>
<stat pass="1" fail="0" skip="0">LoginVazio</stat>
<stat pass="1" fail="0" skip="0">MailBranco</stat>
<stat pass="0" fail="1" skip="0">MailInvalid</stat>
<stat pass="1" fail="0" skip="0">PermissionBranco</stat>
<stat pass="0" fail="1" skip="0">RecuperaSenhaAdmin</stat>
<stat pass="0" fail="1" skip="0">RecuperaSenhaCliente</stat>
<stat pass="0" fail="1" skip="0">RecuperaSenhaLojista</stat>
<stat pass="1" fail="0" skip="0">Senhaincorreta</stat>
<stat pass="0" fail="1" skip="0">visaoadm</stat>
<stat pass="0" fail="1" skip="0">visaoLojista</stat>
</tag>
<suite>
<stat pass="13" fail="44" skip="0" id="s1" name="Tests">Tests</stat>
<stat pass="5" fail="0" skip="0" id="s1-s1" name="1.LoginTests">Tests.1.LoginTests</stat>
<stat pass="5" fail="1" skip="0" id="s1-s2" name="2.CadastrosAdminTests">Tests.2.CadastrosAdminTests</stat>
<stat pass="2" fail="14" skip="0" id="s1-s3" name="3.AtualizaRecuperaTests">Tests.3.AtualizaRecuperaTests</stat>
<stat pass="1" fail="7" skip="0" id="s1-s4" name="4.CadastroLojistaTests">Tests.4.CadastroLojistaTests</stat>
<stat pass="0" fail="7" skip="0" id="s1-s5" name="5.CadastroClienteTests">Tests.5.CadastroClienteTests</stat>
<stat pass="0" fail="5" skip="0" id="s1-s6" name="6.ListagemAdmTests">Tests.6.ListagemAdmTests</stat>
<stat pass="0" fail="5" skip="0" id="s1-s7" name="7.ListagemLojistaTests">Tests.7.ListagemLojistaTests</stat>
<stat pass="0" fail="5" skip="0" id="s1-s8" name="8.ListagemClienteTests">Tests.8.ListagemClienteTests</stat>
</suite>
</statistics>
<errors>
<msg timestamp="20211220 17:31:59.957" level="WARN">Keyword 'Take Screenshot  fail-screenshot-{index}' could not be run on failure:
Error: page.screenshot: Target page, context or browser has been closed</msg>
<msg timestamp="20211220 17:32:00.047" level="WARN">Keyword 'Take Screenshot  fail-screenshot-{index}' could not be run on failure:
Error: page.screenshot: Target page, context or browser has been closed</msg>
<msg timestamp="20211220 17:32:00.134" level="WARN">Keyword 'Take Screenshot  fail-screenshot-{index}' could not be run on failure:
Error: page.screenshot: Target page, context or browser has been closed</msg>
</errors>
</robot>
