<?xml version="1.0" encoding="UTF-8"?>
<robot generator="Robot 4.1 (Python 3.9.7 on win32)" generated="20211105 17:39:56.015" rpa="false" schemaversion="2">
<suite id="s1" name="Tests" source="C:\Luby\NeerHouse\QA\frontend\tests">
<suite id="s1-s1" name="CadastrosAdminTests" source="C:\Luby\NeerHouse\QA\frontend\tests\CadastrosAdminTests.robot">
<kw name="Start Session" library="Base" type="SETUP">
<kw name="New Browser" library="Browser">
<arg>chromium</arg>
<arg>False</arg>
<tag>BrowserControl</tag>
<tag>Setter</tag>
<doc>Create a new playwright Browser with specified options.</doc>
<msg timestamp="20211105 17:39:57.575" level="INFO">{"browser": "chromium", "headless": false, "handleSIGINT": true, "handleSIGTERM": true, "handleSIGHUP": true, "timeout": 30000.0, "devtools": false, "slowMo": 0.0, "tracesDir": "C:\\Luby\\NeerHouse\\QA\\frontend\\log\\browser\\traces\\6fb53ba7-f8e4-452f-b27d-db717a7f6ab8"}</msg>
<msg timestamp="20211105 17:39:59.089" level="INFO">Successfully created browser with options: {"browser":"chromium","headless":false,"handleSIGINT":true,"handleSIGTERM":true,"handleSIGHUP":true,"timeout":30000,"devtools":false,"slowMo":0,"tracesDir":"C:\\Luby\\NeerHouse\\QA\\frontend\\log\\browser\\traces\\6fb53ba7-f8e4-452f-b27d-db717a7f6ab8"}</msg>
<status status="PASS" starttime="20211105 17:39:57.574" endtime="20211105 17:39:59.090"/>
</kw>
<kw name="New Page" library="Browser">
<arg>https://neer.stag.dev.luby.com.br/</arg>
<tag>BrowserControl</tag>
<tag>Setter</tag>
<doc>Open a new Page. A Page is the Playwright equivalent to a tab.
See `Browser, Context and Page` for more information about Page concept.
Returns a stable identifier for the created page.</doc>
<msg timestamp="20211105 17:40:06.067" level="INFO">Successfully initialized new page object and opened url: https://neer.stag.dev.luby.com.br/</msg>
<msg timestamp="20211105 17:40:06.067" level="INFO">No context was open. New context was automatically opened when this page is created.</msg>
<status status="PASS" starttime="20211105 17:39:59.090" endtime="20211105 17:40:06.067"/>
</kw>
<status status="PASS" starttime="20211105 17:39:57.574" endtime="20211105 17:40:06.068"/>
</kw>
<test id="s1-s1-t1" name="Cadastro admin com sucesso">
<kw name="Login With" library="Login">
<arg>admin@email.com</arg>
<arg>12345678</arg>
<kw name="Fill Text" library="Browser">
<arg>id=email</arg>
<arg>${email}</arg>
<tag>PageContent</tag>
<tag>Setter</tag>
<doc>Clears and fills the given ``txt`` into the text field found by ``selector``.</doc>
<msg timestamp="20211105 17:40:06.236" level="INFO">Fills the text 'admin@email.com' in the given field.</msg>
<status status="PASS" starttime="20211105 17:40:06.235" endtime="20211105 17:40:10.614"/>
</kw>
<kw name="Fill Text" library="Browser">
<arg>id=password</arg>
<arg>${pass}</arg>
<tag>PageContent</tag>
<tag>Setter</tag>
<doc>Clears and fills the given ``txt`` into the text field found by ``selector``.</doc>
<msg timestamp="20211105 17:40:10.616" level="INFO">Fills the text '12345678' in the given field.</msg>
<status status="PASS" starttime="20211105 17:40:10.615" endtime="20211105 17:40:10.679"/>
</kw>
<kw name="Click" library="Browser">
<arg>text=Entrar</arg>
<tag>PageContent</tag>
<tag>Setter</tag>
<doc>Simulates mouse click on the element found by ``selector``.</doc>
<status status="PASS" starttime="20211105 17:40:10.679" endtime="20211105 17:40:10.834"/>
</kw>
<status status="PASS" starttime="20211105 17:40:06.234" endtime="20211105 17:40:10.834"/>
</kw>
<kw name="User Shold Be Logged In" library="Login">
<kw name="Wait For Elements State" library="Browser">
<arg>css=.anticon-home</arg>
<arg>visible</arg>
<arg>10</arg>
<tag>PageContent</tag>
<tag>Wait</tag>
<doc>Waits for the element found by ``selector`` to satisfy state option.</doc>
<msg timestamp="20211105 17:40:12.083" level="INFO">Wait for Element with selector: css=.anticon-home</msg>
<status status="PASS" starttime="20211105 17:40:10.836" endtime="20211105 17:40:12.083"/>
</kw>
<status status="PASS" starttime="20211105 17:40:10.835" endtime="20211105 17:40:12.083"/>
</kw>
<kw name="Click" library="Browser">
<arg>text=Usuários</arg>
<tag>PageContent</tag>
<tag>Setter</tag>
<doc>Simulates mouse click on the element found by ``selector``.</doc>
<status status="PASS" starttime="20211105 17:40:12.085" endtime="20211105 17:40:12.606"/>
</kw>
<kw name="Click" library="Browser">
<arg>text=Criar</arg>
<tag>PageContent</tag>
<tag>Setter</tag>
<doc>Simulates mouse click on the element found by ``selector``.</doc>
<status status="PASS" starttime="20211105 17:40:12.607" endtime="20211105 17:40:12.832"/>
</kw>
<kw name="Get Text" library="Browser">
<arg>text="Cadastrar usuário"</arg>
<tag>Assertion</tag>
<tag>Getter</tag>
<tag>PageContent</tag>
<doc>Returns text attribute of the element found by ``selector``.</doc>
<status status="PASS" starttime="20211105 17:40:12.833" endtime="20211105 17:40:13.120"/>
</kw>
<kw name="Fill Text" library="Browser">
<arg>id=email</arg>
<arg>emailteste@teste.com</arg>
<tag>PageContent</tag>
<tag>Setter</tag>
<doc>Clears and fills the given ``txt`` into the text field found by ``selector``.</doc>
<msg timestamp="20211105 17:40:13.121" level="INFO">Fills the text 'emailteste@teste.com' in the given field.</msg>
<status status="PASS" starttime="20211105 17:40:13.120" endtime="20211105 17:40:13.173"/>
</kw>
<kw name="Click" library="Browser">
<arg>css=.ant-select-selection-item</arg>
<tag>PageContent</tag>
<tag>Setter</tag>
<doc>Simulates mouse click on the element found by ``selector``.</doc>
<status status="PASS" starttime="20211105 17:40:13.179" endtime="20211105 17:40:13.515"/>
</kw>
<kw name="Click" library="Browser">
<arg>text=Admin</arg>
<tag>PageContent</tag>
<tag>Setter</tag>
<doc>Simulates mouse click on the element found by ``selector``.</doc>
<msg timestamp="20211105 17:40:23.969" level="INFO" html="true">&lt;/td&gt;&lt;/tr&gt;&lt;tr&gt;&lt;td colspan="3"&gt;&lt;a href="browser/screenshot/fail-screenshot-1.png"&gt;&lt;img src="browser/screenshot/fail-screenshot-1.png" width="800px"&gt;&lt;/a&gt;</msg>
<msg timestamp="20211105 17:40:24.188" level="FAIL">TimeoutError: page.click: Timeout 10000ms exceeded.
=========================== logs ===========================
waiting for selector "text=Admin"
  selector resolved to 5 elements. Proceeding with the first one.
  selector resolved to hidden &lt;p&gt;Para voltar à visão do admin, feche essa caixa de…&lt;/p&gt;
attempting click action
  waiting for element to be visible, enabled and stable
    element is not visible - waiting...
============================================================</msg>
<status status="FAIL" starttime="20211105 17:40:13.516" endtime="20211105 17:40:24.262"/>
</kw>
<kw name="Click" library="Browser">
<arg>text=Salvar</arg>
<tag>PageContent</tag>
<tag>Setter</tag>
<doc>Simulates mouse click on the element found by ``selector``.</doc>
<status status="NOT RUN" starttime="20211105 17:40:24.263" endtime="20211105 17:40:24.263"/>
</kw>
<kw name="Get Text" library="Browser">
<arg>text="O administrador emailteste@teste.com foi criado com sucesso"</arg>
<tag>Assertion</tag>
<tag>Getter</tag>
<tag>PageContent</tag>
<doc>Returns text attribute of the element found by ``selector``.</doc>
<status status="NOT RUN" starttime="20211105 17:40:24.265" endtime="20211105 17:40:24.266"/>
</kw>
<kw name="Finish Test" library="Base" type="TEARDOWN">
<kw name="Take Screenshot" library="Browser">
<tag>PageContent</tag>
<doc>Takes a screenshot of the current window or element and saves it to disk.</doc>
<msg timestamp="20211105 17:40:24.424" level="INFO" html="true">&lt;/td&gt;&lt;/tr&gt;&lt;tr&gt;&lt;td colspan="3"&gt;&lt;a href="browser/screenshot/robotframework-browser-screenshot-1.png"&gt;&lt;img src="browser/screenshot/robotframework-browser-screenshot-1.png" width="800px"&gt;&lt;/a&gt;</msg>
<status status="PASS" starttime="20211105 17:40:24.267" endtime="20211105 17:40:24.425"/>
</kw>
<status status="PASS" starttime="20211105 17:40:24.267" endtime="20211105 17:40:24.426"/>
</kw>
<tag>Cadastro</tag>
<status status="FAIL" starttime="20211105 17:40:06.068" endtime="20211105 17:40:24.427">TimeoutError: page.click: Timeout 10000ms exceeded.
=========================== logs ===========================
waiting for selector "text=Admin"
  selector resolved to 5 elements. Proceeding with the first one.
  selector resolved to hidden &lt;p&gt;Para voltar à visão do admin, feche essa caixa de…&lt;/p&gt;
attempting click action
  waiting for element to be visible, enabled and stable
    element is not visible - waiting...
============================================================</status>
</test>
<doc>Cadastro Tests</doc>
<status status="FAIL" starttime="20211105 17:39:56.067" endtime="20211105 17:40:24.446"/>
</suite>
<status status="FAIL" starttime="20211105 17:39:56.019" endtime="20211105 17:40:24.585"/>
</suite>
<statistics>
<total>
<stat pass="0" fail="1" skip="0">All Tests</stat>
</total>
<tag>
<stat pass="0" fail="1" skip="0">Cadastro</stat>
</tag>
<suite>
<stat pass="0" fail="1" skip="0" id="s1" name="Tests">Tests</stat>
<stat pass="0" fail="1" skip="0" id="s1-s1" name="CadastrosAdminTests">Tests.CadastrosAdminTests</stat>
</suite>
</statistics>
<errors>
</errors>
</robot>
