<?xml version="1.0" encoding="UTF-8"?>
<robot generator="Robot 4.1 (Python 3.9.7 on win32)" generated="20211202 17:51:06.790" rpa="false" schemaversion="2">
<suite id="s1" name="Tests" source="C:\Luby\NeerHouse\QA\frontend\tests">
<suite id="s1-s1" name="AtualizaRecuperaTests" source="C:\Luby\NeerHouse\QA\frontend\tests\AtualizaRecuperaTests.robot">
<kw name="Start Session" library="Base" type="SETUP">
<kw name="New Browser" library="Browser">
<arg>chromium</arg>
<arg>False</arg>
<tag>BrowserControl</tag>
<tag>Setter</tag>
<doc>Create a new playwright Browser with specified options.</doc>
<msg timestamp="20211202 17:51:08.308" level="INFO">{"browser": "chromium", "headless": false, "handleSIGINT": true, "handleSIGTERM": true, "handleSIGHUP": true, "timeout": 30000.0, "devtools": false, "slowMo": 0.0, "tracesDir": "C:\\Luby\\NeerHouse\\QA\\frontend\\log\\browser\\traces\\41809bd3-59b0-4793-b7c5-5d497f10b74e"}</msg>
<msg timestamp="20211202 17:51:09.190" level="INFO">Successfully created browser with options: {"browser":"chromium","headless":false,"handleSIGINT":true,"handleSIGTERM":true,"handleSIGHUP":true,"timeout":30000,"devtools":false,"slowMo":0,"tracesDir":"C:\\Luby\\NeerHouse\\QA\\frontend\\log\\browser\\traces\\41809bd3-59b0-4793-b7c5-5d497f10b74e"}</msg>
<status status="PASS" starttime="20211202 17:51:08.308" endtime="20211202 17:51:09.190"/>
</kw>
<kw name="New Page" library="Browser">
<arg>https://neer.stag.dev.luby.com.br/</arg>
<tag>BrowserControl</tag>
<tag>Setter</tag>
<doc>Open a new Page. A Page is the Playwright equivalent to a tab.
See `Browser, Context and Page` for more information about Page concept.
Returns a stable identifier for the created page.</doc>
<msg timestamp="20211202 17:51:17.719" level="INFO">Successfully initialized new page object and opened url: https://neer.stag.dev.luby.com.br/</msg>
<msg timestamp="20211202 17:51:17.720" level="INFO">No context was open. New context was automatically opened when this page is created.</msg>
<status status="PASS" starttime="20211202 17:51:09.191" endtime="20211202 17:51:17.720"/>
</kw>
<status status="PASS" starttime="20211202 17:51:08.307" endtime="20211202 17:51:17.721"/>
</kw>
<test id="s1-s1-t1" name="Login">
<kw name="Login Admin" library="CadAdm">
<kw name="Login With" library="LoginActions">
<arg>admin@email.com</arg>
<arg>12345678</arg>
<kw name="Fill Text" library="Browser">
<arg>id=email</arg>
<arg>${email}</arg>
<tag>PageContent</tag>
<tag>Setter</tag>
<doc>Clears and fills the given ``txt`` into the text field found by ``selector``.</doc>
<msg timestamp="20211202 17:51:17.743" level="INFO">Fills the text 'admin@email.com' in the given field.</msg>
<status status="PASS" starttime="20211202 17:51:17.743" endtime="20211202 17:51:19.675"/>
</kw>
<kw name="Fill Text" library="Browser">
<arg>id=password</arg>
<arg>${pass}</arg>
<tag>PageContent</tag>
<tag>Setter</tag>
<doc>Clears and fills the given ``txt`` into the text field found by ``selector``.</doc>
<msg timestamp="20211202 17:51:19.677" level="INFO">Fills the text '12345678' in the given field.</msg>
<status status="PASS" starttime="20211202 17:51:19.676" endtime="20211202 17:51:19.725"/>
</kw>
<kw name="Click" library="Browser">
<arg>text=Entrar</arg>
<tag>PageContent</tag>
<tag>Setter</tag>
<doc>Simulates mouse click on the element found by ``selector``.</doc>
<status status="PASS" starttime="20211202 17:51:19.725" endtime="20211202 17:51:19.842"/>
</kw>
<status status="PASS" starttime="20211202 17:51:17.742" endtime="20211202 17:51:19.843"/>
</kw>
<status status="PASS" starttime="20211202 17:51:17.742" endtime="20211202 17:51:19.843"/>
</kw>
<kw name="Finish Test" library="Base" type="TEARDOWN">
<kw name="Take Screenshot" library="Browser">
<tag>PageContent</tag>
<doc>Takes a screenshot of the current window or element and saves it to disk.</doc>
<msg timestamp="20211202 17:51:20.041" level="INFO" html="true">&lt;/td&gt;&lt;/tr&gt;&lt;tr&gt;&lt;td colspan="3"&gt;&lt;a href="browser/screenshot/robotframework-browser-screenshot-1.png"&gt;&lt;img src="browser/screenshot/robotframework-browser-screenshot-1.png" width="800px"&gt;&lt;/a&gt;</msg>
<status status="PASS" starttime="20211202 17:51:19.844" endtime="20211202 17:51:20.042"/>
</kw>
<status status="PASS" starttime="20211202 17:51:19.844" endtime="20211202 17:51:20.042"/>
</kw>
<status status="PASS" starttime="20211202 17:51:17.721" endtime="20211202 17:51:20.043"/>
</test>
<test id="s1-s1-t2" name="Atualizar CadAdm">
<kw name="Go To ListagemAdm" library="ListagemActions">
<kw name="Click" library="Browser">
<arg>text=Usuários</arg>
<tag>PageContent</tag>
<tag>Setter</tag>
<doc>Simulates mouse click on the element found by ``selector``.</doc>
<msg timestamp="20211202 17:51:30.225" level="INFO" html="true">&lt;/td&gt;&lt;/tr&gt;&lt;tr&gt;&lt;td colspan="3"&gt;&lt;a href="browser/screenshot/fail-screenshot-1.png"&gt;&lt;img src="browser/screenshot/fail-screenshot-1.png" width="800px"&gt;&lt;/a&gt;</msg>
<msg timestamp="20211202 17:51:30.229" level="FAIL">TimeoutError: page.click: Timeout 10000ms exceeded.
=========================== logs ===========================
waiting for selector "text=Usuários"
============================================================</msg>
<status status="FAIL" starttime="20211202 17:51:20.067" endtime="20211202 17:51:30.230"/>
</kw>
<kw name="Click" library="Browser">
<arg>text=Gerenciar Administradores</arg>
<tag>PageContent</tag>
<tag>Setter</tag>
<doc>Simulates mouse click on the element found by ``selector``.</doc>
<status status="NOT RUN" starttime="20211202 17:51:30.230" endtime="20211202 17:51:30.230"/>
</kw>
<kw name="Get Text" library="Browser">
<arg>text=Administradores</arg>
<tag>Assertion</tag>
<tag>Getter</tag>
<tag>PageContent</tag>
<doc>Returns text attribute of the element found by ``selector``.</doc>
<status status="NOT RUN" starttime="20211202 17:51:30.230" endtime="20211202 17:51:30.230"/>
</kw>
<status status="FAIL" starttime="20211202 17:51:20.066" endtime="20211202 17:51:30.231"/>
</kw>
<kw name="Edit Adm" library="AtualizaActions">
<status status="NOT RUN" starttime="20211202 17:51:30.233" endtime="20211202 17:51:30.233"/>
</kw>
<kw name="Alert Atualizado com sucesso" library="AlertMessage">
<status status="NOT RUN" starttime="20211202 17:51:30.233" endtime="20211202 17:51:30.233"/>
</kw>
<kw name="Finish Test" library="Base" type="TEARDOWN">
<kw name="Take Screenshot" library="Browser">
<tag>PageContent</tag>
<doc>Takes a screenshot of the current window or element and saves it to disk.</doc>
<msg timestamp="20211202 17:51:30.372" level="INFO" html="true">&lt;/td&gt;&lt;/tr&gt;&lt;tr&gt;&lt;td colspan="3"&gt;&lt;a href="browser/screenshot/robotframework-browser-screenshot-2.png"&gt;&lt;img src="browser/screenshot/robotframework-browser-screenshot-2.png" width="800px"&gt;&lt;/a&gt;</msg>
<status status="PASS" starttime="20211202 17:51:30.235" endtime="20211202 17:51:30.372"/>
</kw>
<status status="PASS" starttime="20211202 17:51:30.234" endtime="20211202 17:51:30.373"/>
</kw>
<tag>AtualizaAdm</tag>
<status status="FAIL" starttime="20211202 17:51:20.051" endtime="20211202 17:51:30.374">TimeoutError: page.click: Timeout 10000ms exceeded.
=========================== logs ===========================
waiting for selector "text=Usuários"
============================================================</status>
</test>
<test id="s1-s1-t3" name="Atualizar CadLojista">
<kw name="Go To ListagemLojista" library="ListagemActions">
<kw name="Click" library="Browser">
<arg>text=Usuários</arg>
<tag>PageContent</tag>
<tag>Setter</tag>
<doc>Simulates mouse click on the element found by ``selector``.</doc>
<msg timestamp="20211202 17:51:40.540" level="INFO" html="true">&lt;/td&gt;&lt;/tr&gt;&lt;tr&gt;&lt;td colspan="3"&gt;&lt;a href="browser/screenshot/fail-screenshot-2.png"&gt;&lt;img src="browser/screenshot/fail-screenshot-2.png" width="800px"&gt;&lt;/a&gt;</msg>
<msg timestamp="20211202 17:51:40.542" level="FAIL">TimeoutError: page.click: Timeout 10000ms exceeded.
=========================== logs ===========================
waiting for selector "text=Usuários"
============================================================</msg>
<status status="FAIL" starttime="20211202 17:51:30.393" endtime="20211202 17:51:40.542"/>
</kw>
<kw name="Click" library="Browser">
<arg>text=Gerenciar Lojistas</arg>
<tag>PageContent</tag>
<tag>Setter</tag>
<doc>Simulates mouse click on the element found by ``selector``.</doc>
<status status="NOT RUN" starttime="20211202 17:51:40.543" endtime="20211202 17:51:40.543"/>
</kw>
<kw name="Get Text" library="Browser">
<arg>text=Lojistas</arg>
<tag>Assertion</tag>
<tag>Getter</tag>
<tag>PageContent</tag>
<doc>Returns text attribute of the element found by ``selector``.</doc>
<status status="NOT RUN" starttime="20211202 17:51:40.543" endtime="20211202 17:51:40.543"/>
</kw>
<status status="FAIL" starttime="20211202 17:51:30.392" endtime="20211202 17:51:40.544"/>
</kw>
<kw name="Edit Lojista" library="AtualizaActions">
<status status="NOT RUN" starttime="20211202 17:51:40.545" endtime="20211202 17:51:40.545"/>
</kw>
<kw name="Alert Atualizado com sucesso" library="AlertMessage">
<status status="NOT RUN" starttime="20211202 17:51:40.546" endtime="20211202 17:51:40.546"/>
</kw>
<kw name="Finish Test" library="Base" type="TEARDOWN">
<kw name="Take Screenshot" library="Browser">
<tag>PageContent</tag>
<doc>Takes a screenshot of the current window or element and saves it to disk.</doc>
<msg timestamp="20211202 17:51:40.676" level="INFO" html="true">&lt;/td&gt;&lt;/tr&gt;&lt;tr&gt;&lt;td colspan="3"&gt;&lt;a href="browser/screenshot/robotframework-browser-screenshot-3.png"&gt;&lt;img src="browser/screenshot/robotframework-browser-screenshot-3.png" width="800px"&gt;&lt;/a&gt;</msg>
<status status="PASS" starttime="20211202 17:51:40.548" endtime="20211202 17:51:40.676"/>
</kw>
<status status="PASS" starttime="20211202 17:51:40.547" endtime="20211202 17:51:40.676"/>
</kw>
<tag>AtualizaLojista</tag>
<status status="FAIL" starttime="20211202 17:51:30.384" endtime="20211202 17:51:40.677">TimeoutError: page.click: Timeout 10000ms exceeded.
=========================== logs ===========================
waiting for selector "text=Usuários"
============================================================</status>
</test>
<test id="s1-s1-t4" name="Recupera Senha Admin">
<kw name="Go To ListagemAdm" library="ListagemActions">
<kw name="Click" library="Browser">
<arg>text=Usuários</arg>
<tag>PageContent</tag>
<tag>Setter</tag>
<doc>Simulates mouse click on the element found by ``selector``.</doc>
<msg timestamp="20211202 17:51:50.843" level="INFO" html="true">&lt;/td&gt;&lt;/tr&gt;&lt;tr&gt;&lt;td colspan="3"&gt;&lt;a href="browser/screenshot/fail-screenshot-3.png"&gt;&lt;img src="browser/screenshot/fail-screenshot-3.png" width="800px"&gt;&lt;/a&gt;</msg>
<msg timestamp="20211202 17:51:50.844" level="FAIL">TimeoutError: page.click: Timeout 10000ms exceeded.
=========================== logs ===========================
waiting for selector "text=Usuários"
============================================================</msg>
<status status="FAIL" starttime="20211202 17:51:40.693" endtime="20211202 17:51:50.844"/>
</kw>
<kw name="Click" library="Browser">
<arg>text=Gerenciar Administradores</arg>
<tag>PageContent</tag>
<tag>Setter</tag>
<doc>Simulates mouse click on the element found by ``selector``.</doc>
<status status="NOT RUN" starttime="20211202 17:51:50.845" endtime="20211202 17:51:50.845"/>
</kw>
<kw name="Get Text" library="Browser">
<arg>text=Administradores</arg>
<tag>Assertion</tag>
<tag>Getter</tag>
<tag>PageContent</tag>
<doc>Returns text attribute of the element found by ``selector``.</doc>
<status status="NOT RUN" starttime="20211202 17:51:50.845" endtime="20211202 17:51:50.845"/>
</kw>
<status status="FAIL" starttime="20211202 17:51:40.692" endtime="20211202 17:51:50.846"/>
</kw>
<kw name="Go To Recupera Senha Admin" library="AtualizaActions">
<status status="NOT RUN" starttime="20211202 17:51:50.847" endtime="20211202 17:51:50.847"/>
</kw>
<kw name="Recupera Senha" library="AtualizaActions">
<status status="NOT RUN" starttime="20211202 17:51:50.848" endtime="20211202 17:51:50.848"/>
</kw>
<kw name="Finish Test" library="Base" type="TEARDOWN">
<kw name="Take Screenshot" library="Browser">
<tag>PageContent</tag>
<doc>Takes a screenshot of the current window or element and saves it to disk.</doc>
<msg timestamp="20211202 17:51:50.992" level="INFO" html="true">&lt;/td&gt;&lt;/tr&gt;&lt;tr&gt;&lt;td colspan="3"&gt;&lt;a href="browser/screenshot/robotframework-browser-screenshot-4.png"&gt;&lt;img src="browser/screenshot/robotframework-browser-screenshot-4.png" width="800px"&gt;&lt;/a&gt;</msg>
<status status="PASS" starttime="20211202 17:51:50.850" endtime="20211202 17:51:50.992"/>
</kw>
<status status="PASS" starttime="20211202 17:51:50.849" endtime="20211202 17:51:50.992"/>
</kw>
<tag>RecuperaSenhaAdmin</tag>
<status status="FAIL" starttime="20211202 17:51:40.686" endtime="20211202 17:51:50.993">TimeoutError: page.click: Timeout 10000ms exceeded.
=========================== logs ===========================
waiting for selector "text=Usuários"
============================================================</status>
</test>
<test id="s1-s1-t5" name="Recupera Senha Lojista">
<kw name="Go To ListagemLojista" library="ListagemActions">
<kw name="Click" library="Browser">
<arg>text=Usuários</arg>
<tag>PageContent</tag>
<tag>Setter</tag>
<doc>Simulates mouse click on the element found by ``selector``.</doc>
<msg timestamp="20211202 17:52:01.159" level="INFO" html="true">&lt;/td&gt;&lt;/tr&gt;&lt;tr&gt;&lt;td colspan="3"&gt;&lt;a href="browser/screenshot/fail-screenshot-4.png"&gt;&lt;img src="browser/screenshot/fail-screenshot-4.png" width="800px"&gt;&lt;/a&gt;</msg>
<msg timestamp="20211202 17:52:01.160" level="FAIL">TimeoutError: page.click: Timeout 10000ms exceeded.
=========================== logs ===========================
waiting for selector "text=Usuários"
============================================================</msg>
<status status="FAIL" starttime="20211202 17:51:51.009" endtime="20211202 17:52:01.161"/>
</kw>
<kw name="Click" library="Browser">
<arg>text=Gerenciar Lojistas</arg>
<tag>PageContent</tag>
<tag>Setter</tag>
<doc>Simulates mouse click on the element found by ``selector``.</doc>
<status status="NOT RUN" starttime="20211202 17:52:01.161" endtime="20211202 17:52:01.161"/>
</kw>
<kw name="Get Text" library="Browser">
<arg>text=Lojistas</arg>
<tag>Assertion</tag>
<tag>Getter</tag>
<tag>PageContent</tag>
<doc>Returns text attribute of the element found by ``selector``.</doc>
<status status="NOT RUN" starttime="20211202 17:52:01.162" endtime="20211202 17:52:01.162"/>
</kw>
<status status="FAIL" starttime="20211202 17:51:51.008" endtime="20211202 17:52:01.162"/>
</kw>
<kw name="Go To Recupera Senha Lojista" library="AtualizaActions">
<status status="NOT RUN" starttime="20211202 17:52:01.164" endtime="20211202 17:52:01.164"/>
</kw>
<kw name="Recupera Senha" library="AtualizaActions">
<status status="NOT RUN" starttime="20211202 17:52:01.165" endtime="20211202 17:52:01.165"/>
</kw>
<kw name="Finish Test" library="Base" type="TEARDOWN">
<kw name="Take Screenshot" library="Browser">
<tag>PageContent</tag>
<doc>Takes a screenshot of the current window or element and saves it to disk.</doc>
<msg timestamp="20211202 17:52:01.310" level="INFO" html="true">&lt;/td&gt;&lt;/tr&gt;&lt;tr&gt;&lt;td colspan="3"&gt;&lt;a href="browser/screenshot/robotframework-browser-screenshot-5.png"&gt;&lt;img src="browser/screenshot/robotframework-browser-screenshot-5.png" width="800px"&gt;&lt;/a&gt;</msg>
<status status="PASS" starttime="20211202 17:52:01.166" endtime="20211202 17:52:01.311"/>
</kw>
<status status="PASS" starttime="20211202 17:52:01.166" endtime="20211202 17:52:01.311"/>
</kw>
<tag>RecuperaSenhaLojista</tag>
<status status="FAIL" starttime="20211202 17:51:51.000" endtime="20211202 17:52:01.312">TimeoutError: page.click: Timeout 10000ms exceeded.
=========================== logs ===========================
waiting for selector "text=Usuários"
============================================================</status>
</test>
<test id="s1-s1-t6" name="Delete Admin">
<kw name="Go To Admin" library="AtualizaActions">
<kw name="Click" library="Browser">
<arg>text=Usuários</arg>
<tag>PageContent</tag>
<tag>Setter</tag>
<doc>Simulates mouse click on the element found by ``selector``.</doc>
<msg timestamp="20211202 17:52:03.601" level="WARN">Keyword 'Take Screenshot' could not be run on failure:
Error: page.screenshot: Target page, context or browser has been closed</msg>
<msg timestamp="20211202 17:52:03.608" level="FAIL">Execution terminated by signal</msg>
<status status="FAIL" starttime="20211202 17:52:01.328" endtime="20211202 17:52:03.608"/>
</kw>
<kw name="Click" library="Browser">
<arg>text=Gerenciar Administrador</arg>
<tag>PageContent</tag>
<tag>Setter</tag>
<doc>Simulates mouse click on the element found by ``selector``.</doc>
<status status="NOT RUN" starttime="20211202 17:52:03.609" endtime="20211202 17:52:03.609"/>
</kw>
<kw name="Get Text" library="Browser">
<arg>text=Administradores</arg>
<tag>Assertion</tag>
<tag>Getter</tag>
<tag>PageContent</tag>
<doc>Returns text attribute of the element found by ``selector``.</doc>
<status status="NOT RUN" starttime="20211202 17:52:03.610" endtime="20211202 17:52:03.610"/>
</kw>
<status status="FAIL" starttime="20211202 17:52:01.328" endtime="20211202 17:52:03.611"/>
</kw>
<kw name="Delete Admin" library="AtualizaActions">
<status status="NOT RUN" starttime="20211202 17:52:03.613" endtime="20211202 17:52:03.613"/>
</kw>
<kw name="Finish Test" library="Base" type="TEARDOWN">
<kw name="Take Screenshot" library="Browser">
<tag>PageContent</tag>
<doc>Takes a screenshot of the current window or element and saves it to disk.</doc>
<msg timestamp="20211202 17:52:03.629" level="WARN">Keyword 'Take Screenshot' could not be run on failure:
Error: page.screenshot: Target page, context or browser has been closed</msg>
<msg timestamp="20211202 17:52:03.634" level="FAIL">Error: page.screenshot: Target page, context or browser has been closed</msg>
<status status="FAIL" starttime="20211202 17:52:03.615" endtime="20211202 17:52:03.634"/>
</kw>
<status status="FAIL" starttime="20211202 17:52:03.614" endtime="20211202 17:52:03.634">Error: page.screenshot: Target page, context or browser has been closed</status>
</kw>
<tag>deleteadmin</tag>
<status status="FAIL" starttime="20211202 17:52:01.323" endtime="20211202 17:52:03.635">Execution terminated by signal

Also teardown failed:
Error: page.screenshot: Target page, context or browser has been closed</status>
</test>
<test id="s1-s1-t7" name="Delete Lojista">
<kw name="Go To Lojista" library="AtualizaActions">
<kw name="Click" library="Browser">
<arg>text=Usuários</arg>
<tag>PageContent</tag>
<tag>Setter</tag>
<doc>Simulates mouse click on the element found by ``selector``.</doc>
<status status="FAIL" starttime="20211202 17:52:03.652" endtime="20211202 17:52:03.653"/>
</kw>
<kw name="Click" library="Browser">
<arg>text=Gerenciar Lojistas</arg>
<tag>PageContent</tag>
<tag>Setter</tag>
<doc>Simulates mouse click on the element found by ``selector``.</doc>
<status status="NOT RUN" starttime="20211202 17:52:03.653" endtime="20211202 17:52:03.653"/>
</kw>
<kw name="Get Text" library="Browser">
<arg>text=Lojistas</arg>
<tag>Assertion</tag>
<tag>Getter</tag>
<tag>PageContent</tag>
<doc>Returns text attribute of the element found by ``selector``.</doc>
<status status="NOT RUN" starttime="20211202 17:52:03.654" endtime="20211202 17:52:03.654"/>
</kw>
<status status="FAIL" starttime="20211202 17:52:03.651" endtime="20211202 17:52:03.654"/>
</kw>
<kw name="Delete Lojista" library="AtualizaActions">
<status status="NOT RUN" starttime="20211202 17:52:03.655" endtime="20211202 17:52:03.655"/>
</kw>
<kw name="Finish Test" library="Base" type="TEARDOWN">
<kw name="Take Screenshot" library="Browser">
<tag>PageContent</tag>
<doc>Takes a screenshot of the current window or element and saves it to disk.</doc>
<msg timestamp="20211202 17:52:03.673" level="WARN">Keyword 'Take Screenshot' could not be run on failure:
Error: page.screenshot: Target page, context or browser has been closed</msg>
<msg timestamp="20211202 17:52:03.677" level="FAIL">Error: page.screenshot: Target page, context or browser has been closed</msg>
<status status="FAIL" starttime="20211202 17:52:03.657" endtime="20211202 17:52:03.677"/>
</kw>
<status status="FAIL" starttime="20211202 17:52:03.656" endtime="20211202 17:52:03.678">Error: page.screenshot: Target page, context or browser has been closed</status>
</kw>
<tag>deletelojista</tag>
<status status="FAIL" starttime="20211202 17:52:03.643" endtime="20211202 17:52:03.680">Execution terminated by signal

Also teardown failed:
Error: page.screenshot: Target page, context or browser has been closed</status>
</test>
<test id="s1-s1-t8" name="Bloquear Lojista">
<tag>bloquearlojista</tag>
<tag>robot:exit</tag>
<status status="FAIL" starttime="20211202 17:52:03.690" endtime="20211202 17:52:03.697">Test execution stopped due to a fatal error.</status>
</test>
<test id="s1-s1-t9" name="Desbloquear Lojista">
<tag>desbloquearlojista</tag>
<tag>robot:exit</tag>
<status status="FAIL" starttime="20211202 17:52:03.706" endtime="20211202 17:52:03.713">Test execution stopped due to a fatal error.</status>
</test>
<test id="s1-s1-t10" name="Assumir Lojista">
<tag>robot:exit</tag>
<tag>visaoLojista</tag>
<status status="FAIL" starttime="20211202 17:52:03.729" endtime="20211202 17:52:03.737">Test execution stopped due to a fatal error.</status>
</test>
<test id="s1-s1-t11" name="Voltar Visao Adm">
<tag>robot:exit</tag>
<tag>visaoadm</tag>
<status status="FAIL" starttime="20211202 17:52:03.753" endtime="20211202 17:52:03.761">Test execution stopped due to a fatal error.</status>
</test>
<doc>Cadastro Cliente Teste</doc>
<status status="FAIL" starttime="20211202 17:51:06.834" endtime="20211202 17:52:03.770"/>
</suite>
<suite id="s1-s2" name="CadastroClienteTests" source="C:\Luby\NeerHouse\QA\frontend\tests\CadastroClienteTests.robot">
<test id="s1-s2-t1" name="Logar Adm">
<tag>robot:exit</tag>
<status status="FAIL" starttime="20211202 17:52:03.792" endtime="20211202 17:52:03.794">Test execution stopped due to a fatal error.</status>
</test>
<test id="s1-s2-t2" name="Cadastro Cliente Sucesso">
<tag>CadCliente</tag>
<tag>robot:exit</tag>
<status status="FAIL" starttime="20211202 17:52:03.796" endtime="20211202 17:52:03.797">Test execution stopped due to a fatal error.</status>
</test>
<test id="s1-s2-t3" name="Cadastro Cliente Campos em branco">
<tag>CadcliVazio</tag>
<tag>robot:exit</tag>
<status status="FAIL" starttime="20211202 17:52:03.800" endtime="20211202 17:52:03.802">Test execution stopped due to a fatal error.</status>
</test>
<test id="s1-s2-t4" name="Cadastros Cliente CPF Incompleto">
<tag>CadCliCPFIncompleto</tag>
<tag>robot:exit</tag>
<status status="FAIL" starttime="20211202 17:52:03.808" endtime="20211202 17:52:03.809">Test execution stopped due to a fatal error.</status>
</test>
<test id="s1-s2-t5" name="Cadastro Cliente Email Invalido">
<tag>CadCliEmailInvalido</tag>
<tag>robot:exit</tag>
<status status="FAIL" starttime="20211202 17:52:03.812" endtime="20211202 17:52:03.814">Test execution stopped due to a fatal error.</status>
</test>
<test id="s1-s2-t6" name="Cadastro Cliente Data Incompleta">
<tag>CadcliDataNasc</tag>
<tag>robot:exit</tag>
<status status="FAIL" starttime="20211202 17:52:03.817" endtime="20211202 17:52:03.819">Test execution stopped due to a fatal error.</status>
</test>
<test id="s1-s2-t7" name="Cadastros Cliente Telefone Incompleta">
<tag>CadCliFoneIncompleto</tag>
<tag>robot:exit</tag>
<status status="FAIL" starttime="20211202 17:52:03.824" endtime="20211202 17:52:03.826">Test execution stopped due to a fatal error.</status>
</test>
<doc>Cadastro Cliente Teste</doc>
<status status="FAIL" starttime="20211202 17:52:03.790" endtime="20211202 17:52:03.829"/>
</suite>
<suite id="s1-s3" name="CadastroLojistaTests" source="C:\Luby\NeerHouse\QA\frontend\tests\CadastroLojistaTests.robot">
<test id="s1-s3-t1" name="Login admin">
<tag>robot:exit</tag>
<status status="FAIL" starttime="20211202 17:52:03.834" endtime="20211202 17:52:03.835">Test execution stopped due to a fatal error.</status>
</test>
<test id="s1-s3-t2" name="Cadastro Lojista Sucesso Obrigatorio">
<tag>CadLojista</tag>
<tag>robot:exit</tag>
<status status="FAIL" starttime="20211202 17:52:03.839" endtime="20211202 17:52:03.840">Test execution stopped due to a fatal error.</status>
</test>
<test id="s1-s3-t3" name="Cadastro Lojista Sucesso Completo">
<tag>CadLojistaCompleto</tag>
<tag>robot:exit</tag>
<status status="FAIL" starttime="20211202 17:52:03.842" endtime="20211202 17:52:03.842">Test execution stopped due to a fatal error.</status>
</test>
<test id="s1-s3-t4" name="Campos em branco">
<tag>CadLojistaBranco</tag>
<tag>robot:exit</tag>
<status status="FAIL" starttime="20211202 17:52:03.845" endtime="20211202 17:52:03.847">Test execution stopped due to a fatal error.</status>
</test>
<test id="s1-s3-t5" name="Email Invalid">
<tag>CadLojistaEmailInvalid</tag>
<tag>robot:exit</tag>
<status status="FAIL" starttime="20211202 17:52:03.848" endtime="20211202 17:52:03.849">Test execution stopped due to a fatal error.</status>
</test>
<test id="s1-s3-t6" name="Phone Invalid">
<tag>CadLojistaPhoneInvalid</tag>
<tag>robot:exit</tag>
<status status="FAIL" starttime="20211202 17:52:03.851" endtime="20211202 17:52:03.851">Test execution stopped due to a fatal error.</status>
</test>
<test id="s1-s3-t7" name="Email em branco">
<tag>CadLojistaEmailBranco</tag>
<tag>robot:exit</tag>
<status status="FAIL" starttime="20211202 17:52:03.854" endtime="20211202 17:52:03.856">Test execution stopped due to a fatal error.</status>
</test>
<test id="s1-s3-t8" name="Phone em branco">
<tag>CadLojistaPhoneBranco</tag>
<tag>robot:exit</tag>
<status status="FAIL" starttime="20211202 17:52:03.859" endtime="20211202 17:52:03.861">Test execution stopped due to a fatal error.</status>
</test>
<doc>CADASTRO LOJISTA TESTS</doc>
<status status="FAIL" starttime="20211202 17:52:03.833" endtime="20211202 17:52:03.864"/>
</suite>
<suite id="s1-s4" name="CadastrosAdminTests" source="C:\Luby\NeerHouse\QA\frontend\tests\CadastrosAdminTests.robot">
<test id="s1-s4-t1" name="Login Admin">
<tag>robot:exit</tag>
<status status="FAIL" starttime="20211202 17:52:03.870" endtime="20211202 17:52:03.875">Test execution stopped due to a fatal error.</status>
</test>
<test id="s1-s4-t2" name="Cadastro admin com sucesso">
<tag>Cadastro</tag>
<tag>robot:exit</tag>
<status status="FAIL" starttime="20211202 17:52:03.880" endtime="20211202 17:52:03.881">Test execution stopped due to a fatal error.</status>
</test>
<test id="s1-s4-t3" name="Cadastro admin dados em branco">
<tag>CadBranco</tag>
<tag>robot:exit</tag>
<status status="FAIL" starttime="20211202 17:52:03.884" endtime="20211202 17:52:03.885">Test execution stopped due to a fatal error.</status>
</test>
<test id="s1-s4-t4" name="Cadastro admin email em branco">
<tag>MailBranco</tag>
<tag>robot:exit</tag>
<status status="FAIL" starttime="20211202 17:52:03.890" endtime="20211202 17:52:03.891">Test execution stopped due to a fatal error.</status>
</test>
<test id="s1-s4-t5" name="Cadastro admin permissao em branco">
<tag>PermissionBranco</tag>
<tag>robot:exit</tag>
<status status="FAIL" starttime="20211202 17:52:03.893" endtime="20211202 17:52:03.895">Test execution stopped due to a fatal error.</status>
</test>
<test id="s1-s4-t6" name="Cadastro admin email invalido">
<tag>MailInvalid</tag>
<tag>robot:exit</tag>
<status status="FAIL" starttime="20211202 17:52:03.898" endtime="20211202 17:52:03.899">Test execution stopped due to a fatal error.</status>
</test>
<doc>CADASTRO ADMIN TESTS</doc>
<status status="FAIL" starttime="20211202 17:52:03.867" endtime="20211202 17:52:03.902"/>
</suite>
<suite id="s1-s5" name="ListagemAdmTests" source="C:\Luby\NeerHouse\QA\frontend\tests\ListagemAdmTests.robot">
<test id="s1-s5-t1" name="Logar">
<tag>robot:exit</tag>
<status status="FAIL" starttime="20211202 17:52:03.910" endtime="20211202 17:52:03.911">Test execution stopped due to a fatal error.</status>
</test>
<test id="s1-s5-t2" name="Lista Vazia">
<tag>ListavaziaADM</tag>
<tag>robot:exit</tag>
<status status="FAIL" starttime="20211202 17:52:03.913" endtime="20211202 17:52:03.914">Test execution stopped due to a fatal error.</status>
</test>
<test id="s1-s5-t3" name="Lista com Dados">
<tag>ListaComDadosADM</tag>
<tag>robot:exit</tag>
<status status="FAIL" starttime="20211202 17:52:03.916" endtime="20211202 17:52:03.917">Test execution stopped due to a fatal error.</status>
</test>
<test id="s1-s5-t4" name="Lista com Filtro">
<tag>ListaComFiltroADM</tag>
<tag>robot:exit</tag>
<status status="FAIL" starttime="20211202 17:52:03.919" endtime="20211202 17:52:03.920">Test execution stopped due to a fatal error.</status>
</test>
<test id="s1-s5-t5" name="Redireciona Cadastro">
<tag>DirecionaCadastroADM</tag>
<tag>robot:exit</tag>
<status status="FAIL" starttime="20211202 17:52:03.925" endtime="20211202 17:52:03.925">Test execution stopped due to a fatal error.</status>
</test>
<test id="s1-s5-t6" name="Limpa Filtro">
<tag>LimpaFiltroADM</tag>
<tag>robot:exit</tag>
<status status="FAIL" starttime="20211202 17:52:03.927" endtime="20211202 17:52:03.928">Test execution stopped due to a fatal error.</status>
</test>
<doc>Cadastro Cliente Teste</doc>
<status status="FAIL" starttime="20211202 17:52:03.908" endtime="20211202 17:52:03.930"/>
</suite>
<suite id="s1-s6" name="ListagemClienteTests" source="C:\Luby\NeerHouse\QA\frontend\tests\ListagemClienteTests.robot">
<test id="s1-s6-t1" name="Logar">
<tag>robot:exit</tag>
<status status="FAIL" starttime="20211202 17:52:03.933" endtime="20211202 17:52:03.934">Test execution stopped due to a fatal error.</status>
</test>
<test id="s1-s6-t2" name="Lista Vazia">
<tag>ListavaziaCliente</tag>
<tag>robot:exit</tag>
<status status="FAIL" starttime="20211202 17:52:03.938" endtime="20211202 17:52:03.939">Test execution stopped due to a fatal error.</status>
</test>
<test id="s1-s6-t3" name="Lista com Dados">
<tag>ListaComDadosCliente</tag>
<tag>robot:exit</tag>
<status status="FAIL" starttime="20211202 17:52:03.942" endtime="20211202 17:52:03.942">Test execution stopped due to a fatal error.</status>
</test>
<test id="s1-s6-t4" name="Lista com Filtro">
<tag>ListaComFiltroCliente</tag>
<tag>robot:exit</tag>
<status status="FAIL" starttime="20211202 17:52:03.944" endtime="20211202 17:52:03.945">Test execution stopped due to a fatal error.</status>
</test>
<test id="s1-s6-t5" name="Redireciona Cadastro">
<tag>DirecionaCadastroCliente</tag>
<tag>robot:exit</tag>
<status status="FAIL" starttime="20211202 17:52:03.947" endtime="20211202 17:52:03.948">Test execution stopped due to a fatal error.</status>
</test>
<test id="s1-s6-t6" name="Limpa Filtro">
<tag>LimpaFiltroCliente</tag>
<tag>robot:exit</tag>
<status status="FAIL" starttime="20211202 17:52:03.951" endtime="20211202 17:52:03.953">Test execution stopped due to a fatal error.</status>
</test>
<doc>Cadastro Cliente Teste</doc>
<status status="FAIL" starttime="20211202 17:52:03.932" endtime="20211202 17:52:03.959"/>
</suite>
<suite id="s1-s7" name="ListagemLojistaTests" source="C:\Luby\NeerHouse\QA\frontend\tests\ListagemLojistaTests.robot">
<test id="s1-s7-t1" name="Logar">
<tag>robot:exit</tag>
<status status="FAIL" starttime="20211202 17:52:03.964" endtime="20211202 17:52:03.964">Test execution stopped due to a fatal error.</status>
</test>
<test id="s1-s7-t2" name="Lista Vazia">
<tag>ListavaziaLojista</tag>
<tag>robot:exit</tag>
<status status="FAIL" starttime="20211202 17:52:03.966" endtime="20211202 17:52:03.968">Test execution stopped due to a fatal error.</status>
</test>
<test id="s1-s7-t3" name="Lista com Dados">
<tag>ListaComDadosLojista</tag>
<tag>robot:exit</tag>
<status status="FAIL" starttime="20211202 17:52:03.971" endtime="20211202 17:52:03.974">Test execution stopped due to a fatal error.</status>
</test>
<test id="s1-s7-t4" name="Lista com Filtro">
<tag>ListaComFiltroLojista</tag>
<tag>robot:exit</tag>
<status status="FAIL" starttime="20211202 17:52:03.977" endtime="20211202 17:52:03.979">Test execution stopped due to a fatal error.</status>
</test>
<test id="s1-s7-t5" name="Redireciona Cadastro">
<tag>DirecionaCadastroLojista</tag>
<tag>robot:exit</tag>
<status status="FAIL" starttime="20211202 17:52:03.982" endtime="20211202 17:52:03.984">Test execution stopped due to a fatal error.</status>
</test>
<test id="s1-s7-t6" name="Limpa Filtro">
<tag>LimpaFiltroLojista</tag>
<tag>robot:exit</tag>
<status status="FAIL" starttime="20211202 17:52:03.988" endtime="20211202 17:52:03.993">Test execution stopped due to a fatal error.</status>
</test>
<doc>Cadastro Cliente Teste</doc>
<status status="FAIL" starttime="20211202 17:52:03.962" endtime="20211202 17:52:03.996"/>
</suite>
<suite id="s1-s8" name="LoginTests" source="C:\Luby\NeerHouse\QA\frontend\tests\LoginTests.robot">
<test id="s1-s8-t1" name="Fazer login">
<tag>loginsucesso</tag>
<tag>robot:exit</tag>
<status status="FAIL" starttime="20211202 17:52:04.009" endtime="20211202 17:52:04.010">Test execution stopped due to a fatal error.</status>
</test>
<test id="s1-s8-t2" name="Ambos em branco">
<tag>CamposVazios</tag>
<tag>robot:exit</tag>
<status status="FAIL" starttime="20211202 17:52:04.013" endtime="20211202 17:52:04.014">Test execution stopped due to a fatal error.</status>
</test>
<test id="s1-s8-t3" name="Login em branco">
<tag>LoginVazio</tag>
<tag>robot:exit</tag>
<status status="FAIL" starttime="20211202 17:52:04.018" endtime="20211202 17:52:04.019">Test execution stopped due to a fatal error.</status>
</test>
<test id="s1-s8-t4" name="Senha incorreta">
<tag>robot:exit</tag>
<tag>Senhaincorreta</tag>
<status status="FAIL" starttime="20211202 17:52:04.024" endtime="20211202 17:52:04.026">Test execution stopped due to a fatal error.</status>
</test>
<test id="s1-s8-t5" name="Email invalido">
<tag>EmailInvalido</tag>
<tag>robot:exit</tag>
<status status="FAIL" starttime="20211202 17:52:04.038" endtime="20211202 17:52:04.041">Test execution stopped due to a fatal error.</status>
</test>
<doc>Login Tests</doc>
<status status="FAIL" starttime="20211202 17:52:04.006" endtime="20211202 17:52:04.047"/>
</suite>
<status status="FAIL" starttime="20211202 17:51:06.793" endtime="20211202 17:52:04.061"/>
</suite>
<statistics>
<total>
<stat pass="1" fail="54" skip="0">All Tests</stat>
</total>
<tag>
<stat pass="1" fail="6" skip="0" info="combined" combined="NOT robot:exit">NOT robot:exit</stat>
<stat pass="0" fail="1" skip="0">AtualizaAdm</stat>
<stat pass="0" fail="1" skip="0">AtualizaLojista</stat>
<stat pass="0" fail="1" skip="0">bloquearlojista</stat>
<stat pass="0" fail="1" skip="0">Cadastro</stat>
<stat pass="0" fail="1" skip="0">CadBranco</stat>
<stat pass="0" fail="1" skip="0">CadCliCPFIncompleto</stat>
<stat pass="0" fail="1" skip="0">CadcliDataNasc</stat>
<stat pass="0" fail="1" skip="0">CadCliEmailInvalido</stat>
<stat pass="0" fail="1" skip="0">CadCliente</stat>
<stat pass="0" fail="1" skip="0">CadCliFoneIncompleto</stat>
<stat pass="0" fail="1" skip="0">CadcliVazio</stat>
<stat pass="0" fail="1" skip="0">CadLojista</stat>
<stat pass="0" fail="1" skip="0">CadLojistaBranco</stat>
<stat pass="0" fail="1" skip="0">CadLojistaCompleto</stat>
<stat pass="0" fail="1" skip="0">CadLojistaEmailBranco</stat>
<stat pass="0" fail="1" skip="0">CadLojistaEmailInvalid</stat>
<stat pass="0" fail="1" skip="0">CadLojistaPhoneBranco</stat>
<stat pass="0" fail="1" skip="0">CadLojistaPhoneInvalid</stat>
<stat pass="0" fail="1" skip="0">CamposVazios</stat>
<stat pass="0" fail="1" skip="0">deleteadmin</stat>
<stat pass="0" fail="1" skip="0">deletelojista</stat>
<stat pass="0" fail="1" skip="0">desbloquearlojista</stat>
<stat pass="0" fail="1" skip="0">DirecionaCadastroADM</stat>
<stat pass="0" fail="1" skip="0">DirecionaCadastroCliente</stat>
<stat pass="0" fail="1" skip="0">DirecionaCadastroLojista</stat>
<stat pass="0" fail="1" skip="0">EmailInvalido</stat>
<stat pass="0" fail="1" skip="0">LimpaFiltroADM</stat>
<stat pass="0" fail="1" skip="0">LimpaFiltroCliente</stat>
<stat pass="0" fail="1" skip="0">LimpaFiltroLojista</stat>
<stat pass="0" fail="1" skip="0">ListaComDadosADM</stat>
<stat pass="0" fail="1" skip="0">ListaComDadosCliente</stat>
<stat pass="0" fail="1" skip="0">ListaComDadosLojista</stat>
<stat pass="0" fail="1" skip="0">ListaComFiltroADM</stat>
<stat pass="0" fail="1" skip="0">ListaComFiltroCliente</stat>
<stat pass="0" fail="1" skip="0">ListaComFiltroLojista</stat>
<stat pass="0" fail="1" skip="0">ListavaziaADM</stat>
<stat pass="0" fail="1" skip="0">ListavaziaCliente</stat>
<stat pass="0" fail="1" skip="0">ListavaziaLojista</stat>
<stat pass="0" fail="1" skip="0">loginsucesso</stat>
<stat pass="0" fail="1" skip="0">LoginVazio</stat>
<stat pass="0" fail="1" skip="0">MailBranco</stat>
<stat pass="0" fail="1" skip="0">MailInvalid</stat>
<stat pass="0" fail="1" skip="0">PermissionBranco</stat>
<stat pass="0" fail="1" skip="0">RecuperaSenhaAdmin</stat>
<stat pass="0" fail="1" skip="0">RecuperaSenhaLojista</stat>
<stat pass="0" fail="1" skip="0">Senhaincorreta</stat>
<stat pass="0" fail="1" skip="0">visaoadm</stat>
<stat pass="0" fail="1" skip="0">visaoLojista</stat>
</tag>
<suite>
<stat pass="1" fail="54" skip="0" id="s1" name="Tests">Tests</stat>
<stat pass="1" fail="10" skip="0" id="s1-s1" name="AtualizaRecuperaTests">Tests.AtualizaRecuperaTests</stat>
<stat pass="0" fail="7" skip="0" id="s1-s2" name="CadastroClienteTests">Tests.CadastroClienteTests</stat>
<stat pass="0" fail="8" skip="0" id="s1-s3" name="CadastroLojistaTests">Tests.CadastroLojistaTests</stat>
<stat pass="0" fail="6" skip="0" id="s1-s4" name="CadastrosAdminTests">Tests.CadastrosAdminTests</stat>
<stat pass="0" fail="6" skip="0" id="s1-s5" name="ListagemAdmTests">Tests.ListagemAdmTests</stat>
<stat pass="0" fail="6" skip="0" id="s1-s6" name="ListagemClienteTests">Tests.ListagemClienteTests</stat>
<stat pass="0" fail="6" skip="0" id="s1-s7" name="ListagemLojistaTests">Tests.ListagemLojistaTests</stat>
<stat pass="0" fail="5" skip="0" id="s1-s8" name="LoginTests">Tests.LoginTests</stat>
</suite>
</statistics>
<errors>
<msg timestamp="20211202 17:52:03.601" level="WARN">Keyword 'Take Screenshot' could not be run on failure:
Error: page.screenshot: Target page, context or browser has been closed</msg>
<msg timestamp="20211202 17:52:03.629" level="WARN">Keyword 'Take Screenshot' could not be run on failure:
Error: page.screenshot: Target page, context or browser has been closed</msg>
<msg timestamp="20211202 17:52:03.673" level="WARN">Keyword 'Take Screenshot' could not be run on failure:
Error: page.screenshot: Target page, context or browser has been closed</msg>
</errors>
</robot>
