<?xml version="1.0" encoding="UTF-8"?>
<robot generator="Robot 4.1 (Python 3.9.7 on win32)" generated="20211029 15:54:13.307" rpa="false" schemaversion="2">
<suite id="s1" name="Tests" source="C:\Luby\NeerHouse\QA\frontend\tests">
<suite id="s1-s1" name="Login" source="C:\Luby\NeerHouse\QA\frontend\tests\Login.robot">
<kw name="Start Session" library="Base" type="SETUP">
<kw name="New Browser" library="Browser">
<arg>chromium</arg>
<arg>False</arg>
<tag>BrowserControl</tag>
<tag>Setter</tag>
<doc>Create a new playwright Browser with specified options.</doc>
<msg timestamp="20211029 15:54:14.861" level="INFO">{"browser": "chromium", "headless": false, "handleSIGINT": true, "handleSIGTERM": true, "handleSIGHUP": true, "timeout": 30000.0, "devtools": false, "slowMo": 0.0, "tracesDir": "C:\\Luby\\NeerHouse\\QA\\frontend\\log\\browser\\traces\\f2c0f943-f8d9-4c1b-aaca-9b7964e0241a"}</msg>
<msg timestamp="20211029 15:54:16.033" level="INFO">Successfully created browser with options: {"browser":"chromium","headless":false,"handleSIGINT":true,"handleSIGTERM":true,"handleSIGHUP":true,"timeout":30000,"devtools":false,"slowMo":0,"tracesDir":"C:\\Luby\\NeerHouse\\QA\\frontend\\log\\browser\\traces\\f2c0f943-f8d9-4c1b-aaca-9b7964e0241a"}</msg>
<status status="PASS" starttime="20211029 15:54:14.861" endtime="20211029 15:54:16.033"/>
</kw>
<kw name="New Page" library="Browser">
<arg>https://neer.stag.dev.luby.com.br/</arg>
<tag>BrowserControl</tag>
<tag>Setter</tag>
<doc>Open a new Page. A Page is the Playwright equivalent to a tab.
See `Browser, Context and Page` for more information about Page concept.
Returns a stable identifier for the created page.</doc>
<msg timestamp="20211029 15:54:21.349" level="INFO">Successfully initialized new page object and opened url: https://neer.stag.dev.luby.com.br/</msg>
<msg timestamp="20211029 15:54:21.349" level="INFO">No context was open. New context was automatically opened when this page is created.</msg>
<status status="PASS" starttime="20211029 15:54:16.034" endtime="20211029 15:54:21.349"/>
</kw>
<status status="PASS" starttime="20211029 15:54:14.860" endtime="20211029 15:54:21.349"/>
</kw>
<test id="s1-s1-t1" name="Fazer login">
<kw name="Login With" library="Login">
<arg>shopmanager@email.com</arg>
<arg>12345678</arg>
<kw name="Fill Text" library="Browser">
<arg>id=email</arg>
<arg>${email}</arg>
<tag>PageContent</tag>
<tag>Setter</tag>
<doc>Clears and fills the given ``txt`` into the text field found by ``selector``.</doc>
<msg timestamp="20211029 15:54:21.365" level="INFO">Fills the text 'shopmanager@email.com' in the given field.</msg>
<status status="PASS" starttime="20211029 15:54:21.364" endtime="20211029 15:54:21.570"/>
</kw>
<kw name="Fill Text" library="Browser">
<arg>id=password</arg>
<arg>${pass}</arg>
<tag>PageContent</tag>
<tag>Setter</tag>
<doc>Clears and fills the given ``txt`` into the text field found by ``selector``.</doc>
<msg timestamp="20211029 15:54:21.570" level="INFO">Fills the text '12345678' in the given field.</msg>
<status status="PASS" starttime="20211029 15:54:21.570" endtime="20211029 15:54:21.621"/>
</kw>
<kw name="Click" library="Browser">
<arg>text=Entrar</arg>
<tag>PageContent</tag>
<tag>Setter</tag>
<doc>Simulates mouse click on the element found by ``selector``.</doc>
<status status="PASS" starttime="20211029 15:54:21.622" endtime="20211029 15:54:21.743"/>
</kw>
<status status="PASS" starttime="20211029 15:54:21.364" endtime="20211029 15:54:21.743"/>
</kw>
<kw name="User Shold Be Logged In" library="Login">
<kw name="Wait For Elements State" library="Browser">
<arg>css=.anticon-home</arg>
<arg>visible</arg>
<arg>10</arg>
<tag>PageContent</tag>
<tag>Wait</tag>
<doc>Waits for the element found by ``selector`` to satisfy state option.</doc>
<msg timestamp="20211029 15:54:23.126" level="INFO">Wait for Element with selector: css=.anticon-home</msg>
<status status="PASS" starttime="20211029 15:54:21.745" endtime="20211029 15:54:23.127"/>
</kw>
<status status="PASS" starttime="20211029 15:54:21.744" endtime="20211029 15:54:23.127"/>
</kw>
<kw name="Take ScreenShot And Logout" library="Base" type="TEARDOWN">
<kw name="Take Screenshot" library="Browser">
<tag>PageContent</tag>
<doc>Takes a screenshot of the current window or element and saves it to disk.</doc>
<msg timestamp="20211029 15:54:23.581" level="INFO" html="true">&lt;/td&gt;&lt;/tr&gt;&lt;tr&gt;&lt;td colspan="3"&gt;&lt;a href="browser/screenshot/robotframework-browser-screenshot-1.png"&gt;&lt;img src="browser/screenshot/robotframework-browser-screenshot-1.png" width="800px"&gt;&lt;/a&gt;</msg>
<status status="PASS" starttime="20211029 15:54:23.132" endtime="20211029 15:54:23.581"/>
</kw>
<kw name="Do logout" library="Login">
<kw name="Click" library="Browser">
<arg>css=#root &gt; main &gt; div &gt; main &gt; header &gt; div &gt; span</arg>
<tag>PageContent</tag>
<tag>Setter</tag>
<doc>Simulates mouse click on the element found by ``selector``.</doc>
<status status="PASS" starttime="20211029 15:54:23.582" endtime="20211029 15:54:23.778"/>
</kw>
<kw name="Click" library="Browser">
<arg>text=Sair</arg>
<tag>PageContent</tag>
<tag>Setter</tag>
<doc>Simulates mouse click on the element found by ``selector``.</doc>
<status status="PASS" starttime="20211029 15:54:23.778" endtime="20211029 15:54:24.196"/>
</kw>
<status status="PASS" starttime="20211029 15:54:23.581" endtime="20211029 15:54:24.196"/>
</kw>
<status status="PASS" starttime="20211029 15:54:23.131" endtime="20211029 15:54:24.197"/>
</kw>
<tag>login</tag>
<status status="PASS" starttime="20211029 15:54:21.350" endtime="20211029 15:54:24.211"/>
</test>
<test id="s1-s1-t2" name="Senha incorreta">
<kw name="Login With" library="Login">
<arg>shopmanager@gmail.com</arg>
<arg>123</arg>
<kw name="Fill Text" library="Browser">
<arg>id=email</arg>
<arg>${email}</arg>
<tag>PageContent</tag>
<tag>Setter</tag>
<doc>Clears and fills the given ``txt`` into the text field found by ``selector``.</doc>
<msg timestamp="20211029 15:54:24.234" level="INFO">Fills the text 'shopmanager@gmail.com' in the given field.</msg>
<status status="PASS" starttime="20211029 15:54:24.234" endtime="20211029 15:54:24.269"/>
</kw>
<kw name="Fill Text" library="Browser">
<arg>id=password</arg>
<arg>${pass}</arg>
<tag>PageContent</tag>
<tag>Setter</tag>
<doc>Clears and fills the given ``txt`` into the text field found by ``selector``.</doc>
<msg timestamp="20211029 15:54:24.270" level="INFO">Fills the text '123' in the given field.</msg>
<status status="PASS" starttime="20211029 15:54:24.270" endtime="20211029 15:54:24.320"/>
</kw>
<kw name="Click" library="Browser">
<arg>text=Entrar</arg>
<tag>PageContent</tag>
<tag>Setter</tag>
<doc>Simulates mouse click on the element found by ``selector``.</doc>
<status status="PASS" starttime="20211029 15:54:24.320" endtime="20211029 15:54:24.415"/>
</kw>
<status status="PASS" starttime="20211029 15:54:24.233" endtime="20211029 15:54:24.415"/>
</kw>
<kw name="Alert Text Shold Be" library="Login">
<arg>Ocorreu um erro, verifique suas credenciais e tente novamente</arg>
<kw name="Set Variable" library="BuiltIn">
<var>${element}</var>
<arg>css=.ant-message</arg>
<doc>Returns the given values which can then be assigned to a variables.</doc>
<msg timestamp="20211029 15:54:24.417" level="INFO">${element} = css=.ant-message</msg>
<status status="PASS" starttime="20211029 15:54:24.417" endtime="20211029 15:54:24.417"/>
</kw>
<kw name="Wait For Elements State" library="Browser">
<arg>${element}</arg>
<arg>visible</arg>
<arg>5</arg>
<arg>Login error</arg>
<tag>PageContent</tag>
<tag>Wait</tag>
<doc>Waits for the element found by ``selector`` to satisfy state option.</doc>
<msg timestamp="20211029 15:54:24.646" level="INFO">Wait for Element with selector: css=.ant-message</msg>
<status status="PASS" starttime="20211029 15:54:24.417" endtime="20211029 15:54:24.647"/>
</kw>
<kw name="Get Text" library="Browser">
<arg>${element}</arg>
<arg>equal</arg>
<arg>${expect_message}</arg>
<tag>Assertion</tag>
<tag>Getter</tag>
<tag>PageContent</tag>
<doc>Returns text attribute of the element found by ``selector``.</doc>
<status status="PASS" starttime="20211029 15:54:24.647" endtime="20211029 15:54:24.703"/>
</kw>
<status status="PASS" starttime="20211029 15:54:24.416" endtime="20211029 15:54:24.703"/>
</kw>
<kw name="Finish Test" library="Base" type="TEARDOWN">
<kw name="Take Screenshot" library="Browser">
<tag>PageContent</tag>
<doc>Takes a screenshot of the current window or element and saves it to disk.</doc>
<msg timestamp="20211029 15:54:24.926" level="INFO" html="true">&lt;/td&gt;&lt;/tr&gt;&lt;tr&gt;&lt;td colspan="3"&gt;&lt;a href="browser/screenshot/robotframework-browser-screenshot-2.png"&gt;&lt;img src="browser/screenshot/robotframework-browser-screenshot-2.png" width="800px"&gt;&lt;/a&gt;</msg>
<status status="PASS" starttime="20211029 15:54:24.705" endtime="20211029 15:54:24.927"/>
</kw>
<status status="PASS" starttime="20211029 15:54:24.704" endtime="20211029 15:54:24.927"/>
</kw>
<tag>pass</tag>
<status status="PASS" starttime="20211029 15:54:24.227" endtime="20211029 15:54:24.928"/>
</test>
<test id="s1-s1-t3" name="Email invalido">
<kw name="Login With" library="Login">
<arg>shomanager@ssl</arg>
<arg>123</arg>
<kw name="Fill Text" library="Browser">
<arg>id=email</arg>
<arg>${email}</arg>
<tag>PageContent</tag>
<tag>Setter</tag>
<doc>Clears and fills the given ``txt`` into the text field found by ``selector``.</doc>
<msg timestamp="20211029 15:54:24.949" level="INFO">Fills the text 'shomanager@ssl' in the given field.</msg>
<status status="PASS" starttime="20211029 15:54:24.949" endtime="20211029 15:54:24.996"/>
</kw>
<kw name="Fill Text" library="Browser">
<arg>id=password</arg>
<arg>${pass}</arg>
<tag>PageContent</tag>
<tag>Setter</tag>
<doc>Clears and fills the given ``txt`` into the text field found by ``selector``.</doc>
<msg timestamp="20211029 15:54:24.997" level="INFO">Fills the text '123' in the given field.</msg>
<status status="PASS" starttime="20211029 15:54:24.997" endtime="20211029 15:54:25.054"/>
</kw>
<kw name="Click" library="Browser">
<arg>text=Entrar</arg>
<tag>PageContent</tag>
<tag>Setter</tag>
<doc>Simulates mouse click on the element found by ``selector``.</doc>
<status status="PASS" starttime="20211029 15:54:25.055" endtime="20211029 15:54:25.136"/>
</kw>
<status status="PASS" starttime="20211029 15:54:24.948" endtime="20211029 15:54:25.137"/>
</kw>
<kw name="Alert login Shold Be" library="Login">
<kw name="Set Variable" library="BuiltIn">
<var>${element}</var>
<arg>css=input[error="email must be a valid email"]</arg>
<doc>Returns the given values which can then be assigned to a variables.</doc>
<msg timestamp="20211029 15:54:25.138" level="INFO">${element} = css=input[error="email must be a valid email"]</msg>
<status status="PASS" starttime="20211029 15:54:25.138" endtime="20211029 15:54:25.138"/>
</kw>
<kw name="Wait For Elements State" library="Browser">
<arg>${element}</arg>
<arg>visible</arg>
<arg>10</arg>
<tag>PageContent</tag>
<tag>Wait</tag>
<doc>Waits for the element found by ``selector`` to satisfy state option.</doc>
<msg timestamp="20211029 15:54:25.156" level="INFO">Wait for Element with selector: css=input[error="email must be a valid email"]</msg>
<status status="PASS" starttime="20211029 15:54:25.139" endtime="20211029 15:54:25.156"/>
</kw>
<status status="PASS" starttime="20211029 15:54:25.137" endtime="20211029 15:54:25.158"/>
</kw>
<kw name="Finish Test" library="Base" type="TEARDOWN">
<kw name="Take Screenshot" library="Browser">
<tag>PageContent</tag>
<doc>Takes a screenshot of the current window or element and saves it to disk.</doc>
<msg timestamp="20211029 15:54:25.403" level="INFO" html="true">&lt;/td&gt;&lt;/tr&gt;&lt;tr&gt;&lt;td colspan="3"&gt;&lt;a href="browser/screenshot/robotframework-browser-screenshot-3.png"&gt;&lt;img src="browser/screenshot/robotframework-browser-screenshot-3.png" width="800px"&gt;&lt;/a&gt;</msg>
<status status="PASS" starttime="20211029 15:54:25.160" endtime="20211029 15:54:25.403"/>
</kw>
<status status="PASS" starttime="20211029 15:54:25.159" endtime="20211029 15:54:25.404"/>
</kw>
<status status="PASS" starttime="20211029 15:54:24.937" endtime="20211029 15:54:25.404"/>
</test>
<test id="s1-s1-t4" name="Login em branco">
<kw name="Login With" library="Login">
<arg>${EMPTY}</arg>
<arg>123</arg>
<kw name="Fill Text" library="Browser">
<arg>id=email</arg>
<arg>${email}</arg>
<tag>PageContent</tag>
<tag>Setter</tag>
<doc>Clears and fills the given ``txt`` into the text field found by ``selector``.</doc>
<msg timestamp="20211029 15:54:25.426" level="INFO">Fills the text '' in the given field.</msg>
<status status="PASS" starttime="20211029 15:54:25.426" endtime="20211029 15:54:25.481"/>
</kw>
<kw name="Fill Text" library="Browser">
<arg>id=password</arg>
<arg>${pass}</arg>
<tag>PageContent</tag>
<tag>Setter</tag>
<doc>Clears and fills the given ``txt`` into the text field found by ``selector``.</doc>
<msg timestamp="20211029 15:54:25.482" level="INFO">Fills the text '123' in the given field.</msg>
<status status="PASS" starttime="20211029 15:54:25.481" endtime="20211029 15:54:25.519"/>
</kw>
<kw name="Click" library="Browser">
<arg>text=Entrar</arg>
<tag>PageContent</tag>
<tag>Setter</tag>
<doc>Simulates mouse click on the element found by ``selector``.</doc>
<status status="PASS" starttime="20211029 15:54:25.519" endtime="20211029 15:54:25.599"/>
</kw>
<status status="PASS" starttime="20211029 15:54:25.421" endtime="20211029 15:54:25.599"/>
</kw>
<kw name="Alert login Shold Be Required" library="Login">
<kw name="Set Variable" library="BuiltIn">
<var>${element}</var>
<arg>css=input[error="email is a required field"]</arg>
<doc>Returns the given values which can then be assigned to a variables.</doc>
<msg timestamp="20211029 15:54:25.600" level="INFO">${element} = css=input[error="email is a required field"]</msg>
<status status="PASS" starttime="20211029 15:54:25.600" endtime="20211029 15:54:25.600"/>
</kw>
<kw name="Wait For Elements State" library="Browser">
<arg>${element}</arg>
<arg>visible</arg>
<arg>10</arg>
<tag>PageContent</tag>
<tag>Wait</tag>
<doc>Waits for the element found by ``selector`` to satisfy state option.</doc>
<msg timestamp="20211029 15:54:25.618" level="INFO">Wait for Element with selector: css=input[error="email is a required field"]</msg>
<status status="PASS" starttime="20211029 15:54:25.600" endtime="20211029 15:54:25.619"/>
</kw>
<status status="PASS" starttime="20211029 15:54:25.600" endtime="20211029 15:54:25.619"/>
</kw>
<kw name="Finish Test" library="Base" type="TEARDOWN">
<kw name="Take Screenshot" library="Browser">
<tag>PageContent</tag>
<doc>Takes a screenshot of the current window or element and saves it to disk.</doc>
<msg timestamp="20211029 15:54:25.841" level="INFO" html="true">&lt;/td&gt;&lt;/tr&gt;&lt;tr&gt;&lt;td colspan="3"&gt;&lt;a href="browser/screenshot/robotframework-browser-screenshot-4.png"&gt;&lt;img src="browser/screenshot/robotframework-browser-screenshot-4.png" width="800px"&gt;&lt;/a&gt;</msg>
<status status="PASS" starttime="20211029 15:54:25.620" endtime="20211029 15:54:25.841"/>
</kw>
<status status="PASS" starttime="20211029 15:54:25.619" endtime="20211029 15:54:25.842"/>
</kw>
<status status="PASS" starttime="20211029 15:54:25.416" endtime="20211029 15:54:25.842"/>
</test>
<test id="s1-s1-t5" name="Ambos em branco">
<kw name="Login With" library="Login">
<arg>${EMPTY}</arg>
<arg>${EMPTY}</arg>
<kw name="Fill Text" library="Browser">
<arg>id=email</arg>
<arg>${email}</arg>
<tag>PageContent</tag>
<tag>Setter</tag>
<doc>Clears and fills the given ``txt`` into the text field found by ``selector``.</doc>
<msg timestamp="20211029 15:54:25.860" level="INFO">Fills the text '' in the given field.</msg>
<status status="PASS" starttime="20211029 15:54:25.858" endtime="20211029 15:54:25.886"/>
</kw>
<kw name="Fill Text" library="Browser">
<arg>id=password</arg>
<arg>${pass}</arg>
<tag>PageContent</tag>
<tag>Setter</tag>
<doc>Clears and fills the given ``txt`` into the text field found by ``selector``.</doc>
<msg timestamp="20211029 15:54:25.887" level="INFO">Fills the text '' in the given field.</msg>
<status status="PASS" starttime="20211029 15:54:25.886" endtime="20211029 15:54:25.950"/>
</kw>
<kw name="Click" library="Browser">
<arg>text=Entrar</arg>
<tag>PageContent</tag>
<tag>Setter</tag>
<doc>Simulates mouse click on the element found by ``selector``.</doc>
<status status="PASS" starttime="20211029 15:54:25.950" endtime="20211029 15:54:26.033"/>
</kw>
<status status="PASS" starttime="20211029 15:54:25.854" endtime="20211029 15:54:26.033"/>
</kw>
<kw name="Alert login Shold Be Required" library="Login">
<kw name="Set Variable" library="BuiltIn">
<var>${element}</var>
<arg>css=input[error="email is a required field"]</arg>
<doc>Returns the given values which can then be assigned to a variables.</doc>
<msg timestamp="20211029 15:54:26.034" level="INFO">${element} = css=input[error="email is a required field"]</msg>
<status status="PASS" starttime="20211029 15:54:26.034" endtime="20211029 15:54:26.034"/>
</kw>
<kw name="Wait For Elements State" library="Browser">
<arg>${element}</arg>
<arg>visible</arg>
<arg>10</arg>
<tag>PageContent</tag>
<tag>Wait</tag>
<doc>Waits for the element found by ``selector`` to satisfy state option.</doc>
<msg timestamp="20211029 15:54:26.057" level="INFO">Wait for Element with selector: css=input[error="email is a required field"]</msg>
<status status="PASS" starttime="20211029 15:54:26.034" endtime="20211029 15:54:26.058"/>
</kw>
<status status="PASS" starttime="20211029 15:54:26.033" endtime="20211029 15:54:26.058"/>
</kw>
<kw name="Alert password Shold Be Required" library="Login">
<kw name="Set Variable" library="BuiltIn">
<var>${element}</var>
<arg>css=input[error="password is a required field"]</arg>
<doc>Returns the given values which can then be assigned to a variables.</doc>
<msg timestamp="20211029 15:54:26.061" level="INFO">${element} = css=input[error="password is a required field"]</msg>
<status status="PASS" starttime="20211029 15:54:26.061" endtime="20211029 15:54:26.061"/>
</kw>
<kw name="Wait For Elements State" library="Browser">
<arg>${element}</arg>
<arg>visible</arg>
<arg>10</arg>
<tag>PageContent</tag>
<tag>Wait</tag>
<doc>Waits for the element found by ``selector`` to satisfy state option.</doc>
<msg timestamp="20211029 15:54:26.077" level="INFO">Wait for Element with selector: css=input[error="password is a required field"]</msg>
<status status="PASS" starttime="20211029 15:54:26.062" endtime="20211029 15:54:26.077"/>
</kw>
<status status="PASS" starttime="20211029 15:54:26.060" endtime="20211029 15:54:26.078"/>
</kw>
<kw name="Finish Test" library="Base" type="TEARDOWN">
<kw name="Take Screenshot" library="Browser">
<tag>PageContent</tag>
<doc>Takes a screenshot of the current window or element and saves it to disk.</doc>
<msg timestamp="20211029 15:54:26.271" level="INFO" html="true">&lt;/td&gt;&lt;/tr&gt;&lt;tr&gt;&lt;td colspan="3"&gt;&lt;a href="browser/screenshot/robotframework-browser-screenshot-5.png"&gt;&lt;img src="browser/screenshot/robotframework-browser-screenshot-5.png" width="800px"&gt;&lt;/a&gt;</msg>
<status status="PASS" starttime="20211029 15:54:26.079" endtime="20211029 15:54:26.271"/>
</kw>
<status status="PASS" starttime="20211029 15:54:26.079" endtime="20211029 15:54:26.271"/>
</kw>
<status status="PASS" starttime="20211029 15:54:25.849" endtime="20211029 15:54:26.274"/>
</test>
<doc>Login Tests</doc>
<status status="PASS" starttime="20211029 15:54:13.354" endtime="20211029 15:54:26.285"/>
</suite>
<status status="PASS" starttime="20211029 15:54:13.309" endtime="20211029 15:54:26.415"/>
</suite>
<statistics>
<total>
<stat pass="5" fail="0" skip="0">All Tests</stat>
</total>
<tag>
<stat pass="1" fail="0" skip="0">login</stat>
<stat pass="1" fail="0" skip="0">pass</stat>
</tag>
<suite>
<stat pass="5" fail="0" skip="0" id="s1" name="Tests">Tests</stat>
<stat pass="5" fail="0" skip="0" id="s1-s1" name="Login">Tests.Login</stat>
</suite>
</statistics>
<errors>
</errors>
</robot>
