<?xml version="1.0" encoding="UTF-8"?>
<robot generator="Robot 4.1.2 (Python 3.10.1 on win32)" generated="20220105 15:28:06.573" rpa="false" schemaversion="2">
<suite id="s1" name="Tests" source="C:\Luby\NeerHouse\QA\frontend\tests">
<suite id="s1-s1" name="5.CadastroClienteTests" source="C:\Luby\NeerHouse\QA\frontend\tests\5.CadastroClienteTests.robot">
<kw name="Start Session" library="Base" type="SETUP">
<kw name="New Browser" library="Browser">
<arg>chromium</arg>
<arg>False</arg>
<tag>BrowserControl</tag>
<tag>Setter</tag>
<doc>Create a new playwright Browser with specified options.</doc>
<msg timestamp="20220105 15:28:07.423" level="INFO">{"browser": "chromium", "headless": false, "handleSIGINT": true, "handleSIGTERM": true, "handleSIGHUP": true, "timeout": 30000.0, "devtools": false, "slowMo": 0.0, "tracesDir": "C:\\Luby\\NeerHouse\\QA\\frontend\\log\\browser\\traces\\5d9558f0-1c90-4e02-a933-886f252a8ae8"}</msg>
<msg timestamp="20220105 15:28:07.915" level="INFO">Successfully created browser with options: {"browser":"chromium","headless":false,"handleSIGINT":true,"handleSIGTERM":true,"handleSIGHUP":true,"timeout":30000,"devtools":false,"slowMo":0,"tracesDir":"C:\\Luby\\NeerHouse\\QA\\frontend\\log\\browser\\traces\\5d9558f0-1c90-4e02-a933-886f252a8ae8"}</msg>
<status status="PASS" starttime="20220105 15:28:07.422" endtime="20220105 15:28:07.915"/>
</kw>
<kw name="New Page" library="Browser">
<arg>https://neer.stag.dev.luby.com.br/</arg>
<tag>BrowserControl</tag>
<tag>Setter</tag>
<doc>Open a new Page.</doc>
<msg timestamp="20220105 15:28:12.038" level="INFO">Successfully initialized new page object and opened url: https://neer.stag.dev.luby.com.br/</msg>
<msg timestamp="20220105 15:28:12.038" level="INFO">No context was open. New context was automatically opened when this page is created.</msg>
<status status="PASS" starttime="20220105 15:28:07.915" endtime="20220105 15:28:12.039"/>
</kw>
<status status="PASS" starttime="20220105 15:28:07.422" endtime="20220105 15:28:12.039"/>
</kw>
<test id="s1-s1-t1" name="Cadastro Cliente Data Incompleta">
<kw name="Get DadosCad" library="Helpers">
<var>${DadosCad}</var>
<arg>CadClienteDataIncompleta</arg>
<kw name="Get File" library="OperatingSystem">
<var>${fixture}</var>
<arg>${EXECDIR}/resources/fixtures/DadosCad.json</arg>
<doc>Returns the contents of a specified file.</doc>
<msg timestamp="20220105 15:28:12.051" level="INFO" html="true">Getting file '&lt;a href="file://C:\Luby\NeerHouse\QA\frontend\resources\fixtures\DadosCad.json"&gt;C:\Luby\NeerHouse\QA\frontend\resources\fixtures\DadosCad.json&lt;/a&gt;'.</msg>
<msg timestamp="20220105 15:28:12.052" level="INFO">${fixture} = {   
    "Adm1": {
        "email": "emailteste12@teste.com"
        },

    "EmailBranco": {
        "email": ""
    },

    "Vazio": {
        "email": ""
    },

    "PermissaoBranco":{
        "em...</msg>
<status status="PASS" starttime="20220105 15:28:12.051" endtime="20220105 15:28:12.052"/>
</kw>
<kw name="Evaluate" library="BuiltIn">
<var>${json}</var>
<arg>json.loads($fixture)</arg>
<arg>json</arg>
<doc>Evaluates the given expression in Python and returns the result.</doc>
<msg timestamp="20220105 15:28:12.056" level="INFO">${json} = {'Adm1': {'email': 'emailteste12@teste.com'}, 'EmailBranco': {'email': ''}, 'Vazio': {'email': ''}, 'PermissaoBranco': {'email': 'email4@email.com'}, 'EmailInvalido': {'email': 'emailinvalido@'}, 'Cad...</msg>
<status status="PASS" starttime="20220105 15:28:12.052" endtime="20220105 15:28:12.056"/>
</kw>
<kw name="Set Variable" library="BuiltIn">
<var>${select_DadosCad}</var>
<arg>${json}[${DadosCad}]</arg>
<doc>Returns the given values which can then be assigned to a variables.</doc>
<msg timestamp="20220105 15:28:12.057" level="INFO">${select_DadosCad} = {'Name': 'Jõao da Silva', 'CPF': '12345678901', 'Email': 'joao@silva.com', 'DataNasc': '18/11/19', 'Telefone': '43112345678'}</msg>
<status status="PASS" starttime="20220105 15:28:12.056" endtime="20220105 15:28:12.057"/>
</kw>
<msg timestamp="20220105 15:28:12.057" level="INFO">${DadosCad} = {'Name': 'Jõao da Silva', 'CPF': '12345678901', 'Email': 'joao@silva.com', 'DataNasc': '18/11/19', 'Telefone': '43112345678'}</msg>
<status status="PASS" starttime="20220105 15:28:12.051" endtime="20220105 15:28:12.057"/>
</kw>
<kw name="Login Admin" library="CadAdm">
<kw name="Login With" library="LoginActions">
<arg>admin@email.com</arg>
<arg>12345678</arg>
<kw name="Fill Text" library="Browser">
<arg>id=email</arg>
<arg>${email}</arg>
<tag>PageContent</tag>
<tag>Setter</tag>
<doc>Clears and fills the given ``txt`` into the text field found by ``selector``.</doc>
<msg timestamp="20220105 15:28:12.058" level="INFO">Fills the text 'admin@email.com' in the given field.</msg>
<status status="PASS" starttime="20220105 15:28:12.058" endtime="20220105 15:28:12.112"/>
</kw>
<kw name="Fill Text" library="Browser">
<arg>id=password</arg>
<arg>${pass}</arg>
<tag>PageContent</tag>
<tag>Setter</tag>
<doc>Clears and fills the given ``txt`` into the text field found by ``selector``.</doc>
<msg timestamp="20220105 15:28:12.113" level="INFO">Fills the text '12345678' in the given field.</msg>
<status status="PASS" starttime="20220105 15:28:12.112" endtime="20220105 15:28:12.148"/>
</kw>
<kw name="Click" library="Browser">
<arg>text=Entrar</arg>
<tag>PageContent</tag>
<tag>Setter</tag>
<doc>Simulates mouse click on the element found by ``selector``.</doc>
<status status="PASS" starttime="20220105 15:28:12.148" endtime="20220105 15:28:13.621"/>
</kw>
<status status="PASS" starttime="20220105 15:28:12.058" endtime="20220105 15:28:13.621"/>
</kw>
<status status="PASS" starttime="20220105 15:28:12.057" endtime="20220105 15:28:13.621"/>
</kw>
<kw name="Go To CadCliente" library="CadClienteActions">
<kw name="Click" library="Browser">
<arg>text=Usuários</arg>
<tag>PageContent</tag>
<tag>Setter</tag>
<doc>Simulates mouse click on the element found by ``selector``.</doc>
<status status="PASS" starttime="20220105 15:28:13.623" endtime="20220105 15:28:15.141"/>
</kw>
<kw name="Click" library="Browser">
<arg>text=Gerenciar Clientes</arg>
<tag>PageContent</tag>
<tag>Setter</tag>
<doc>Simulates mouse click on the element found by ``selector``.</doc>
<status status="PASS" starttime="20220105 15:28:15.141" endtime="20220105 15:28:15.240"/>
</kw>
<kw name="Click" library="Browser">
<arg>text=Cadastrar</arg>
<tag>PageContent</tag>
<tag>Setter</tag>
<doc>Simulates mouse click on the element found by ``selector``.</doc>
<status status="PASS" starttime="20220105 15:28:15.240" endtime="20220105 15:28:15.690"/>
</kw>
<kw name="Get Text" library="Browser">
<arg>text="Cadastrar Cliente"</arg>
<tag>Assertion</tag>
<tag>Getter</tag>
<tag>PageContent</tag>
<doc>Returns text attribute of the element found by ``selector``.</doc>
<status status="PASS" starttime="20220105 15:28:15.690" endtime="20220105 15:28:15.945"/>
</kw>
<status status="PASS" starttime="20220105 15:28:13.623" endtime="20220105 15:28:15.945"/>
</kw>
<kw name="Submit Form Cliente" library="CadClienteActions">
<arg>${DadosCad}</arg>
<kw name="Fill Text" library="Browser">
<arg>id=name</arg>
<arg>${DadosCad}[Name]</arg>
<tag>PageContent</tag>
<tag>Setter</tag>
<doc>Clears and fills the given ``txt`` into the text field found by ``selector``.</doc>
<msg timestamp="20220105 15:28:15.946" level="INFO">Fills the text 'Jõao da Silva' in the given field.</msg>
<status status="PASS" starttime="20220105 15:28:15.946" endtime="20220105 15:28:15.974"/>
</kw>
<kw name="Fill Text" library="Browser">
<arg>xpath=//*[@id="root"]/main/div/main/div/div/form/div[2]/div[2]/div[1]/div/input</arg>
<arg>${DadosCad}[CPF]</arg>
<tag>PageContent</tag>
<tag>Setter</tag>
<doc>Clears and fills the given ``txt`` into the text field found by ``selector``.</doc>
<msg timestamp="20220105 15:28:15.974" level="INFO">Fills the text '12345678901' in the given field.</msg>
<status status="PASS" starttime="20220105 15:28:15.974" endtime="20220105 15:28:16.024"/>
</kw>
<kw name="Fill Text" library="Browser">
<arg>id=email</arg>
<arg>${DadosCad}[Email]</arg>
<tag>PageContent</tag>
<tag>Setter</tag>
<doc>Clears and fills the given ``txt`` into the text field found by ``selector``.</doc>
<msg timestamp="20220105 15:28:16.025" level="INFO">Fills the text 'joao@silva.com' in the given field.</msg>
<status status="PASS" starttime="20220105 15:28:16.024" endtime="20220105 15:28:16.056"/>
</kw>
<kw name="Click" library="Browser">
<arg>id=dateBirth</arg>
<tag>PageContent</tag>
<tag>Setter</tag>
<doc>Simulates mouse click on the element found by ``selector``.</doc>
<status status="PASS" starttime="20220105 15:28:16.056" endtime="20220105 15:28:16.500"/>
</kw>
<kw name="Fill Text" library="Browser">
<arg>id=dateBirth</arg>
<arg>${DadosCad}[DataNasc]</arg>
<tag>PageContent</tag>
<tag>Setter</tag>
<doc>Clears and fills the given ``txt`` into the text field found by ``selector``.</doc>
<msg timestamp="20220105 15:28:16.501" level="INFO">Fills the text '18/11/19' in the given field.</msg>
<status status="PASS" starttime="20220105 15:28:16.500" endtime="20220105 15:28:16.534"/>
</kw>
<kw name="Fill Text" library="Browser">
<arg>xpath=//*[@id="root"]/main/div/main/div/div/form/div[5]/div[2]/div[1]/div/input</arg>
<arg>${DadosCad}[Telefone]</arg>
<tag>PageContent</tag>
<tag>Setter</tag>
<doc>Clears and fills the given ``txt`` into the text field found by ``selector``.</doc>
<msg timestamp="20220105 15:28:16.535" level="INFO">Fills the text '43112345678' in the given field.</msg>
<status status="PASS" starttime="20220105 15:28:16.535" endtime="20220105 15:28:16.612"/>
</kw>
<kw name="Click" library="Browser">
<arg>text=Salvar</arg>
<tag>PageContent</tag>
<tag>Setter</tag>
<doc>Simulates mouse click on the element found by ``selector``.</doc>
<status status="PASS" starttime="20220105 15:28:16.612" endtime="20220105 15:28:16.994"/>
</kw>
<status status="PASS" starttime="20220105 15:28:15.946" endtime="20220105 15:28:16.994"/>
</kw>
<kw name="Click" library="Browser">
<arg>text=Salvar</arg>
<tag>PageContent</tag>
<tag>Setter</tag>
<doc>Simulates mouse click on the element found by ``selector``.</doc>
<status status="PASS" starttime="20220105 15:28:16.995" endtime="20220105 15:28:17.064"/>
</kw>
<kw name="Alert Date Incomplet" library="AlertMessage">
<kw name="Wait For Elements State" library="Browser">
<arg>text=Por favor, informe uma data válida</arg>
<arg>visible</arg>
<arg>10</arg>
<tag>PageContent</tag>
<tag>Wait</tag>
<doc>Waits for the element found by ``selector`` to satisfy state option.</doc>
<msg timestamp="20220105 15:28:17.079" level="INFO">Waited for Element with selector text=Por favor, informe uma data válida at state visible</msg>
<status status="PASS" starttime="20220105 15:28:17.065" endtime="20220105 15:28:17.079"/>
</kw>
<status status="PASS" starttime="20220105 15:28:17.065" endtime="20220105 15:28:17.079"/>
</kw>
<kw name="Finish Test" library="Base" type="TEARDOWN">
<kw name="Take Screenshot" library="Browser">
<tag>PageContent</tag>
<doc>Takes a screenshot of the current window or element and saves it to disk.</doc>
<msg timestamp="20220105 15:28:17.231" level="INFO" html="true">&lt;/td&gt;&lt;/tr&gt;&lt;tr&gt;&lt;td colspan="3"&gt;&lt;a href="browser/screenshot/robotframework-browser-screenshot-1.png"&gt;&lt;img src="browser/screenshot/robotframework-browser-screenshot-1.png" width="800px"&gt;&lt;/a&gt;</msg>
<status status="PASS" starttime="20220105 15:28:17.081" endtime="20220105 15:28:17.231"/>
</kw>
<status status="PASS" starttime="20220105 15:28:17.081" endtime="20220105 15:28:17.232"/>
</kw>
<tag>CadcliDataNasc</tag>
<status status="PASS" starttime="20220105 15:28:12.039" endtime="20220105 15:28:17.232"/>
</test>
<doc>Cadastro Cliente Teste</doc>
<status status="PASS" starttime="20220105 15:28:06.602" endtime="20220105 15:28:17.242"/>
</suite>
<status status="PASS" starttime="20220105 15:28:06.574" endtime="20220105 15:28:17.320"/>
</suite>
<statistics>
<total>
<stat pass="1" fail="0" skip="0">All Tests</stat>
</total>
<tag>
<stat pass="1" fail="0" skip="0">CadcliDataNasc</stat>
</tag>
<suite>
<stat pass="1" fail="0" skip="0" id="s1" name="Tests">Tests</stat>
<stat pass="1" fail="0" skip="0" id="s1-s1" name="5.CadastroClienteTests">Tests.5.CadastroClienteTests</stat>
</suite>
</statistics>
<errors>
</errors>
</robot>
