<?xml version="1.0" encoding="UTF-8"?>
<robot generator="Robot 4.1 (Python 3.9.7 on win32)" generated="20211104 18:11:56.294" rpa="false" schemaversion="2">
<suite id="s1" name="Tests" source="C:\Luby\NeerHouse\QA\frontend\tests">
<suite id="s1-s1" name="CadastrosAdminTests" source="C:\Luby\NeerHouse\QA\frontend\tests\CadastrosAdminTests.robot">
<kw name="Start Session" type="SETUP">
<msg timestamp="20211104 18:11:56.355" level="FAIL">No keyword with name 'Start Session' found.</msg>
<status status="FAIL" starttime="20211104 18:11:56.355" endtime="20211104 18:11:56.355"/>
</kw>
<test id="s1-s1-t1" name="Cadastro admin com sucesso">
<tag>Cadastro</tag>
<status status="FAIL" starttime="20211104 18:11:56.355" endtime="20211104 18:11:56.356">Parent suite setup failed:
No keyword with name 'Start Session' found.</status>
</test>
<doc>Cadastro Tests</doc>
<status status="FAIL" starttime="20211104 18:11:56.345" endtime="20211104 18:11:56.361">Suite setup failed:
No keyword with name 'Start Session' found.</status>
</suite>
<status status="FAIL" starttime="20211104 18:11:56.299" endtime="20211104 18:11:56.367"/>
</suite>
<statistics>
<total>
<stat pass="0" fail="1" skip="0">All Tests</stat>
</total>
<tag>
<stat pass="0" fail="1" skip="0">Cadastro</stat>
</tag>
<suite>
<stat pass="0" fail="1" skip="0" id="s1" name="Tests">Tests</stat>
<stat pass="0" fail="1" skip="0" id="s1-s1" name="CadastrosAdminTests">Tests.CadastrosAdminTests</stat>
</suite>
</statistics>
<errors>
<msg timestamp="20211104 18:11:56.349" level="ERROR">Error in file 'C:\Luby\NeerHouse\QA\frontend\tests\CadastrosAdminTests.robot' on line 4: Resource file 'C:\Luby\NeerHouse\QA\frontend\resources\Login.robot' does not exist.</msg>
</errors>
</robot>
