<?xml version="1.0" encoding="UTF-8"?>
<robot generator="Robot 4.1.2 (Python 3.10.1 on win32)" generated="20211216 19:23:30.028" rpa="false" schemaversion="2">
<suite id="s1" name="Tests" source="C:\Luby\NeerHouse\QA\frontend\tests">
<suite id="s1-s1" name="4.CadastroLojistaTests" source="C:\Luby\NeerHouse\QA\frontend\tests\4.CadastroLojistaTests.robot">
<kw name="Start Session" library="Base" type="SETUP">
<kw name="New Browser" library="Browser">
<arg>chromium</arg>
<arg>False</arg>
<tag>BrowserControl</tag>
<tag>Setter</tag>
<doc>Create a new playwright Browser with specified options.</doc>
<msg timestamp="20211216 19:23:30.866" level="INFO">{"browser": "chromium", "headless": false, "handleSIGINT": true, "handleSIGTERM": true, "handleSIGHUP": true, "timeout": 30000.0, "devtools": false, "slowMo": 0.0, "tracesDir": "C:\\Luby\\NeerHouse\\QA\\frontend\\log\\browser\\traces\\2fbda75b-6cf7-4edb-9421-c01d42aac480"}</msg>
<msg timestamp="20211216 19:23:31.421" level="INFO">Successfully created browser with options: {"browser":"chromium","headless":false,"handleSIGINT":true,"handleSIGTERM":true,"handleSIGHUP":true,"timeout":30000,"devtools":false,"slowMo":0,"tracesDir":"C:\\Luby\\NeerHouse\\QA\\frontend\\log\\browser\\traces\\2fbda75b-6cf7-4edb-9421-c01d42aac480"}</msg>
<status status="PASS" starttime="20211216 19:23:30.865" endtime="20211216 19:23:31.421"/>
</kw>
<kw name="New Page" library="Browser">
<arg>https://neer.stag.dev.luby.com.br/</arg>
<tag>BrowserControl</tag>
<tag>Setter</tag>
<doc>Open a new Page.</doc>
<msg timestamp="20211216 19:23:36.083" level="INFO">Successfully initialized new page object and opened url: https://neer.stag.dev.luby.com.br/</msg>
<msg timestamp="20211216 19:23:36.083" level="INFO">No context was open. New context was automatically opened when this page is created.</msg>
<status status="PASS" starttime="20211216 19:23:31.422" endtime="20211216 19:23:36.083"/>
</kw>
<status status="PASS" starttime="20211216 19:23:30.865" endtime="20211216 19:23:36.084"/>
</kw>
<test id="s1-s1-t1" name="Email em branco">
<kw name="Get DadosCad" library="Helpers">
<var>${DadosCad}</var>
<arg>CadLogistaEmailBranco</arg>
<kw name="Get File" library="OperatingSystem">
<var>${fixture}</var>
<arg>${EXECDIR}/resources/fixtures/DadosCad.json</arg>
<doc>Returns the contents of a specified file.</doc>
<msg timestamp="20211216 19:23:36.094" level="INFO" html="true">Getting file '&lt;a href="file://C:\Luby\NeerHouse\QA\frontend\resources\fixtures\DadosCad.json"&gt;C:\Luby\NeerHouse\QA\frontend\resources\fixtures\DadosCad.json&lt;/a&gt;'.</msg>
<msg timestamp="20211216 19:23:36.094" level="INFO">${fixture} = {   
    "Adm1": {
        "email": "emailteste10@teste.com"
        },

    "EmailBranco": {
        "email": ""
    },

    "Vazio": {
        "email": ""
    },

    "PermissaoBranco":{
        "em...</msg>
<status status="PASS" starttime="20211216 19:23:36.094" endtime="20211216 19:23:36.094"/>
</kw>
<kw name="Evaluate" library="BuiltIn">
<var>${json}</var>
<arg>json.loads($fixture)</arg>
<arg>json</arg>
<doc>Evaluates the given expression in Python and returns the result.</doc>
<msg timestamp="20211216 19:23:36.099" level="INFO">${json} = {'Adm1': {'email': 'emailteste10@teste.com'}, 'EmailBranco': {'email': ''}, 'Vazio': {'email': ''}, 'PermissaoBranco': {'email': 'email2@email.com'}, 'EmailInvalido': {'email': 'emailinvalido@'}, 'Cad...</msg>
<status status="PASS" starttime="20211216 19:23:36.095" endtime="20211216 19:23:36.099"/>
</kw>
<kw name="Set Variable" library="BuiltIn">
<var>${select_DadosCad}</var>
<arg>${json}[${DadosCad}]</arg>
<doc>Returns the given values which can then be assigned to a variables.</doc>
<msg timestamp="20211216 19:23:36.099" level="INFO">${select_DadosCad} = {'nome': 'Loja4', 'email': '', 'phone': '43999999999', 'CPFCNPJ': '29451736000212', 'fantasia': 'loja4', 'cep': '72545-511', 'logradouro': 'Quadra SHIS QI 21 Conjunto', 'numero': '12', 'bairro': 'Seto...</msg>
<status status="PASS" starttime="20211216 19:23:36.099" endtime="20211216 19:23:36.099"/>
</kw>
<msg timestamp="20211216 19:23:36.100" level="INFO">${DadosCad} = {'nome': 'Loja4', 'email': '', 'phone': '43999999999', 'CPFCNPJ': '29451736000212', 'fantasia': 'loja4', 'cep': '72545-511', 'logradouro': 'Quadra SHIS QI 21 Conjunto', 'numero': '12', 'bairro': 'Seto...</msg>
<status status="PASS" starttime="20211216 19:23:36.093" endtime="20211216 19:23:36.100"/>
</kw>
<kw name="Login Admin" library="CadAdm">
<kw name="Login With" library="LoginActions">
<arg>admin@email.com</arg>
<arg>12345678</arg>
<kw name="Fill Text" library="Browser">
<arg>id=email</arg>
<arg>${email}</arg>
<tag>PageContent</tag>
<tag>Setter</tag>
<doc>Clears and fills the given ``txt`` into the text field found by ``selector``.</doc>
<msg timestamp="20211216 19:23:36.102" level="INFO">Fills the text 'admin@email.com' in the given field.</msg>
<status status="PASS" starttime="20211216 19:23:36.101" endtime="20211216 19:23:36.155"/>
</kw>
<kw name="Fill Text" library="Browser">
<arg>id=password</arg>
<arg>${pass}</arg>
<tag>PageContent</tag>
<tag>Setter</tag>
<doc>Clears and fills the given ``txt`` into the text field found by ``selector``.</doc>
<msg timestamp="20211216 19:23:36.156" level="INFO">Fills the text '12345678' in the given field.</msg>
<status status="PASS" starttime="20211216 19:23:36.155" endtime="20211216 19:23:36.189"/>
</kw>
<kw name="Click" library="Browser">
<arg>text=Entrar</arg>
<tag>PageContent</tag>
<tag>Setter</tag>
<doc>Simulates mouse click on the element found by ``selector``.</doc>
<status status="PASS" starttime="20211216 19:23:36.189" endtime="20211216 19:23:37.846"/>
</kw>
<status status="PASS" starttime="20211216 19:23:36.101" endtime="20211216 19:23:37.846"/>
</kw>
<status status="PASS" starttime="20211216 19:23:36.101" endtime="20211216 19:23:37.846"/>
</kw>
<kw name="Go To CadLojista" library="CadLojista">
<kw name="Click" library="Browser">
<arg>text=Usuários</arg>
<tag>PageContent</tag>
<tag>Setter</tag>
<doc>Simulates mouse click on the element found by ``selector``.</doc>
<status status="PASS" starttime="20211216 19:23:37.848" endtime="20211216 19:23:39.317"/>
</kw>
<kw name="Click" library="Browser">
<arg>text=Gerenciar Lojistas</arg>
<tag>PageContent</tag>
<tag>Setter</tag>
<doc>Simulates mouse click on the element found by ``selector``.</doc>
<status status="PASS" starttime="20211216 19:23:39.317" endtime="20211216 19:23:39.412"/>
</kw>
<kw name="Click" library="Browser">
<arg>text=Cadastrar</arg>
<tag>PageContent</tag>
<tag>Setter</tag>
<doc>Simulates mouse click on the element found by ``selector``.</doc>
<status status="PASS" starttime="20211216 19:23:39.413" endtime="20211216 19:23:40.003"/>
</kw>
<kw name="Get Text" library="Browser">
<arg>text="Cadastrar Lojista"</arg>
<tag>Assertion</tag>
<tag>Getter</tag>
<tag>PageContent</tag>
<doc>Returns text attribute of the element found by ``selector``.</doc>
<status status="PASS" starttime="20211216 19:23:40.003" endtime="20211216 19:23:40.267"/>
</kw>
<status status="PASS" starttime="20211216 19:23:37.847" endtime="20211216 19:23:40.267"/>
</kw>
<kw name="Submit Form CadLojista" library="CadLojista">
<arg>${DadosCad}</arg>
<kw name="Fill Text" library="Browser">
<arg>id=name</arg>
<arg>${DadosCad}[nome]</arg>
<tag>PageContent</tag>
<tag>Setter</tag>
<doc>Clears and fills the given ``txt`` into the text field found by ``selector``.</doc>
<msg timestamp="20211216 19:23:40.269" level="INFO">Fills the text 'Loja4' in the given field.</msg>
<status status="PASS" starttime="20211216 19:23:40.268" endtime="20211216 19:23:40.300"/>
</kw>
<kw name="Fill Text" library="Browser">
<arg>id=email</arg>
<arg>${DadosCad}[email]</arg>
<tag>PageContent</tag>
<tag>Setter</tag>
<doc>Clears and fills the given ``txt`` into the text field found by ``selector``.</doc>
<msg timestamp="20211216 19:23:40.300" level="INFO">Fills the text '' in the given field.</msg>
<status status="PASS" starttime="20211216 19:23:40.300" endtime="20211216 19:23:40.320"/>
</kw>
<kw name="Fill Text" library="Browser">
<arg>xpath=//*[@id="root"]/main/div/main/div/div/form/div[3]/div[2]/div[1]/div/input</arg>
<arg>${DadosCad}[phone]</arg>
<tag>PageContent</tag>
<tag>Setter</tag>
<doc>Clears and fills the given ``txt`` into the text field found by ``selector``.</doc>
<msg timestamp="20211216 19:23:40.321" level="INFO">Fills the text '43999999999' in the given field.</msg>
<status status="PASS" starttime="20211216 19:23:40.320" endtime="20211216 19:23:40.367"/>
</kw>
<kw name="Fill Text" library="Browser">
<arg>id=doc</arg>
<arg>${DadosCad}[CPFCNPJ]</arg>
<tag>PageContent</tag>
<tag>Setter</tag>
<doc>Clears and fills the given ``txt`` into the text field found by ``selector``.</doc>
<msg timestamp="20211216 19:23:40.368" level="INFO">Fills the text '29451736000212' in the given field.</msg>
<status status="PASS" starttime="20211216 19:23:40.367" endtime="20211216 19:23:40.417"/>
</kw>
<kw name="Fill Text" library="Browser">
<arg>id=tradingName</arg>
<arg>${DadosCad}[fantasia]</arg>
<tag>PageContent</tag>
<tag>Setter</tag>
<doc>Clears and fills the given ``txt`` into the text field found by ``selector``.</doc>
<msg timestamp="20211216 19:23:40.418" level="INFO">Fills the text 'loja4' in the given field.</msg>
<status status="PASS" starttime="20211216 19:23:40.418" endtime="20211216 19:23:40.454"/>
</kw>
<kw name="Fill Text" library="Browser">
<arg>xpath=//*[@id="root"]/main/div/main/div/div/form/div[7]/div[2]/div[1]/div/input</arg>
<arg>${DadosCad}[cep]</arg>
<tag>PageContent</tag>
<tag>Setter</tag>
<doc>Clears and fills the given ``txt`` into the text field found by ``selector``.</doc>
<msg timestamp="20211216 19:23:40.455" level="INFO">Fills the text '72545-511' in the given field.</msg>
<status status="PASS" starttime="20211216 19:23:40.454" endtime="20211216 19:23:40.505"/>
</kw>
<kw name="Fill Text" library="Browser">
<arg>id=address_street</arg>
<arg>${DadosCad}[logradouro]</arg>
<tag>PageContent</tag>
<tag>Setter</tag>
<doc>Clears and fills the given ``txt`` into the text field found by ``selector``.</doc>
<msg timestamp="20211216 19:23:40.506" level="INFO">Fills the text 'Quadra SHIS QI 21 Conjunto' in the given field.</msg>
<status status="PASS" starttime="20211216 19:23:40.505" endtime="20211216 19:23:40.551"/>
</kw>
<kw name="Fill Text" library="Browser">
<arg>id=address_number</arg>
<arg>${DadosCad}[numero]</arg>
<tag>PageContent</tag>
<tag>Setter</tag>
<doc>Clears and fills the given ``txt`` into the text field found by ``selector``.</doc>
<msg timestamp="20211216 19:23:40.551" level="INFO">Fills the text '12' in the given field.</msg>
<status status="PASS" starttime="20211216 19:23:40.551" endtime="20211216 19:23:40.589"/>
</kw>
<kw name="Fill Text" library="Browser">
<arg>id=address_district</arg>
<arg>${DadosCad}[bairro]</arg>
<tag>PageContent</tag>
<tag>Setter</tag>
<doc>Clears and fills the given ``txt`` into the text field found by ``selector``.</doc>
<msg timestamp="20211216 19:23:40.590" level="INFO">Fills the text 'Setor de Habitações Individuais Sul' in the given field.</msg>
<status status="PASS" starttime="20211216 19:23:40.590" endtime="20211216 19:23:40.626"/>
</kw>
<kw name="Click" library="Browser">
<arg>id=address_country</arg>
<tag>PageContent</tag>
<tag>Setter</tag>
<doc>Simulates mouse click on the element found by ``selector``.</doc>
<status status="PASS" starttime="20211216 19:23:40.627" endtime="20211216 19:23:40.813"/>
</kw>
<kw name="Click" library="Browser">
<arg>css=div[title=Brasil]</arg>
<tag>PageContent</tag>
<tag>Setter</tag>
<doc>Simulates mouse click on the element found by ``selector``.</doc>
<status status="PASS" starttime="20211216 19:23:40.814" endtime="20211216 19:23:41.073"/>
</kw>
<kw name="Click" library="Browser">
<arg>text=Salvar</arg>
<tag>PageContent</tag>
<tag>Setter</tag>
<doc>Simulates mouse click on the element found by ``selector``.</doc>
<status status="PASS" starttime="20211216 19:23:41.073" endtime="20211216 19:23:41.159"/>
</kw>
<status status="PASS" starttime="20211216 19:23:40.268" endtime="20211216 19:23:41.159"/>
</kw>
<kw name="Click" library="Browser">
<arg>text=Salvar</arg>
<tag>PageContent</tag>
<tag>Setter</tag>
<doc>Simulates mouse click on the element found by ``selector``.</doc>
<status status="PASS" starttime="20211216 19:23:41.160" endtime="20211216 19:23:41.269"/>
</kw>
<kw name="Alert Email Shold Be" library="AlertMessage">
<kw name="Wait For Elements State" library="Browser">
<arg>text=Por favor, insira E-mail</arg>
<arg>visible</arg>
<arg>10</arg>
<tag>PageContent</tag>
<tag>Wait</tag>
<doc>Waits for the element found by ``selector`` to satisfy state option.</doc>
<msg timestamp="20211216 19:23:41.299" level="INFO">Waited for Element with selector text=Por favor, insira E-mail at state visible</msg>
<status status="PASS" starttime="20211216 19:23:41.270" endtime="20211216 19:23:41.299"/>
</kw>
<status status="PASS" starttime="20211216 19:23:41.269" endtime="20211216 19:23:41.299"/>
</kw>
<kw name="Finish Test" library="Base" type="TEARDOWN">
<kw name="Take Screenshot" library="Browser">
<tag>PageContent</tag>
<doc>Takes a screenshot of the current window or element and saves it to disk.</doc>
<msg timestamp="20211216 19:23:41.475" level="INFO" html="true">&lt;/td&gt;&lt;/tr&gt;&lt;tr&gt;&lt;td colspan="3"&gt;&lt;a href="browser/screenshot/robotframework-browser-screenshot-1.png"&gt;&lt;img src="browser/screenshot/robotframework-browser-screenshot-1.png" width="800px"&gt;&lt;/a&gt;</msg>
<status status="PASS" starttime="20211216 19:23:41.300" endtime="20211216 19:23:41.476"/>
</kw>
<status status="PASS" starttime="20211216 19:23:41.300" endtime="20211216 19:23:41.476"/>
</kw>
<tag>CadLojistaEmailBranco</tag>
<status status="PASS" starttime="20211216 19:23:36.084" endtime="20211216 19:23:41.477"/>
</test>
<doc>CADASTRO LOJISTA TESTS</doc>
<status status="PASS" starttime="20211216 19:23:30.057" endtime="20211216 19:23:41.484"/>
</suite>
<status status="PASS" starttime="20211216 19:23:30.030" endtime="20211216 19:23:41.563"/>
</suite>
<statistics>
<total>
<stat pass="1" fail="0" skip="0">All Tests</stat>
</total>
<tag>
<stat pass="1" fail="0" skip="0">CadLojistaEmailBranco</stat>
</tag>
<suite>
<stat pass="1" fail="0" skip="0" id="s1" name="Tests">Tests</stat>
<stat pass="1" fail="0" skip="0" id="s1-s1" name="4.CadastroLojistaTests">Tests.4.CadastroLojistaTests</stat>
</suite>
</statistics>
<errors>
</errors>
</robot>
