<?xml version="1.0" encoding="UTF-8"?>
<robot generator="Robot 4.1 (Python 3.9.7 on win32)" generated="20211118 19:24:56.088" rpa="false" schemaversion="2">
<suite id="s1" name="Tests" source="C:\Luby\NeerHouse\QA\frontend\tests">
<suite id="s1-s1" name="CadastroClienteTests" source="C:\Luby\NeerHouse\QA\frontend\tests\CadastroClienteTests.robot">
<kw name="Start Session" library="Base" type="SETUP">
<kw name="New Browser" library="Browser">
<arg>chromium</arg>
<arg>False</arg>
<tag>BrowserControl</tag>
<tag>Setter</tag>
<doc>Create a new playwright Browser with specified options.</doc>
<msg timestamp="20211118 19:24:58.119" level="INFO">{"browser": "chromium", "headless": false, "handleSIGINT": true, "handleSIGTERM": true, "handleSIGHUP": true, "timeout": 30000.0, "devtools": false, "slowMo": 0.0, "tracesDir": "C:\\Luby\\NeerHouse\\QA\\frontend\\log\\browser\\traces\\34b8854f-8de9-474c-8e73-cf7a591b834c"}</msg>
<msg timestamp="20211118 19:25:02.198" level="INFO">Successfully created browser with options: {"browser":"chromium","headless":false,"handleSIGINT":true,"handleSIGTERM":true,"handleSIGHUP":true,"timeout":30000,"devtools":false,"slowMo":0,"tracesDir":"C:\\Luby\\NeerHouse\\QA\\frontend\\log\\browser\\traces\\34b8854f-8de9-474c-8e73-cf7a591b834c"}</msg>
<status status="PASS" starttime="20211118 19:24:58.118" endtime="20211118 19:25:02.199"/>
</kw>
<kw name="New Page" library="Browser">
<arg>https://neer.stag.dev.luby.com.br/</arg>
<tag>BrowserControl</tag>
<tag>Setter</tag>
<doc>Open a new Page. A Page is the Playwright equivalent to a tab.
See `Browser, Context and Page` for more information about Page concept.
Returns a stable identifier for the created page.</doc>
<msg timestamp="20211118 19:25:13.233" level="WARN">Keyword 'Take Screenshot' could not be run on failure:
Error: Tried to take screenshot, but no page was open.</msg>
<msg timestamp="20211118 19:25:13.242" level="FAIL">TimeoutError: page.goto: Timeout 10000ms exceeded.
=========================== logs ===========================
navigating to "https://neer.stag.dev.luby.com.br/", waiting until "load"
============================================================</msg>
<status status="FAIL" starttime="20211118 19:25:02.199" endtime="20211118 19:25:13.242"/>
</kw>
<status status="FAIL" starttime="20211118 19:24:58.117" endtime="20211118 19:25:13.243"/>
</kw>
<test id="s1-s1-t1" name="Cadastros Cliente Telefone Incompleta">
<tag>CadCliFoneIncompleto</tag>
<status status="FAIL" starttime="20211118 19:25:13.244" endtime="20211118 19:25:13.249">Parent suite setup failed:
TimeoutError: page.goto: Timeout 10000ms exceeded.
=========================== logs ===========================
navigating to "https://neer.stag.dev.luby.com.br/", waiting until "load"
============================================================</status>
</test>
<doc>Cadastro Cliente Teste</doc>
<status status="FAIL" starttime="20211118 19:24:56.140" endtime="20211118 19:25:13.260">Suite setup failed:
TimeoutError: page.goto: Timeout 10000ms exceeded.
=========================== logs ===========================
navigating to "https://neer.stag.dev.luby.com.br/", waiting until "load"
============================================================</status>
</suite>
<status status="FAIL" starttime="20211118 19:24:56.091" endtime="20211118 19:25:13.361"/>
</suite>
<statistics>
<total>
<stat pass="0" fail="1" skip="0">All Tests</stat>
</total>
<tag>
<stat pass="0" fail="1" skip="0">CadCliFoneIncompleto</stat>
</tag>
<suite>
<stat pass="0" fail="1" skip="0" id="s1" name="Tests">Tests</stat>
<stat pass="0" fail="1" skip="0" id="s1-s1" name="CadastroClienteTests">Tests.CadastroClienteTests</stat>
</suite>
</statistics>
<errors>
<msg timestamp="20211118 19:25:13.233" level="WARN">Keyword 'Take Screenshot' could not be run on failure:
Error: Tried to take screenshot, but no page was open.</msg>
</errors>
</robot>
