<?xml version="1.0" encoding="UTF-8"?>
<robot generator="Robot 4.1.2 (Python 3.10.1 on win32)" generated="20211215 17:19:52.806" rpa="false" schemaversion="2">
<suite id="s1" name="Tests" source="C:\Luby\NeerHouse\QA\frontend\tests">
<suite id="s1-s1" name="4.CadastroLojistaTests" source="C:\Luby\NeerHouse\QA\frontend\tests\4.CadastroLojistaTests.robot">
<kw name="Start Session" library="Base" type="SETUP">
<kw name="New Browser" library="Browser">
<arg>chromium</arg>
<arg>False</arg>
<tag>BrowserControl</tag>
<tag>Setter</tag>
<doc>Create a new playwright Browser with specified options.</doc>
<msg timestamp="20211215 17:19:53.641" level="INFO">{"browser": "chromium", "headless": false, "handleSIGINT": true, "handleSIGTERM": true, "handleSIGHUP": true, "timeout": 30000.0, "devtools": false, "slowMo": 0.0, "tracesDir": "C:\\Luby\\NeerHouse\\QA\\frontend\\log\\browser\\traces\\787e7248-a361-4bc2-8d8d-8e9670333097"}</msg>
<msg timestamp="20211215 17:19:54.221" level="INFO">Successfully created browser with options: {"browser":"chromium","headless":false,"handleSIGINT":true,"handleSIGTERM":true,"handleSIGHUP":true,"timeout":30000,"devtools":false,"slowMo":0,"tracesDir":"C:\\Luby\\NeerHouse\\QA\\frontend\\log\\browser\\traces\\787e7248-a361-4bc2-8d8d-8e9670333097"}</msg>
<status status="PASS" starttime="20211215 17:19:53.641" endtime="20211215 17:19:54.221"/>
</kw>
<kw name="New Page" library="Browser">
<arg>https://neer.stag.dev.luby.com.br/</arg>
<tag>BrowserControl</tag>
<tag>Setter</tag>
<doc>Open a new Page.</doc>
<msg timestamp="20211215 17:19:58.431" level="INFO">Successfully initialized new page object and opened url: https://neer.stag.dev.luby.com.br/</msg>
<msg timestamp="20211215 17:19:58.431" level="INFO">No context was open. New context was automatically opened when this page is created.</msg>
<status status="PASS" starttime="20211215 17:19:54.222" endtime="20211215 17:19:58.431"/>
</kw>
<status status="PASS" starttime="20211215 17:19:53.641" endtime="20211215 17:19:58.431"/>
</kw>
<test id="s1-s1-t1" name="Cadastro Lojista Sucesso Obrigatorio">
<kw name="Get DadosCad" library="Helpers">
<var>${DadosCad}</var>
<arg>CadLojista</arg>
<kw name="Get File" library="OperatingSystem">
<var>${fixture}</var>
<arg>${EXECDIR}/resources/fixtures/DadosCad.json</arg>
<doc>Returns the contents of a specified file.</doc>
<msg timestamp="20211215 17:19:58.440" level="INFO" html="true">Getting file '&lt;a href="file://C:\Luby\NeerHouse\QA\frontend\resources\fixtures\DadosCad.json"&gt;C:\Luby\NeerHouse\QA\frontend\resources\fixtures\DadosCad.json&lt;/a&gt;'.</msg>
<msg timestamp="20211215 17:19:58.441" level="INFO">${fixture} = {   
    "Adm1": {
        "email": "emailteste10@teste.com"
        },

    "EmailBranco": {
        "email": ""
    },

    "Vazio": {
        "email": ""
    },

    "PermissaoBranco":{
        "em...</msg>
<status status="PASS" starttime="20211215 17:19:58.440" endtime="20211215 17:19:58.441"/>
</kw>
<kw name="Evaluate" library="BuiltIn">
<var>${json}</var>
<arg>json.loads($fixture)</arg>
<arg>json</arg>
<doc>Evaluates the given expression in Python and returns the result.</doc>
<msg timestamp="20211215 17:19:58.444" level="INFO">${json} = {'Adm1': {'email': 'emailteste10@teste.com'}, 'EmailBranco': {'email': ''}, 'Vazio': {'email': ''}, 'PermissaoBranco': {'email': 'email2@email.com'}, 'EmailInvalido': {'email': 'emailinvalido@'}, 'Cad...</msg>
<status status="PASS" starttime="20211215 17:19:58.441" endtime="20211215 17:19:58.444"/>
</kw>
<kw name="Set Variable" library="BuiltIn">
<var>${select_DadosCad}</var>
<arg>${json}[${DadosCad}]</arg>
<doc>Returns the given values which can then be assigned to a variables.</doc>
<msg timestamp="20211215 17:19:58.445" level="INFO">${select_DadosCad} = {'nome': 'Loja1', 'email': 'lojista@email.com', 'phone': '43999999999', 'CPFCNPJ': '29476736000112', 'fantasia': 'loja1', 'cep': '57039815', 'logradouro': 'teste', 'numero': '123', 'bairro': 'CEntro',...</msg>
<status status="PASS" starttime="20211215 17:19:58.444" endtime="20211215 17:19:58.445"/>
</kw>
<msg timestamp="20211215 17:19:58.445" level="INFO">${DadosCad} = {'nome': 'Loja1', 'email': 'lojista@email.com', 'phone': '43999999999', 'CPFCNPJ': '29476736000112', 'fantasia': 'loja1', 'cep': '57039815', 'logradouro': 'teste', 'numero': '123', 'bairro': 'CEntro',...</msg>
<status status="PASS" starttime="20211215 17:19:58.439" endtime="20211215 17:19:58.445"/>
</kw>
<kw name="Login Admin" library="CadAdm">
<kw name="Login With" library="LoginActions">
<arg>admin@email.com</arg>
<arg>12345678</arg>
<kw name="Fill Text" library="Browser">
<arg>id=email</arg>
<arg>${email}</arg>
<tag>PageContent</tag>
<tag>Setter</tag>
<doc>Clears and fills the given ``txt`` into the text field found by ``selector``.</doc>
<msg timestamp="20211215 17:19:58.447" level="INFO">Fills the text 'admin@email.com' in the given field.</msg>
<status status="PASS" starttime="20211215 17:19:58.447" endtime="20211215 17:19:58.501"/>
</kw>
<kw name="Fill Text" library="Browser">
<arg>id=password</arg>
<arg>${pass}</arg>
<tag>PageContent</tag>
<tag>Setter</tag>
<doc>Clears and fills the given ``txt`` into the text field found by ``selector``.</doc>
<msg timestamp="20211215 17:19:58.502" level="INFO">Fills the text '12345678' in the given field.</msg>
<status status="PASS" starttime="20211215 17:19:58.501" endtime="20211215 17:19:58.535"/>
</kw>
<kw name="Click" library="Browser">
<arg>text=Entrar</arg>
<tag>PageContent</tag>
<tag>Setter</tag>
<doc>Simulates mouse click on the element found by ``selector``.</doc>
<status status="PASS" starttime="20211215 17:19:58.535" endtime="20211215 17:20:00.131"/>
</kw>
<status status="PASS" starttime="20211215 17:19:58.446" endtime="20211215 17:20:00.131"/>
</kw>
<status status="PASS" starttime="20211215 17:19:58.446" endtime="20211215 17:20:00.131"/>
</kw>
<kw name="Go To CadLojista" library="CadLojista">
<kw name="Click" library="Browser">
<arg>text=Usuários</arg>
<tag>PageContent</tag>
<tag>Setter</tag>
<doc>Simulates mouse click on the element found by ``selector``.</doc>
<status status="PASS" starttime="20211215 17:20:00.132" endtime="20211215 17:20:01.650"/>
</kw>
<kw name="Click" library="Browser">
<arg>text=Gerenciar Lojistas</arg>
<tag>PageContent</tag>
<tag>Setter</tag>
<doc>Simulates mouse click on the element found by ``selector``.</doc>
<status status="PASS" starttime="20211215 17:20:01.650" endtime="20211215 17:20:01.754"/>
</kw>
<kw name="Click" library="Browser">
<arg>text=Cadastrar</arg>
<tag>PageContent</tag>
<tag>Setter</tag>
<doc>Simulates mouse click on the element found by ``selector``.</doc>
<status status="PASS" starttime="20211215 17:20:01.754" endtime="20211215 17:20:02.155"/>
</kw>
<kw name="Get Text" library="Browser">
<arg>text="Cadastrar Lojista"</arg>
<tag>Assertion</tag>
<tag>Getter</tag>
<tag>PageContent</tag>
<doc>Returns text attribute of the element found by ``selector``.</doc>
<status status="PASS" starttime="20211215 17:20:02.155" endtime="20211215 17:20:02.428"/>
</kw>
<status status="PASS" starttime="20211215 17:20:00.132" endtime="20211215 17:20:02.428"/>
</kw>
<kw name="Submit Form CadLojista" library="CadLojista">
<arg>${DadosCad}</arg>
<kw name="Fill Text" library="Browser">
<arg>id=name</arg>
<arg>${DadosCad}[nome]</arg>
<tag>PageContent</tag>
<tag>Setter</tag>
<doc>Clears and fills the given ``txt`` into the text field found by ``selector``.</doc>
<msg timestamp="20211215 17:20:02.429" level="INFO">Fills the text 'Loja1' in the given field.</msg>
<status status="PASS" starttime="20211215 17:20:02.429" endtime="20211215 17:20:02.455"/>
</kw>
<kw name="Fill Text" library="Browser">
<arg>id=email</arg>
<arg>${DadosCad}[email]</arg>
<tag>PageContent</tag>
<tag>Setter</tag>
<doc>Clears and fills the given ``txt`` into the text field found by ``selector``.</doc>
<msg timestamp="20211215 17:20:02.456" level="INFO">Fills the text 'lojista@email.com' in the given field.</msg>
<status status="PASS" starttime="20211215 17:20:02.455" endtime="20211215 17:20:02.484"/>
</kw>
<kw name="Fill Text" library="Browser">
<arg>xpath=//*[@id="root"]/main/div/main/div/div/form/div[3]/div[2]/div[1]/div/input</arg>
<arg>${DadosCad}[phone]</arg>
<tag>PageContent</tag>
<tag>Setter</tag>
<doc>Clears and fills the given ``txt`` into the text field found by ``selector``.</doc>
<msg timestamp="20211215 17:20:02.484" level="INFO">Fills the text '43999999999' in the given field.</msg>
<status status="PASS" starttime="20211215 17:20:02.484" endtime="20211215 17:20:02.532"/>
</kw>
<kw name="Fill Text" library="Browser">
<arg>id=doc</arg>
<arg>${DadosCad}[CPFCNPJ]</arg>
<tag>PageContent</tag>
<tag>Setter</tag>
<doc>Clears and fills the given ``txt`` into the text field found by ``selector``.</doc>
<msg timestamp="20211215 17:20:02.532" level="INFO">Fills the text '29476736000112' in the given field.</msg>
<status status="PASS" starttime="20211215 17:20:02.532" endtime="20211215 17:20:02.584"/>
</kw>
<kw name="Fill Text" library="Browser">
<arg>id=tradingName</arg>
<arg>${DadosCad}[fantasia]</arg>
<tag>PageContent</tag>
<tag>Setter</tag>
<doc>Clears and fills the given ``txt`` into the text field found by ``selector``.</doc>
<msg timestamp="20211215 17:20:02.585" level="INFO">Fills the text 'loja1' in the given field.</msg>
<status status="PASS" starttime="20211215 17:20:02.585" endtime="20211215 17:20:02.626"/>
</kw>
<kw name="Fill Text" library="Browser">
<arg>xpath=//*[@id="root"]/main/div/main/div/div/form/div[7]/div[2]/div[1]/div/input</arg>
<arg>${DadosCad}[cep]</arg>
<tag>PageContent</tag>
<tag>Setter</tag>
<doc>Clears and fills the given ``txt`` into the text field found by ``selector``.</doc>
<msg timestamp="20211215 17:20:02.627" level="INFO">Fills the text '57039815' in the given field.</msg>
<status status="PASS" starttime="20211215 17:20:02.626" endtime="20211215 17:20:02.671"/>
</kw>
<kw name="Fill Text" library="Browser">
<arg>id=address_street</arg>
<arg>${DadosCad}[logradouro]</arg>
<tag>PageContent</tag>
<tag>Setter</tag>
<doc>Clears and fills the given ``txt`` into the text field found by ``selector``.</doc>
<msg timestamp="20211215 17:20:02.672" level="INFO">Fills the text 'teste' in the given field.</msg>
<status status="PASS" starttime="20211215 17:20:02.672" endtime="20211215 17:20:02.707"/>
</kw>
<kw name="Fill Text" library="Browser">
<arg>id=address_number</arg>
<arg>${DadosCad}[numero]</arg>
<tag>PageContent</tag>
<tag>Setter</tag>
<doc>Clears and fills the given ``txt`` into the text field found by ``selector``.</doc>
<msg timestamp="20211215 17:20:02.708" level="INFO">Fills the text '123' in the given field.</msg>
<status status="PASS" starttime="20211215 17:20:02.707" endtime="20211215 17:20:02.746"/>
</kw>
<kw name="Fill Text" library="Browser">
<arg>id=address_city</arg>
<arg>${DadosCad}[Cidade]</arg>
<tag>PageContent</tag>
<tag>Setter</tag>
<doc>Clears and fills the given ``txt`` into the text field found by ``selector``.</doc>
<msg timestamp="20211215 17:20:02.747" level="INFO">Fills the text 'BOA' in the given field.</msg>
<status status="PASS" starttime="20211215 17:20:02.746" endtime="20211215 17:20:02.785"/>
</kw>
<status status="PASS" starttime="20211215 17:20:02.428" endtime="20211215 17:20:02.785"/>
</kw>
<kw name="Click" library="Browser">
<arg>id=address_country</arg>
<tag>PageContent</tag>
<tag>Setter</tag>
<doc>Simulates mouse click on the element found by ``selector``.</doc>
<status status="PASS" starttime="20211215 17:20:02.786" endtime="20211215 17:20:02.982"/>
</kw>
<kw name="Click" library="Browser">
<arg>text=Brasil</arg>
<tag>PageContent</tag>
<tag>Setter</tag>
<doc>Simulates mouse click on the element found by ``selector``.</doc>
<msg timestamp="20211215 17:20:03.232" level="INFO" html="true">&lt;/td&gt;&lt;/tr&gt;&lt;tr&gt;&lt;td colspan="3"&gt;&lt;a href="browser/screenshot/fail-screenshot-1.png"&gt;&lt;img src="browser/screenshot/fail-screenshot-1.png" width="800px"&gt;&lt;/a&gt;</msg>
<msg timestamp="20211215 17:20:03.234" level="FAIL">Error: locator.click: Error: strict mode violation: "text=Brasil" resolved to 2 elements:
    1) &lt;div role="option" aria-label="Brasil" aria-selected=…&gt;Brasil&lt;/div&gt; aka playwright.$("text=Brasil")
    2) &lt;div class="ant-select-item-option-content"&gt;Brasil&lt;/div&gt; aka playwright.$(":nth-match(:text("Brasil"), 2)")

=========================== logs ===========================
waiting for selector "text=Brasil"
  strict mode violation: "text=Brasil" resolved to 2 elements:
    1) &lt;div role="option" aria-label="Brasil" aria-selected=…&gt;Brasil&lt;/div&gt; aka playwright.$("text=Brasil")
    2) &lt;div class="ant-select-item-option-content"&gt;Brasil&lt;/div&gt; aka playwright.$(":nth-match(:text("Brasil"), 2)")

============================================================</msg>
<status status="FAIL" starttime="20211215 17:20:02.983" endtime="20211215 17:20:03.234"/>
</kw>
<kw name="Click" library="Browser">
<arg>id=address_state</arg>
<tag>PageContent</tag>
<tag>Setter</tag>
<doc>Simulates mouse click on the element found by ``selector``.</doc>
<status status="NOT RUN" starttime="20211215 17:20:03.235" endtime="20211215 17:20:03.235"/>
</kw>
<kw name="Click" library="Browser">
<arg>text=PR</arg>
<tag>PageContent</tag>
<tag>Setter</tag>
<doc>Simulates mouse click on the element found by ``selector``.</doc>
<status status="NOT RUN" starttime="20211215 17:20:03.236" endtime="20211215 17:20:03.236"/>
</kw>
<kw name="Click" library="Browser">
<arg>xpath=/html/body/div[1]/main/div/main/form/footer[2]/button[1]</arg>
<tag>PageContent</tag>
<tag>Setter</tag>
<doc>Simulates mouse click on the element found by ``selector``.</doc>
<status status="NOT RUN" starttime="20211215 17:20:03.237" endtime="20211215 17:20:03.237"/>
</kw>
<kw name="Finish Test" library="Base" type="TEARDOWN">
<kw name="Take Screenshot" library="Browser">
<tag>PageContent</tag>
<doc>Takes a screenshot of the current window or element and saves it to disk.</doc>
<msg timestamp="20211215 17:20:03.405" level="INFO" html="true">&lt;/td&gt;&lt;/tr&gt;&lt;tr&gt;&lt;td colspan="3"&gt;&lt;a href="browser/screenshot/robotframework-browser-screenshot-1.png"&gt;&lt;img src="browser/screenshot/robotframework-browser-screenshot-1.png" width="800px"&gt;&lt;/a&gt;</msg>
<status status="PASS" starttime="20211215 17:20:03.238" endtime="20211215 17:20:03.405"/>
</kw>
<status status="PASS" starttime="20211215 17:20:03.238" endtime="20211215 17:20:03.405"/>
</kw>
<tag>CadLojista</tag>
<status status="FAIL" starttime="20211215 17:19:58.431" endtime="20211215 17:20:03.406">Error: locator.click: Error: strict mode violation: "text=Brasil" resolved to 2 elements:
    1) &lt;div role="option" aria-label="Brasil" aria-selected=…&gt;Brasil&lt;/div&gt; aka playwright.$("text=Brasil")
    2) &lt;div class="ant-select-item-option-content"&gt;Brasil&lt;/div&gt; aka playwright.$(":nth-match(:text("Brasil"), 2)")

=========================== logs ===========================
waiting for selector "text=Brasil"
  strict mode violation: "text=Brasil" resolved to 2 elements:
    1) &lt;div role="option" aria-label="Brasil" aria-selected=…&gt;Brasil&lt;/div&gt; aka playwright.$("text=Brasil")
    2) &lt;div class="ant-select-item-option-content"&gt;Brasil&lt;/div&gt; aka playwright.$(":nth-match(:text("Brasil"), 2)")

============================================================</status>
</test>
<doc>CADASTRO LOJISTA TESTS</doc>
<status status="FAIL" starttime="20211215 17:19:52.834" endtime="20211215 17:20:03.416"/>
</suite>
<status status="FAIL" starttime="20211215 17:19:52.807" endtime="20211215 17:20:03.488"/>
</suite>
<statistics>
<total>
<stat pass="0" fail="1" skip="0">All Tests</stat>
</total>
<tag>
<stat pass="0" fail="1" skip="0">CadLojista</stat>
</tag>
<suite>
<stat pass="0" fail="1" skip="0" id="s1" name="Tests">Tests</stat>
<stat pass="0" fail="1" skip="0" id="s1-s1" name="4.CadastroLojistaTests">Tests.4.CadastroLojistaTests</stat>
</suite>
</statistics>
<errors>
</errors>
</robot>
