<?xml version="1.0" encoding="UTF-8"?>
<robot generator="Robot 4.1 (Python 3.9.7 on win32)" generated="20211112 17:54:29.478" rpa="false" schemaversion="2">
<suite id="s1" name="Tests" source="C:\Luby\NeerHouse\QA\frontend\tests">
<suite id="s1-s1" name="CadastroLojistaTests" source="C:\Luby\NeerHouse\QA\frontend\tests\CadastroLojistaTests.robot">
<kw name="Start Session" library="Base" type="SETUP">
<kw name="New Browser" library="Browser">
<arg>chromium</arg>
<arg>False</arg>
<tag>BrowserControl</tag>
<tag>Setter</tag>
<doc>Create a new playwright Browser with specified options.</doc>
<msg timestamp="20211112 17:54:31.209" level="INFO">{"browser": "chromium", "headless": false, "handleSIGINT": true, "handleSIGTERM": true, "handleSIGHUP": true, "timeout": 30000.0, "devtools": false, "slowMo": 0.0, "tracesDir": "C:\\Luby\\NeerHouse\\QA\\frontend\\log\\browser\\traces\\5a406fda-4e83-4e9d-98cf-4c09e99d7e75"}</msg>
<msg timestamp="20211112 17:54:32.566" level="INFO">Successfully created browser with options: {"browser":"chromium","headless":false,"handleSIGINT":true,"handleSIGTERM":true,"handleSIGHUP":true,"timeout":30000,"devtools":false,"slowMo":0,"tracesDir":"C:\\Luby\\NeerHouse\\QA\\frontend\\log\\browser\\traces\\5a406fda-4e83-4e9d-98cf-4c09e99d7e75"}</msg>
<status status="PASS" starttime="20211112 17:54:31.208" endtime="20211112 17:54:32.566"/>
</kw>
<kw name="New Page" library="Browser">
<arg>https://neer.stag.dev.luby.com.br/</arg>
<tag>BrowserControl</tag>
<tag>Setter</tag>
<doc>Open a new Page. A Page is the Playwright equivalent to a tab.
See `Browser, Context and Page` for more information about Page concept.
Returns a stable identifier for the created page.</doc>
<msg timestamp="20211112 17:54:36.158" level="INFO">Successfully initialized new page object and opened url: https://neer.stag.dev.luby.com.br/</msg>
<msg timestamp="20211112 17:54:36.158" level="INFO">No context was open. New context was automatically opened when this page is created.</msg>
<status status="PASS" starttime="20211112 17:54:32.567" endtime="20211112 17:54:36.158"/>
</kw>
<status status="PASS" starttime="20211112 17:54:31.207" endtime="20211112 17:54:36.159"/>
</kw>
<test id="s1-s1-t1" name="Login admin">
<kw name="Login Admin" library="CadAdm">
<kw name="Login With" library="LoginActions">
<arg>admin@email.com</arg>
<arg>12345678</arg>
<kw name="Fill Text" library="Browser">
<arg>id=email</arg>
<arg>${email}</arg>
<tag>PageContent</tag>
<tag>Setter</tag>
<doc>Clears and fills the given ``txt`` into the text field found by ``selector``.</doc>
<msg timestamp="20211112 17:54:36.329" level="INFO">Fills the text 'admin@email.com' in the given field.</msg>
<status status="PASS" starttime="20211112 17:54:36.329" endtime="20211112 17:54:37.706"/>
</kw>
<kw name="Fill Text" library="Browser">
<arg>id=password</arg>
<arg>${pass}</arg>
<tag>PageContent</tag>
<tag>Setter</tag>
<doc>Clears and fills the given ``txt`` into the text field found by ``selector``.</doc>
<msg timestamp="20211112 17:54:37.707" level="INFO">Fills the text '12345678' in the given field.</msg>
<status status="PASS" starttime="20211112 17:54:37.707" endtime="20211112 17:54:37.785"/>
</kw>
<kw name="Click" library="Browser">
<arg>text=Entrar</arg>
<tag>PageContent</tag>
<tag>Setter</tag>
<doc>Simulates mouse click on the element found by ``selector``.</doc>
<status status="PASS" starttime="20211112 17:54:37.785" endtime="20211112 17:54:40.349"/>
</kw>
<status status="PASS" starttime="20211112 17:54:36.328" endtime="20211112 17:54:40.349"/>
</kw>
<status status="PASS" starttime="20211112 17:54:36.327" endtime="20211112 17:54:40.349"/>
</kw>
<kw name="Finish Test" library="Base" type="TEARDOWN">
<kw name="Take Screenshot" library="Browser">
<tag>PageContent</tag>
<doc>Takes a screenshot of the current window or element and saves it to disk.</doc>
<msg timestamp="20211112 17:54:40.578" level="INFO" html="true">&lt;/td&gt;&lt;/tr&gt;&lt;tr&gt;&lt;td colspan="3"&gt;&lt;a href="browser/screenshot/robotframework-browser-screenshot-1.png"&gt;&lt;img src="browser/screenshot/robotframework-browser-screenshot-1.png" width="800px"&gt;&lt;/a&gt;</msg>
<status status="PASS" starttime="20211112 17:54:40.352" endtime="20211112 17:54:40.578"/>
</kw>
<status status="PASS" starttime="20211112 17:54:40.350" endtime="20211112 17:54:40.579"/>
</kw>
<status status="PASS" starttime="20211112 17:54:36.159" endtime="20211112 17:54:40.579"/>
</test>
<test id="s1-s1-t2" name="Cadastro Lojista Sucesso Obrigatorio">
<kw name="Get DadosCad" library="Helpers">
<var>${DadosCad}</var>
<arg>CadLojista</arg>
<kw name="Get File" library="OperatingSystem">
<var>${fixture}</var>
<arg>${EXECDIR}/resources/fixtures/DadosCad.json</arg>
<doc>Returns the contents of a specified file.</doc>
<msg timestamp="20211112 17:54:40.605" level="INFO" html="true">Getting file '&lt;a href="file://C:\Luby\NeerHouse\QA\frontend\resources\fixtures\DadosCad.json"&gt;C:\Luby\NeerHouse\QA\frontend\resources\fixtures\DadosCad.json&lt;/a&gt;'.</msg>
<msg timestamp="20211112 17:54:40.606" level="INFO">${fixture} = {   
    "Adm1": {
        "email": "emailteste@teste.com",
        "permissao" :"Admin"
    },

    "EmailBranco": {
        "email": "",
        "permissao" :"SysAdmin"
    },

    "Vazio": {
      ...</msg>
<status status="PASS" starttime="20211112 17:54:40.604" endtime="20211112 17:54:40.606"/>
</kw>
<kw name="Evaluate" library="BuiltIn">
<var>${json}</var>
<arg>json.loads($fixture)</arg>
<arg>json</arg>
<doc>Evaluates the given expression in Python and returns the result.</doc>
<msg timestamp="20211112 17:54:40.612" level="INFO">${json} = {'Adm1': {'email': 'emailteste@teste.com', 'permissao': 'Admin'}, 'EmailBranco': {'email': '', 'permissao': 'SysAdmin'}, 'Vazio': {'email': '', 'permissao': ''}, 'PermissaoBranco': {'email': 'email2@e...</msg>
<status status="PASS" starttime="20211112 17:54:40.606" endtime="20211112 17:54:40.612"/>
</kw>
<kw name="Set Variable" library="BuiltIn">
<var>${select_DadosCad}</var>
<arg>${json}[${DadosCad}]</arg>
<doc>Returns the given values which can then be assigned to a variables.</doc>
<msg timestamp="20211112 17:54:40.613" level="INFO">${select_DadosCad} = {'email': 'lojista@email.com', 'phone': '43999999999'}</msg>
<status status="PASS" starttime="20211112 17:54:40.612" endtime="20211112 17:54:40.613"/>
</kw>
<msg timestamp="20211112 17:54:40.613" level="INFO">${DadosCad} = {'email': 'lojista@email.com', 'phone': '43999999999'}</msg>
<status status="PASS" starttime="20211112 17:54:40.603" endtime="20211112 17:54:40.613"/>
</kw>
<kw name="Go To CadLojista" library="CadLojista">
<kw name="Click" library="Browser">
<arg>text=Usuários</arg>
<tag>PageContent</tag>
<tag>Setter</tag>
<doc>Simulates mouse click on the element found by ``selector``.</doc>
<status status="PASS" starttime="20211112 17:54:40.614" endtime="20211112 17:54:42.012"/>
</kw>
<kw name="Click" library="Browser">
<arg>xpath=/html/body/div[1]/main/div/aside/div[1]/div[2]/ul/li/ul/ul/li/ul/li[2]/ul/li[1]/span</arg>
<tag>PageContent</tag>
<tag>Setter</tag>
<doc>Simulates mouse click on the element found by ``selector``.</doc>
<status status="PASS" starttime="20211112 17:54:42.012" endtime="20211112 17:54:42.183"/>
</kw>
<kw name="Get Text" library="Browser">
<arg>text="Cadastrar Lojista"</arg>
<tag>Assertion</tag>
<tag>Getter</tag>
<tag>PageContent</tag>
<doc>Returns text attribute of the element found by ``selector``.</doc>
<status status="PASS" starttime="20211112 17:54:42.185" endtime="20211112 17:54:42.454"/>
</kw>
<status status="PASS" starttime="20211112 17:54:40.614" endtime="20211112 17:54:42.455"/>
</kw>
<kw name="Submit Form CadLojista" library="CadLojista">
<arg>${DadosCad}</arg>
<kw name="Fill Text" library="Browser">
<arg>id=email</arg>
<arg>${DadosCad}[email]</arg>
<tag>PageContent</tag>
<tag>Setter</tag>
<doc>Clears and fills the given ``txt`` into the text field found by ``selector``.</doc>
<msg timestamp="20211112 17:54:42.457" level="INFO">Fills the text 'lojista@email.com' in the given field.</msg>
<status status="PASS" starttime="20211112 17:54:42.456" endtime="20211112 17:54:42.494"/>
</kw>
<kw name="Fill Text" library="Browser">
<arg>id=phone</arg>
<arg>${DadosCad}[phone]</arg>
<tag>PageContent</tag>
<tag>Setter</tag>
<doc>Clears and fills the given ``txt`` into the text field found by ``selector``.</doc>
<msg timestamp="20211112 17:54:42.495" level="INFO">Fills the text '43999999999' in the given field.</msg>
<status status="PASS" starttime="20211112 17:54:42.494" endtime="20211112 17:54:42.563"/>
</kw>
<status status="PASS" starttime="20211112 17:54:42.455" endtime="20211112 17:54:42.564"/>
</kw>
<kw name="Click" library="Browser">
<arg>xpath=/html/body/div[1]/main/div/main/form/footer[2]/button[1]</arg>
<tag>PageContent</tag>
<tag>Setter</tag>
<doc>Simulates mouse click on the element found by ``selector``.</doc>
<status status="PASS" starttime="20211112 17:54:42.564" endtime="20211112 17:54:42.730"/>
</kw>
<kw name="Finish Test" library="Base" type="TEARDOWN">
<kw name="Take Screenshot" library="Browser">
<tag>PageContent</tag>
<doc>Takes a screenshot of the current window or element and saves it to disk.</doc>
<msg timestamp="20211112 17:54:42.888" level="INFO" html="true">&lt;/td&gt;&lt;/tr&gt;&lt;tr&gt;&lt;td colspan="3"&gt;&lt;a href="browser/screenshot/robotframework-browser-screenshot-2.png"&gt;&lt;img src="browser/screenshot/robotframework-browser-screenshot-2.png" width="800px"&gt;&lt;/a&gt;</msg>
<status status="PASS" starttime="20211112 17:54:42.733" endtime="20211112 17:54:42.888"/>
</kw>
<status status="PASS" starttime="20211112 17:54:42.731" endtime="20211112 17:54:42.888"/>
</kw>
<tag>CadLojista</tag>
<status status="PASS" starttime="20211112 17:54:40.592" endtime="20211112 17:54:42.889"/>
</test>
<test id="s1-s1-t3" name="Cadastro Lojista Sucesso Completo">
<kw name="Get DadosCad" library="Helpers">
<var>${DadosCad}</var>
<arg>CadLojistaCompleto</arg>
<kw name="Get File" library="OperatingSystem">
<var>${fixture}</var>
<arg>${EXECDIR}/resources/fixtures/DadosCad.json</arg>
<doc>Returns the contents of a specified file.</doc>
<msg timestamp="20211112 17:54:42.910" level="INFO" html="true">Getting file '&lt;a href="file://C:\Luby\NeerHouse\QA\frontend\resources\fixtures\DadosCad.json"&gt;C:\Luby\NeerHouse\QA\frontend\resources\fixtures\DadosCad.json&lt;/a&gt;'.</msg>
<msg timestamp="20211112 17:54:42.911" level="INFO">${fixture} = {   
    "Adm1": {
        "email": "emailteste@teste.com",
        "permissao" :"Admin"
    },

    "EmailBranco": {
        "email": "",
        "permissao" :"SysAdmin"
    },

    "Vazio": {
      ...</msg>
<status status="PASS" starttime="20211112 17:54:42.910" endtime="20211112 17:54:42.911"/>
</kw>
<kw name="Evaluate" library="BuiltIn">
<var>${json}</var>
<arg>json.loads($fixture)</arg>
<arg>json</arg>
<doc>Evaluates the given expression in Python and returns the result.</doc>
<msg timestamp="20211112 17:54:42.912" level="INFO">${json} = {'Adm1': {'email': 'emailteste@teste.com', 'permissao': 'Admin'}, 'EmailBranco': {'email': '', 'permissao': 'SysAdmin'}, 'Vazio': {'email': '', 'permissao': ''}, 'PermissaoBranco': {'email': 'email2@e...</msg>
<status status="PASS" starttime="20211112 17:54:42.911" endtime="20211112 17:54:42.912"/>
</kw>
<kw name="Set Variable" library="BuiltIn">
<var>${select_DadosCad}</var>
<arg>${json}[${DadosCad}]</arg>
<doc>Returns the given values which can then be assigned to a variables.</doc>
<msg timestamp="20211112 17:54:42.912" level="INFO">${select_DadosCad} = {'email': 'lojista@email.com', 'phone': '43999999999', 'name': 'Nome Teste', 'doc': '06665666987', 'banco': '', 'agencia': 'xxxx', 'conta': '0000', 'pix': ''}</msg>
<status status="PASS" starttime="20211112 17:54:42.912" endtime="20211112 17:54:42.912"/>
</kw>
<msg timestamp="20211112 17:54:42.913" level="INFO">${DadosCad} = {'email': 'lojista@email.com', 'phone': '43999999999', 'name': 'Nome Teste', 'doc': '06665666987', 'banco': '', 'agencia': 'xxxx', 'conta': '0000', 'pix': ''}</msg>
<status status="PASS" starttime="20211112 17:54:42.909" endtime="20211112 17:54:42.913"/>
</kw>
<kw name="Go To CadLojista" library="CadLojista">
<kw name="Click" library="Browser">
<arg>text=Usuários</arg>
<tag>PageContent</tag>
<tag>Setter</tag>
<doc>Simulates mouse click on the element found by ``selector``.</doc>
<status status="PASS" starttime="20211112 17:54:42.914" endtime="20211112 17:54:43.006"/>
</kw>
<kw name="Click" library="Browser">
<arg>xpath=/html/body/div[1]/main/div/aside/div[1]/div[2]/ul/li/ul/ul/li/ul/li[2]/ul/li[1]/span</arg>
<tag>PageContent</tag>
<tag>Setter</tag>
<doc>Simulates mouse click on the element found by ``selector``.</doc>
<status status="PASS" starttime="20211112 17:54:43.006" endtime="20211112 17:54:43.192"/>
</kw>
<kw name="Get Text" library="Browser">
<arg>text="Cadastrar Lojista"</arg>
<tag>Assertion</tag>
<tag>Getter</tag>
<tag>PageContent</tag>
<doc>Returns text attribute of the element found by ``selector``.</doc>
<status status="PASS" starttime="20211112 17:54:43.193" endtime="20211112 17:54:43.232"/>
</kw>
<status status="PASS" starttime="20211112 17:54:42.914" endtime="20211112 17:54:43.232"/>
</kw>
<kw name="Dados Adicionais" library="CadLojista">
<kw name="Click" library="Browser">
<arg>css=div[tabindex="0"]</arg>
<tag>PageContent</tag>
<tag>Setter</tag>
<doc>Simulates mouse click on the element found by ``selector``.</doc>
<status status="PASS" starttime="20211112 17:54:43.233" endtime="20211112 17:54:43.356"/>
</kw>
<status status="PASS" starttime="20211112 17:54:43.233" endtime="20211112 17:54:43.356"/>
</kw>
<kw name="Submit Form CadLojistaCompleto" library="CadLojista">
<arg>${DadosCad}</arg>
<kw name="Fill Text" library="Browser">
<arg>id=email</arg>
<arg>${DadosCad}[email]</arg>
<tag>PageContent</tag>
<tag>Setter</tag>
<doc>Clears and fills the given ``txt`` into the text field found by ``selector``.</doc>
<msg timestamp="20211112 17:54:43.358" level="INFO">Fills the text 'lojista@email.com' in the given field.</msg>
<status status="PASS" starttime="20211112 17:54:43.358" endtime="20211112 17:54:43.434"/>
</kw>
<kw name="Fill Text" library="Browser">
<arg>id=phone</arg>
<arg>${DadosCad}[phone]</arg>
<tag>PageContent</tag>
<tag>Setter</tag>
<doc>Clears and fills the given ``txt`` into the text field found by ``selector``.</doc>
<msg timestamp="20211112 17:54:43.435" level="INFO">Fills the text '43999999999' in the given field.</msg>
<status status="PASS" starttime="20211112 17:54:43.435" endtime="20211112 17:54:43.607"/>
</kw>
<kw name="Fill Text" library="Browser">
<arg>id=name</arg>
<arg>${DadosCad}[name]</arg>
<tag>PageContent</tag>
<tag>Setter</tag>
<doc>Clears and fills the given ``txt`` into the text field found by ``selector``.</doc>
<msg timestamp="20211112 17:54:43.609" level="INFO">Fills the text 'Nome Teste' in the given field.</msg>
<status status="PASS" starttime="20211112 17:54:43.608" endtime="20211112 17:54:43.729"/>
</kw>
<kw name="Fill Text" library="Browser">
<arg>id=doc</arg>
<arg>${DadosCad}[doc]</arg>
<tag>PageContent</tag>
<tag>Setter</tag>
<doc>Clears and fills the given ``txt`` into the text field found by ``selector``.</doc>
<msg timestamp="20211112 17:54:43.730" level="INFO">Fills the text '06665666987' in the given field.</msg>
<status status="PASS" starttime="20211112 17:54:43.729" endtime="20211112 17:54:43.821"/>
</kw>
<kw name="Fill Text" library="Browser">
<arg>id=bankAgency</arg>
<arg>${DadosCad}[agencia]</arg>
<tag>PageContent</tag>
<tag>Setter</tag>
<doc>Clears and fills the given ``txt`` into the text field found by ``selector``.</doc>
<msg timestamp="20211112 17:54:43.822" level="INFO">Fills the text 'xxxx' in the given field.</msg>
<status status="PASS" starttime="20211112 17:54:43.821" endtime="20211112 17:54:43.888"/>
</kw>
<kw name="Fill Text" library="Browser">
<arg>id=bankAccount</arg>
<arg>${DadosCad}[conta]</arg>
<tag>PageContent</tag>
<tag>Setter</tag>
<doc>Clears and fills the given ``txt`` into the text field found by ``selector``.</doc>
<msg timestamp="20211112 17:54:43.890" level="INFO">Fills the text '0000' in the given field.</msg>
<status status="PASS" starttime="20211112 17:54:43.889" endtime="20211112 17:54:43.943"/>
</kw>
<status status="PASS" starttime="20211112 17:54:43.357" endtime="20211112 17:54:43.943"/>
</kw>
<kw name="Click" library="Browser">
<arg>xpath=/html/body/div[1]/main/div/main/form/footer[2]/button[1]</arg>
<tag>PageContent</tag>
<tag>Setter</tag>
<doc>Simulates mouse click on the element found by ``selector``.</doc>
<status status="PASS" starttime="20211112 17:54:43.944" endtime="20211112 17:54:44.132"/>
</kw>
<kw name="Finish Test" library="Base" type="TEARDOWN">
<kw name="Take Screenshot" library="Browser">
<tag>PageContent</tag>
<doc>Takes a screenshot of the current window or element and saves it to disk.</doc>
<msg timestamp="20211112 17:54:44.307" level="INFO" html="true">&lt;/td&gt;&lt;/tr&gt;&lt;tr&gt;&lt;td colspan="3"&gt;&lt;a href="browser/screenshot/robotframework-browser-screenshot-3.png"&gt;&lt;img src="browser/screenshot/robotframework-browser-screenshot-3.png" width="800px"&gt;&lt;/a&gt;</msg>
<status status="PASS" starttime="20211112 17:54:44.134" endtime="20211112 17:54:44.307"/>
</kw>
<status status="PASS" starttime="20211112 17:54:44.133" endtime="20211112 17:54:44.308"/>
</kw>
<tag>CadLojistaCompleto</tag>
<status status="PASS" starttime="20211112 17:54:42.903" endtime="20211112 17:54:44.308"/>
</test>
<test id="s1-s1-t4" name="Campos em branco">
<kw name="Get DadosCad" library="Helpers">
<var>${DadosCad}</var>
<arg>CadLogistaBranco</arg>
<kw name="Get File" library="OperatingSystem">
<var>${fixture}</var>
<arg>${EXECDIR}/resources/fixtures/DadosCad.json</arg>
<doc>Returns the contents of a specified file.</doc>
<msg timestamp="20211112 17:54:44.324" level="INFO" html="true">Getting file '&lt;a href="file://C:\Luby\NeerHouse\QA\frontend\resources\fixtures\DadosCad.json"&gt;C:\Luby\NeerHouse\QA\frontend\resources\fixtures\DadosCad.json&lt;/a&gt;'.</msg>
<msg timestamp="20211112 17:54:44.325" level="INFO">${fixture} = {   
    "Adm1": {
        "email": "emailteste@teste.com",
        "permissao" :"Admin"
    },

    "EmailBranco": {
        "email": "",
        "permissao" :"SysAdmin"
    },

    "Vazio": {
      ...</msg>
<status status="PASS" starttime="20211112 17:54:44.324" endtime="20211112 17:54:44.325"/>
</kw>
<kw name="Evaluate" library="BuiltIn">
<var>${json}</var>
<arg>json.loads($fixture)</arg>
<arg>json</arg>
<doc>Evaluates the given expression in Python and returns the result.</doc>
<msg timestamp="20211112 17:54:44.326" level="INFO">${json} = {'Adm1': {'email': 'emailteste@teste.com', 'permissao': 'Admin'}, 'EmailBranco': {'email': '', 'permissao': 'SysAdmin'}, 'Vazio': {'email': '', 'permissao': ''}, 'PermissaoBranco': {'email': 'email2@e...</msg>
<status status="PASS" starttime="20211112 17:54:44.325" endtime="20211112 17:54:44.326"/>
</kw>
<kw name="Set Variable" library="BuiltIn">
<var>${select_DadosCad}</var>
<arg>${json}[${DadosCad}]</arg>
<doc>Returns the given values which can then be assigned to a variables.</doc>
<msg timestamp="20211112 17:54:44.327" level="INFO">${select_DadosCad} = {'email': '', 'phone': ''}</msg>
<status status="PASS" starttime="20211112 17:54:44.326" endtime="20211112 17:54:44.327"/>
</kw>
<msg timestamp="20211112 17:54:44.327" level="INFO">${DadosCad} = {'email': '', 'phone': ''}</msg>
<status status="PASS" starttime="20211112 17:54:44.323" endtime="20211112 17:54:44.327"/>
</kw>
<kw name="Go To CadLojista" library="CadLojista">
<kw name="Click" library="Browser">
<arg>text=Usuários</arg>
<tag>PageContent</tag>
<tag>Setter</tag>
<doc>Simulates mouse click on the element found by ``selector``.</doc>
<status status="PASS" starttime="20211112 17:54:44.329" endtime="20211112 17:54:44.412"/>
</kw>
<kw name="Click" library="Browser">
<arg>xpath=/html/body/div[1]/main/div/aside/div[1]/div[2]/ul/li/ul/ul/li/ul/li[2]/ul/li[1]/span</arg>
<tag>PageContent</tag>
<tag>Setter</tag>
<doc>Simulates mouse click on the element found by ``selector``.</doc>
<status status="PASS" starttime="20211112 17:54:44.413" endtime="20211112 17:54:44.612"/>
</kw>
<kw name="Get Text" library="Browser">
<arg>text="Cadastrar Lojista"</arg>
<tag>Assertion</tag>
<tag>Getter</tag>
<tag>PageContent</tag>
<doc>Returns text attribute of the element found by ``selector``.</doc>
<status status="PASS" starttime="20211112 17:54:44.613" endtime="20211112 17:54:44.654"/>
</kw>
<status status="PASS" starttime="20211112 17:54:44.328" endtime="20211112 17:54:44.655"/>
</kw>
<kw name="Submit Form CadLojista" library="CadLojista">
<arg>${DadosCad}</arg>
<kw name="Fill Text" library="Browser">
<arg>id=email</arg>
<arg>${DadosCad}[email]</arg>
<tag>PageContent</tag>
<tag>Setter</tag>
<doc>Clears and fills the given ``txt`` into the text field found by ``selector``.</doc>
<msg timestamp="20211112 17:54:44.656" level="INFO">Fills the text '' in the given field.</msg>
<status status="PASS" starttime="20211112 17:54:44.656" endtime="20211112 17:54:44.680"/>
</kw>
<kw name="Fill Text" library="Browser">
<arg>id=phone</arg>
<arg>${DadosCad}[phone]</arg>
<tag>PageContent</tag>
<tag>Setter</tag>
<doc>Clears and fills the given ``txt`` into the text field found by ``selector``.</doc>
<msg timestamp="20211112 17:54:44.681" level="INFO">Fills the text '' in the given field.</msg>
<status status="PASS" starttime="20211112 17:54:44.681" endtime="20211112 17:54:44.737"/>
</kw>
<status status="PASS" starttime="20211112 17:54:44.655" endtime="20211112 17:54:44.737"/>
</kw>
<kw name="Click" library="Browser">
<arg>text=Salvar</arg>
<tag>PageContent</tag>
<tag>Setter</tag>
<doc>Simulates mouse click on the element found by ``selector``.</doc>
<status status="PASS" starttime="20211112 17:54:44.738" endtime="20211112 17:54:44.876"/>
</kw>
<kw name="Alert Email Shold Be" library="CadAdm">
<kw name="Set Variable" library="BuiltIn">
<var>${element}</var>
<arg>css=input[error*="email válido"]</arg>
<doc>Returns the given values which can then be assigned to a variables.</doc>
<msg timestamp="20211112 17:54:44.880" level="INFO">${element} = css=input[error*="email válido"]</msg>
<status status="PASS" starttime="20211112 17:54:44.879" endtime="20211112 17:54:44.880"/>
</kw>
<kw name="Wait For Elements State" library="Browser">
<arg>${element}</arg>
<arg>visible</arg>
<arg>10</arg>
<tag>PageContent</tag>
<tag>Wait</tag>
<doc>Waits for the element found by ``selector`` to satisfy state option.</doc>
<msg timestamp="20211112 17:54:44.903" level="INFO">Wait for Element with selector: css=input[error*="email válido"]</msg>
<status status="PASS" starttime="20211112 17:54:44.880" endtime="20211112 17:54:44.904"/>
</kw>
<status status="PASS" starttime="20211112 17:54:44.877" endtime="20211112 17:54:44.904"/>
</kw>
<kw name="Alert Phone Shold Be" library="CadAdm">
<kw name="Set Variable" library="BuiltIn">
<var>${element}</var>
<arg>css=input[error*="telefone"]</arg>
<doc>Returns the given values which can then be assigned to a variables.</doc>
<msg timestamp="20211112 17:54:44.907" level="INFO">${element} = css=input[error*="telefone"]</msg>
<status status="PASS" starttime="20211112 17:54:44.906" endtime="20211112 17:54:44.907"/>
</kw>
<kw name="Wait For Elements State" library="Browser">
<arg>${element}</arg>
<arg>visible</arg>
<arg>10</arg>
<tag>PageContent</tag>
<tag>Wait</tag>
<doc>Waits for the element found by ``selector`` to satisfy state option.</doc>
<msg timestamp="20211112 17:54:44.936" level="INFO">Wait for Element with selector: css=input[error*="telefone"]</msg>
<status status="PASS" starttime="20211112 17:54:44.908" endtime="20211112 17:54:44.936"/>
</kw>
<status status="PASS" starttime="20211112 17:54:44.905" endtime="20211112 17:54:44.936"/>
</kw>
<kw name="Click" library="Browser">
<arg>xpath=/html/body/div[1]/main/div/main/form/footer[2]/button[1]</arg>
<tag>PageContent</tag>
<tag>Setter</tag>
<doc>Simulates mouse click on the element found by ``selector``.</doc>
<status status="PASS" starttime="20211112 17:54:44.937" endtime="20211112 17:54:45.078"/>
</kw>
<kw name="Finish Test" library="Base" type="TEARDOWN">
<kw name="Take Screenshot" library="Browser">
<tag>PageContent</tag>
<doc>Takes a screenshot of the current window or element and saves it to disk.</doc>
<msg timestamp="20211112 17:54:45.245" level="INFO" html="true">&lt;/td&gt;&lt;/tr&gt;&lt;tr&gt;&lt;td colspan="3"&gt;&lt;a href="browser/screenshot/robotframework-browser-screenshot-4.png"&gt;&lt;img src="browser/screenshot/robotframework-browser-screenshot-4.png" width="800px"&gt;&lt;/a&gt;</msg>
<status status="PASS" starttime="20211112 17:54:45.091" endtime="20211112 17:54:45.245"/>
</kw>
<status status="PASS" starttime="20211112 17:54:45.089" endtime="20211112 17:54:45.246"/>
</kw>
<tag>CadLojistaBranco</tag>
<status status="PASS" starttime="20211112 17:54:44.315" endtime="20211112 17:54:45.247"/>
</test>
<test id="s1-s1-t5" name="Email Invalid">
<kw name="Get DadosCad" library="Helpers">
<var>${DadosCad}</var>
<arg>CadLogistaEmailInvalid</arg>
<kw name="Get File" library="OperatingSystem">
<var>${fixture}</var>
<arg>${EXECDIR}/resources/fixtures/DadosCad.json</arg>
<doc>Returns the contents of a specified file.</doc>
<msg timestamp="20211112 17:54:45.264" level="INFO" html="true">Getting file '&lt;a href="file://C:\Luby\NeerHouse\QA\frontend\resources\fixtures\DadosCad.json"&gt;C:\Luby\NeerHouse\QA\frontend\resources\fixtures\DadosCad.json&lt;/a&gt;'.</msg>
<msg timestamp="20211112 17:54:45.264" level="INFO">${fixture} = {   
    "Adm1": {
        "email": "emailteste@teste.com",
        "permissao" :"Admin"
    },

    "EmailBranco": {
        "email": "",
        "permissao" :"SysAdmin"
    },

    "Vazio": {
      ...</msg>
<status status="PASS" starttime="20211112 17:54:45.263" endtime="20211112 17:54:45.264"/>
</kw>
<kw name="Evaluate" library="BuiltIn">
<var>${json}</var>
<arg>json.loads($fixture)</arg>
<arg>json</arg>
<doc>Evaluates the given expression in Python and returns the result.</doc>
<msg timestamp="20211112 17:54:45.265" level="INFO">${json} = {'Adm1': {'email': 'emailteste@teste.com', 'permissao': 'Admin'}, 'EmailBranco': {'email': '', 'permissao': 'SysAdmin'}, 'Vazio': {'email': '', 'permissao': ''}, 'PermissaoBranco': {'email': 'email2@e...</msg>
<status status="PASS" starttime="20211112 17:54:45.265" endtime="20211112 17:54:45.265"/>
</kw>
<kw name="Set Variable" library="BuiltIn">
<var>${select_DadosCad}</var>
<arg>${json}[${DadosCad}]</arg>
<doc>Returns the given values which can then be assigned to a variables.</doc>
<msg timestamp="20211112 17:54:45.266" level="INFO">${select_DadosCad} = {'email': 'tstes@', 'phone': '44988565547'}</msg>
<status status="PASS" starttime="20211112 17:54:45.265" endtime="20211112 17:54:45.266"/>
</kw>
<msg timestamp="20211112 17:54:45.266" level="INFO">${DadosCad} = {'email': 'tstes@', 'phone': '44988565547'}</msg>
<status status="PASS" starttime="20211112 17:54:45.263" endtime="20211112 17:54:45.266"/>
</kw>
<kw name="Go To CadLojista" library="CadLojista">
<kw name="Click" library="Browser">
<arg>text=Usuários</arg>
<tag>PageContent</tag>
<tag>Setter</tag>
<doc>Simulates mouse click on the element found by ``selector``.</doc>
<status status="PASS" starttime="20211112 17:54:45.270" endtime="20211112 17:54:45.348"/>
</kw>
<kw name="Click" library="Browser">
<arg>xpath=/html/body/div[1]/main/div/aside/div[1]/div[2]/ul/li/ul/ul/li/ul/li[2]/ul/li[1]/span</arg>
<tag>PageContent</tag>
<tag>Setter</tag>
<doc>Simulates mouse click on the element found by ``selector``.</doc>
<status status="PASS" starttime="20211112 17:54:45.349" endtime="20211112 17:54:45.504"/>
</kw>
<kw name="Get Text" library="Browser">
<arg>text="Cadastrar Lojista"</arg>
<tag>Assertion</tag>
<tag>Getter</tag>
<tag>PageContent</tag>
<doc>Returns text attribute of the element found by ``selector``.</doc>
<status status="PASS" starttime="20211112 17:54:45.504" endtime="20211112 17:54:45.534"/>
</kw>
<status status="PASS" starttime="20211112 17:54:45.269" endtime="20211112 17:54:45.535"/>
</kw>
<kw name="Submit Form CadLojista" library="CadLojista">
<arg>${DadosCad}</arg>
<kw name="Fill Text" library="Browser">
<arg>id=email</arg>
<arg>${DadosCad}[email]</arg>
<tag>PageContent</tag>
<tag>Setter</tag>
<doc>Clears and fills the given ``txt`` into the text field found by ``selector``.</doc>
<msg timestamp="20211112 17:54:45.537" level="INFO">Fills the text 'tstes@' in the given field.</msg>
<status status="PASS" starttime="20211112 17:54:45.537" endtime="20211112 17:54:45.565"/>
</kw>
<kw name="Fill Text" library="Browser">
<arg>id=phone</arg>
<arg>${DadosCad}[phone]</arg>
<tag>PageContent</tag>
<tag>Setter</tag>
<doc>Clears and fills the given ``txt`` into the text field found by ``selector``.</doc>
<msg timestamp="20211112 17:54:45.566" level="INFO">Fills the text '44988565547' in the given field.</msg>
<status status="PASS" starttime="20211112 17:54:45.565" endtime="20211112 17:54:45.610"/>
</kw>
<status status="PASS" starttime="20211112 17:54:45.536" endtime="20211112 17:54:45.611"/>
</kw>
<kw name="Click" library="Browser">
<arg>text=Salvar</arg>
<tag>PageContent</tag>
<tag>Setter</tag>
<doc>Simulates mouse click on the element found by ``selector``.</doc>
<status status="PASS" starttime="20211112 17:54:45.611" endtime="20211112 17:54:45.713"/>
</kw>
<kw name="Alert Email Shold Be" library="CadAdm">
<kw name="Set Variable" library="BuiltIn">
<var>${element}</var>
<arg>css=input[error*="email válido"]</arg>
<doc>Returns the given values which can then be assigned to a variables.</doc>
<msg timestamp="20211112 17:54:45.716" level="INFO">${element} = css=input[error*="email válido"]</msg>
<status status="PASS" starttime="20211112 17:54:45.715" endtime="20211112 17:54:45.716"/>
</kw>
<kw name="Wait For Elements State" library="Browser">
<arg>${element}</arg>
<arg>visible</arg>
<arg>10</arg>
<tag>PageContent</tag>
<tag>Wait</tag>
<doc>Waits for the element found by ``selector`` to satisfy state option.</doc>
<msg timestamp="20211112 17:54:45.737" level="INFO">Wait for Element with selector: css=input[error*="email válido"]</msg>
<status status="PASS" starttime="20211112 17:54:45.717" endtime="20211112 17:54:45.737"/>
</kw>
<status status="PASS" starttime="20211112 17:54:45.714" endtime="20211112 17:54:45.737"/>
</kw>
<kw name="Click" library="Browser">
<arg>xpath=/html/body/div[1]/main/div/main/form/footer[2]/button[1]</arg>
<tag>PageContent</tag>
<tag>Setter</tag>
<doc>Simulates mouse click on the element found by ``selector``.</doc>
<status status="PASS" starttime="20211112 17:54:45.739" endtime="20211112 17:54:45.871"/>
</kw>
<kw name="Finish Test" library="Base" type="TEARDOWN">
<kw name="Take Screenshot" library="Browser">
<tag>PageContent</tag>
<doc>Takes a screenshot of the current window or element and saves it to disk.</doc>
<msg timestamp="20211112 17:54:46.053" level="INFO" html="true">&lt;/td&gt;&lt;/tr&gt;&lt;tr&gt;&lt;td colspan="3"&gt;&lt;a href="browser/screenshot/robotframework-browser-screenshot-5.png"&gt;&lt;img src="browser/screenshot/robotframework-browser-screenshot-5.png" width="800px"&gt;&lt;/a&gt;</msg>
<status status="PASS" starttime="20211112 17:54:45.877" endtime="20211112 17:54:46.053"/>
</kw>
<status status="PASS" starttime="20211112 17:54:45.876" endtime="20211112 17:54:46.053"/>
</kw>
<tag>CadLojistaEmailInvalid</tag>
<status status="PASS" starttime="20211112 17:54:45.257" endtime="20211112 17:54:46.054"/>
</test>
<test id="s1-s1-t6" name="Phone Invalid">
<kw name="Get DadosCad" library="Helpers">
<var>${DadosCad}</var>
<arg>CadLogistaPhoneBranco</arg>
<kw name="Get File" library="OperatingSystem">
<var>${fixture}</var>
<arg>${EXECDIR}/resources/fixtures/DadosCad.json</arg>
<doc>Returns the contents of a specified file.</doc>
<msg timestamp="20211112 17:54:46.069" level="INFO" html="true">Getting file '&lt;a href="file://C:\Luby\NeerHouse\QA\frontend\resources\fixtures\DadosCad.json"&gt;C:\Luby\NeerHouse\QA\frontend\resources\fixtures\DadosCad.json&lt;/a&gt;'.</msg>
<msg timestamp="20211112 17:54:46.069" level="INFO">${fixture} = {   
    "Adm1": {
        "email": "emailteste@teste.com",
        "permissao" :"Admin"
    },

    "EmailBranco": {
        "email": "",
        "permissao" :"SysAdmin"
    },

    "Vazio": {
      ...</msg>
<status status="PASS" starttime="20211112 17:54:46.067" endtime="20211112 17:54:46.070"/>
</kw>
<kw name="Evaluate" library="BuiltIn">
<var>${json}</var>
<arg>json.loads($fixture)</arg>
<arg>json</arg>
<doc>Evaluates the given expression in Python and returns the result.</doc>
<msg timestamp="20211112 17:54:46.071" level="INFO">${json} = {'Adm1': {'email': 'emailteste@teste.com', 'permissao': 'Admin'}, 'EmailBranco': {'email': '', 'permissao': 'SysAdmin'}, 'Vazio': {'email': '', 'permissao': ''}, 'PermissaoBranco': {'email': 'email2@e...</msg>
<status status="PASS" starttime="20211112 17:54:46.070" endtime="20211112 17:54:46.071"/>
</kw>
<kw name="Set Variable" library="BuiltIn">
<var>${select_DadosCad}</var>
<arg>${json}[${DadosCad}]</arg>
<doc>Returns the given values which can then be assigned to a variables.</doc>
<msg timestamp="20211112 17:54:46.072" level="INFO">${select_DadosCad} = {'email': 'tstes@ito.com', 'phone': ''}</msg>
<status status="PASS" starttime="20211112 17:54:46.071" endtime="20211112 17:54:46.072"/>
</kw>
<msg timestamp="20211112 17:54:46.073" level="INFO">${DadosCad} = {'email': 'tstes@ito.com', 'phone': ''}</msg>
<status status="PASS" starttime="20211112 17:54:46.066" endtime="20211112 17:54:46.073"/>
</kw>
<kw name="Go To CadLojista" library="CadLojista">
<kw name="Click" library="Browser">
<arg>text=Usuários</arg>
<tag>PageContent</tag>
<tag>Setter</tag>
<doc>Simulates mouse click on the element found by ``selector``.</doc>
<status status="PASS" starttime="20211112 17:54:46.074" endtime="20211112 17:54:46.180"/>
</kw>
<kw name="Click" library="Browser">
<arg>xpath=/html/body/div[1]/main/div/aside/div[1]/div[2]/ul/li/ul/ul/li/ul/li[2]/ul/li[1]/span</arg>
<tag>PageContent</tag>
<tag>Setter</tag>
<doc>Simulates mouse click on the element found by ``selector``.</doc>
<status status="PASS" starttime="20211112 17:54:46.180" endtime="20211112 17:54:46.354"/>
</kw>
<kw name="Get Text" library="Browser">
<arg>text="Cadastrar Lojista"</arg>
<tag>Assertion</tag>
<tag>Getter</tag>
<tag>PageContent</tag>
<doc>Returns text attribute of the element found by ``selector``.</doc>
<status status="PASS" starttime="20211112 17:54:46.354" endtime="20211112 17:54:46.393"/>
</kw>
<status status="PASS" starttime="20211112 17:54:46.073" endtime="20211112 17:54:46.393"/>
</kw>
<kw name="Submit Form CadLojista" library="CadLojista">
<arg>${DadosCad}</arg>
<kw name="Fill Text" library="Browser">
<arg>id=email</arg>
<arg>${DadosCad}[email]</arg>
<tag>PageContent</tag>
<tag>Setter</tag>
<doc>Clears and fills the given ``txt`` into the text field found by ``selector``.</doc>
<msg timestamp="20211112 17:54:46.395" level="INFO">Fills the text 'tstes@ito.com' in the given field.</msg>
<status status="PASS" starttime="20211112 17:54:46.394" endtime="20211112 17:54:46.436"/>
</kw>
<kw name="Fill Text" library="Browser">
<arg>id=phone</arg>
<arg>${DadosCad}[phone]</arg>
<tag>PageContent</tag>
<tag>Setter</tag>
<doc>Clears and fills the given ``txt`` into the text field found by ``selector``.</doc>
<msg timestamp="20211112 17:54:46.437" level="INFO">Fills the text '' in the given field.</msg>
<status status="PASS" starttime="20211112 17:54:46.437" endtime="20211112 17:54:46.483"/>
</kw>
<status status="PASS" starttime="20211112 17:54:46.394" endtime="20211112 17:54:46.483"/>
</kw>
<kw name="Click" library="Browser">
<arg>text=Salvar</arg>
<tag>PageContent</tag>
<tag>Setter</tag>
<doc>Simulates mouse click on the element found by ``selector``.</doc>
<status status="PASS" starttime="20211112 17:54:46.484" endtime="20211112 17:54:46.573"/>
</kw>
<kw name="Alert Phone Shold Be" library="CadAdm">
<kw name="Set Variable" library="BuiltIn">
<var>${element}</var>
<arg>css=input[error*="telefone"]</arg>
<doc>Returns the given values which can then be assigned to a variables.</doc>
<msg timestamp="20211112 17:54:46.574" level="INFO">${element} = css=input[error*="telefone"]</msg>
<status status="PASS" starttime="20211112 17:54:46.574" endtime="20211112 17:54:46.574"/>
</kw>
<kw name="Wait For Elements State" library="Browser">
<arg>${element}</arg>
<arg>visible</arg>
<arg>10</arg>
<tag>PageContent</tag>
<tag>Wait</tag>
<doc>Waits for the element found by ``selector`` to satisfy state option.</doc>
<msg timestamp="20211112 17:54:46.596" level="INFO">Wait for Element with selector: css=input[error*="telefone"]</msg>
<status status="PASS" starttime="20211112 17:54:46.575" endtime="20211112 17:54:46.596"/>
</kw>
<status status="PASS" starttime="20211112 17:54:46.574" endtime="20211112 17:54:46.597"/>
</kw>
<kw name="Click" library="Browser">
<arg>xpath=/html/body/div[1]/main/div/main/form/footer[2]/button[1]</arg>
<tag>PageContent</tag>
<tag>Setter</tag>
<doc>Simulates mouse click on the element found by ``selector``.</doc>
<status status="PASS" starttime="20211112 17:54:46.597" endtime="20211112 17:54:46.742"/>
</kw>
<kw name="Finish Test" library="Base" type="TEARDOWN">
<kw name="Take Screenshot" library="Browser">
<tag>PageContent</tag>
<doc>Takes a screenshot of the current window or element and saves it to disk.</doc>
<msg timestamp="20211112 17:54:46.915" level="INFO" html="true">&lt;/td&gt;&lt;/tr&gt;&lt;tr&gt;&lt;td colspan="3"&gt;&lt;a href="browser/screenshot/robotframework-browser-screenshot-6.png"&gt;&lt;img src="browser/screenshot/robotframework-browser-screenshot-6.png" width="800px"&gt;&lt;/a&gt;</msg>
<status status="PASS" starttime="20211112 17:54:46.749" endtime="20211112 17:54:46.916"/>
</kw>
<status status="PASS" starttime="20211112 17:54:46.748" endtime="20211112 17:54:46.918"/>
</kw>
<tag>CadLojista</tag>
<status status="PASS" starttime="20211112 17:54:46.060" endtime="20211112 17:54:46.918"/>
</test>
<test id="s1-s1-t7" name="Email em branco">
<kw name="Get DadosCad" library="Helpers">
<var>${DadosCad}</var>
<arg>CadLogistaEmailBranco</arg>
<kw name="Get File" library="OperatingSystem">
<var>${fixture}</var>
<arg>${EXECDIR}/resources/fixtures/DadosCad.json</arg>
<doc>Returns the contents of a specified file.</doc>
<msg timestamp="20211112 17:54:46.977" level="INFO" html="true">Getting file '&lt;a href="file://C:\Luby\NeerHouse\QA\frontend\resources\fixtures\DadosCad.json"&gt;C:\Luby\NeerHouse\QA\frontend\resources\fixtures\DadosCad.json&lt;/a&gt;'.</msg>
<msg timestamp="20211112 17:54:46.977" level="INFO">${fixture} = {   
    "Adm1": {
        "email": "emailteste@teste.com",
        "permissao" :"Admin"
    },

    "EmailBranco": {
        "email": "",
        "permissao" :"SysAdmin"
    },

    "Vazio": {
      ...</msg>
<status status="PASS" starttime="20211112 17:54:46.976" endtime="20211112 17:54:46.977"/>
</kw>
<kw name="Evaluate" library="BuiltIn">
<var>${json}</var>
<arg>json.loads($fixture)</arg>
<arg>json</arg>
<doc>Evaluates the given expression in Python and returns the result.</doc>
<msg timestamp="20211112 17:54:46.978" level="INFO">${json} = {'Adm1': {'email': 'emailteste@teste.com', 'permissao': 'Admin'}, 'EmailBranco': {'email': '', 'permissao': 'SysAdmin'}, 'Vazio': {'email': '', 'permissao': ''}, 'PermissaoBranco': {'email': 'email2@e...</msg>
<status status="PASS" starttime="20211112 17:54:46.977" endtime="20211112 17:54:46.978"/>
</kw>
<kw name="Set Variable" library="BuiltIn">
<var>${select_DadosCad}</var>
<arg>${json}[${DadosCad}]</arg>
<doc>Returns the given values which can then be assigned to a variables.</doc>
<msg timestamp="20211112 17:54:46.979" level="INFO">${select_DadosCad} = {'email': '', 'phone': '44988565547'}</msg>
<status status="PASS" starttime="20211112 17:54:46.979" endtime="20211112 17:54:46.979"/>
</kw>
<msg timestamp="20211112 17:54:46.979" level="INFO">${DadosCad} = {'email': '', 'phone': '44988565547'}</msg>
<status status="PASS" starttime="20211112 17:54:46.976" endtime="20211112 17:54:46.980"/>
</kw>
<kw name="Go To CadLojista" library="CadLojista">
<kw name="Click" library="Browser">
<arg>text=Usuários</arg>
<tag>PageContent</tag>
<tag>Setter</tag>
<doc>Simulates mouse click on the element found by ``selector``.</doc>
<status status="PASS" starttime="20211112 17:54:46.981" endtime="20211112 17:54:47.062"/>
</kw>
<kw name="Click" library="Browser">
<arg>xpath=/html/body/div[1]/main/div/aside/div[1]/div[2]/ul/li/ul/ul/li/ul/li[2]/ul/li[1]/span</arg>
<tag>PageContent</tag>
<tag>Setter</tag>
<doc>Simulates mouse click on the element found by ``selector``.</doc>
<status status="PASS" starttime="20211112 17:54:47.063" endtime="20211112 17:54:47.275"/>
</kw>
<kw name="Get Text" library="Browser">
<arg>text="Cadastrar Lojista"</arg>
<tag>Assertion</tag>
<tag>Getter</tag>
<tag>PageContent</tag>
<doc>Returns text attribute of the element found by ``selector``.</doc>
<status status="PASS" starttime="20211112 17:54:47.276" endtime="20211112 17:54:47.311"/>
</kw>
<status status="PASS" starttime="20211112 17:54:46.980" endtime="20211112 17:54:47.311"/>
</kw>
<kw name="Submit Form CadLojista" library="CadLojista">
<arg>${DadosCad}</arg>
<kw name="Fill Text" library="Browser">
<arg>id=email</arg>
<arg>${DadosCad}[email]</arg>
<tag>PageContent</tag>
<tag>Setter</tag>
<doc>Clears and fills the given ``txt`` into the text field found by ``selector``.</doc>
<msg timestamp="20211112 17:54:47.313" level="INFO">Fills the text '' in the given field.</msg>
<status status="PASS" starttime="20211112 17:54:47.312" endtime="20211112 17:54:47.344"/>
</kw>
<kw name="Fill Text" library="Browser">
<arg>id=phone</arg>
<arg>${DadosCad}[phone]</arg>
<tag>PageContent</tag>
<tag>Setter</tag>
<doc>Clears and fills the given ``txt`` into the text field found by ``selector``.</doc>
<msg timestamp="20211112 17:54:47.345" level="INFO">Fills the text '44988565547' in the given field.</msg>
<status status="PASS" starttime="20211112 17:54:47.344" endtime="20211112 17:54:47.395"/>
</kw>
<status status="PASS" starttime="20211112 17:54:47.311" endtime="20211112 17:54:47.395"/>
</kw>
<kw name="Click" library="Browser">
<arg>text=Salvar</arg>
<tag>PageContent</tag>
<tag>Setter</tag>
<doc>Simulates mouse click on the element found by ``selector``.</doc>
<status status="PASS" starttime="20211112 17:54:47.396" endtime="20211112 17:54:47.476"/>
</kw>
<kw name="Alert Email Shold Be" library="CadAdm">
<kw name="Set Variable" library="BuiltIn">
<var>${element}</var>
<arg>css=input[error*="email válido"]</arg>
<doc>Returns the given values which can then be assigned to a variables.</doc>
<msg timestamp="20211112 17:54:47.477" level="INFO">${element} = css=input[error*="email válido"]</msg>
<status status="PASS" starttime="20211112 17:54:47.477" endtime="20211112 17:54:47.477"/>
</kw>
<kw name="Wait For Elements State" library="Browser">
<arg>${element}</arg>
<arg>visible</arg>
<arg>10</arg>
<tag>PageContent</tag>
<tag>Wait</tag>
<doc>Waits for the element found by ``selector`` to satisfy state option.</doc>
<msg timestamp="20211112 17:54:47.495" level="INFO">Wait for Element with selector: css=input[error*="email válido"]</msg>
<status status="PASS" starttime="20211112 17:54:47.478" endtime="20211112 17:54:47.495"/>
</kw>
<status status="PASS" starttime="20211112 17:54:47.477" endtime="20211112 17:54:47.496"/>
</kw>
<kw name="Click" library="Browser">
<arg>xpath=/html/body/div[1]/main/div/main/form/footer[2]/button[1]</arg>
<tag>PageContent</tag>
<tag>Setter</tag>
<doc>Simulates mouse click on the element found by ``selector``.</doc>
<status status="PASS" starttime="20211112 17:54:47.496" endtime="20211112 17:54:47.633"/>
</kw>
<kw name="Finish Test" library="Base" type="TEARDOWN">
<kw name="Take Screenshot" library="Browser">
<tag>PageContent</tag>
<doc>Takes a screenshot of the current window or element and saves it to disk.</doc>
<msg timestamp="20211112 17:54:47.792" level="INFO" html="true">&lt;/td&gt;&lt;/tr&gt;&lt;tr&gt;&lt;td colspan="3"&gt;&lt;a href="browser/screenshot/robotframework-browser-screenshot-7.png"&gt;&lt;img src="browser/screenshot/robotframework-browser-screenshot-7.png" width="800px"&gt;&lt;/a&gt;</msg>
<status status="PASS" starttime="20211112 17:54:47.639" endtime="20211112 17:54:47.793"/>
</kw>
<status status="PASS" starttime="20211112 17:54:47.636" endtime="20211112 17:54:47.793"/>
</kw>
<tag>CadLojistaBranco</tag>
<status status="PASS" starttime="20211112 17:54:46.970" endtime="20211112 17:54:47.793"/>
</test>
<test id="s1-s1-t8" name="Phone em branco">
<kw name="Get DadosCad" library="Helpers">
<var>${DadosCad}</var>
<arg>CadLogistaPhoneBranco</arg>
<kw name="Get File" library="OperatingSystem">
<var>${fixture}</var>
<arg>${EXECDIR}/resources/fixtures/DadosCad.json</arg>
<doc>Returns the contents of a specified file.</doc>
<msg timestamp="20211112 17:54:47.810" level="INFO" html="true">Getting file '&lt;a href="file://C:\Luby\NeerHouse\QA\frontend\resources\fixtures\DadosCad.json"&gt;C:\Luby\NeerHouse\QA\frontend\resources\fixtures\DadosCad.json&lt;/a&gt;'.</msg>
<msg timestamp="20211112 17:54:47.810" level="INFO">${fixture} = {   
    "Adm1": {
        "email": "emailteste@teste.com",
        "permissao" :"Admin"
    },

    "EmailBranco": {
        "email": "",
        "permissao" :"SysAdmin"
    },

    "Vazio": {
      ...</msg>
<status status="PASS" starttime="20211112 17:54:47.809" endtime="20211112 17:54:47.810"/>
</kw>
<kw name="Evaluate" library="BuiltIn">
<var>${json}</var>
<arg>json.loads($fixture)</arg>
<arg>json</arg>
<doc>Evaluates the given expression in Python and returns the result.</doc>
<msg timestamp="20211112 17:54:47.811" level="INFO">${json} = {'Adm1': {'email': 'emailteste@teste.com', 'permissao': 'Admin'}, 'EmailBranco': {'email': '', 'permissao': 'SysAdmin'}, 'Vazio': {'email': '', 'permissao': ''}, 'PermissaoBranco': {'email': 'email2@e...</msg>
<status status="PASS" starttime="20211112 17:54:47.810" endtime="20211112 17:54:47.811"/>
</kw>
<kw name="Set Variable" library="BuiltIn">
<var>${select_DadosCad}</var>
<arg>${json}[${DadosCad}]</arg>
<doc>Returns the given values which can then be assigned to a variables.</doc>
<msg timestamp="20211112 17:54:47.812" level="INFO">${select_DadosCad} = {'email': 'tstes@ito.com', 'phone': ''}</msg>
<status status="PASS" starttime="20211112 17:54:47.811" endtime="20211112 17:54:47.812"/>
</kw>
<msg timestamp="20211112 17:54:47.812" level="INFO">${DadosCad} = {'email': 'tstes@ito.com', 'phone': ''}</msg>
<status status="PASS" starttime="20211112 17:54:47.809" endtime="20211112 17:54:47.812"/>
</kw>
<kw name="Go To CadLojista" library="CadLojista">
<kw name="Click" library="Browser">
<arg>text=Usuários</arg>
<tag>PageContent</tag>
<tag>Setter</tag>
<doc>Simulates mouse click on the element found by ``selector``.</doc>
<status status="PASS" starttime="20211112 17:54:47.813" endtime="20211112 17:54:47.897"/>
</kw>
<kw name="Click" library="Browser">
<arg>xpath=/html/body/div[1]/main/div/aside/div[1]/div[2]/ul/li/ul/ul/li/ul/li[2]/ul/li[1]/span</arg>
<tag>PageContent</tag>
<tag>Setter</tag>
<doc>Simulates mouse click on the element found by ``selector``.</doc>
<status status="PASS" starttime="20211112 17:54:47.897" endtime="20211112 17:54:48.045"/>
</kw>
<kw name="Get Text" library="Browser">
<arg>text="Cadastrar Lojista"</arg>
<tag>Assertion</tag>
<tag>Getter</tag>
<tag>PageContent</tag>
<doc>Returns text attribute of the element found by ``selector``.</doc>
<status status="PASS" starttime="20211112 17:54:48.045" endtime="20211112 17:54:48.079"/>
</kw>
<status status="PASS" starttime="20211112 17:54:47.812" endtime="20211112 17:54:48.080"/>
</kw>
<kw name="Submit Form CadLojista" library="CadLojista">
<arg>${DadosCad}</arg>
<kw name="Fill Text" library="Browser">
<arg>id=email</arg>
<arg>${DadosCad}[email]</arg>
<tag>PageContent</tag>
<tag>Setter</tag>
<doc>Clears and fills the given ``txt`` into the text field found by ``selector``.</doc>
<msg timestamp="20211112 17:54:48.081" level="INFO">Fills the text 'tstes@ito.com' in the given field.</msg>
<status status="PASS" starttime="20211112 17:54:48.081" endtime="20211112 17:54:48.108"/>
</kw>
<kw name="Fill Text" library="Browser">
<arg>id=phone</arg>
<arg>${DadosCad}[phone]</arg>
<tag>PageContent</tag>
<tag>Setter</tag>
<doc>Clears and fills the given ``txt`` into the text field found by ``selector``.</doc>
<msg timestamp="20211112 17:54:48.109" level="INFO">Fills the text '' in the given field.</msg>
<status status="PASS" starttime="20211112 17:54:48.108" endtime="20211112 17:54:48.152"/>
</kw>
<status status="PASS" starttime="20211112 17:54:48.080" endtime="20211112 17:54:48.153"/>
</kw>
<kw name="Click" library="Browser">
<arg>text=Salvar</arg>
<tag>PageContent</tag>
<tag>Setter</tag>
<doc>Simulates mouse click on the element found by ``selector``.</doc>
<status status="PASS" starttime="20211112 17:54:48.154" endtime="20211112 17:54:48.245"/>
</kw>
<kw name="Alert Phone Shold Be" library="CadAdm">
<kw name="Set Variable" library="BuiltIn">
<var>${element}</var>
<arg>css=input[error*="telefone"]</arg>
<doc>Returns the given values which can then be assigned to a variables.</doc>
<msg timestamp="20211112 17:54:48.247" level="INFO">${element} = css=input[error*="telefone"]</msg>
<status status="PASS" starttime="20211112 17:54:48.247" endtime="20211112 17:54:48.247"/>
</kw>
<kw name="Wait For Elements State" library="Browser">
<arg>${element}</arg>
<arg>visible</arg>
<arg>10</arg>
<tag>PageContent</tag>
<tag>Wait</tag>
<doc>Waits for the element found by ``selector`` to satisfy state option.</doc>
<msg timestamp="20211112 17:54:48.273" level="INFO">Wait for Element with selector: css=input[error*="telefone"]</msg>
<status status="PASS" starttime="20211112 17:54:48.247" endtime="20211112 17:54:48.273"/>
</kw>
<status status="PASS" starttime="20211112 17:54:48.246" endtime="20211112 17:54:48.274"/>
</kw>
<kw name="Click" library="Browser">
<arg>xpath=/html/body/div[1]/main/div/main/form/footer[2]/button[1]</arg>
<tag>PageContent</tag>
<tag>Setter</tag>
<doc>Simulates mouse click on the element found by ``selector``.</doc>
<status status="PASS" starttime="20211112 17:54:48.274" endtime="20211112 17:54:48.432"/>
</kw>
<kw name="Finish Test" library="Base" type="TEARDOWN">
<kw name="Take Screenshot" library="Browser">
<tag>PageContent</tag>
<doc>Takes a screenshot of the current window or element and saves it to disk.</doc>
<msg timestamp="20211112 17:54:48.605" level="INFO" html="true">&lt;/td&gt;&lt;/tr&gt;&lt;tr&gt;&lt;td colspan="3"&gt;&lt;a href="browser/screenshot/robotframework-browser-screenshot-8.png"&gt;&lt;img src="browser/screenshot/robotframework-browser-screenshot-8.png" width="800px"&gt;&lt;/a&gt;</msg>
<status status="PASS" starttime="20211112 17:54:48.445" endtime="20211112 17:54:48.606"/>
</kw>
<status status="PASS" starttime="20211112 17:54:48.444" endtime="20211112 17:54:48.606"/>
</kw>
<tag>CadLojistaBranco</tag>
<status status="PASS" starttime="20211112 17:54:47.802" endtime="20211112 17:54:48.608"/>
</test>
<doc>CADASTRO LOJISTA TESTS</doc>
<status status="PASS" starttime="20211112 17:54:29.587" endtime="20211112 17:54:48.621"/>
</suite>
<suite id="s1-s2" name="CadastrosAdminTests" source="C:\Luby\NeerHouse\QA\frontend\tests\CadastrosAdminTests.robot">
<kw name="Start Session" library="Base" type="SETUP">
<kw name="New Browser" library="Browser">
<arg>chromium</arg>
<arg>False</arg>
<tag>BrowserControl</tag>
<tag>Setter</tag>
<doc>Create a new playwright Browser with specified options.</doc>
<msg timestamp="20211112 17:54:48.795" level="INFO">{"browser": "chromium", "headless": false, "handleSIGINT": true, "handleSIGTERM": true, "handleSIGHUP": true, "timeout": 30000.0, "devtools": false, "slowMo": 0.0, "tracesDir": "C:\\Luby\\NeerHouse\\QA\\frontend\\log\\browser\\traces\\b50eaa1f-ae06-4d14-a2b1-2d24e9df507c"}</msg>
<msg timestamp="20211112 17:54:49.681" level="INFO">Successfully created browser with options: {"browser":"chromium","headless":false,"handleSIGINT":true,"handleSIGTERM":true,"handleSIGHUP":true,"timeout":30000,"devtools":false,"slowMo":0,"tracesDir":"C:\\Luby\\NeerHouse\\QA\\frontend\\log\\browser\\traces\\b50eaa1f-ae06-4d14-a2b1-2d24e9df507c"}</msg>
<status status="PASS" starttime="20211112 17:54:48.794" endtime="20211112 17:54:49.682"/>
</kw>
<kw name="New Page" library="Browser">
<arg>https://neer.stag.dev.luby.com.br/</arg>
<tag>BrowserControl</tag>
<tag>Setter</tag>
<doc>Open a new Page. A Page is the Playwright equivalent to a tab.
See `Browser, Context and Page` for more information about Page concept.
Returns a stable identifier for the created page.</doc>
<msg timestamp="20211112 17:54:53.447" level="INFO">Successfully initialized new page object and opened url: https://neer.stag.dev.luby.com.br/</msg>
<msg timestamp="20211112 17:54:53.447" level="INFO">No context was open. New context was automatically opened when this page is created.</msg>
<status status="PASS" starttime="20211112 17:54:49.683" endtime="20211112 17:54:53.447"/>
</kw>
<status status="PASS" starttime="20211112 17:54:48.794" endtime="20211112 17:54:53.448"/>
</kw>
<test id="s1-s2-t1" name="Login Admin">
<kw name="Login Admin" library="CadAdm">
<kw name="Login With" library="LoginActions">
<arg>admin@email.com</arg>
<arg>12345678</arg>
<kw name="Fill Text" library="Browser">
<arg>id=email</arg>
<arg>${email}</arg>
<tag>PageContent</tag>
<tag>Setter</tag>
<doc>Clears and fills the given ``txt`` into the text field found by ``selector``.</doc>
<msg timestamp="20211112 17:54:53.619" level="INFO">Fills the text 'admin@email.com' in the given field.</msg>
<status status="PASS" starttime="20211112 17:54:53.618" endtime="20211112 17:54:55.180"/>
</kw>
<kw name="Fill Text" library="Browser">
<arg>id=password</arg>
<arg>${pass}</arg>
<tag>PageContent</tag>
<tag>Setter</tag>
<doc>Clears and fills the given ``txt`` into the text field found by ``selector``.</doc>
<msg timestamp="20211112 17:54:55.181" level="INFO">Fills the text '12345678' in the given field.</msg>
<status status="PASS" starttime="20211112 17:54:55.180" endtime="20211112 17:54:55.250"/>
</kw>
<kw name="Click" library="Browser">
<arg>text=Entrar</arg>
<tag>PageContent</tag>
<tag>Setter</tag>
<doc>Simulates mouse click on the element found by ``selector``.</doc>
<status status="PASS" starttime="20211112 17:54:55.251" endtime="20211112 17:54:57.895"/>
</kw>
<status status="PASS" starttime="20211112 17:54:53.617" endtime="20211112 17:54:57.895"/>
</kw>
<status status="PASS" starttime="20211112 17:54:53.616" endtime="20211112 17:54:57.896"/>
</kw>
<kw name="Finish Test" library="Base" type="TEARDOWN">
<kw name="Take Screenshot" library="Browser">
<tag>PageContent</tag>
<doc>Takes a screenshot of the current window or element and saves it to disk.</doc>
<msg timestamp="20211112 17:54:58.092" level="INFO" html="true">&lt;/td&gt;&lt;/tr&gt;&lt;tr&gt;&lt;td colspan="3"&gt;&lt;a href="browser/screenshot/robotframework-browser-screenshot-9.png"&gt;&lt;img src="browser/screenshot/robotframework-browser-screenshot-9.png" width="800px"&gt;&lt;/a&gt;</msg>
<status status="PASS" starttime="20211112 17:54:57.898" endtime="20211112 17:54:58.092"/>
</kw>
<status status="PASS" starttime="20211112 17:54:57.897" endtime="20211112 17:54:58.092"/>
</kw>
<status status="PASS" starttime="20211112 17:54:53.448" endtime="20211112 17:54:58.093"/>
</test>
<test id="s1-s2-t2" name="Cadastro admin com sucesso">
<kw name="Get DadosCad" library="Helpers">
<var>${DadosCad}</var>
<arg>Adm1</arg>
<kw name="Get File" library="OperatingSystem">
<var>${fixture}</var>
<arg>${EXECDIR}/resources/fixtures/DadosCad.json</arg>
<doc>Returns the contents of a specified file.</doc>
<msg timestamp="20211112 17:54:58.121" level="INFO" html="true">Getting file '&lt;a href="file://C:\Luby\NeerHouse\QA\frontend\resources\fixtures\DadosCad.json"&gt;C:\Luby\NeerHouse\QA\frontend\resources\fixtures\DadosCad.json&lt;/a&gt;'.</msg>
<msg timestamp="20211112 17:54:58.122" level="INFO">${fixture} = {   
    "Adm1": {
        "email": "emailteste@teste.com",
        "permissao" :"Admin"
    },

    "EmailBranco": {
        "email": "",
        "permissao" :"SysAdmin"
    },

    "Vazio": {
      ...</msg>
<status status="PASS" starttime="20211112 17:54:58.120" endtime="20211112 17:54:58.122"/>
</kw>
<kw name="Evaluate" library="BuiltIn">
<var>${json}</var>
<arg>json.loads($fixture)</arg>
<arg>json</arg>
<doc>Evaluates the given expression in Python and returns the result.</doc>
<msg timestamp="20211112 17:54:58.124" level="INFO">${json} = {'Adm1': {'email': 'emailteste@teste.com', 'permissao': 'Admin'}, 'EmailBranco': {'email': '', 'permissao': 'SysAdmin'}, 'Vazio': {'email': '', 'permissao': ''}, 'PermissaoBranco': {'email': 'email2@e...</msg>
<status status="PASS" starttime="20211112 17:54:58.122" endtime="20211112 17:54:58.124"/>
</kw>
<kw name="Set Variable" library="BuiltIn">
<var>${select_DadosCad}</var>
<arg>${json}[${DadosCad}]</arg>
<doc>Returns the given values which can then be assigned to a variables.</doc>
<msg timestamp="20211112 17:54:58.126" level="INFO">${select_DadosCad} = {'email': 'emailteste@teste.com', 'permissao': 'Admin'}</msg>
<status status="PASS" starttime="20211112 17:54:58.124" endtime="20211112 17:54:58.126"/>
</kw>
<msg timestamp="20211112 17:54:58.126" level="INFO">${DadosCad} = {'email': 'emailteste@teste.com', 'permissao': 'Admin'}</msg>
<status status="PASS" starttime="20211112 17:54:58.118" endtime="20211112 17:54:58.127"/>
</kw>
<kw name="Go To CadAdmin Form" library="CadAdm">
<kw name="Click" library="Browser">
<arg>text=Usuários</arg>
<tag>PageContent</tag>
<tag>Setter</tag>
<doc>Simulates mouse click on the element found by ``selector``.</doc>
<status status="PASS" starttime="20211112 17:54:58.128" endtime="20211112 17:54:59.595"/>
</kw>
<kw name="Click" library="Browser">
<arg>text=Criar</arg>
<tag>PageContent</tag>
<tag>Setter</tag>
<doc>Simulates mouse click on the element found by ``selector``.</doc>
<status status="PASS" starttime="20211112 17:54:59.596" endtime="20211112 17:54:59.801"/>
</kw>
<kw name="Get Text" library="Browser">
<arg>text="Cadastrar usuário"</arg>
<tag>Assertion</tag>
<tag>Getter</tag>
<tag>PageContent</tag>
<doc>Returns text attribute of the element found by ``selector``.</doc>
<status status="PASS" starttime="20211112 17:54:59.802" endtime="20211112 17:55:00.074"/>
</kw>
<status status="PASS" starttime="20211112 17:54:58.127" endtime="20211112 17:55:00.075"/>
</kw>
<kw name="Submit CadastroAdm Form" library="CadAdm">
<arg>${DadosCad}</arg>
<kw name="Fill Text" library="Browser">
<arg>id=email</arg>
<arg>${DadosCad}[email]</arg>
<tag>PageContent</tag>
<tag>Setter</tag>
<doc>Clears and fills the given ``txt`` into the text field found by ``selector``.</doc>
<msg timestamp="20211112 17:55:00.077" level="INFO">Fills the text 'emailteste@teste.com' in the given field.</msg>
<status status="PASS" starttime="20211112 17:55:00.076" endtime="20211112 17:55:00.129"/>
</kw>
<kw name="Click" library="Browser">
<arg>xpath=/html/body/div[1]/main/div/main/form/div/div/div[2]/span/div/div</arg>
<tag>PageContent</tag>
<tag>Setter</tag>
<doc>Simulates mouse click on the element found by ``selector``.</doc>
<status status="PASS" starttime="20211112 17:55:00.129" endtime="20211112 17:55:00.259"/>
</kw>
<kw name="Click" library="Browser">
<arg>text=Salvar</arg>
<tag>PageContent</tag>
<tag>Setter</tag>
<doc>Simulates mouse click on the element found by ``selector``.</doc>
<status status="PASS" starttime="20211112 17:55:00.259" endtime="20211112 17:55:00.496"/>
</kw>
<status status="PASS" starttime="20211112 17:55:00.076" endtime="20211112 17:55:00.496"/>
</kw>
<kw name="Click" library="Browser">
<arg>xpath=//*[@id="root"]/main/div/main/form/footer/button[1]</arg>
<tag>PageContent</tag>
<tag>Setter</tag>
<doc>Simulates mouse click on the element found by ``selector``.</doc>
<status status="PASS" starttime="20211112 17:55:00.502" endtime="20211112 17:55:00.813"/>
</kw>
<kw name="Finish Test" library="Base" type="TEARDOWN">
<kw name="Take Screenshot" library="Browser">
<tag>PageContent</tag>
<doc>Takes a screenshot of the current window or element and saves it to disk.</doc>
<msg timestamp="20211112 17:55:00.982" level="INFO" html="true">&lt;/td&gt;&lt;/tr&gt;&lt;tr&gt;&lt;td colspan="3"&gt;&lt;a href="browser/screenshot/robotframework-browser-screenshot-10.png"&gt;&lt;img src="browser/screenshot/robotframework-browser-screenshot-10.png" width="800px"&gt;&lt;/a&gt;</msg>
<status status="PASS" starttime="20211112 17:55:00.826" endtime="20211112 17:55:00.982"/>
</kw>
<status status="PASS" starttime="20211112 17:55:00.825" endtime="20211112 17:55:00.983"/>
</kw>
<tag>Cadastro</tag>
<status status="PASS" starttime="20211112 17:54:58.109" endtime="20211112 17:55:00.983"/>
</test>
<test id="s1-s2-t3" name="Cadastro admin dados em branco">
<kw name="Get DadosCad" library="Helpers">
<var>${DadosCad}</var>
<arg>Vazio</arg>
<kw name="Get File" library="OperatingSystem">
<var>${fixture}</var>
<arg>${EXECDIR}/resources/fixtures/DadosCad.json</arg>
<doc>Returns the contents of a specified file.</doc>
<msg timestamp="20211112 17:55:01.003" level="INFO" html="true">Getting file '&lt;a href="file://C:\Luby\NeerHouse\QA\frontend\resources\fixtures\DadosCad.json"&gt;C:\Luby\NeerHouse\QA\frontend\resources\fixtures\DadosCad.json&lt;/a&gt;'.</msg>
<msg timestamp="20211112 17:55:01.004" level="INFO">${fixture} = {   
    "Adm1": {
        "email": "emailteste@teste.com",
        "permissao" :"Admin"
    },

    "EmailBranco": {
        "email": "",
        "permissao" :"SysAdmin"
    },

    "Vazio": {
      ...</msg>
<status status="PASS" starttime="20211112 17:55:01.003" endtime="20211112 17:55:01.004"/>
</kw>
<kw name="Evaluate" library="BuiltIn">
<var>${json}</var>
<arg>json.loads($fixture)</arg>
<arg>json</arg>
<doc>Evaluates the given expression in Python and returns the result.</doc>
<msg timestamp="20211112 17:55:01.005" level="INFO">${json} = {'Adm1': {'email': 'emailteste@teste.com', 'permissao': 'Admin'}, 'EmailBranco': {'email': '', 'permissao': 'SysAdmin'}, 'Vazio': {'email': '', 'permissao': ''}, 'PermissaoBranco': {'email': 'email2@e...</msg>
<status status="PASS" starttime="20211112 17:55:01.004" endtime="20211112 17:55:01.005"/>
</kw>
<kw name="Set Variable" library="BuiltIn">
<var>${select_DadosCad}</var>
<arg>${json}[${DadosCad}]</arg>
<doc>Returns the given values which can then be assigned to a variables.</doc>
<msg timestamp="20211112 17:55:01.006" level="INFO">${select_DadosCad} = {'email': '', 'permissao': ''}</msg>
<status status="PASS" starttime="20211112 17:55:01.005" endtime="20211112 17:55:01.006"/>
</kw>
<msg timestamp="20211112 17:55:01.006" level="INFO">${DadosCad} = {'email': '', 'permissao': ''}</msg>
<status status="PASS" starttime="20211112 17:55:01.002" endtime="20211112 17:55:01.006"/>
</kw>
<kw name="Go To CadAdmin Form" library="CadAdm">
<kw name="Click" library="Browser">
<arg>text=Usuários</arg>
<tag>PageContent</tag>
<tag>Setter</tag>
<doc>Simulates mouse click on the element found by ``selector``.</doc>
<status status="PASS" starttime="20211112 17:55:01.007" endtime="20211112 17:55:01.100"/>
</kw>
<kw name="Click" library="Browser">
<arg>text=Criar</arg>
<tag>PageContent</tag>
<tag>Setter</tag>
<doc>Simulates mouse click on the element found by ``selector``.</doc>
<status status="PASS" starttime="20211112 17:55:01.100" endtime="20211112 17:55:01.287"/>
</kw>
<kw name="Get Text" library="Browser">
<arg>text="Cadastrar usuário"</arg>
<tag>Assertion</tag>
<tag>Getter</tag>
<tag>PageContent</tag>
<doc>Returns text attribute of the element found by ``selector``.</doc>
<status status="PASS" starttime="20211112 17:55:01.288" endtime="20211112 17:55:01.322"/>
</kw>
<status status="PASS" starttime="20211112 17:55:01.007" endtime="20211112 17:55:01.322"/>
</kw>
<kw name="Submit CadastroAdm Form" library="CadAdm">
<arg>${DadosCad}</arg>
<kw name="Fill Text" library="Browser">
<arg>id=email</arg>
<arg>${DadosCad}[email]</arg>
<tag>PageContent</tag>
<tag>Setter</tag>
<doc>Clears and fills the given ``txt`` into the text field found by ``selector``.</doc>
<msg timestamp="20211112 17:55:01.324" level="INFO">Fills the text '' in the given field.</msg>
<status status="PASS" starttime="20211112 17:55:01.324" endtime="20211112 17:55:01.345"/>
</kw>
<kw name="Click" library="Browser">
<arg>xpath=/html/body/div[1]/main/div/main/form/div/div/div[2]/span/div/div</arg>
<tag>PageContent</tag>
<tag>Setter</tag>
<doc>Simulates mouse click on the element found by ``selector``.</doc>
<status status="PASS" starttime="20211112 17:55:01.345" endtime="20211112 17:55:01.444"/>
</kw>
<kw name="Click" library="Browser">
<arg>text=Salvar</arg>
<tag>PageContent</tag>
<tag>Setter</tag>
<doc>Simulates mouse click on the element found by ``selector``.</doc>
<status status="PASS" starttime="20211112 17:55:01.444" endtime="20211112 17:55:01.585"/>
</kw>
<status status="PASS" starttime="20211112 17:55:01.323" endtime="20211112 17:55:01.585"/>
</kw>
<kw name="Alert Email Shold Be" library="CadAdm">
<kw name="Set Variable" library="BuiltIn">
<var>${element}</var>
<arg>css=input[error*="email válido"]</arg>
<doc>Returns the given values which can then be assigned to a variables.</doc>
<msg timestamp="20211112 17:55:01.589" level="INFO">${element} = css=input[error*="email válido"]</msg>
<status status="PASS" starttime="20211112 17:55:01.588" endtime="20211112 17:55:01.589"/>
</kw>
<kw name="Wait For Elements State" library="Browser">
<arg>${element}</arg>
<arg>visible</arg>
<arg>10</arg>
<tag>PageContent</tag>
<tag>Wait</tag>
<doc>Waits for the element found by ``selector`` to satisfy state option.</doc>
<msg timestamp="20211112 17:55:01.626" level="INFO">Wait for Element with selector: css=input[error*="email válido"]</msg>
<status status="PASS" starttime="20211112 17:55:01.590" endtime="20211112 17:55:01.627"/>
</kw>
<status status="PASS" starttime="20211112 17:55:01.587" endtime="20211112 17:55:01.627"/>
</kw>
<kw name="Alert Permission Shold Be Required" library="CadAdm">
<kw name="Set Variable" library="BuiltIn">
<var>${element}</var>
<arg>css=div[error*="opções"]</arg>
<doc>Returns the given values which can then be assigned to a variables.</doc>
<msg timestamp="20211112 17:55:01.630" level="INFO">${element} = css=div[error*="opções"]</msg>
<status status="PASS" starttime="20211112 17:55:01.629" endtime="20211112 17:55:01.630"/>
</kw>
<kw name="Wait For Elements State" library="Browser">
<arg>${element}</arg>
<arg>visible</arg>
<arg>10</arg>
<tag>PageContent</tag>
<tag>Wait</tag>
<doc>Waits for the element found by ``selector`` to satisfy state option.</doc>
<msg timestamp="20211112 17:55:01.652" level="INFO">Wait for Element with selector: css=div[error*="opções"]</msg>
<status status="PASS" starttime="20211112 17:55:01.630" endtime="20211112 17:55:01.653"/>
</kw>
<status status="PASS" starttime="20211112 17:55:01.628" endtime="20211112 17:55:01.654"/>
</kw>
<kw name="Click" library="Browser">
<arg>xpath=//*[@id="root"]/main/div/main/form/footer/button[1]</arg>
<tag>PageContent</tag>
<tag>Setter</tag>
<doc>Simulates mouse click on the element found by ``selector``.</doc>
<status status="PASS" starttime="20211112 17:55:01.655" endtime="20211112 17:55:01.847"/>
</kw>
<kw name="Finish Test" library="Base" type="TEARDOWN">
<kw name="Take Screenshot" library="Browser">
<tag>PageContent</tag>
<doc>Takes a screenshot of the current window or element and saves it to disk.</doc>
<msg timestamp="20211112 17:55:02.010" level="INFO" html="true">&lt;/td&gt;&lt;/tr&gt;&lt;tr&gt;&lt;td colspan="3"&gt;&lt;a href="browser/screenshot/robotframework-browser-screenshot-11.png"&gt;&lt;img src="browser/screenshot/robotframework-browser-screenshot-11.png" width="800px"&gt;&lt;/a&gt;</msg>
<status status="PASS" starttime="20211112 17:55:01.849" endtime="20211112 17:55:02.010"/>
</kw>
<status status="PASS" starttime="20211112 17:55:01.848" endtime="20211112 17:55:02.012"/>
</kw>
<tag>CadBranco</tag>
<status status="PASS" starttime="20211112 17:55:00.994" endtime="20211112 17:55:02.012"/>
</test>
<test id="s1-s2-t4" name="Cadastro admin email em branco">
<kw name="Get DadosCad" library="Helpers">
<var>${DadosCad}</var>
<arg>EmailBranco</arg>
<kw name="Get File" library="OperatingSystem">
<var>${fixture}</var>
<arg>${EXECDIR}/resources/fixtures/DadosCad.json</arg>
<doc>Returns the contents of a specified file.</doc>
<msg timestamp="20211112 17:55:02.027" level="INFO" html="true">Getting file '&lt;a href="file://C:\Luby\NeerHouse\QA\frontend\resources\fixtures\DadosCad.json"&gt;C:\Luby\NeerHouse\QA\frontend\resources\fixtures\DadosCad.json&lt;/a&gt;'.</msg>
<msg timestamp="20211112 17:55:02.027" level="INFO">${fixture} = {   
    "Adm1": {
        "email": "emailteste@teste.com",
        "permissao" :"Admin"
    },

    "EmailBranco": {
        "email": "",
        "permissao" :"SysAdmin"
    },

    "Vazio": {
      ...</msg>
<status status="PASS" starttime="20211112 17:55:02.026" endtime="20211112 17:55:02.027"/>
</kw>
<kw name="Evaluate" library="BuiltIn">
<var>${json}</var>
<arg>json.loads($fixture)</arg>
<arg>json</arg>
<doc>Evaluates the given expression in Python and returns the result.</doc>
<msg timestamp="20211112 17:55:02.028" level="INFO">${json} = {'Adm1': {'email': 'emailteste@teste.com', 'permissao': 'Admin'}, 'EmailBranco': {'email': '', 'permissao': 'SysAdmin'}, 'Vazio': {'email': '', 'permissao': ''}, 'PermissaoBranco': {'email': 'email2@e...</msg>
<status status="PASS" starttime="20211112 17:55:02.028" endtime="20211112 17:55:02.028"/>
</kw>
<kw name="Set Variable" library="BuiltIn">
<var>${select_DadosCad}</var>
<arg>${json}[${DadosCad}]</arg>
<doc>Returns the given values which can then be assigned to a variables.</doc>
<msg timestamp="20211112 17:55:02.029" level="INFO">${select_DadosCad} = {'email': '', 'permissao': 'SysAdmin'}</msg>
<status status="PASS" starttime="20211112 17:55:02.029" endtime="20211112 17:55:02.029"/>
</kw>
<msg timestamp="20211112 17:55:02.029" level="INFO">${DadosCad} = {'email': '', 'permissao': 'SysAdmin'}</msg>
<status status="PASS" starttime="20211112 17:55:02.026" endtime="20211112 17:55:02.029"/>
</kw>
<kw name="Go To CadAdmin Form" library="CadAdm">
<kw name="Click" library="Browser">
<arg>text=Usuários</arg>
<tag>PageContent</tag>
<tag>Setter</tag>
<doc>Simulates mouse click on the element found by ``selector``.</doc>
<status status="PASS" starttime="20211112 17:55:02.031" endtime="20211112 17:55:02.130"/>
</kw>
<kw name="Click" library="Browser">
<arg>text=Criar</arg>
<tag>PageContent</tag>
<tag>Setter</tag>
<doc>Simulates mouse click on the element found by ``selector``.</doc>
<status status="PASS" starttime="20211112 17:55:02.131" endtime="20211112 17:55:02.380"/>
</kw>
<kw name="Get Text" library="Browser">
<arg>text="Cadastrar usuário"</arg>
<tag>Assertion</tag>
<tag>Getter</tag>
<tag>PageContent</tag>
<doc>Returns text attribute of the element found by ``selector``.</doc>
<status status="PASS" starttime="20211112 17:55:02.381" endtime="20211112 17:55:02.429"/>
</kw>
<status status="PASS" starttime="20211112 17:55:02.030" endtime="20211112 17:55:02.429"/>
</kw>
<kw name="Submit CadastroAdm Form" library="CadAdm">
<arg>${DadosCad}</arg>
<kw name="Fill Text" library="Browser">
<arg>id=email</arg>
<arg>${DadosCad}[email]</arg>
<tag>PageContent</tag>
<tag>Setter</tag>
<doc>Clears and fills the given ``txt`` into the text field found by ``selector``.</doc>
<msg timestamp="20211112 17:55:02.437" level="INFO">Fills the text '' in the given field.</msg>
<status status="PASS" starttime="20211112 17:55:02.436" endtime="20211112 17:55:02.486"/>
</kw>
<kw name="Click" library="Browser">
<arg>xpath=/html/body/div[1]/main/div/main/form/div/div/div[2]/span/div/div</arg>
<tag>PageContent</tag>
<tag>Setter</tag>
<doc>Simulates mouse click on the element found by ``selector``.</doc>
<status status="PASS" starttime="20211112 17:55:02.487" endtime="20211112 17:55:02.643"/>
</kw>
<kw name="Click" library="Browser">
<arg>text=Salvar</arg>
<tag>PageContent</tag>
<tag>Setter</tag>
<doc>Simulates mouse click on the element found by ``selector``.</doc>
<status status="PASS" starttime="20211112 17:55:02.644" endtime="20211112 17:55:02.803"/>
</kw>
<status status="PASS" starttime="20211112 17:55:02.435" endtime="20211112 17:55:02.804"/>
</kw>
<kw name="Alert Email Shold Be" library="CadAdm">
<kw name="Set Variable" library="BuiltIn">
<var>${element}</var>
<arg>css=input[error*="email válido"]</arg>
<doc>Returns the given values which can then be assigned to a variables.</doc>
<msg timestamp="20211112 17:55:02.807" level="INFO">${element} = css=input[error*="email válido"]</msg>
<status status="PASS" starttime="20211112 17:55:02.806" endtime="20211112 17:55:02.807"/>
</kw>
<kw name="Wait For Elements State" library="Browser">
<arg>${element}</arg>
<arg>visible</arg>
<arg>10</arg>
<tag>PageContent</tag>
<tag>Wait</tag>
<doc>Waits for the element found by ``selector`` to satisfy state option.</doc>
<msg timestamp="20211112 17:55:02.834" level="INFO">Wait for Element with selector: css=input[error*="email válido"]</msg>
<status status="PASS" starttime="20211112 17:55:02.808" endtime="20211112 17:55:02.835"/>
</kw>
<status status="PASS" starttime="20211112 17:55:02.805" endtime="20211112 17:55:02.836"/>
</kw>
<kw name="Click" library="Browser">
<arg>xpath=//*[@id="root"]/main/div/main/form/footer/button[1]</arg>
<tag>PageContent</tag>
<tag>Setter</tag>
<doc>Simulates mouse click on the element found by ``selector``.</doc>
<status status="PASS" starttime="20211112 17:55:02.838" endtime="20211112 17:55:03.038"/>
</kw>
<kw name="Finish Test" library="Base" type="TEARDOWN">
<kw name="Take Screenshot" library="Browser">
<tag>PageContent</tag>
<doc>Takes a screenshot of the current window or element and saves it to disk.</doc>
<msg timestamp="20211112 17:55:03.221" level="INFO" html="true">&lt;/td&gt;&lt;/tr&gt;&lt;tr&gt;&lt;td colspan="3"&gt;&lt;a href="browser/screenshot/robotframework-browser-screenshot-12.png"&gt;&lt;img src="browser/screenshot/robotframework-browser-screenshot-12.png" width="800px"&gt;&lt;/a&gt;</msg>
<status status="PASS" starttime="20211112 17:55:03.043" endtime="20211112 17:55:03.221"/>
</kw>
<status status="PASS" starttime="20211112 17:55:03.042" endtime="20211112 17:55:03.221"/>
</kw>
<tag>MailBranco</tag>
<status status="PASS" starttime="20211112 17:55:02.020" endtime="20211112 17:55:03.222"/>
</test>
<test id="s1-s2-t5" name="Cadastro admin permissao em branco">
<kw name="Get DadosCad" library="Helpers">
<var>${DadosCad}</var>
<arg>PermissaoBranco</arg>
<kw name="Get File" library="OperatingSystem">
<var>${fixture}</var>
<arg>${EXECDIR}/resources/fixtures/DadosCad.json</arg>
<doc>Returns the contents of a specified file.</doc>
<msg timestamp="20211112 17:55:03.241" level="INFO" html="true">Getting file '&lt;a href="file://C:\Luby\NeerHouse\QA\frontend\resources\fixtures\DadosCad.json"&gt;C:\Luby\NeerHouse\QA\frontend\resources\fixtures\DadosCad.json&lt;/a&gt;'.</msg>
<msg timestamp="20211112 17:55:03.242" level="INFO">${fixture} = {   
    "Adm1": {
        "email": "emailteste@teste.com",
        "permissao" :"Admin"
    },

    "EmailBranco": {
        "email": "",
        "permissao" :"SysAdmin"
    },

    "Vazio": {
      ...</msg>
<status status="PASS" starttime="20211112 17:55:03.240" endtime="20211112 17:55:03.242"/>
</kw>
<kw name="Evaluate" library="BuiltIn">
<var>${json}</var>
<arg>json.loads($fixture)</arg>
<arg>json</arg>
<doc>Evaluates the given expression in Python and returns the result.</doc>
<msg timestamp="20211112 17:55:03.243" level="INFO">${json} = {'Adm1': {'email': 'emailteste@teste.com', 'permissao': 'Admin'}, 'EmailBranco': {'email': '', 'permissao': 'SysAdmin'}, 'Vazio': {'email': '', 'permissao': ''}, 'PermissaoBranco': {'email': 'email2@e...</msg>
<status status="PASS" starttime="20211112 17:55:03.242" endtime="20211112 17:55:03.243"/>
</kw>
<kw name="Set Variable" library="BuiltIn">
<var>${select_DadosCad}</var>
<arg>${json}[${DadosCad}]</arg>
<doc>Returns the given values which can then be assigned to a variables.</doc>
<msg timestamp="20211112 17:55:03.244" level="INFO">${select_DadosCad} = {'email': 'email2@email.com', 'permissao': ''}</msg>
<status status="PASS" starttime="20211112 17:55:03.243" endtime="20211112 17:55:03.244"/>
</kw>
<msg timestamp="20211112 17:55:03.244" level="INFO">${DadosCad} = {'email': 'email2@email.com', 'permissao': ''}</msg>
<status status="PASS" starttime="20211112 17:55:03.240" endtime="20211112 17:55:03.244"/>
</kw>
<kw name="Go To CadAdmin Form" library="CadAdm">
<kw name="Click" library="Browser">
<arg>text=Usuários</arg>
<tag>PageContent</tag>
<tag>Setter</tag>
<doc>Simulates mouse click on the element found by ``selector``.</doc>
<status status="PASS" starttime="20211112 17:55:03.246" endtime="20211112 17:55:03.326"/>
</kw>
<kw name="Click" library="Browser">
<arg>text=Criar</arg>
<tag>PageContent</tag>
<tag>Setter</tag>
<doc>Simulates mouse click on the element found by ``selector``.</doc>
<status status="PASS" starttime="20211112 17:55:03.327" endtime="20211112 17:55:03.501"/>
</kw>
<kw name="Get Text" library="Browser">
<arg>text="Cadastrar usuário"</arg>
<tag>Assertion</tag>
<tag>Getter</tag>
<tag>PageContent</tag>
<doc>Returns text attribute of the element found by ``selector``.</doc>
<status status="PASS" starttime="20211112 17:55:03.502" endtime="20211112 17:55:03.545"/>
</kw>
<status status="PASS" starttime="20211112 17:55:03.245" endtime="20211112 17:55:03.545"/>
</kw>
<kw name="Submit CadastroAdm Form" library="CadAdm">
<arg>${DadosCad}</arg>
<kw name="Fill Text" library="Browser">
<arg>id=email</arg>
<arg>${DadosCad}[email]</arg>
<tag>PageContent</tag>
<tag>Setter</tag>
<doc>Clears and fills the given ``txt`` into the text field found by ``selector``.</doc>
<msg timestamp="20211112 17:55:03.549" level="INFO">Fills the text 'email2@email.com' in the given field.</msg>
<status status="PASS" starttime="20211112 17:55:03.548" endtime="20211112 17:55:03.584"/>
</kw>
<kw name="Click" library="Browser">
<arg>xpath=/html/body/div[1]/main/div/main/form/div/div/div[2]/span/div/div</arg>
<tag>PageContent</tag>
<tag>Setter</tag>
<doc>Simulates mouse click on the element found by ``selector``.</doc>
<status status="PASS" starttime="20211112 17:55:03.585" endtime="20211112 17:55:03.688"/>
</kw>
<kw name="Click" library="Browser">
<arg>text=Salvar</arg>
<tag>PageContent</tag>
<tag>Setter</tag>
<doc>Simulates mouse click on the element found by ``selector``.</doc>
<status status="PASS" starttime="20211112 17:55:03.688" endtime="20211112 17:55:03.845"/>
</kw>
<status status="PASS" starttime="20211112 17:55:03.547" endtime="20211112 17:55:03.846"/>
</kw>
<kw name="Alert Permission Shold Be Required" library="CadAdm">
<kw name="Set Variable" library="BuiltIn">
<var>${element}</var>
<arg>css=div[error*="opções"]</arg>
<doc>Returns the given values which can then be assigned to a variables.</doc>
<msg timestamp="20211112 17:55:03.850" level="INFO">${element} = css=div[error*="opções"]</msg>
<status status="PASS" starttime="20211112 17:55:03.849" endtime="20211112 17:55:03.850"/>
</kw>
<kw name="Wait For Elements State" library="Browser">
<arg>${element}</arg>
<arg>visible</arg>
<arg>10</arg>
<tag>PageContent</tag>
<tag>Wait</tag>
<doc>Waits for the element found by ``selector`` to satisfy state option.</doc>
<msg timestamp="20211112 17:55:03.885" level="INFO">Wait for Element with selector: css=div[error*="opções"]</msg>
<status status="PASS" starttime="20211112 17:55:03.851" endtime="20211112 17:55:03.885"/>
</kw>
<status status="PASS" starttime="20211112 17:55:03.848" endtime="20211112 17:55:03.886"/>
</kw>
[...]
<status status="PASS" starttime="20211112 17:55:05.409" endtime="20211112 17:55:06.456"/>
</kw>
<kw name="New Page" library="Browser">
<arg>https://neer.stag.dev.luby.com.br/</arg>
<tag>BrowserControl</tag>
<tag>Setter</tag>
<doc>Open a new Page. A Page is the Playwright equivalent to a tab.
See `Browser, Context and Page` for more information about Page concept.
Returns a stable identifier for the created page.</doc>
<msg timestamp="20211112 17:55:11.857" level="INFO">Successfully initialized new page object and opened url: https://neer.stag.dev.luby.com.br/</msg>
<msg timestamp="20211112 17:55:11.858" level="INFO">No context was open. New context was automatically opened when this page is created.</msg>
<status status="PASS" starttime="20211112 17:55:06.456" endtime="20211112 17:55:11.858"/>
</kw>
<status status="PASS" starttime="20211112 17:55:05.408" endtime="20211112 17:55:11.858"/>
</kw>
<test id="s1-s3-t1" name="Fazer login">
<kw name="Login With" library="LoginActions">
<arg>shopmanager@email.com</arg>
<arg>12345678</arg>
<kw name="Fill Text" library="Browser">
<arg>id=email</arg>
<arg>${email}</arg>
<tag>PageContent</tag>
<tag>Setter</tag>
<doc>Clears and fills the given ``txt`` into the text field found by ``selector``.</doc>
<msg timestamp="20211112 17:55:11.879" level="INFO">Fills the text 'shopmanager@email.com' in the given field.</msg>
<status status="PASS" starttime="20211112 17:55:11.878" endtime="20211112 17:55:11.968"/>
</kw>
<kw name="Fill Text" library="Browser">
<arg>id=password</arg>
<arg>${pass}</arg>
<tag>PageContent</tag>
<tag>Setter</tag>
<doc>Clears and fills the given ``txt`` into the text field found by ``selector``.</doc>
<msg timestamp="20211112 17:55:11.971" level="INFO">Fills the text '12345678' in the given field.</msg>
<status status="PASS" starttime="20211112 17:55:11.969" endtime="20211112 17:55:12.032"/>
</kw>
<kw name="Click" library="Browser">
<arg>text=Entrar</arg>
<tag>PageContent</tag>
<tag>Setter</tag>
<doc>Simulates mouse click on the element found by ``selector``.</doc>
<status status="PASS" starttime="20211112 17:55:12.032" endtime="20211112 17:55:14.763"/>
</kw>
<status status="PASS" starttime="20211112 17:55:11.877" endtime="20211112 17:55:14.763"/>
</kw>
<kw name="User Shold Be Logged In" library="LoginActions">
<kw name="Wait For Elements State" library="Browser">
<arg>css=.anticon-home</arg>
<arg>visible</arg>
<arg>10</arg>
<tag>PageContent</tag>
<tag>Wait</tag>
<doc>Waits for the element found by ``selector`` to satisfy state option.</doc>
<msg timestamp="20211112 17:55:16.153" level="INFO">Wait for Element with selector: css=.anticon-home</msg>
<status status="PASS" starttime="20211112 17:55:14.765" endtime="20211112 17:55:16.155"/>
</kw>
<status status="PASS" starttime="20211112 17:55:14.764" endtime="20211112 17:55:16.156"/>
</kw>
<kw name="Take ScreenShot And Logout" library="Base" type="TEARDOWN">
<kw name="Take Screenshot" library="Browser">
<tag>PageContent</tag>
<doc>Takes a screenshot of the current window or element and saves it to disk.</doc>
<msg timestamp="20211112 17:55:16.648" level="INFO" html="true">&lt;/td&gt;&lt;/tr&gt;&lt;tr&gt;&lt;td colspan="3"&gt;&lt;a href="browser/screenshot/robotframework-browser-screenshot-15.png"&gt;&lt;img src="browser/screenshot/robotframework-browser-screenshot-15.png" width="800px"&gt;&lt;/a&gt;</msg>
<status status="PASS" starttime="20211112 17:55:16.159" endtime="20211112 17:55:16.649"/>
</kw>
<kw name="Do logout" library="LoginActions">
<kw name="Click" library="Browser">
<arg>css=#root &gt; main &gt; div &gt; main &gt; header &gt; div &gt; span</arg>
<tag>PageContent</tag>
<tag>Setter</tag>
<doc>Simulates mouse click on the element found by ``selector``.</doc>
<status status="PASS" starttime="20211112 17:55:16.650" endtime="20211112 17:55:16.803"/>
</kw>
<kw name="Click" library="Browser">
<arg>text=Sair</arg>
<tag>PageContent</tag>
<tag>Setter</tag>
<doc>Simulates mouse click on the element found by ``selector``.</doc>
<status status="PASS" starttime="20211112 17:55:16.804" endtime="20211112 17:55:17.256"/>
</kw>
<status status="PASS" starttime="20211112 17:55:16.649" endtime="20211112 17:55:17.257"/>
</kw>
<status status="PASS" starttime="20211112 17:55:16.157" endtime="20211112 17:55:17.258"/>
</kw>
<tag>login</tag>
<status status="PASS" starttime="20211112 17:55:11.858" endtime="20211112 17:55:17.259"/>
</test>
<test id="s1-s3-t2" name="Senha incorreta">
<kw name="Login With" library="LoginActions">
<arg>shopmanager@gmail.com</arg>
<arg>123</arg>
<kw name="Fill Text" library="Browser">
<arg>id=email</arg>
<arg>${email}</arg>
<tag>PageContent</tag>
<tag>Setter</tag>
<doc>Clears and fills the given ``txt`` into the text field found by ``selector``.</doc>
<msg timestamp="20211112 17:55:17.309" level="INFO">Fills the text 'shopmanager@gmail.com' in the given field.</msg>
<status status="PASS" starttime="20211112 17:55:17.309" endtime="20211112 17:55:17.344"/>
</kw>
<kw name="Fill Text" library="Browser">
<arg>id=password</arg>
<arg>${pass}</arg>
<tag>PageContent</tag>
<tag>Setter</tag>
<doc>Clears and fills the given ``txt`` into the text field found by ``selector``.</doc>
<msg timestamp="20211112 17:55:17.345" level="INFO">Fills the text '123' in the given field.</msg>
<status status="PASS" starttime="20211112 17:55:17.345" endtime="20211112 17:55:17.397"/>
</kw>
<kw name="Click" library="Browser">
<arg>text=Entrar</arg>
<tag>PageContent</tag>
<tag>Setter</tag>
<doc>Simulates mouse click on the element found by ``selector``.</doc>
<status status="PASS" starttime="20211112 17:55:17.397" endtime="20211112 17:55:17.507"/>
</kw>
<status status="PASS" starttime="20211112 17:55:17.308" endtime="20211112 17:55:17.507"/>
</kw>
<kw name="Alert Text Shold Be" library="LoginActions">
<arg>Ocorreu um erro, verifique suas credenciais e tente novamente</arg>
<kw name="Set Variable" library="BuiltIn">
<var>${element}</var>
<arg>css=.ant-message</arg>
<doc>Returns the given values which can then be assigned to a variables.</doc>
<msg timestamp="20211112 17:55:17.509" level="INFO">${element} = css=.ant-message</msg>
<status status="PASS" starttime="20211112 17:55:17.508" endtime="20211112 17:55:17.509"/>
</kw>
<kw name="Wait For Elements State" library="Browser">
<arg>${element}</arg>
<arg>visible</arg>
<arg>5</arg>
<arg>Login error</arg>
<tag>PageContent</tag>
<tag>Wait</tag>
<doc>Waits for the element found by ``selector`` to satisfy state option.</doc>
<msg timestamp="20211112 17:55:17.753" level="INFO">Wait for Element with selector: css=.ant-message</msg>
<status status="PASS" starttime="20211112 17:55:17.509" endtime="20211112 17:55:17.754"/>
</kw>
<kw name="Get Text" library="Browser">
<arg>${element}</arg>
<arg>equal</arg>
<arg>${expect_message}</arg>
<tag>Assertion</tag>
<tag>Getter</tag>
<tag>PageContent</tag>
<doc>Returns text attribute of the element found by ``selector``.</doc>
<status status="PASS" starttime="20211112 17:55:17.754" endtime="20211112 17:55:17.833"/>
</kw>
<status status="PASS" starttime="20211112 17:55:17.508" endtime="20211112 17:55:17.834"/>
</kw>
<kw name="Finish Test" library="Base" type="TEARDOWN">
<kw name="Take Screenshot" library="Browser">
<tag>PageContent</tag>
<doc>Takes a screenshot of the current window or element and saves it to disk.</doc>
<msg timestamp="20211112 17:55:18.076" level="INFO" html="true">&lt;/td&gt;&lt;/tr&gt;&lt;tr&gt;&lt;td colspan="3"&gt;&lt;a href="browser/screenshot/robotframework-browser-screenshot-16.png"&gt;&lt;img src="browser/screenshot/robotframework-browser-screenshot-16.png" width="800px"&gt;&lt;/a&gt;</msg>
<status status="PASS" starttime="20211112 17:55:17.839" endtime="20211112 17:55:18.076"/>
</kw>
<status status="PASS" starttime="20211112 17:55:17.838" endtime="20211112 17:55:18.077"/>
</kw>
<tag>pass</tag>
<status status="PASS" starttime="20211112 17:55:17.301" endtime="20211112 17:55:18.078"/>
</test>
<test id="s1-s3-t3" name="Email invalido">
<kw name="Login With" library="LoginActions">
<arg>shomanager@ssl</arg>
<arg>123</arg>
<kw name="Fill Text" library="Browser">
<arg>id=email</arg>
<arg>${email}</arg>
<tag>PageContent</tag>
<tag>Setter</tag>
<doc>Clears and fills the given ``txt`` into the text field found by ``selector``.</doc>
<msg timestamp="20211112 17:55:18.095" level="INFO">Fills the text 'shomanager@ssl' in the given field.</msg>
<status status="PASS" starttime="20211112 17:55:18.094" endtime="20211112 17:55:18.178"/>
</kw>
<kw name="Fill Text" library="Browser">
<arg>id=password</arg>
<arg>${pass}</arg>
<tag>PageContent</tag>
<tag>Setter</tag>
<doc>Clears and fills the given ``txt`` into the text field found by ``selector``.</doc>
<msg timestamp="20211112 17:55:18.179" level="INFO">Fills the text '123' in the given field.</msg>
<status status="PASS" starttime="20211112 17:55:18.178" endtime="20211112 17:55:18.252"/>
</kw>
<kw name="Click" library="Browser">
<arg>text=Entrar</arg>
<tag>PageContent</tag>
<tag>Setter</tag>
<doc>Simulates mouse click on the element found by ``selector``.</doc>
<status status="PASS" starttime="20211112 17:55:18.253" endtime="20211112 17:55:18.369"/>
</kw>
<status status="PASS" starttime="20211112 17:55:18.094" endtime="20211112 17:55:18.370"/>
</kw>
<kw name="Alert login Shold Be" library="LoginActions">
<kw name="Set Variable" library="BuiltIn">
<var>${element}</var>
<arg>css=input[error="email must be a valid email"]</arg>
<doc>Returns the given values which can then be assigned to a variables.</doc>
<msg timestamp="20211112 17:55:18.372" level="INFO">${element} = css=input[error="email must be a valid email"]</msg>
<status status="PASS" starttime="20211112 17:55:18.372" endtime="20211112 17:55:18.372"/>
</kw>
<kw name="Wait For Elements State" library="Browser">
<arg>${element}</arg>
<arg>visible</arg>
<arg>10</arg>
<tag>PageContent</tag>
<tag>Wait</tag>
<doc>Waits for the element found by ``selector`` to satisfy state option.</doc>
<msg timestamp="20211112 17:55:18.391" level="INFO">Wait for Element with selector: css=input[error="email must be a valid email"]</msg>
<status status="PASS" starttime="20211112 17:55:18.373" endtime="20211112 17:55:18.391"/>
</kw>
<status status="PASS" starttime="20211112 17:55:18.371" endtime="20211112 17:55:18.392"/>
</kw>
<kw name="Finish Test" library="Base" type="TEARDOWN">
<kw name="Take Screenshot" library="Browser">
<tag>PageContent</tag>
<doc>Takes a screenshot of the current window or element and saves it to disk.</doc>
<msg timestamp="20211112 17:55:18.615" level="INFO" html="true">&lt;/td&gt;&lt;/tr&gt;&lt;tr&gt;&lt;td colspan="3"&gt;&lt;a href="browser/screenshot/robotframework-browser-screenshot-17.png"&gt;&lt;img src="browser/screenshot/robotframework-browser-screenshot-17.png" width="800px"&gt;&lt;/a&gt;</msg>
<status status="PASS" starttime="20211112 17:55:18.394" endtime="20211112 17:55:18.615"/>
</kw>
<status status="PASS" starttime="20211112 17:55:18.393" endtime="20211112 17:55:18.615"/>
</kw>
<status status="PASS" starttime="20211112 17:55:18.088" endtime="20211112 17:55:18.617"/>
</test>
<test id="s1-s3-t4" name="Login em branco">
<kw name="Login With" library="LoginActions">
<arg>${EMPTY}</arg>
<arg>123</arg>
<kw name="Fill Text" library="Browser">
<arg>id=email</arg>
<arg>${email}</arg>
<tag>PageContent</tag>
<tag>Setter</tag>
<doc>Clears and fills the given ``txt`` into the text field found by ``selector``.</doc>
<msg timestamp="20211112 17:55:18.638" level="INFO">Fills the text '' in the given field.</msg>
<status status="PASS" starttime="20211112 17:55:18.637" endtime="20211112 17:55:18.686"/>
</kw>
<kw name="Fill Text" library="Browser">
<arg>id=password</arg>
<arg>${pass}</arg>
<tag>PageContent</tag>
<tag>Setter</tag>
<doc>Clears and fills the given ``txt`` into the text field found by ``selector``.</doc>
<msg timestamp="20211112 17:55:18.688" level="INFO">Fills the text '123' in the given field.</msg>
<status status="PASS" starttime="20211112 17:55:18.687" endtime="20211112 17:55:18.736"/>
</kw>
<kw name="Click" library="Browser">
<arg>text=Entrar</arg>
<tag>PageContent</tag>
<tag>Setter</tag>
<doc>Simulates mouse click on the element found by ``selector``.</doc>
<status status="PASS" starttime="20211112 17:55:18.736" endtime="20211112 17:55:18.826"/>
</kw>
<status status="PASS" starttime="20211112 17:55:18.633" endtime="20211112 17:55:18.826"/>
</kw>
<kw name="Alert login Shold Be Required" library="LoginActions">
<kw name="Set Variable" library="BuiltIn">
<var>${element}</var>
<arg>css=input[error="email is a required field"]</arg>
<doc>Returns the given values which can then be assigned to a variables.</doc>
<msg timestamp="20211112 17:55:18.828" level="INFO">${element} = css=input[error="email is a required field"]</msg>
<status status="PASS" starttime="20211112 17:55:18.828" endtime="20211112 17:55:18.828"/>
</kw>
<kw name="Wait For Elements State" library="Browser">
<arg>${element}</arg>
<arg>visible</arg>
<arg>10</arg>
<tag>PageContent</tag>
<tag>Wait</tag>
<doc>Waits for the element found by ``selector`` to satisfy state option.</doc>
<msg timestamp="20211112 17:55:18.849" level="INFO">Wait for Element with selector: css=input[error="email is a required field"]</msg>
<status status="PASS" starttime="20211112 17:55:18.828" endtime="20211112 17:55:18.849"/>
</kw>
<status status="PASS" starttime="20211112 17:55:18.827" endtime="20211112 17:55:18.850"/>
</kw>
<kw name="Finish Test" library="Base" type="TEARDOWN">
<kw name="Take Screenshot" library="Browser">
<tag>PageContent</tag>
<doc>Takes a screenshot of the current window or element and saves it to disk.</doc>
<msg timestamp="20211112 17:55:19.110" level="INFO" html="true">&lt;/td&gt;&lt;/tr&gt;&lt;tr&gt;&lt;td colspan="3"&gt;&lt;a href="browser/screenshot/robotframework-browser-screenshot-18.png"&gt;&lt;img src="browser/screenshot/robotframework-browser-screenshot-18.png" width="800px"&gt;&lt;/a&gt;</msg>
<status status="PASS" starttime="20211112 17:55:18.854" endtime="20211112 17:55:19.110"/>
</kw>
<status status="PASS" starttime="20211112 17:55:18.853" endtime="20211112 17:55:19.110"/>
</kw>
<status status="PASS" starttime="20211112 17:55:18.627" endtime="20211112 17:55:19.112"/>
</test>
<test id="s1-s3-t5" name="Ambos em branco">
<kw name="Login With" library="LoginActions">
<arg>${EMPTY}</arg>
<arg>${EMPTY}</arg>
<kw name="Fill Text" library="Browser">
<arg>id=email</arg>
<arg>${email}</arg>
<tag>PageContent</tag>
<tag>Setter</tag>
<doc>Clears and fills the given ``txt`` into the text field found by ``selector``.</doc>
<msg timestamp="20211112 17:55:19.142" level="INFO">Fills the text '' in the given field.</msg>
<status status="PASS" starttime="20211112 17:55:19.141" endtime="20211112 17:55:19.181"/>
</kw>
<kw name="Fill Text" library="Browser">
<arg>id=password</arg>
<arg>${pass}</arg>
<tag>PageContent</tag>
<tag>Setter</tag>
<doc>Clears and fills the given ``txt`` into the text field found by ``selector``.</doc>
<msg timestamp="20211112 17:55:19.182" level="INFO">Fills the text '' in the given field.</msg>
<status status="PASS" starttime="20211112 17:55:19.182" endtime="20211112 17:55:19.275"/>
</kw>
<kw name="Click" library="Browser">
<arg>text=Entrar</arg>
<tag>PageContent</tag>
<tag>Setter</tag>
<doc>Simulates mouse click on the element found by ``selector``.</doc>
<status status="PASS" starttime="20211112 17:55:19.275" endtime="20211112 17:55:19.364"/>
</kw>
<status status="PASS" starttime="20211112 17:55:19.137" endtime="20211112 17:55:19.364"/>
</kw>
<kw name="Alert login Shold Be Required" library="LoginActions">
<kw name="Set Variable" library="BuiltIn">
<var>${element}</var>
<arg>css=input[error="email is a required field"]</arg>
<doc>Returns the given values which can then be assigned to a variables.</doc>
<msg timestamp="20211112 17:55:19.365" level="INFO">${element} = css=input[error="email is a required field"]</msg>
<status status="PASS" starttime="20211112 17:55:19.365" endtime="20211112 17:55:19.365"/>
</kw>
<kw name="Wait For Elements State" library="Browser">
<arg>${element}</arg>
<arg>visible</arg>
<arg>10</arg>
<tag>PageContent</tag>
<tag>Wait</tag>
<doc>Waits for the element found by ``selector`` to satisfy state option.</doc>
<msg timestamp="20211112 17:55:19.391" level="INFO">Wait for Element with selector: css=input[error="email is a required field"]</msg>
<status status="PASS" starttime="20211112 17:55:19.366" endtime="20211112 17:55:19.392"/>
</kw>
<status status="PASS" starttime="20211112 17:55:19.365" endtime="20211112 17:55:19.392"/>
</kw>
<kw name="Alert password Shold Be Required" library="LoginActions">
<kw name="Set Variable" library="BuiltIn">
<var>${element}</var>
<arg>css=input[error="password is a required field"]</arg>
<doc>Returns the given values which can then be assigned to a variables.</doc>
<msg timestamp="20211112 17:55:19.396" level="INFO">${element} = css=input[error="password is a required field"]</msg>
<status status="PASS" starttime="20211112 17:55:19.395" endtime="20211112 17:55:19.396"/>
</kw>
<kw name="Wait For Elements State" library="Browser">
<arg>${element}</arg>
<arg>visible</arg>
<arg>10</arg>
<tag>PageContent</tag>
<tag>Wait</tag>
<doc>Waits for the element found by ``selector`` to satisfy state option.</doc>
<msg timestamp="20211112 17:55:19.421" level="INFO">Wait for Element with selector: css=input[error="password is a required field"]</msg>
<status status="PASS" starttime="20211112 17:55:19.396" endtime="20211112 17:55:19.421"/>
</kw>
<status status="PASS" starttime="20211112 17:55:19.394" endtime="20211112 17:55:19.421"/>
</kw>
<kw name="Finish Test" library="Base" type="TEARDOWN">
<kw name="Take Screenshot" library="Browser">
<tag>PageContent</tag>
<doc>Takes a screenshot of the current window or element and saves it to disk.</doc>
<msg timestamp="20211112 17:55:19.729" level="INFO" html="true">&lt;/td&gt;&lt;/tr&gt;&lt;tr&gt;&lt;td colspan="3"&gt;&lt;a href="browser/screenshot/robotframework-browser-screenshot-19.png"&gt;&lt;img src="browser/screenshot/robotframework-browser-screenshot-19.png" width="800px"&gt;&lt;/a&gt;</msg>
<status status="PASS" starttime="20211112 17:55:19.425" endtime="20211112 17:55:19.729"/>
</kw>
<status status="PASS" starttime="20211112 17:55:19.424" endtime="20211112 17:55:19.730"/>
</kw>
<status status="PASS" starttime="20211112 17:55:19.127" endtime="20211112 17:55:19.732"/>
</test>
<doc>Login Tests</doc>
<status status="PASS" starttime="20211112 17:55:05.353" endtime="20211112 17:55:19.744"/>
</suite>
<status status="PASS" starttime="20211112 17:54:29.536" endtime="20211112 17:55:19.897"/>
</suite>
<statistics>
<total>
<stat pass="19" fail="0" skip="0">All Tests</stat>
</total>
<tag>
<stat pass="1" fail="0" skip="0">Cadastro</stat>
<stat pass="1" fail="0" skip="0">CadBranco</stat>
<stat pass="2" fail="0" skip="0">CadLojista</stat>
<stat pass="3" fail="0" skip="0">CadLojistaBranco</stat>
<stat pass="1" fail="0" skip="0">CadLojistaCompleto</stat>
<stat pass="1" fail="0" skip="0">CadLojistaEmailInvalid</stat>
<stat pass="1" fail="0" skip="0">login</stat>
<stat pass="1" fail="0" skip="0">MailBranco</stat>
<stat pass="1" fail="0" skip="0">MailInvalid</stat>
<stat pass="1" fail="0" skip="0">pass</stat>
<stat pass="1" fail="0" skip="0">PermissionBranco</stat>
</tag>
<suite>
<stat pass="19" fail="0" skip="0" id="s1" name="Tests">Tests</stat>
<stat pass="8" fail="0" skip="0" id="s1-s1" name="CadastroLojistaTests">Tests.CadastroLojistaTests</stat>
<stat pass="6" fail="0" skip="0" id="s1-s2" name="CadastrosAdminTests">Tests.CadastrosAdminTests</stat>
<stat pass="5" fail="0" skip="0" id="s1-s3" name="LoginTests">Tests.LoginTests</stat>
</suite>
</statistics>
<errors>
</errors>
</robot>
