<?xml version="1.0" encoding="UTF-8"?>
<robot generator="Robot 4.1 (Python 3.9.7 on win32)" generated="20211207 16:39:33.371" rpa="false" schemaversion="2">
<suite id="s1" name="Tests" source="C:\Luby\NeerHouse\QA\frontend\tests">
<suite id="s1-s1" name="4.CadastroLojistaTests" source="C:\Luby\NeerHouse\QA\frontend\tests\4.CadastroLojistaTests.robot">
<kw name="Start Session" library="Base" type="SETUP">
<kw name="New Browser" library="Browser">
<arg>chromium</arg>
<arg>False</arg>
<tag>BrowserControl</tag>
<tag>Setter</tag>
<doc>Create a new playwright Browser with specified options.</doc>
<msg timestamp="20211207 16:39:34.887" level="INFO">{"browser": "chromium", "headless": false, "handleSIGINT": true, "handleSIGTERM": true, "handleSIGHUP": true, "timeout": 30000.0, "devtools": false, "slowMo": 0.0, "tracesDir": "C:\\Luby\\NeerHouse\\QA\\frontend\\log\\browser\\traces\\145826fc-b527-4e8d-9173-63754449831f"}</msg>
<msg timestamp="20211207 16:39:35.788" level="INFO">Successfully created browser with options: {"browser":"chromium","headless":false,"handleSIGINT":true,"handleSIGTERM":true,"handleSIGHUP":true,"timeout":30000,"devtools":false,"slowMo":0,"tracesDir":"C:\\Luby\\NeerHouse\\QA\\frontend\\log\\browser\\traces\\145826fc-b527-4e8d-9173-63754449831f"}</msg>
<status status="PASS" starttime="20211207 16:39:34.887" endtime="20211207 16:39:35.788"/>
</kw>
<kw name="New Page" library="Browser">
<arg>https://neer.stag.dev.luby.com.br/</arg>
<tag>BrowserControl</tag>
<tag>Setter</tag>
<doc>Open a new Page. A Page is the Playwright equivalent to a tab.
See `Browser, Context and Page` for more information about Page concept.
Returns a stable identifier for the created page.</doc>
<msg timestamp="20211207 16:39:46.292" level="WARN">Keyword 'Take Screenshot' could not be run on failure:
Error: Tried to take screenshot, but no page was open.</msg>
<msg timestamp="20211207 16:39:46.299" level="FAIL">TimeoutError: page.goto: Timeout 10000ms exceeded.
=========================== logs ===========================
navigating to "https://neer.stag.dev.luby.com.br/", waiting until "load"
============================================================</msg>
<status status="FAIL" starttime="20211207 16:39:35.789" endtime="20211207 16:39:46.299"/>
</kw>
<status status="FAIL" starttime="20211207 16:39:34.886" endtime="20211207 16:39:46.300"/>
</kw>
<test id="s1-s1-t1" name="Cadastro Lojista Sucesso Obrigatorio">
<tag>CadLojista</tag>
<status status="FAIL" starttime="20211207 16:39:46.300" endtime="20211207 16:39:46.304">Parent suite setup failed:
TimeoutError: page.goto: Timeout 10000ms exceeded.
=========================== logs ===========================
navigating to "https://neer.stag.dev.luby.com.br/", waiting until "load"
============================================================</status>
</test>
<doc>CADASTRO LOJISTA TESTS</doc>
<status status="FAIL" starttime="20211207 16:39:33.417" endtime="20211207 16:39:46.310">Suite setup failed:
TimeoutError: page.goto: Timeout 10000ms exceeded.
=========================== logs ===========================
navigating to "https://neer.stag.dev.luby.com.br/", waiting until "load"
============================================================</status>
</suite>
<status status="FAIL" starttime="20211207 16:39:33.374" endtime="20211207 16:39:46.407"/>
</suite>
<statistics>
<total>
<stat pass="0" fail="1" skip="0">All Tests</stat>
</total>
<tag>
<stat pass="0" fail="1" skip="0">CadLojista</stat>
</tag>
<suite>
<stat pass="0" fail="1" skip="0" id="s1" name="Tests">Tests</stat>
<stat pass="0" fail="1" skip="0" id="s1-s1" name="4.CadastroLojistaTests">Tests.4.CadastroLojistaTests</stat>
</suite>
</statistics>
<errors>
<msg timestamp="20211207 16:39:46.292" level="WARN">Keyword 'Take Screenshot' could not be run on failure:
Error: Tried to take screenshot, but no page was open.</msg>
</errors>
</robot>
