<?xml version="1.0" encoding="UTF-8"?>
<robot generator="Robot 4.1.2 (Python 3.10.1 on win32)" generated="20211208 17:17:29.905" rpa="false" schemaversion="2">
<suite id="s1" name="Tests" source="C:\Luby\NeerHouse\QA\frontend\tests">
<suite id="s1-s1" name="1.LoginTests" source="C:\Luby\NeerHouse\QA\frontend\tests\1.LoginTests.robot">
<kw name="Start Session" library="Base" type="SETUP">
<kw name="New Browser" library="Browser">
<arg>chromium</arg>
<arg>False</arg>
<tag>BrowserControl</tag>
<tag>Setter</tag>
<doc>Create a new playwright Browser with specified options.</doc>
<msg timestamp="20211208 17:17:32.951" level="INFO">{"browser": "chromium", "headless": false, "handleSIGINT": true, "handleSIGTERM": true, "handleSIGHUP": true, "timeout": 30000.0, "devtools": false, "slowMo": 0.0, "tracesDir": "C:\\Luby\\NeerHouse\\QA\\frontend\\log\\browser\\traces\\ab4f3834-c6ab-458b-bc85-875bbf624d4a"}</msg>
<msg timestamp="20211208 17:17:33.671" level="INFO">Successfully created browser with options: {"browser":"chromium","headless":false,"handleSIGINT":true,"handleSIGTERM":true,"handleSIGHUP":true,"timeout":30000,"devtools":false,"slowMo":0,"tracesDir":"C:\\Luby\\NeerHouse\\QA\\frontend\\log\\browser\\traces\\ab4f3834-c6ab-458b-bc85-875bbf624d4a"}</msg>
<status status="PASS" starttime="20211208 17:17:32.951" endtime="20211208 17:17:33.671"/>
</kw>
<kw name="New Page" library="Browser">
<arg>https://neer.stag.dev.luby.com.br/</arg>
<tag>BrowserControl</tag>
<tag>Setter</tag>
<doc>Open a new Page.</doc>
<msg timestamp="20211208 17:17:37.711" level="INFO">Successfully initialized new page object and opened url: https://neer.stag.dev.luby.com.br/</msg>
<msg timestamp="20211208 17:17:37.712" level="INFO">No context was open. New context was automatically opened when this page is created.</msg>
<status status="PASS" starttime="20211208 17:17:33.672" endtime="20211208 17:17:37.712"/>
</kw>
<status status="PASS" starttime="20211208 17:17:32.951" endtime="20211208 17:17:37.712"/>
</kw>
<test id="s1-s1-t1" name="Fazer login">
<kw name="Login With" library="LoginActions">
<arg>shopmanager@email.com</arg>
<arg>12345678</arg>
<kw name="Fill Text" library="Browser">
<arg>id=email</arg>
<arg>${email}</arg>
<tag>PageContent</tag>
<tag>Setter</tag>
<doc>Clears and fills the given ``txt`` into the text field found by ``selector``.</doc>
<msg timestamp="20211208 17:17:37.724" level="INFO">Fills the text 'shopmanager@email.com' in the given field.</msg>
<status status="PASS" starttime="20211208 17:17:37.723" endtime="20211208 17:17:37.759"/>
</kw>
<kw name="Fill Text" library="Browser">
<arg>id=password</arg>
<arg>${pass}</arg>
<tag>PageContent</tag>
<tag>Setter</tag>
<doc>Clears and fills the given ``txt`` into the text field found by ``selector``.</doc>
<msg timestamp="20211208 17:17:37.759" level="INFO">Fills the text '12345678' in the given field.</msg>
<status status="PASS" starttime="20211208 17:17:37.759" endtime="20211208 17:17:37.805"/>
</kw>
<kw name="Click" library="Browser">
<arg>text=Entrar</arg>
<tag>PageContent</tag>
<tag>Setter</tag>
<doc>Simulates mouse click on the element found by ``selector``.</doc>
<status status="PASS" starttime="20211208 17:17:37.805" endtime="20211208 17:17:39.331"/>
</kw>
<status status="PASS" starttime="20211208 17:17:37.723" endtime="20211208 17:17:39.331"/>
</kw>
<kw name="User Shold Be Logged In" library="LoginActions">
<kw name="Wait For Elements State" library="Browser">
<arg>css=.anticon-home</arg>
<arg>visible</arg>
<arg>10</arg>
<tag>PageContent</tag>
<tag>Wait</tag>
<doc>Waits for the element found by ``selector`` to satisfy state option.</doc>
<msg timestamp="20211208 17:17:40.510" level="INFO">Waited for Element with selector css=.anticon-home at state visible</msg>
<status status="PASS" starttime="20211208 17:17:39.333" endtime="20211208 17:17:40.510"/>
</kw>
<status status="PASS" starttime="20211208 17:17:39.332" endtime="20211208 17:17:40.510"/>
</kw>
<kw name="Take ScreenShot And Logout" library="Base" type="TEARDOWN">
<kw name="Take Screenshot" library="Browser">
<tag>PageContent</tag>
<doc>Takes a screenshot of the current window or element and saves it to disk.</doc>
<msg timestamp="20211208 17:17:40.844" level="INFO" html="true">&lt;/td&gt;&lt;/tr&gt;&lt;tr&gt;&lt;td colspan="3"&gt;&lt;a href="browser/screenshot/robotframework-browser-screenshot-1.png"&gt;&lt;img src="browser/screenshot/robotframework-browser-screenshot-1.png" width="800px"&gt;&lt;/a&gt;</msg>
<status status="PASS" starttime="20211208 17:17:40.512" endtime="20211208 17:17:40.844"/>
</kw>
<kw name="Do logout" library="LoginActions">
<kw name="Click" library="Browser">
<arg>xpath=//*[@id="root"]/main/div/main/header/div</arg>
<tag>PageContent</tag>
<tag>Setter</tag>
<doc>Simulates mouse click on the element found by ``selector``.</doc>
<status status="PASS" starttime="20211208 17:17:40.844" endtime="20211208 17:17:40.964"/>
</kw>
<kw name="Click" library="Browser">
<arg>text=Sair</arg>
<tag>PageContent</tag>
<tag>Setter</tag>
<doc>Simulates mouse click on the element found by ``selector``.</doc>
<status status="PASS" starttime="20211208 17:17:40.964" endtime="20211208 17:17:41.265"/>
</kw>
<status status="PASS" starttime="20211208 17:17:40.844" endtime="20211208 17:17:41.265"/>
</kw>
<status status="PASS" starttime="20211208 17:17:40.511" endtime="20211208 17:17:41.265"/>
</kw>
<tag>loginsucesso</tag>
<status status="PASS" starttime="20211208 17:17:37.713" endtime="20211208 17:17:41.266"/>
</test>
<test id="s1-s1-t2" name="Ambos em branco">
<kw name="Click" library="Browser">
<arg>text=Entrar</arg>
<tag>PageContent</tag>
<tag>Setter</tag>
<doc>Simulates mouse click on the element found by ``selector``.</doc>
<status status="PASS" starttime="20211208 17:17:41.275" endtime="20211208 17:17:41.325"/>
</kw>
<kw name="Alert login Shold Be Required" library="AlertMessage">
<kw name="Set Variable" library="BuiltIn">
<var>${element}</var>
<arg>css=input[error="email is a required field"]</arg>
<doc>Returns the given values which can then be assigned to a variables.</doc>
<msg timestamp="20211208 17:17:41.327" level="INFO">${element} = css=input[error="email is a required field"]</msg>
<status status="PASS" starttime="20211208 17:17:41.327" endtime="20211208 17:17:41.327"/>
</kw>
<kw name="Wait For Elements State" library="Browser">
<arg>${element}</arg>
<arg>visible</arg>
<arg>10</arg>
<tag>PageContent</tag>
<tag>Wait</tag>
<doc>Waits for the element found by ``selector`` to satisfy state option.</doc>
<msg timestamp="20211208 17:17:41.341" level="INFO">Waited for Element with selector css=input[error="email is a required field"] at state visible</msg>
<status status="PASS" starttime="20211208 17:17:41.327" endtime="20211208 17:17:41.341"/>
</kw>
<status status="PASS" starttime="20211208 17:17:41.325" endtime="20211208 17:17:41.342"/>
</kw>
<kw name="Alert password Shold Be Required" library="AlertMessage">
<kw name="Set Variable" library="BuiltIn">
<var>${element}</var>
<arg>css=input[error="password is a required field"]</arg>
<doc>Returns the given values which can then be assigned to a variables.</doc>
<msg timestamp="20211208 17:17:41.343" level="INFO">${element} = css=input[error="password is a required field"]</msg>
<status status="PASS" starttime="20211208 17:17:41.342" endtime="20211208 17:17:41.343"/>
</kw>
<kw name="Wait For Elements State" library="Browser">
<arg>${element}</arg>
<arg>visible</arg>
<arg>10</arg>
<tag>PageContent</tag>
<tag>Wait</tag>
<doc>Waits for the element found by ``selector`` to satisfy state option.</doc>
<msg timestamp="20211208 17:17:41.355" level="INFO">Waited for Element with selector css=input[error="password is a required field"] at state visible</msg>
<status status="PASS" starttime="20211208 17:17:41.343" endtime="20211208 17:17:41.355"/>
</kw>
<status status="PASS" starttime="20211208 17:17:41.342" endtime="20211208 17:17:41.355"/>
</kw>
<kw name="Finish Test" library="Base" type="TEARDOWN">
<kw name="Take Screenshot" library="Browser">
<tag>PageContent</tag>
<doc>Takes a screenshot of the current window or element and saves it to disk.</doc>
<msg timestamp="20211208 17:17:41.498" level="INFO" html="true">&lt;/td&gt;&lt;/tr&gt;&lt;tr&gt;&lt;td colspan="3"&gt;&lt;a href="browser/screenshot/robotframework-browser-screenshot-2.png"&gt;&lt;img src="browser/screenshot/robotframework-browser-screenshot-2.png" width="800px"&gt;&lt;/a&gt;</msg>
<status status="PASS" starttime="20211208 17:17:41.356" endtime="20211208 17:17:41.498"/>
</kw>
<status status="PASS" starttime="20211208 17:17:41.356" endtime="20211208 17:17:41.498"/>
</kw>
<tag>CamposVazios</tag>
<status status="PASS" starttime="20211208 17:17:41.272" endtime="20211208 17:17:41.499"/>
</test>
<test id="s1-s1-t3" name="Login em branco">
<kw name="Login With" library="LoginActions">
<arg>${EMPTY}</arg>
<arg>123</arg>
<kw name="Fill Text" library="Browser">
<arg>id=email</arg>
<arg>${email}</arg>
<tag>PageContent</tag>
<tag>Setter</tag>
<doc>Clears and fills the given ``txt`` into the text field found by ``selector``.</doc>
<msg timestamp="20211208 17:17:41.510" level="INFO">Fills the text '' in the given field.</msg>
<status status="PASS" starttime="20211208 17:17:41.510" endtime="20211208 17:17:41.536"/>
</kw>
<kw name="Fill Text" library="Browser">
<arg>id=password</arg>
<arg>${pass}</arg>
<tag>PageContent</tag>
<tag>Setter</tag>
<doc>Clears and fills the given ``txt`` into the text field found by ``selector``.</doc>
<msg timestamp="20211208 17:17:41.536" level="INFO">Fills the text '123' in the given field.</msg>
<status status="PASS" starttime="20211208 17:17:41.536" endtime="20211208 17:17:41.573"/>
</kw>
<kw name="Click" library="Browser">
<arg>text=Entrar</arg>
<tag>PageContent</tag>
<tag>Setter</tag>
<doc>Simulates mouse click on the element found by ``selector``.</doc>
<status status="PASS" starttime="20211208 17:17:41.573" endtime="20211208 17:17:41.660"/>
</kw>
<status status="PASS" starttime="20211208 17:17:41.509" endtime="20211208 17:17:41.660"/>
</kw>
<kw name="Alert login Shold Be Required" library="AlertMessage">
<kw name="Set Variable" library="BuiltIn">
<var>${element}</var>
<arg>css=input[error="email is a required field"]</arg>
<doc>Returns the given values which can then be assigned to a variables.</doc>
<msg timestamp="20211208 17:17:41.661" level="INFO">${element} = css=input[error="email is a required field"]</msg>
<status status="PASS" starttime="20211208 17:17:41.661" endtime="20211208 17:17:41.661"/>
</kw>
<kw name="Wait For Elements State" library="Browser">
<arg>${element}</arg>
<arg>visible</arg>
<arg>10</arg>
<tag>PageContent</tag>
<tag>Wait</tag>
<doc>Waits for the element found by ``selector`` to satisfy state option.</doc>
<msg timestamp="20211208 17:17:41.671" level="INFO">Waited for Element with selector css=input[error="email is a required field"] at state visible</msg>
<status status="PASS" starttime="20211208 17:17:41.661" endtime="20211208 17:17:41.671"/>
</kw>
<status status="PASS" starttime="20211208 17:17:41.660" endtime="20211208 17:17:41.671"/>
</kw>
<kw name="Finish Test" library="Base" type="TEARDOWN">
<kw name="Take Screenshot" library="Browser">
<tag>PageContent</tag>
<doc>Takes a screenshot of the current window or element and saves it to disk.</doc>
<msg timestamp="20211208 17:17:41.811" level="INFO" html="true">&lt;/td&gt;&lt;/tr&gt;&lt;tr&gt;&lt;td colspan="3"&gt;&lt;a href="browser/screenshot/robotframework-browser-screenshot-3.png"&gt;&lt;img src="browser/screenshot/robotframework-browser-screenshot-3.png" width="800px"&gt;&lt;/a&gt;</msg>
<status status="PASS" starttime="20211208 17:17:41.672" endtime="20211208 17:17:41.811"/>
</kw>
<status status="PASS" starttime="20211208 17:17:41.672" endtime="20211208 17:17:41.812"/>
</kw>
<tag>LoginVazio</tag>
<status status="PASS" starttime="20211208 17:17:41.505" endtime="20211208 17:17:41.812"/>
</test>
<test id="s1-s1-t4" name="Senha incorreta">
<kw name="Login With" library="LoginActions">
<arg>shopmanager@gmail.com</arg>
<arg>123</arg>
<kw name="Fill Text" library="Browser">
<arg>id=email</arg>
<arg>${email}</arg>
<tag>PageContent</tag>
<tag>Setter</tag>
<doc>Clears and fills the given ``txt`` into the text field found by ``selector``.</doc>
<msg timestamp="20211208 17:17:41.823" level="INFO">Fills the text 'shopmanager@gmail.com' in the given field.</msg>
<status status="PASS" starttime="20211208 17:17:41.823" endtime="20211208 17:17:41.858"/>
</kw>
<kw name="Fill Text" library="Browser">
<arg>id=password</arg>
<arg>${pass}</arg>
<tag>PageContent</tag>
<tag>Setter</tag>
<doc>Clears and fills the given ``txt`` into the text field found by ``selector``.</doc>
<msg timestamp="20211208 17:17:41.859" level="INFO">Fills the text '123' in the given field.</msg>
<status status="PASS" starttime="20211208 17:17:41.858" endtime="20211208 17:17:41.881"/>
</kw>
<kw name="Click" library="Browser">
<arg>text=Entrar</arg>
<tag>PageContent</tag>
<tag>Setter</tag>
<doc>Simulates mouse click on the element found by ``selector``.</doc>
<status status="PASS" starttime="20211208 17:17:41.881" endtime="20211208 17:17:41.959"/>
</kw>
<status status="PASS" starttime="20211208 17:17:41.823" endtime="20211208 17:17:41.959"/>
</kw>
<kw name="Alert Text Shold Be" library="AlertMessage">
<arg>Ocorreu um erro, verifique suas credenciais e tente novamente</arg>
<kw name="Set Variable" library="BuiltIn">
<var>${element}</var>
<arg>css=.ant-message</arg>
<doc>Returns the given values which can then be assigned to a variables.</doc>
<msg timestamp="20211208 17:17:41.960" level="INFO">${element} = css=.ant-message</msg>
<status status="PASS" starttime="20211208 17:17:41.960" endtime="20211208 17:17:41.961"/>
</kw>
<kw name="Wait For Elements State" library="Browser">
<arg>${element}</arg>
<arg>visible</arg>
<arg>5</arg>
<arg>Login error</arg>
<tag>PageContent</tag>
<tag>Wait</tag>
<doc>Waits for the element found by ``selector`` to satisfy state option.</doc>
<msg timestamp="20211208 17:17:42.187" level="INFO">Waited for Element with selector css=.ant-message at state visible</msg>
<status status="PASS" starttime="20211208 17:17:41.961" endtime="20211208 17:17:42.187"/>
</kw>
<kw name="Get Text" library="Browser">
<arg>${element}</arg>
<arg>equal</arg>
<arg>${expect_message}</arg>
<tag>Assertion</tag>
<tag>Getter</tag>
<tag>PageContent</tag>
<doc>Returns text attribute of the element found by ``selector``.</doc>
<status status="PASS" starttime="20211208 17:17:42.187" endtime="20211208 17:17:42.212"/>
</kw>
<status status="PASS" starttime="20211208 17:17:41.960" endtime="20211208 17:17:42.212"/>
</kw>
<kw name="Finish Test" library="Base" type="TEARDOWN">
<kw name="Take Screenshot" library="Browser">
<tag>PageContent</tag>
<doc>Takes a screenshot of the current window or element and saves it to disk.</doc>
<msg timestamp="20211208 17:17:42.363" level="INFO" html="true">&lt;/td&gt;&lt;/tr&gt;&lt;tr&gt;&lt;td colspan="3"&gt;&lt;a href="browser/screenshot/robotframework-browser-screenshot-4.png"&gt;&lt;img src="browser/screenshot/robotframework-browser-screenshot-4.png" width="800px"&gt;&lt;/a&gt;</msg>
<status status="PASS" starttime="20211208 17:17:42.212" endtime="20211208 17:17:42.363"/>
</kw>
<status status="PASS" starttime="20211208 17:17:42.212" endtime="20211208 17:17:42.363"/>
</kw>
<tag>Senhaincorreta</tag>
<status status="PASS" starttime="20211208 17:17:41.819" endtime="20211208 17:17:42.364"/>
</test>
<test id="s1-s1-t5" name="Email invalido">
<kw name="Login With" library="LoginActions">
<arg>shomanager@ssl</arg>
<arg>123</arg>
<kw name="Fill Text" library="Browser">
<arg>id=email</arg>
<arg>${email}</arg>
<tag>PageContent</tag>
<tag>Setter</tag>
<doc>Clears and fills the given ``txt`` into the text field found by ``selector``.</doc>
<msg timestamp="20211208 17:17:42.377" level="INFO">Fills the text 'shomanager@ssl' in the given field.</msg>
<status status="PASS" starttime="20211208 17:17:42.376" endtime="20211208 17:17:42.405"/>
</kw>
<kw name="Fill Text" library="Browser">
<arg>id=password</arg>
<arg>${pass}</arg>
<tag>PageContent</tag>
<tag>Setter</tag>
<doc>Clears and fills the given ``txt`` into the text field found by ``selector``.</doc>
<msg timestamp="20211208 17:17:42.405" level="INFO">Fills the text '123' in the given field.</msg>
<status status="PASS" starttime="20211208 17:17:42.405" endtime="20211208 17:17:42.433"/>
</kw>
<kw name="Click" library="Browser">
<arg>text=Entrar</arg>
<tag>PageContent</tag>
<tag>Setter</tag>
<doc>Simulates mouse click on the element found by ``selector``.</doc>
<status status="PASS" starttime="20211208 17:17:42.434" endtime="20211208 17:17:42.496"/>
</kw>
<status status="PASS" starttime="20211208 17:17:42.376" endtime="20211208 17:17:42.497"/>
</kw>
<kw name="Alert login Shold Be" library="AlertMessage">
<kw name="Set Variable" library="BuiltIn">
<var>${element}</var>
<arg>css=input[error="email must be a valid email"]</arg>
<doc>Returns the given values which can then be assigned to a variables.</doc>
<msg timestamp="20211208 17:17:42.498" level="INFO">${element} = css=input[error="email must be a valid email"]</msg>
<status status="PASS" starttime="20211208 17:17:42.498" endtime="20211208 17:17:42.498"/>
</kw>
<kw name="Wait For Elements State" library="Browser">
<arg>${element}</arg>
<arg>visible</arg>
<arg>10</arg>
<tag>PageContent</tag>
<tag>Wait</tag>
<doc>Waits for the element found by ``selector`` to satisfy state option.</doc>
<msg timestamp="20211208 17:17:42.506" level="INFO">Waited for Element with selector css=input[error="email must be a valid email"] at state visible</msg>
<status status="PASS" starttime="20211208 17:17:42.498" endtime="20211208 17:17:42.506"/>
</kw>
<status status="PASS" starttime="20211208 17:17:42.497" endtime="20211208 17:17:42.506"/>
</kw>
<kw name="Finish Test" library="Base" type="TEARDOWN">
<kw name="Take Screenshot" library="Browser">
<tag>PageContent</tag>
<doc>Takes a screenshot of the current window or element and saves it to disk.</doc>
<msg timestamp="20211208 17:17:42.646" level="INFO" html="true">&lt;/td&gt;&lt;/tr&gt;&lt;tr&gt;&lt;td colspan="3"&gt;&lt;a href="browser/screenshot/robotframework-browser-screenshot-5.png"&gt;&lt;img src="browser/screenshot/robotframework-browser-screenshot-5.png" width="800px"&gt;&lt;/a&gt;</msg>
<status status="PASS" starttime="20211208 17:17:42.507" endtime="20211208 17:17:42.646"/>
</kw>
<status status="PASS" starttime="20211208 17:17:42.507" endtime="20211208 17:17:42.646"/>
</kw>
<tag>EmailInvalido</tag>
<status status="PASS" starttime="20211208 17:17:42.372" endtime="20211208 17:17:42.647"/>
</test>
<doc>Login Tests</doc>
<status status="PASS" starttime="20211208 17:17:29.936" endtime="20211208 17:17:42.656"/>
</suite>
<suite id="s1-s2" name="2.CadastrosAdminTests" source="C:\Luby\NeerHouse\QA\frontend\tests\2.CadastrosAdminTests.robot">
<kw name="Start Session" library="Base" type="SETUP">
<kw name="New Browser" library="Browser">
<arg>chromium</arg>
<arg>False</arg>
<tag>BrowserControl</tag>
<tag>Setter</tag>
<doc>Create a new playwright Browser with specified options.</doc>
<msg timestamp="20211208 17:17:42.760" level="INFO">{"browser": "chromium", "headless": false, "handleSIGINT": true, "handleSIGTERM": true, "handleSIGHUP": true, "timeout": 30000.0, "devtools": false, "slowMo": 0.0, "tracesDir": "C:\\Luby\\NeerHouse\\QA\\frontend\\log\\browser\\traces\\781f027e-e1b7-4c40-8977-c0c91e4cb34b"}</msg>
<msg timestamp="20211208 17:17:43.290" level="INFO">Successfully created browser with options: {"browser":"chromium","headless":false,"handleSIGINT":true,"handleSIGTERM":true,"handleSIGHUP":true,"timeout":30000,"devtools":false,"slowMo":0,"tracesDir":"C:\\Luby\\NeerHouse\\QA\\frontend\\log\\browser\\traces\\781f027e-e1b7-4c40-8977-c0c91e4cb34b"}</msg>
<status status="PASS" starttime="20211208 17:17:42.760" endtime="20211208 17:17:43.290"/>
</kw>
<kw name="New Page" library="Browser">
<arg>https://neer.stag.dev.luby.com.br/</arg>
<tag>BrowserControl</tag>
<tag>Setter</tag>
<doc>Open a new Page.</doc>
<msg timestamp="20211208 17:17:47.499" level="INFO">Successfully initialized new page object and opened url: https://neer.stag.dev.luby.com.br/</msg>
<msg timestamp="20211208 17:17:47.499" level="INFO">No context was open. New context was automatically opened when this page is created.</msg>
<status status="PASS" starttime="20211208 17:17:43.290" endtime="20211208 17:17:47.499"/>
</kw>
<status status="PASS" starttime="20211208 17:17:42.760" endtime="20211208 17:17:47.499"/>
</kw>
<test id="s1-s2-t1" name="Login Admin">
<kw name="Login Admin" library="CadAdm">
<kw name="Login With" library="LoginActions">
<arg>admin@email.com</arg>
<arg>12345678</arg>
<kw name="Fill Text" library="Browser">
<arg>id=email</arg>
<arg>${email}</arg>
<tag>PageContent</tag>
<tag>Setter</tag>
<doc>Clears and fills the given ``txt`` into the text field found by ``selector``.</doc>
<msg timestamp="20211208 17:17:47.509" level="INFO">Fills the text 'admin@email.com' in the given field.</msg>
<status status="PASS" starttime="20211208 17:17:47.509" endtime="20211208 17:17:47.542"/>
</kw>
<kw name="Fill Text" library="Browser">
<arg>id=password</arg>
<arg>${pass}</arg>
<tag>PageContent</tag>
<tag>Setter</tag>
<doc>Clears and fills the given ``txt`` into the text field found by ``selector``.</doc>
<msg timestamp="20211208 17:17:47.542" level="INFO">Fills the text '12345678' in the given field.</msg>
<status status="PASS" starttime="20211208 17:17:47.542" endtime="20211208 17:17:47.573"/>
</kw>
<kw name="Click" library="Browser">
<arg>text=Entrar</arg>
<tag>PageContent</tag>
<tag>Setter</tag>
<doc>Simulates mouse click on the element found by ``selector``.</doc>
<status status="PASS" starttime="20211208 17:17:47.573" endtime="20211208 17:17:49.163"/>
</kw>
<status status="PASS" starttime="20211208 17:17:47.509" endtime="20211208 17:17:49.163"/>
</kw>
<status status="PASS" starttime="20211208 17:17:47.508" endtime="20211208 17:17:49.164"/>
</kw>
<kw name="Finish Test" library="Base" type="TEARDOWN">
<kw name="Take Screenshot" library="Browser">
<tag>PageContent</tag>
<doc>Takes a screenshot of the current window or element and saves it to disk.</doc>
<msg timestamp="20211208 17:17:49.379" level="INFO" html="true">&lt;/td&gt;&lt;/tr&gt;&lt;tr&gt;&lt;td colspan="3"&gt;&lt;a href="browser/screenshot/robotframework-browser-screenshot-6.png"&gt;&lt;img src="browser/screenshot/robotframework-browser-screenshot-6.png" width="800px"&gt;&lt;/a&gt;</msg>
<status status="PASS" starttime="20211208 17:17:49.165" endtime="20211208 17:17:49.379"/>
</kw>
<status status="PASS" starttime="20211208 17:17:49.165" endtime="20211208 17:17:49.380"/>
</kw>
<status status="PASS" starttime="20211208 17:17:47.500" endtime="20211208 17:17:49.380"/>
</test>
<test id="s1-s2-t2" name="Cadastro admin com sucesso">
<kw name="Get DadosCad" library="Helpers">
<var>${DadosCad}</var>
<arg>Adm1</arg>
<kw name="Get File" library="OperatingSystem">
<var>${fixture}</var>
<arg>${EXECDIR}/resources/fixtures/DadosCad.json</arg>
<doc>Returns the contents of a specified file.</doc>
<msg timestamp="20211208 17:17:49.409" level="INFO" html="true">Getting file '&lt;a href="file://C:\Luby\NeerHouse\QA\frontend\resources\fixtures\DadosCad.json"&gt;C:\Luby\NeerHouse\QA\frontend\resources\fixtures\DadosCad.json&lt;/a&gt;'.</msg>
<msg timestamp="20211208 17:17:49.409" level="INFO">${fixture} = {   
    "Adm1": {
        "email": "emailteste7@teste.com"
        },

    "EmailBranco": {
        "email": ""
    },

    "Vazio": {
        "email": ""
    },

    "PermissaoBranco":{
        "ema...</msg>
<status status="PASS" starttime="20211208 17:17:49.408" endtime="20211208 17:17:49.409"/>
</kw>
<kw name="Evaluate" library="BuiltIn">
<var>${json}</var>
<arg>json.loads($fixture)</arg>
<arg>json</arg>
<doc>Evaluates the given expression in Python and returns the result.</doc>
<msg timestamp="20211208 17:17:49.413" level="INFO">${json} = {'Adm1': {'email': 'emailteste7@teste.com'}, 'EmailBranco': {'email': ''}, 'Vazio': {'email': ''}, 'PermissaoBranco': {'email': 'email2@email.com'}, 'EmailInvalido': {'email': 'emailinvalido@'}, 'CadL...</msg>
<status status="PASS" starttime="20211208 17:17:49.409" endtime="20211208 17:17:49.413"/>
</kw>
<kw name="Set Variable" library="BuiltIn">
<var>${select_DadosCad}</var>
<arg>${json}[${DadosCad}]</arg>
<doc>Returns the given values which can then be assigned to a variables.</doc>
<msg timestamp="20211208 17:17:49.413" level="INFO">${select_DadosCad} = {'email': 'emailteste7@teste.com'}</msg>
<status status="PASS" starttime="20211208 17:17:49.413" endtime="20211208 17:17:49.413"/>
</kw>
<msg timestamp="20211208 17:17:49.414" level="INFO">${DadosCad} = {'email': 'emailteste7@teste.com'}</msg>
<status status="PASS" starttime="20211208 17:17:49.408" endtime="20211208 17:17:49.414"/>
</kw>
<kw name="Go To CadAdmin Form" library="CadAdm">
<kw name="Click" library="Browser">
<arg>text=Usuários</arg>
<tag>PageContent</tag>
<tag>Setter</tag>
<doc>Simulates mouse click on the element found by ``selector``.</doc>
<status status="PASS" starttime="20211208 17:17:49.415" endtime="20211208 17:17:50.671"/>
</kw>
<kw name="Click" library="Browser">
<arg>text=Gerenciar Administradores</arg>
<tag>PageContent</tag>
<tag>Setter</tag>
<doc>Simulates mouse click on the element found by ``selector``.</doc>
<status status="PASS" starttime="20211208 17:17:50.671" endtime="20211208 17:17:50.778"/>
</kw>
<kw name="Click" library="Browser">
<arg>xpath=/html/body/div/main/div/main/div/div[1]/a/button</arg>
<tag>PageContent</tag>
<tag>Setter</tag>
<doc>Simulates mouse click on the element found by ``selector``.</doc>
<status status="PASS" starttime="20211208 17:17:50.778" endtime="20211208 17:17:51.112"/>
</kw>
<kw name="Get Text" library="Browser">
<arg>text="Cadastrar Administrador"</arg>
<tag>Assertion</tag>
<tag>Getter</tag>
<tag>PageContent</tag>
<doc>Returns text attribute of the element found by ``selector``.</doc>
<status status="PASS" starttime="20211208 17:17:51.112" endtime="20211208 17:17:51.352"/>
</kw>
<status status="PASS" starttime="20211208 17:17:49.415" endtime="20211208 17:17:51.352"/>
</kw>
<kw name="Submit CadastroAdm Form" library="CadAdm">
<arg>${DadosCad}</arg>
<kw name="Fill Text" library="Browser">
<arg>id=email</arg>
<arg>${DadosCad}[email]</arg>
<tag>PageContent</tag>
<tag>Setter</tag>
<doc>Clears and fills the given ``txt`` into the text field found by ``selector``.</doc>
<msg timestamp="20211208 17:17:51.354" level="INFO">Fills the text 'emailteste7@teste.com' in the given field.</msg>
<status status="PASS" starttime="20211208 17:17:51.353" endtime="20211208 17:17:51.371"/>
</kw>
<kw name="Click" library="Browser">
<arg>xpath=//*[@id="root"]/main/div/main/form/div/div/div[2]/span/div/div/span[2]</arg>
<tag>PageContent</tag>
<tag>Setter</tag>
<doc>Simulates mouse click on the element found by ``selector``.</doc>
<status status="PASS" starttime="20211208 17:17:51.372" endtime="20211208 17:17:51.455"/>
</kw>
<kw name="Click" library="Browser">
<arg>text=Usuário Super Admin</arg>
<tag>PageContent</tag>
<tag>Setter</tag>
<doc>Simulates mouse click on the element found by ``selector``.</doc>
<status status="PASS" starttime="20211208 17:17:51.455" endtime="20211208 17:17:51.721"/>
</kw>
<kw name="Click" library="Browser">
<arg>text=Salvar</arg>
<tag>PageContent</tag>
<tag>Setter</tag>
<doc>Simulates mouse click on the element found by ``selector``.</doc>
<status status="PASS" starttime="20211208 17:17:51.721" endtime="20211208 17:17:51.800"/>
</kw>
<status status="PASS" starttime="20211208 17:17:51.353" endtime="20211208 17:17:51.800"/>
</kw>
<kw name="Check Submit" library="CadAdm">
<arg>${DadosCad}</arg>
<kw name="Set Variable" library="BuiltIn">
<var>${Cadastro}</var>
<arg>css=.ant-message</arg>
<doc>Returns the given values which can then be assigned to a variables.</doc>
<msg timestamp="20211208 17:17:51.801" level="INFO">${Cadastro} = css=.ant-message</msg>
<status status="PASS" starttime="20211208 17:17:51.801" endtime="20211208 17:17:51.801"/>
</kw>
<kw name="Wait For Elements State" library="Browser">
<arg>${Cadastro}</arg>
<arg>visible</arg>
<arg>5</arg>
<tag>PageContent</tag>
<tag>Wait</tag>
<doc>Waits for the element found by ``selector`` to satisfy state option.</doc>
<msg timestamp="20211208 17:17:52.252" level="INFO">Waited for Element with selector css=.ant-message at state visible</msg>
<status status="PASS" starttime="20211208 17:17:51.802" endtime="20211208 17:17:52.252"/>
</kw>
<kw name="Get Text" library="Browser">
<arg>${Cadastro}</arg>
<arg>contains</arg>
<arg>${DadosCad}[email]</arg>
<tag>Assertion</tag>
<tag>Getter</tag>
<tag>PageContent</tag>
<doc>Returns text attribute of the element found by ``selector``.</doc>
<msg timestamp="20211208 17:17:53.457" level="INFO" html="true">&lt;/td&gt;&lt;/tr&gt;&lt;tr&gt;&lt;td colspan="3"&gt;&lt;a href="browser/screenshot/fail-screenshot-1.png"&gt;&lt;img src="browser/screenshot/fail-screenshot-1.png" width="800px"&gt;&lt;/a&gt;</msg>
<msg timestamp="20211208 17:17:53.460" level="FAIL">Text 'Um erro inesperado ocorreu, tente novamente' (str) should contain 'emailteste7@teste.com' (str)</msg>
<status status="FAIL" starttime="20211208 17:17:52.252" endtime="20211208 17:17:53.460"/>
</kw>
<status status="FAIL" starttime="20211208 17:17:51.801" endtime="20211208 17:17:53.461"/>
</kw>
<kw name="Finish Test" library="Base" type="TEARDOWN">
<kw name="Take Screenshot" library="Browser">
<tag>PageContent</tag>
<doc>Takes a screenshot of the current window or element and saves it to disk.</doc>
<msg timestamp="20211208 17:17:53.651" level="INFO" html="true">&lt;/td&gt;&lt;/tr&gt;&lt;tr&gt;&lt;td colspan="3"&gt;&lt;a href="browser/screenshot/robotframework-browser-screenshot-7.png"&gt;&lt;img src="browser/screenshot/robotframework-browser-screenshot-7.png" width="800px"&gt;&lt;/a&gt;</msg>
<status status="PASS" starttime="20211208 17:17:53.462" endtime="20211208 17:17:53.651"/>
</kw>
<status status="PASS" starttime="20211208 17:17:53.462" endtime="20211208 17:17:53.651"/>
</kw>
<tag>Cadastro</tag>
<status status="FAIL" starttime="20211208 17:17:49.394" endtime="20211208 17:17:53.652">Text 'Um erro inesperado ocorreu, tente novamente' (str) should contain 'emailteste7@teste.com' (str)</status>
</test>
<test id="s1-s2-t3" name="Cadastro admin dados em branco">
<kw name="Go To CadAdmin Form" library="CadAdm">
<kw name="Click" library="Browser">
<arg>text=Usuários</arg>
<tag>PageContent</tag>
<tag>Setter</tag>
<doc>Simulates mouse click on the element found by ``selector``.</doc>
<status status="PASS" starttime="20211208 17:17:53.663" endtime="20211208 17:17:53.722"/>
</kw>
<kw name="Click" library="Browser">
<arg>text=Gerenciar Administradores</arg>
<tag>PageContent</tag>
<tag>Setter</tag>
<doc>Simulates mouse click on the element found by ``selector``.</doc>
<status status="PASS" starttime="20211208 17:17:53.722" endtime="20211208 17:17:53.835"/>
</kw>
<kw name="Click" library="Browser">
<arg>xpath=/html/body/div/main/div/main/div/div[1]/a/button</arg>
<tag>PageContent</tag>
<tag>Setter</tag>
<doc>Simulates mouse click on the element found by ``selector``.</doc>
<status status="PASS" starttime="20211208 17:17:53.836" endtime="20211208 17:17:53.932"/>
</kw>
<kw name="Get Text" library="Browser">
<arg>text="Cadastrar Administrador"</arg>
<tag>Assertion</tag>
<tag>Getter</tag>
<tag>PageContent</tag>
<doc>Returns text attribute of the element found by ``selector``.</doc>
<status status="PASS" starttime="20211208 17:17:53.933" endtime="20211208 17:17:53.949"/>
</kw>
<status status="PASS" starttime="20211208 17:17:53.662" endtime="20211208 17:17:53.949"/>
</kw>
<kw name="Click" library="Browser">
<arg>text=Salvar</arg>
<tag>PageContent</tag>
<tag>Setter</tag>
<doc>Simulates mouse click on the element found by ``selector``.</doc>
<status status="PASS" starttime="20211208 17:17:53.950" endtime="20211208 17:17:54.013"/>
</kw>
<kw name="Alert Email Shold Be" library="AlertMessage">
<kw name="Set Variable" library="BuiltIn">
<var>${element}</var>
<arg>css=input[error*="email"]</arg>
<doc>Returns the given values which can then be assigned to a variables.</doc>
<msg timestamp="20211208 17:17:54.015" level="INFO">${element} = css=input[error*="email"]</msg>
<status status="PASS" starttime="20211208 17:17:54.014" endtime="20211208 17:17:54.015"/>
</kw>
<kw name="Wait For Elements State" library="Browser">
<arg>${element}</arg>
<arg>visible</arg>
<arg>10</arg>
<tag>PageContent</tag>
<tag>Wait</tag>
<doc>Waits for the element found by ``selector`` to satisfy state option.</doc>
<msg timestamp="20211208 17:17:54.022" level="INFO">Waited for Element with selector css=input[error*="email"] at state visible</msg>
<status status="PASS" starttime="20211208 17:17:54.015" endtime="20211208 17:17:54.022"/>
</kw>
<status status="PASS" starttime="20211208 17:17:54.014" endtime="20211208 17:17:54.022"/>
</kw>
<kw name="Alert Permission Shold Be Required" library="AlertMessage">
<kw name="Set Variable" library="BuiltIn">
<var>${element}</var>
<arg>css=div[error*="opções"]</arg>
<doc>Returns the given values which can then be assigned to a variables.</doc>
<msg timestamp="20211208 17:17:54.024" level="INFO">${element} = css=div[error*="opções"]</msg>
<status status="PASS" starttime="20211208 17:17:54.023" endtime="20211208 17:17:54.024"/>
</kw>
<kw name="Wait For Elements State" library="Browser">
<arg>${element}</arg>
<arg>visible</arg>
<arg>10</arg>
<tag>PageContent</tag>
<tag>Wait</tag>
<doc>Waits for the element found by ``selector`` to satisfy state option.</doc>
<msg timestamp="20211208 17:17:54.033" level="INFO">Waited for Element with selector css=div[error*="opções"] at state visible</msg>
<status status="PASS" starttime="20211208 17:17:54.024" endtime="20211208 17:17:54.033"/>
</kw>
<status status="PASS" starttime="20211208 17:17:54.023" endtime="20211208 17:17:54.033"/>
</kw>
<kw name="Finish Test" library="Base" type="TEARDOWN">
<kw name="Take Screenshot" library="Browser">
<tag>PageContent</tag>
<doc>Takes a screenshot of the current window or element and saves it to disk.</doc>
<msg timestamp="20211208 17:17:54.178" level="INFO" html="true">&lt;/td&gt;&lt;/tr&gt;&lt;tr&gt;&lt;td colspan="3"&gt;&lt;a href="browser/screenshot/robotframework-browser-screenshot-8.png"&gt;&lt;img src="browser/screenshot/robotframework-browser-screenshot-8.png" width="800px"&gt;&lt;/a&gt;</msg>
<status status="PASS" starttime="20211208 17:17:54.034" endtime="20211208 17:17:54.178"/>
</kw>
<status status="PASS" starttime="20211208 17:17:54.034" endtime="20211208 17:17:54.179"/>
</kw>
<tag>CadBranco</tag>
<status status="PASS" starttime="20211208 17:17:53.659" endtime="20211208 17:17:54.179"/>
</test>
<test id="s1-s2-t4" name="Cadastro admin email em branco">
<kw name="Get DadosCad" library="Helpers">
<var>${DadosCad}</var>
<arg>EmailBranco</arg>
<kw name="Get File" library="OperatingSystem">
<var>${fixture}</var>
<arg>${EXECDIR}/resources/fixtures/DadosCad.json</arg>
<doc>Returns the contents of a specified file.</doc>
<msg timestamp="20211208 17:17:54.189" level="INFO" html="true">Getting file '&lt;a href="file://C:\Luby\NeerHouse\QA\frontend\resources\fixtures\DadosCad.json"&gt;C:\Luby\NeerHouse\QA\frontend\resources\fixtures\DadosCad.json&lt;/a&gt;'.</msg>
<msg timestamp="20211208 17:17:54.189" level="INFO">${fixture} = {   
    "Adm1": {
        "email": "emailteste7@teste.com"
        },

    "EmailBranco": {
        "email": ""
    },

    "Vazio": {
        "email": ""
    },

    "PermissaoBranco":{
        "ema...</msg>
<status status="PASS" starttime="20211208 17:17:54.189" endtime="20211208 17:17:54.189"/>
</kw>
<kw name="Evaluate" library="BuiltIn">
<var>${json}</var>
<arg>json.loads($fixture)</arg>
<arg>json</arg>
<doc>Evaluates the given expression in Python and returns the result.</doc>
<msg timestamp="20211208 17:17:54.190" level="INFO">${json} = {'Adm1': {'email': 'emailteste7@teste.com'}, 'EmailBranco': {'email': ''}, 'Vazio': {'email': ''}, 'PermissaoBranco': {'email': 'email2@email.com'}, 'EmailInvalido': {'email': 'emailinvalido@'}, 'CadL...</msg>
<status status="PASS" starttime="20211208 17:17:54.189" endtime="20211208 17:17:54.190"/>
</kw>
<kw name="Set Variable" library="BuiltIn">
<var>${select_DadosCad}</var>
<arg>${json}[${DadosCad}]</arg>
<doc>Returns the given values which can then be assigned to a variables.</doc>
<msg timestamp="20211208 17:17:54.190" level="INFO">${select_DadosCad} = {'email': ''}</msg>
<status status="PASS" starttime="20211208 17:17:54.190" endtime="20211208 17:17:54.190"/>
</kw>
<msg timestamp="20211208 17:17:54.190" level="INFO">${DadosCad} = {'email': ''}</msg>
<status status="PASS" starttime="20211208 17:17:54.188" endtime="20211208 17:17:54.190"/>
</kw>
<kw name="Go To CadAdmin Form" library="CadAdm">
<kw name="Click" library="Browser">
<arg>text=Usuários</arg>
<tag>PageContent</tag>
<tag>Setter</tag>
<doc>Simulates mouse click on the element found by ``selector``.</doc>
<status status="PASS" starttime="20211208 17:17:54.191" endtime="20211208 17:17:54.258"/>
</kw>
<kw name="Click" library="Browser">
<arg>text=Gerenciar Administradores</arg>
<tag>PageContent</tag>
<tag>Setter</tag>
<doc>Simulates mouse click on the element found by ``selector``.</doc>
<status status="PASS" starttime="20211208 17:17:54.258" endtime="20211208 17:17:54.369"/>
</kw>
<kw name="Click" library="Browser">
<arg>xpath=/html/body/div/main/div/main/div/div[1]/a/button</arg>
<tag>PageContent</tag>
<tag>Setter</tag>
<doc>Simulates mouse click on the element found by ``selector``.</doc>
<status status="PASS" starttime="20211208 17:17:54.369" endtime="20211208 17:17:54.460"/>
</kw>
<kw name="Get Text" library="Browser">
<arg>text="Cadastrar Administrador"</arg>
<tag>Assertion</tag>
<tag>Getter</tag>
<tag>PageContent</tag>
<doc>Returns text attribute of the element found by ``selector``.</doc>
<status status="PASS" starttime="20211208 17:17:54.460" endtime="20211208 17:17:54.474"/>
</kw>
<status status="PASS" starttime="20211208 17:17:54.191" endtime="20211208 17:17:54.474"/>
</kw>
<kw name="Submit CadastroAdm Form" library="CadAdm">
<arg>${DadosCad}</arg>
<kw name="Fill Text" library="Browser">
<arg>id=email</arg>
<arg>${DadosCad}[email]</arg>
<tag>PageContent</tag>
<tag>Setter</tag>
<doc>Clears and fills the given ``txt`` into the text field found by ``selector``.</doc>
<msg timestamp="20211208 17:17:54.476" level="INFO">Fills the text '' in the given field.</msg>
<status status="PASS" starttime="20211208 17:17:54.476" endtime="20211208 17:17:54.492"/>
</kw>
<kw name="Click" library="Browser">
<arg>xpath=//*[@id="root"]/main/div/main/form/div/div/div[2]/span/div/div/span[2]</arg>
<tag>PageContent</tag>
<tag>Setter</tag>
<doc>Simulates mouse click on the element found by ``selector``.</doc>
<status status="PASS" starttime="20211208 17:17:54.492" endtime="20211208 17:17:54.563"/>
</kw>
<kw name="Click" library="Browser">
<arg>text=Usuário Super Admin</arg>
<tag>PageContent</tag>
<tag>Setter</tag>
<doc>Simulates mouse click on the element found by ``selector``.</doc>
<status status="PASS" starttime="20211208 17:17:54.564" endtime="20211208 17:17:54.836"/>
</kw>
<kw name="Click" library="Browser">
<arg>text=Salvar</arg>
<tag>PageContent</tag>
<tag>Setter</tag>
<doc>Simulates mouse click on the element found by ``selector``.</doc>
<status status="PASS" starttime="20211208 17:17:54.836" endtime="20211208 17:17:54.907"/>
</kw>
<status status="PASS" starttime="20211208 17:17:54.475" endtime="20211208 17:17:54.907"/>
</kw>
<kw name="Alert Email Shold Be" library="AlertMessage">
<kw name="Set Variable" library="BuiltIn">
<var>${element}</var>
<arg>css=input[error*="email"]</arg>
<doc>Returns the given values which can then be assigned to a variables.</doc>
<msg timestamp="20211208 17:17:54.909" level="INFO">${element} = css=input[error*="email"]</msg>
<status status="PASS" starttime="20211208 17:17:54.908" endtime="20211208 17:17:54.909"/>
</kw>
<kw name="Wait For Elements State" library="Browser">
<arg>${element}</arg>
<arg>visible</arg>
<arg>10</arg>
<tag>PageContent</tag>
<tag>Wait</tag>
<doc>Waits for the element found by ``selector`` to satisfy state option.</doc>
<msg timestamp="20211208 17:17:54.920" level="INFO">Waited for Element with selector css=input[error*="email"] at state visible</msg>
<status status="PASS" starttime="20211208 17:17:54.909" endtime="20211208 17:17:54.920"/>
</kw>
<status status="PASS" starttime="20211208 17:17:54.908" endtime="20211208 17:17:54.920"/>
</kw>
<kw name="Finish Test" library="Base" type="TEARDOWN">
<kw name="Take Screenshot" library="Browser">
<tag>PageContent</tag>
<doc>Takes a screenshot of the current window or element and saves it to disk.</doc>
<msg timestamp="20211208 17:17:55.070" level="INFO" html="true">&lt;/td&gt;&lt;/tr&gt;&lt;tr&gt;&lt;td colspan="3"&gt;&lt;a href="browser/screenshot/robotframework-browser-screenshot-9.png"&gt;&lt;img src="browser/screenshot/robotframework-browser-screenshot-9.png" width="800px"&gt;&lt;/a&gt;</msg>
<status status="PASS" starttime="20211208 17:17:54.921" endtime="20211208 17:17:55.070"/>
</kw>
<status status="PASS" starttime="20211208 17:17:54.921" endtime="20211208 17:17:55.070"/>
</kw>
<tag>MailBranco</tag>
<status status="PASS" starttime="20211208 17:17:54.185" endtime="20211208 17:17:55.071"/>
</test>
<test id="s1-s2-t5" name="Cadastro admin permissao em branco">
<kw name="Get DadosCad" library="Helpers">
<var>${DadosCad}</var>
<arg>PermissaoBranco</arg>
<kw name="Get File" library="OperatingSystem">
<var>${fixture}</var>
<arg>${EXECDIR}/resources/fixtures/DadosCad.json</arg>
<doc>Returns the contents of a specified file.</doc>
<msg timestamp="20211208 17:17:55.083" level="INFO" html="true">Getting file '&lt;a href="file://C:\Luby\NeerHouse\QA\frontend\resources\fixtures\DadosCad.json"&gt;C:\Luby\NeerHouse\QA\frontend\resources\fixtures\DadosCad.json&lt;/a&gt;'.</msg>
<msg timestamp="20211208 17:17:55.084" level="INFO">${fixture} = {   
    "Adm1": {
        "email": "emailteste7@teste.com"
        },

    "EmailBranco": {
        "email": ""
    },

    "Vazio": {
        "email": ""
    },

    "PermissaoBranco":{
        "ema...</msg>
<status status="PASS" starttime="20211208 17:17:55.083" endtime="20211208 17:17:55.084"/>
</kw>
<kw name="Evaluate" library="BuiltIn">
<var>${json}</var>
<arg>json.loads($fixture)</arg>
<arg>json</arg>
<doc>Evaluates the given expression in Python and returns the result.</doc>
<msg timestamp="20211208 17:17:55.084" level="INFO">${json} = {'Adm1': {'email': 'emailteste7@teste.com'}, 'EmailBranco': {'email': ''}, 'Vazio': {'email': ''}, 'PermissaoBranco': {'email': 'email2@email.com'}, 'EmailInvalido': {'email': 'emailinvalido@'}, 'CadL...</msg>
<status status="PASS" starttime="20211208 17:17:55.084" endtime="20211208 17:17:55.084"/>
</kw>
<kw name="Set Variable" library="BuiltIn">
<var>${select_DadosCad}</var>
<arg>${json}[${DadosCad}]</arg>
<doc>Returns the given values which can then be assigned to a variables.</doc>
<msg timestamp="20211208 17:17:55.085" level="INFO">${select_DadosCad} = {'email': 'email2@email.com'}</msg>
<status status="PASS" starttime="20211208 17:17:55.084" endtime="20211208 17:17:55.085"/>
</kw>
<msg timestamp="20211208 17:17:55.085" level="INFO">${DadosCad} = {'email': 'email2@email.com'}</msg>
<status status="PASS" starttime="20211208 17:17:55.083" endtime="20211208 17:17:55.085"/>
</kw>
<kw name="Go To CadAdmin Form" library="CadAdm">
<kw name="Click" library="Browser">
<arg>text=Usuários</arg>
<tag>PageContent</tag>
<tag>Setter</tag>
<doc>Simulates mouse click on the element found by ``selector``.</doc>
<status status="PASS" starttime="20211208 17:17:55.086" endtime="20211208 17:17:55.153"/>
</kw>
<kw name="Click" library="Browser">
<arg>text=Gerenciar Administradores</arg>
<tag>PageContent</tag>
<tag>Setter</tag>
<doc>Simulates mouse click on the element found by ``selector``.</doc>
<status status="PASS" starttime="20211208 17:17:55.153" endtime="20211208 17:17:55.264"/>
</kw>
<kw name="Click" library="Browser">
<arg>xpath=/html/body/div/main/div/main/div/div[1]/a/button</arg>
<tag>PageContent</tag>
<tag>Setter</tag>
<doc>Simulates mouse click on the element found by ``selector``.</doc>
<status status="PASS" starttime="20211208 17:17:55.264" endtime="20211208 17:17:55.356"/>
</kw>
<kw name="Get Text" library="Browser">
<arg>text="Cadastrar Administrador"</arg>
<tag>Assertion</tag>
<tag>Getter</tag>
<tag>PageContent</tag>
<doc>Returns text attribute of the element found by ``selector``.</doc>
<status status="PASS" starttime="20211208 17:17:55.356" endtime="20211208 17:17:55.376"/>
</kw>
<status status="PASS" starttime="20211208 17:17:55.086" endtime="20211208 17:17:55.377"/>
</kw>
<kw name="Fill Text" library="Browser">
<arg>id=email</arg>
<arg>testepermission@teste.com</arg>
<tag>PageContent</tag>
<tag>Setter</tag>
<doc>Clears and fills the given ``txt`` into the text field found by ``selector``.</doc>
<msg timestamp="20211208 17:17:55.379" level="INFO">Fills the text 'testepermission@teste.com' in the given field.</msg>
<status status="PASS" starttime="20211208 17:17:55.378" endtime="20211208 17:17:55.402"/>
</kw>
<kw name="Click" library="Browser">
<arg>text=Salvar</arg>
<tag>PageContent</tag>
<tag>Setter</tag>
<doc>Simulates mouse click on the element found by ``selector``.</doc>
<status status="PASS" starttime="20211208 17:17:55.403" endtime="20211208 17:17:55.494"/>
</kw>
<kw name="Alert Permission Shold Be Required" library="AlertMessage">
<kw name="Set Variable" library="BuiltIn">
<var>${element}</var>
<arg>css=div[error*="opções"]</arg>
<doc>Returns the given values which can then be assigned to a variables.</doc>
<msg timestamp="20211208 17:17:55.496" level="INFO">${element} = css=div[error*="opções"]</msg>
<status status="PASS" starttime="20211208 17:17:55.495" endtime="20211208 17:17:55.496"/>
</kw>
<kw name="Wait For Elements State" library="Browser">
<arg>${element}</arg>
<arg>visible</arg>
<arg>10</arg>
<tag>PageContent</tag>
<tag>Wait</tag>
<doc>Waits for the element found by ``selector`` to satisfy state option.</doc>
<msg timestamp="20211208 17:17:55.504" level="INFO">Waited for Element with selector css=div[error*="opções"] at state visible</msg>
<status status="PASS" starttime="20211208 17:17:55.496" endtime="20211208 17:17:55.504"/>
</kw>
<status status="PASS" starttime="20211208 17:17:55.494" endtime="20211208 17:17:55.504"/>
</kw>
<kw name="Finish Test" library="Base" type="TEARDOWN">
<kw name="Take Screenshot" library="Browser">
<tag>PageContent</tag>
<doc>Takes a screenshot of the current window or element and saves it to disk.</doc>
<msg timestamp="20211208 17:17:55.650" level="INFO" html="true">&lt;/td&gt;&lt;/tr&gt;&lt;tr&gt;&lt;td colspan="3"&gt;&lt;a href="browser/screenshot/robotframework-browser-screenshot-10.png"&gt;&lt;img src="browser/screenshot/robotframework-browser-screenshot-10.png" width="800px"&gt;&lt;/a&gt;</msg>
<status status="PASS" starttime="20211208 17:17:55.505" endtime="20211208 17:17:55.650"/>
</kw>
<status status="PASS" starttime="20211208 17:17:55.505" endtime="20211208 17:17:55.651"/>
</kw>
<tag>PermissionBranco</tag>
<status status="PASS" starttime="20211208 17:17:55.077" endtime="20211208 17:17:55.651"/>
</test>
<test id="s1-s2-t6" name="Cadastro admin email invalido">
<kw name="Get DadosCad" library="Helpers">
<var>${DadosCad}</var>
<arg>EmailInvalido</arg>
<kw name="Get File" library="OperatingSystem">
<var>${fixture}</var>
<arg>${EXECDIR}/resources/fixtures/DadosCad.json</arg>
<doc>Returns the contents of a specified file.</doc>
<msg timestamp="20211208 17:17:55.659" level="INFO" html="true">Getting file '&lt;a href="file://C:\Luby\NeerHouse\QA\frontend\resources\fixtures\DadosCad.json"&gt;C:\Luby\NeerHouse\QA\frontend\resources\fixtures\DadosCad.json&lt;/a&gt;'.</msg>
<msg timestamp="20211208 17:17:55.659" level="INFO">${fixture} = {   
    "Adm1": {
        "email": "emailteste7@teste.com"
        },

    "EmailBranco": {
        "email": ""
    },

    "Vazio": {
        "email": ""
    },

    "PermissaoBranco":{
        "ema...</msg>
<status status="PASS" starttime="20211208 17:17:55.658" endtime="20211208 17:17:55.660"/>
</kw>
<kw name="Evaluate" library="BuiltIn">
<var>${json}</var>
<arg>json.loads($fixture)</arg>
<arg>json</arg>
<doc>Evaluates the given expression in Python and returns the result.</doc>
<msg timestamp="20211208 17:17:55.662" level="INFO">${json} = {'Adm1': {'email': 'emailteste7@teste.com'}, 'EmailBranco': {'email': ''}, 'Vazio': {'email': ''}, 'PermissaoBranco': {'email': 'email2@email.com'}, 'EmailInvalido': {'email': 'emailinvalido@'}, 'CadL...</msg>
<status status="PASS" starttime="20211208 17:17:55.660" endtime="20211208 17:17:55.662"/>
</kw>
<kw name="Set Variable" library="BuiltIn">
<var>${select_DadosCad}</var>
<arg>${json}[${DadosCad}]</arg>
<doc>Returns the given values which can then be assigned to a variables.</doc>
<msg timestamp="20211208 17:17:55.662" level="INFO">${select_DadosCad} = {'email': 'emailinvalido@'}</msg>
<status status="PASS" starttime="20211208 17:17:55.662" endtime="20211208 17:17:55.663"/>
</kw>
<msg timestamp="20211208 17:17:55.663" level="INFO">${DadosCad} = {'email': 'emailinvalido@'}</msg>
<status status="PASS" starttime="20211208 17:17:55.658" endtime="20211208 17:17:55.663"/>
</kw>
<kw name="Go To CadAdmin Form" library="CadAdm">
<kw name="Click" library="Browser">
<arg>text=Usuários</arg>
<tag>PageContent</tag>
<tag>Setter</tag>
<doc>Simulates mouse click on the element found by ``selector``.</doc>
<status status="PASS" starttime="20211208 17:17:55.664" endtime="20211208 17:17:55.720"/>
</kw>
<kw name="Click" library="Browser">
<arg>text=Gerenciar Administradores</arg>
<tag>PageContent</tag>
<tag>Setter</tag>
<doc>Simulates mouse click on the element found by ``selector``.</doc>
<status status="PASS" starttime="20211208 17:17:55.720" endtime="20211208 17:17:55.823"/>
</kw>
<kw name="Click" library="Browser">
<arg>xpath=/html/body/div/main/div/main/div/div[1]/a/button</arg>
<tag>PageContent</tag>
<tag>Setter</tag>
<doc>Simulates mouse click on the element found by ``selector``.</doc>
<status status="PASS" starttime="20211208 17:17:55.824" endtime="20211208 17:17:55.915"/>
</kw>
<kw name="Get Text" library="Browser">
<arg>text="Cadastrar Administrador"</arg>
<tag>Assertion</tag>
<tag>Getter</tag>
<tag>PageContent</tag>
<doc>Returns text attribute of the element found by ``selector``.</doc>
<status status="PASS" starttime="20211208 17:17:55.916" endtime="20211208 17:17:55.930"/>
</kw>
<status status="PASS" starttime="20211208 17:17:55.664" endtime="20211208 17:17:55.930"/>
</kw>
<kw name="Submit CadastroAdm Form" library="CadAdm">
<arg>${DadosCad}</arg>
<kw name="Fill Text" library="Browser">
<arg>id=email</arg>
<arg>${DadosCad}[email]</arg>
<tag>PageContent</tag>
<tag>Setter</tag>
<doc>Clears and fills the given ``txt`` into the text field found by ``selector``.</doc>
<msg timestamp="20211208 17:17:55.931" level="INFO">Fills the text 'emailinvalido@' in the given field.</msg>
<status status="PASS" starttime="20211208 17:17:55.931" endtime="20211208 17:17:55.949"/>
</kw>
<kw name="Click" library="Browser">
<arg>xpath=//*[@id="root"]/main/div/main/form/div/div/div[2]/span/div/div/span[2]</arg>
<tag>PageContent</tag>
<tag>Setter</tag>
<doc>Simulates mouse click on the element found by ``selector``.</doc>
<status status="PASS" starttime="20211208 17:17:55.949" endtime="20211208 17:17:56.007"/>
</kw>
<kw name="Click" library="Browser">
<arg>text=Usuário Super Admin</arg>
<tag>PageContent</tag>
<tag>Setter</tag>
<doc>Simulates mouse click on the element found by ``selector``.</doc>
<status status="PASS" starttime="20211208 17:17:56.008" endtime="20211208 17:17:56.283"/>
</kw>
<kw name="Click" library="Browser">
<arg>text=Salvar</arg>
<tag>PageContent</tag>
<tag>Setter</tag>
<doc>Simulates mouse click on the element found by ``selector``.</doc>
<status status="PASS" starttime="20211208 17:17:56.283" endtime="20211208 17:17:56.357"/>
</kw>
<status status="PASS" starttime="20211208 17:17:55.931" endtime="20211208 17:17:56.357"/>
</kw>
<kw name="Alert Invalid Email Shold Be" library="AlertMessage">
<kw name="Set Variable" library="BuiltIn">
<var>${element}</var>
<arg>css=input[error*="email"]</arg>
<doc>Returns the given values which can then be assigned to a variables.</doc>
<msg timestamp="20211208 17:17:56.359" level="INFO">${element} = css=input[error*="email"]</msg>
<status status="PASS" starttime="20211208 17:17:56.358" endtime="20211208 17:17:56.359"/>
</kw>
<kw name="Wait For Elements State" library="Browser">
<arg>${element}</arg>
<arg>visible</arg>
<arg>10</arg>
<tag>PageContent</tag>
<tag>Wait</tag>
<doc>Waits for the element found by ``selector`` to satisfy state option.</doc>
<msg timestamp="20211208 17:17:56.371" level="INFO">Waited for Element with selector css=input[error*="email"] at state visible</msg>
<status status="PASS" starttime="20211208 17:17:56.359" endtime="20211208 17:17:56.371"/>
</kw>
<status status="PASS" starttime="20211208 17:17:56.358" endtime="20211208 17:17:56.371"/>
</kw>
<kw name="Finish Test" library="Base" type="TEARDOWN">
<kw name="Take Screenshot" library="Browser">
<tag>PageContent</tag>
<doc>Takes a screenshot of the current window or element and saves it to disk.</doc>
<msg timestamp="20211208 17:17:56.518" level="INFO" html="true">&lt;/td&gt;&lt;/tr&gt;&lt;tr&gt;&lt;td colspan="3"&gt;&lt;a href="browser/screenshot/robotframework-browser-screenshot-11.png"&gt;&lt;img src="browser/screenshot/robotframework-browser-screenshot-11.png" width="800px"&gt;&lt;/a&gt;</msg>
<status status="PASS" starttime="20211208 17:17:56.372" endtime="20211208 17:17:56.518"/>
</kw>
<status status="PASS" starttime="20211208 17:17:56.372" endtime="20211208 17:17:56.518"/>
</kw>
<tag>MailInvalid</tag>
<status status="PASS" starttime="20211208 17:17:55.655" endtime="20211208 17:17:56.519"/>
</test>
<doc>CADASTRO ADMIN TESTS</doc>
<status status="FAIL" starttime="20211208 17:17:42.739" endtime="20211208 17:17:56.523"/>
</suite>
<suite id="s1-s3" name="3.AtualizaRecuperaTests" source="C:\Luby\NeerHouse\QA\frontend\tests\3.AtualizaRecuperaTests.robot">
<kw name="Start Session" library="Base" type="SETUP">
<kw name="New Browser" library="Browser">
<arg>chromium</arg>
<arg>False</arg>
<tag>BrowserControl</tag>
<tag>Setter</tag>
<doc>Create a new playwright Browser with specified options.</doc>
<msg timestamp="20211208 17:17:56.622" level="INFO">{"browser": "chromium", "headless": false, "handleSIGINT": true, "handleSIGTERM": true, "handleSIGHUP": true, "timeout": 30000.0, "devtools": false, "slowMo": 0.0, "tracesDir": "C:\\Luby\\NeerHouse\\QA\\frontend\\log\\browser\\traces\\3e05378a-6280-4dbd-a0bc-8e13c5b35884"}</msg>
<msg timestamp="20211208 17:17:57.123" level="INFO">Successfully created browser with options: {"browser":"chromium","headless":false,"handleSIGINT":true,"handleSIGTERM":true,"handleSIGHUP":true,"timeout":30000,"devtools":false,"slowMo":0,"tracesDir":"C:\\Luby\\NeerHouse\\QA\\frontend\\log\\browser\\traces\\3e05378a-6280-4dbd-a0bc-8e13c5b35884"}</msg>
<status status="PASS" starttime="20211208 17:17:56.607" endtime="20211208 17:17:57.124"/>
</kw>
<kw name="New Page" library="Browser">
<arg>https://neer.stag.dev.luby.com.br/</arg>
<tag>BrowserControl</tag>
<tag>Setter</tag>
<doc>Open a new Page.</doc>
<msg timestamp="20211208 17:18:01.200" level="INFO">Successfully initialized new page object and opened url: https://neer.stag.dev.luby.com.br/</msg>
<msg timestamp="20211208 17:18:01.200" level="INFO">No context was open. New context was automatically opened when this page is created.</msg>
<status status="PASS" starttime="20211208 17:17:57.124" endtime="20211208 17:18:01.201"/>
</kw>
<status status="PASS" starttime="20211208 17:17:56.607" endtime="20211208 17:18:01.201"/>
</kw>
<test id="s1-s3-t1" name="Login">
<kw name="Login Admin" library="CadAdm">
<kw name="Login With" library="LoginActions">
<arg>admin@email.com</arg>
<arg>12345678</arg>
<kw name="Fill Text" library="Browser">
<arg>id=email</arg>
<arg>${email}</arg>
<tag>PageContent</tag>
<tag>Setter</tag>
<doc>Clears and fills the given ``txt`` into the text field found by ``selector``.</doc>
<msg timestamp="20211208 17:18:01.211" level="INFO">Fills the text 'admin@email.com' in the given field.</msg>
<status status="PASS" starttime="20211208 17:18:01.211" endtime="20211208 17:18:01.249"/>
</kw>
<kw name="Fill Text" library="Browser">
<arg>id=password</arg>
<arg>${pass}</arg>
<tag>PageContent</tag>
<tag>Setter</tag>
<doc>Clears and fills the given ``txt`` into the text field found by ``selector``.</doc>
<msg timestamp="20211208 17:18:01.249" level="INFO">Fills the text '12345678' in the given field.</msg>
<status status="PASS" starttime="20211208 17:18:01.249" endtime="20211208 17:18:01.280"/>
</kw>
<kw name="Click" library="Browser">
<arg>text=Entrar</arg>
<tag>PageContent</tag>
<tag>Setter</tag>
<doc>Simulates mouse click on the element found by ``selector``.</doc>
<status status="PASS" starttime="20211208 17:18:01.280" endtime="20211208 17:18:02.878"/>
</kw>
<status status="PASS" starttime="20211208 17:18:01.211" endtime="20211208 17:18:02.879"/>
</kw>
<status status="PASS" starttime="20211208 17:18:01.210" endtime="20211208 17:18:02.879"/>
</kw>
<kw name="Finish Test" library="Base" type="TEARDOWN">
<kw name="Take Screenshot" library="Browser">
<tag>PageContent</tag>
<doc>Takes a screenshot of the current window or element and saves it to disk.</doc>
<msg timestamp="20211208 17:18:03.073" level="INFO" html="true">&lt;/td&gt;&lt;/tr&gt;&lt;tr&gt;&lt;td colspan="3"&gt;&lt;a href="browser/screenshot/robotframework-browser-screenshot-12.png"&gt;&lt;img src="browser/screenshot/robotframework-browser-screenshot-12.png" width="800px"&gt;&lt;/a&gt;</msg>
<status status="PASS" starttime="20211208 17:18:02.880" endtime="20211208 17:18:03.073"/>
</kw>
<status status="PASS" starttime="20211208 17:18:02.880" endtime="20211208 17:18:03.073"/>
</kw>
<status status="PASS" starttime="20211208 17:18:01.201" endtime="20211208 17:18:03.073"/>
</test>
<test id="s1-s3-t2" name="Atualizar CadAdm">
<kw name="Go To ListagemAdm" library="ListagemActions">
<kw name="Click" library="Browser">
<arg>text=Usuários</arg>
<tag>PageContent</tag>
<tag>Setter</tag>
<doc>Simulates mouse click on the element found by ``selector``.</doc>
<status status="PASS" starttime="20211208 17:18:03.108" endtime="20211208 17:18:04.341"/>
</kw>
<kw name="Click" library="Browser">
<arg>text=Gerenciar Administradores</arg>
<tag>PageContent</tag>
<tag>Setter</tag>
<doc>Simulates mouse click on the element found by ``selector``.</doc>
<status status="PASS" starttime="20211208 17:18:04.341" endtime="20211208 17:18:04.426"/>
</kw>
<kw name="Get Text" library="Browser">
<arg>text=Administradores</arg>
<tag>Assertion</tag>
<tag>Getter</tag>
<tag>PageContent</tag>
<doc>Returns text attribute of the element found by ``selector``.</doc>
<status status="PASS" starttime="20211208 17:18:04.427" endtime="20211208 17:18:04.673"/>
</kw>
<status status="PASS" starttime="20211208 17:18:03.108" endtime="20211208 17:18:04.673"/>
</kw>
<kw name="Edit Adm" library="AtualizaActions">
<kw name="Click" library="Browser">
<arg>id=cell-4-3</arg>
<tag>PageContent</tag>
<tag>Setter</tag>
<doc>Simulates mouse click on the element found by ``selector``.</doc>
<status status="PASS" starttime="20211208 17:18:04.674" endtime="20211208 17:18:05.333"/>
</kw>
<kw name="Sleep" library="BuiltIn">
<arg>1</arg>
<doc>Pauses the test executed for the given time.</doc>
<msg timestamp="20211208 17:18:06.336" level="INFO">Slept 1 second</msg>
<status status="PASS" starttime="20211208 17:18:05.334" endtime="20211208 17:18:06.336"/>
</kw>
<kw name="Click" library="Browser">
<arg>text=Salvar</arg>
<tag>PageContent</tag>
<tag>Setter</tag>
<doc>Simulates mouse click on the element found by ``selector``.</doc>
<status status="PASS" starttime="20211208 17:18:06.336" endtime="20211208 17:18:06.383"/>
</kw>
<status status="PASS" starttime="20211208 17:18:04.674" endtime="20211208 17:18:06.383"/>
</kw>
<kw name="Alert Atualizado com sucesso" library="AlertMessage">
<kw name="Set Variable" library="BuiltIn">
<var>${atualiza}</var>
<arg>css=.ant-message</arg>
<doc>Returns the given values which can then be assigned to a variables.</doc>
<msg timestamp="20211208 17:18:06.384" level="INFO">${atualiza} = css=.ant-message</msg>
<status status="PASS" starttime="20211208 17:18:06.384" endtime="20211208 17:18:06.384"/>
</kw>
<kw name="Wait For Elements State" library="Browser">
<arg>${atualiza}</arg>
<arg>visible</arg>
<arg>5</arg>
<arg>Login error</arg>
<tag>PageContent</tag>
<tag>Wait</tag>
<doc>Waits for the element found by ``selector`` to satisfy state option.</doc>
<msg timestamp="20211208 17:18:06.918" level="INFO">Waited for Element with selector css=.ant-message at state visible</msg>
<status status="PASS" starttime="20211208 17:18:06.384" endtime="20211208 17:18:06.918"/>
</kw>
<kw name="Get Text" library="Browser">
<arg>${atualiza}</arg>
<arg>contains</arg>
<arg>atualizado</arg>
<tag>Assertion</tag>
<tag>Getter</tag>
<tag>PageContent</tag>
<doc>Returns text attribute of the element found by ``selector``.</doc>
<status status="PASS" starttime="20211208 17:18:06.918" endtime="20211208 17:18:06.940"/>
</kw>
<status status="PASS" starttime="20211208 17:18:06.384" endtime="20211208 17:18:06.941"/>
</kw>
<kw name="Finish Test" library="Base" type="TEARDOWN">
<kw name="Take Screenshot" library="Browser">
<tag>PageContent</tag>
<doc>Takes a screenshot of the current window or element and saves it to disk.</doc>
<msg timestamp="20211208 17:18:07.097" level="INFO" html="true">&lt;/td&gt;&lt;/tr&gt;&lt;tr&gt;&lt;td colspan="3"&gt;&lt;a href="browser/screenshot/robotframework-browser-screenshot-13.png"&gt;&lt;img src="browser/screenshot/robotframework-browser-screenshot-13.png" width="800px"&gt;&lt;/a&gt;</msg>
<status status="PASS" starttime="20211208 17:18:06.942" endtime="20211208 17:18:07.097"/>
</kw>
<status status="PASS" starttime="20211208 17:18:06.942" endtime="20211208 17:18:07.097"/>
</kw>
<tag>AtualizaAdm</tag>
<status status="PASS" starttime="20211208 17:18:03.090" endtime="20211208 17:18:07.098"/>
</test>
<test id="s1-s3-t3" name="Atualizar CadLojista">
<kw name="Login Admin" library="CadAdm">
<kw name="Login With" library="LoginActions">
<arg>admin@email.com</arg>
<arg>12345678</arg>
<kw name="Fill Text" library="Browser">
<arg>id=email</arg>
<arg>${email}</arg>
<tag>PageContent</tag>
<tag>Setter</tag>
<doc>Clears and fills the given ``txt`` into the text field found by ``selector``.</doc>
<msg timestamp="20211208 17:18:07.109" level="INFO">Fills the text 'admin@email.com' in the given field.</msg>
<status status="PASS" starttime="20211208 17:18:07.108" endtime="20211208 17:18:07.162"/>
</kw>
<kw name="Fill Text" library="Browser">
<arg>id=password</arg>
<arg>${pass}</arg>
<tag>PageContent</tag>
<tag>Setter</tag>
<doc>Clears and fills the given ``txt`` into the text field found by ``selector``.</doc>
<msg timestamp="20211208 17:18:07.162" level="INFO">Fills the text '12345678' in the given field.</msg>
<msg timestamp="20211208 17:18:17.297" level="INFO" html="true">&lt;/td&gt;&lt;/tr&gt;&lt;tr&gt;&lt;td colspan="3"&gt;&lt;a href="browser/screenshot/fail-screenshot-2.png"&gt;&lt;img src="browser/screenshot/fail-screenshot-2.png" width="800px"&gt;&lt;/a&gt;</msg>
<msg timestamp="20211208 17:18:17.297" level="FAIL">TimeoutError: locator.fill: Timeout 10000ms exceeded.
=========================== logs ===========================
waiting for selector "id=password"
============================================================</msg>
<status status="FAIL" starttime="20211208 17:18:07.162" endtime="20211208 17:18:17.297"/>
</kw>
<kw name="Click" library="Browser">
<arg>text=Entrar</arg>
<tag>PageContent</tag>
<tag>Setter</tag>
<doc>Simulates mouse click on the element found by ``selector``.</doc>
<status status="NOT RUN" starttime="20211208 17:18:17.297" endtime="20211208 17:18:17.297"/>
</kw>
<status status="FAIL" starttime="20211208 17:18:07.108" endtime="20211208 17:18:17.297"/>
</kw>
<status status="FAIL" starttime="20211208 17:18:07.107" endtime="20211208 17:18:17.297"/>
</kw>
<kw name="Go To ListagemLojista" library="ListagemActions">
<status status="NOT RUN" starttime="20211208 17:18:17.297" endtime="20211208 17:18:17.297"/>
</kw>
<kw name="Edit Lojista" library="AtualizaActions">
<status status="NOT RUN" starttime="20211208 17:18:17.297" endtime="20211208 17:18:17.297"/>
</kw>
<kw name="Alert Atualizado com sucesso" library="AlertMessage">
<status status="NOT RUN" starttime="20211208 17:18:17.297" endtime="20211208 17:18:17.297"/>
</kw>
<kw name="Finish Test" library="Base" type="TEARDOWN">
<kw name="Take Screenshot" library="Browser">
<tag>PageContent</tag>
<doc>Takes a screenshot of the current window or element and saves it to disk.</doc>
<msg timestamp="20211208 17:18:17.414" level="INFO" html="true">&lt;/td&gt;&lt;/tr&gt;&lt;tr&gt;&lt;td colspan="3"&gt;&lt;a href="browser/screenshot/robotframework-browser-screenshot-14.png"&gt;&lt;img src="browser/screenshot/robotframework-browser-screenshot-14.png" width="800px"&gt;&lt;/a&gt;</msg>
<status status="PASS" starttime="20211208 17:18:17.297" endtime="20211208 17:18:17.414"/>
</kw>
<status status="PASS" starttime="20211208 17:18:17.297" endtime="20211208 17:18:17.414"/>
</kw>
<tag>AtualizaLojista</tag>
<status status="FAIL" starttime="20211208 17:18:07.102" endtime="20211208 17:18:17.414">TimeoutError: locator.fill: Timeout 10000ms exceeded.
=========================== logs ===========================
waiting for selector "id=password"
============================================================</status>
</test>
<test id="s1-s3-t4" name="Recupera Senha Admin">
<kw name="Go To ListagemAdm" library="ListagemActions">
<kw name="Click" library="Browser">
<arg>text=Usuários</arg>
<tag>PageContent</tag>
<tag>Setter</tag>
<doc>Simulates mouse click on the element found by ``selector``.</doc>
<status status="PASS" starttime="20211208 17:18:17.429" endtime="20211208 17:18:17.493"/>
</kw>
<kw name="Click" library="Browser">
<arg>text=Gerenciar Administradores</arg>
<tag>PageContent</tag>
<tag>Setter</tag>
<doc>Simulates mouse click on the element found by ``selector``.</doc>
<status status="PASS" starttime="20211208 17:18:17.494" endtime="20211208 17:18:17.596"/>
</kw>
<kw name="Get Text" library="Browser">
<arg>text=Administradores</arg>
<tag>Assertion</tag>
<tag>Getter</tag>
<tag>PageContent</tag>
<doc>Returns text attribute of the element found by ``selector``.</doc>
<status status="PASS" starttime="20211208 17:18:17.597" endtime="20211208 17:18:17.613"/>
</kw>
<status status="PASS" starttime="20211208 17:18:17.429" endtime="20211208 17:18:17.615"/>
</kw>
<kw name="Go To Recupera Senha Admin" library="AtualizaActions">
<kw name="Click" library="Browser">
<arg>id=cell-4-3</arg>
<tag>PageContent</tag>
<tag>Setter</tag>
<doc>Simulates mouse click on the element found by ``selector``.</doc>
<status status="PASS" starttime="20211208 17:18:17.615" endtime="20211208 17:18:17.925"/>
</kw>
<status status="PASS" starttime="20211208 17:18:17.615" endtime="20211208 17:18:17.925"/>
</kw>
<kw name="Recupera Senha" library="AtualizaActions">
<kw name="Set Variable" library="BuiltIn">
<var>${recover}</var>
<arg>css=.ant-message</arg>
<doc>Returns the given values which can then be assigned to a variables.</doc>
<msg timestamp="20211208 17:18:17.926" level="INFO">${recover} = css=.ant-message</msg>
<status status="PASS" starttime="20211208 17:18:17.926" endtime="20211208 17:18:17.926"/>
</kw>
<kw name="Click" library="Browser">
<arg>text=Enviar Recuperação de Senha</arg>
<tag>PageContent</tag>
<tag>Setter</tag>
<doc>Simulates mouse click on the element found by ``selector``.</doc>
<status status="PASS" starttime="20211208 17:18:17.927" endtime="20211208 17:18:17.967"/>
</kw>
<kw name="Wait For Elements State" library="Browser">
<arg>${recover}</arg>
<arg>visible</arg>
<arg>5</arg>
<tag>PageContent</tag>
<tag>Wait</tag>
<doc>Waits for the element found by ``selector`` to satisfy state option.</doc>
<msg timestamp="20211208 17:18:17.975" level="INFO">Waited for Element with selector css=.ant-message at state visible</msg>
<status status="PASS" starttime="20211208 17:18:17.967" endtime="20211208 17:18:17.975"/>
</kw>
<kw name="Get Text" library="Browser">
<arg>${recover}</arg>
<arg>contains</arg>
<arg>Enviada com sucesso</arg>
<tag>Assertion</tag>
<tag>Getter</tag>
<tag>PageContent</tag>
<doc>Returns text attribute of the element found by ``selector``.</doc>
<status status="PASS" starttime="20211208 17:18:17.976" endtime="20211208 17:18:18.000"/>
</kw>
<status status="PASS" starttime="20211208 17:18:17.926" endtime="20211208 17:18:18.000"/>
</kw>
<kw name="Finish Test" library="Base" type="TEARDOWN">
<kw name="Take Screenshot" library="Browser">
<tag>PageContent</tag>
<doc>Takes a screenshot of the current window or element and saves it to disk.</doc>
<msg timestamp="20211208 17:18:18.143" level="INFO" html="true">&lt;/td&gt;&lt;/tr&gt;&lt;tr&gt;&lt;td colspan="3"&gt;&lt;a href="browser/screenshot/robotframework-browser-screenshot-15.png"&gt;&lt;img src="browser/screenshot/robotframework-browser-screenshot-15.png" width="800px"&gt;&lt;/a&gt;</msg>
<status status="PASS" starttime="20211208 17:18:18.001" endtime="20211208 17:18:18.144"/>
</kw>
<status status="PASS" starttime="20211208 17:18:18.001" endtime="20211208 17:18:18.144"/>
</kw>
<tag>RecuperaSenhaAdmin</tag>
<status status="PASS" starttime="20211208 17:18:17.414" endtime="20211208 17:18:18.144"/>
</test>
<test id="s1-s3-t5" name="Recupera Senha Lojista">
<kw name="Go To ListagemLojista" library="ListagemActions">
<kw name="Click" library="Browser">
<arg>text=Usuários</arg>
<tag>PageContent</tag>
<tag>Setter</tag>
<doc>Simulates mouse click on the element found by ``selector``.</doc>
<status status="PASS" starttime="20211208 17:18:18.159" endtime="20211208 17:18:18.228"/>
</kw>
<kw name="Click" library="Browser">
<arg>text=Gerenciar Lojistas</arg>
<tag>PageContent</tag>
<tag>Setter</tag>
<doc>Simulates mouse click on the element found by ``selector``.</doc>
<status status="PASS" starttime="20211208 17:18:18.228" endtime="20211208 17:18:18.326"/>
</kw>
<kw name="Get Text" library="Browser">
<arg>text=Lojistas</arg>
<tag>Assertion</tag>
<tag>Getter</tag>
<tag>PageContent</tag>
<doc>Returns text attribute of the element found by ``selector``.</doc>
<status status="PASS" starttime="20211208 17:18:18.326" endtime="20211208 17:18:18.586"/>
</kw>
<status status="PASS" starttime="20211208 17:18:18.159" endtime="20211208 17:18:18.587"/>
</kw>
<kw name="Go To Recupera Senha Lojista" library="AtualizaActions">
<kw name="Click" library="Browser">
<arg>id=cell-4-1</arg>
<tag>PageContent</tag>
<tag>Setter</tag>
<doc>Simulates mouse click on the element found by ``selector``.</doc>
<status status="PASS" starttime="20211208 17:18:18.588" endtime="20211208 17:18:19.646"/>
</kw>
<status status="PASS" starttime="20211208 17:18:18.588" endtime="20211208 17:18:19.647"/>
</kw>
<kw name="Recupera Senha" library="AtualizaActions">
<kw name="Set Variable" library="BuiltIn">
<var>${recover}</var>
<arg>css=.ant-message</arg>
<doc>Returns the given values which can then be assigned to a variables.</doc>
<msg timestamp="20211208 17:18:19.648" level="INFO">${recover} = css=.ant-message</msg>
<status status="PASS" starttime="20211208 17:18:19.648" endtime="20211208 17:18:19.648"/>
</kw>
<kw name="Click" library="Browser">
<arg>text=Enviar Recuperação de Senha</arg>
<tag>PageContent</tag>
<tag>Setter</tag>
<doc>Simulates mouse click on the element found by ``selector``.</doc>
<status status="PASS" starttime="20211208 17:18:19.648" endtime="20211208 17:18:20.585"/>
</kw>
<kw name="Wait For Elements State" library="Browser">
<arg>${recover}</arg>
<arg>visible</arg>
<arg>5</arg>
<tag>PageContent</tag>
<tag>Wait</tag>
<doc>Waits for the element found by ``selector`` to satisfy state option.</doc>
<msg timestamp="20211208 17:18:20.602" level="INFO">Waited for Element with selector css=.ant-message at state visible</msg>
<status status="PASS" starttime="20211208 17:18:20.585" endtime="20211208 17:18:20.603"/>
</kw>
<kw name="Get Text" library="Browser">
<arg>${recover}</arg>
<arg>contains</arg>
<arg>Enviada com sucesso</arg>
<tag>Assertion</tag>
<tag>Getter</tag>
<tag>PageContent</tag>
<doc>Returns text attribute of the element found by ``selector``.</doc>
<status status="PASS" starttime="20211208 17:18:20.603" endtime="20211208 17:18:20.646"/>
</kw>
<status status="PASS" starttime="20211208 17:18:19.648" endtime="20211208 17:18:20.646"/>
</kw>
<kw name="Finish Test" library="Base" type="TEARDOWN">
<kw name="Take Screenshot" library="Browser">
<tag>PageContent</tag>
<doc>Takes a screenshot of the current window or element and saves it to disk.</doc>
<msg timestamp="20211208 17:18:20.805" level="INFO" html="true">&lt;/td&gt;&lt;/tr&gt;&lt;tr&gt;&lt;td colspan="3"&gt;&lt;a href="browser/screenshot/robotframework-browser-screenshot-16.png"&gt;&lt;img src="browser/screenshot/robotframework-browser-screenshot-16.png" width="800px"&gt;&lt;/a&gt;</msg>
<status status="PASS" starttime="20211208 17:18:20.647" endtime="20211208 17:18:20.805"/>
</kw>
<status status="PASS" starttime="20211208 17:18:20.647" endtime="20211208 17:18:20.806"/>
</kw>
<tag>RecuperaSenhaLojista</tag>
<status status="PASS" starttime="20211208 17:18:18.154" endtime="20211208 17:18:20.806"/>
</test>
<test id="s1-s3-t6" name="Delete Admin">
<kw name="Go To Admin" library="AtualizaActions">
<kw name="Click" library="Browser">
<arg>text=Usuários</arg>
<tag>PageContent</tag>
<tag>Setter</tag>
<doc>Simulates mouse click on the element found by ``selector``.</doc>
<status status="PASS" starttime="20211208 17:18:20.814" endtime="20211208 17:18:20.950"/>
</kw>
<kw name="Click" library="Browser">
<arg>text=Gerenciar Administrador</arg>
<tag>PageContent</tag>
<tag>Setter</tag>
<doc>Simulates mouse click on the element found by ``selector``.</doc>
<status status="PASS" starttime="20211208 17:18:20.950" endtime="20211208 17:18:21.079"/>
</kw>
<kw name="Get Text" library="Browser">
<arg>text=Administradores</arg>
<tag>Assertion</tag>
<tag>Getter</tag>
<tag>PageContent</tag>
<doc>Returns text attribute of the element found by ``selector``.</doc>
<status status="PASS" starttime="20211208 17:18:21.079" endtime="20211208 17:18:21.098"/>
</kw>
<status status="PASS" starttime="20211208 17:18:20.814" endtime="20211208 17:18:21.098"/>
</kw>
<kw name="Delete Admin" library="AtualizaActions">
<kw name="Set Variable" library="BuiltIn">
<var>${delete}</var>
<arg>css=.ant-message</arg>
<doc>Returns the given values which can then be assigned to a variables.</doc>
<msg timestamp="20211208 17:18:21.099" level="INFO">${delete} = css=.ant-message</msg>
<status status="PASS" starttime="20211208 17:18:21.099" endtime="20211208 17:18:21.099"/>
</kw>
<kw name="Click" library="Browser">
<arg>id=cell-4-9</arg>
<tag>PageContent</tag>
<tag>Setter</tag>
<doc>Simulates mouse click on the element found by ``selector``.</doc>
<msg timestamp="20211208 17:18:31.244" level="INFO" html="true">&lt;/td&gt;&lt;/tr&gt;&lt;tr&gt;&lt;td colspan="3"&gt;&lt;a href="browser/screenshot/fail-screenshot-3.png"&gt;&lt;img src="browser/screenshot/fail-screenshot-3.png" width="800px"&gt;&lt;/a&gt;</msg>
<msg timestamp="20211208 17:18:31.244" level="FAIL">TimeoutError: locator.click: Timeout 10000ms exceeded.
=========================== logs ===========================
waiting for selector "id=cell-4-9"
============================================================</msg>
<status status="FAIL" starttime="20211208 17:18:21.099" endtime="20211208 17:18:31.244"/>
</kw>
<kw name="Click" library="Browser">
<arg>text=Excluir</arg>
<tag>PageContent</tag>
<tag>Setter</tag>
<doc>Simulates mouse click on the element found by ``selector``.</doc>
<status status="NOT RUN" starttime="20211208 17:18:31.244" endtime="20211208 17:18:31.244"/>
</kw>
<kw name="Wait For Elements State" library="Browser">
<arg>css=.ant-modal-content</arg>
<arg>visible</arg>
<arg>5</arg>
<tag>PageContent</tag>
<tag>Wait</tag>
<doc>Waits for the element found by ``selector`` to satisfy state option.</doc>
<status status="NOT RUN" starttime="20211208 17:18:31.244" endtime="20211208 17:18:31.244"/>
</kw>
<kw name="Click" library="Browser">
<arg>text=Confirmar</arg>
<tag>PageContent</tag>
<tag>Setter</tag>
<doc>Simulates mouse click on the element found by ``selector``.</doc>
<status status="NOT RUN" starttime="20211208 17:18:31.244" endtime="20211208 17:18:31.244"/>
</kw>
<kw name="Wait For Elements State" library="Browser">
<arg>${delete}</arg>
<arg>visible</arg>
<arg>5</arg>
<tag>PageContent</tag>
<tag>Wait</tag>
<doc>Waits for the element found by ``selector`` to satisfy state option.</doc>
<status status="NOT RUN" starttime="20211208 17:18:31.244" endtime="20211208 17:18:31.244"/>
</kw>
<kw name="Get Text" library="Browser">
<arg>${delete}</arg>
<arg>contains</arg>
<arg>sucesso</arg>
<tag>Assertion</tag>
<tag>Getter</tag>
<tag>PageContent</tag>
<doc>Returns text attribute of the element found by ``selector``.</doc>
<status status="NOT RUN" starttime="20211208 17:18:31.244" endtime="20211208 17:18:31.244"/>
</kw>
<status status="FAIL" starttime="20211208 17:18:21.099" endtime="20211208 17:18:31.244"/>
</kw>
<kw name="Finish Test" library="Base" type="TEARDOWN">
<kw name="Take Screenshot" library="Browser">
<tag>PageContent</tag>
<doc>Takes a screenshot of the current window or element and saves it to disk.</doc>
<msg timestamp="20211208 17:18:31.346" level="INFO" html="true">&lt;/td&gt;&lt;/tr&gt;&lt;tr&gt;&lt;td colspan="3"&gt;&lt;a href="browser/screenshot/robotframework-browser-screenshot-17.png"&gt;&lt;img src="browser/screenshot/robotframework-browser-screenshot-17.png" width="800px"&gt;&lt;/a&gt;</msg>
<status status="PASS" starttime="20211208 17:18:31.244" endtime="20211208 17:18:31.346"/>
</kw>
<status status="PASS" starttime="20211208 17:18:31.244" endtime="20211208 17:18:31.346"/>
</kw>
<tag>deleteadmin</tag>
<status status="FAIL" starttime="20211208 17:18:20.811" endtime="20211208 17:18:31.361">TimeoutError: locator.click: Timeout 10000ms exceeded.
=========================== logs ===========================
waiting for selector "id=cell-4-9"
============================================================</status>
</test>
<test id="s1-s3-t7" name="Delete Lojista">
<kw name="Go To Lojista" library="AtualizaActions">
<kw name="Click" library="Browser">
<arg>text=Usuários</arg>
<tag>PageContent</tag>
<tag>Setter</tag>
<doc>Simulates mouse click on the element found by ``selector``.</doc>
<status status="PASS" starttime="20211208 17:18:31.373" endtime="20211208 17:18:31.417"/>
</kw>
<kw name="Click" library="Browser">
<arg>text=Gerenciar Lojistas</arg>
<tag>PageContent</tag>
<tag>Setter</tag>
<doc>Simulates mouse click on the element found by ``selector``.</doc>
<status status="PASS" starttime="20211208 17:18:31.417" endtime="20211208 17:18:31.533"/>
</kw>
<kw name="Get Text" library="Browser">
<arg>text=Lojistas</arg>
<tag>Assertion</tag>
<tag>Getter</tag>
<tag>PageContent</tag>
<doc>Returns text attribute of the element found by ``selector``.</doc>
<status status="PASS" starttime="20211208 17:18:31.533" endtime="20211208 17:18:31.552"/>
</kw>
<status status="PASS" starttime="20211208 17:18:31.372" endtime="20211208 17:18:31.552"/>
</kw>
<kw name="Delete Lojista" library="AtualizaActions">
<kw name="Set Variable" library="BuiltIn">
<var>${delete}</var>
<arg>css=.ant-message</arg>
<doc>Returns the given values which can then be assigned to a variables.</doc>
<msg timestamp="20211208 17:18:31.553" level="INFO">${delete} = css=.ant-message</msg>
[...]
</kw>
<msg timestamp="20211208 17:19:56.806" level="INFO">${DadosCad} = {'name': 'Clientetestes', 'CPF': '12548784459'}</msg>
<status status="PASS" starttime="20211208 17:19:56.803" endtime="20211208 17:19:56.806"/>
</kw>
<kw name="Go To ListagemCliente" library="ListagemActions">
<kw name="Click" library="Browser">
<arg>text=Usuários</arg>
<tag>PageContent</tag>
<tag>Setter</tag>
<doc>Simulates mouse click on the element found by ``selector``.</doc>
<status status="PASS" starttime="20211208 17:19:56.806" endtime="20211208 17:19:56.854"/>
</kw>
<kw name="Click" library="Browser">
<arg>text=Gerenciar Clientes</arg>
<tag>PageContent</tag>
<tag>Setter</tag>
<doc>Simulates mouse click on the element found by ``selector``.</doc>
<status status="PASS" starttime="20211208 17:19:56.854" endtime="20211208 17:19:56.944"/>
</kw>
<kw name="Get Text" library="Browser">
<arg>text=Clientes</arg>
<tag>Assertion</tag>
<tag>Getter</tag>
<tag>PageContent</tag>
<doc>Returns text attribute of the element found by ``selector``.</doc>
<status status="PASS" starttime="20211208 17:19:56.945" endtime="20211208 17:19:56.961"/>
</kw>
<status status="PASS" starttime="20211208 17:19:56.806" endtime="20211208 17:19:56.961"/>
</kw>
<kw name="Fill FiltroCliente" library="ListagemActions">
<arg>${DadosCad}</arg>
<kw name="Fill Text" library="Browser">
<arg>id=name</arg>
<arg>${DadosCad}[name]</arg>
<tag>PageContent</tag>
<tag>Setter</tag>
<doc>Clears and fills the given ``txt`` into the text field found by ``selector``.</doc>
<msg timestamp="20211208 17:19:56.963" level="INFO">Fills the text 'Clientetestes' in the given field.</msg>
<status status="PASS" starttime="20211208 17:19:56.962" endtime="20211208 17:19:56.984"/>
</kw>
<kw name="Fill Text" library="Browser">
<arg>id=cpf</arg>
<arg>${DadosCad}[CPF]</arg>
<tag>PageContent</tag>
<tag>Setter</tag>
<doc>Clears and fills the given ``txt`` into the text field found by ``selector``.</doc>
<msg timestamp="20211208 17:19:56.984" level="INFO">Fills the text '12548784459' in the given field.</msg>
<status status="PASS" starttime="20211208 17:19:56.984" endtime="20211208 17:19:57.019"/>
</kw>
<kw name="Get Text" library="Browser">
<arg>id=name</arg>
<arg>inequal</arg>
<arg>${EMPTY}</arg>
<tag>Assertion</tag>
<tag>Getter</tag>
<tag>PageContent</tag>
<doc>Returns text attribute of the element found by ``selector``.</doc>
<status status="PASS" starttime="20211208 17:19:57.019" endtime="20211208 17:19:57.035"/>
</kw>
<kw name="Get Text" library="Browser">
<arg>id=cpf</arg>
<arg>inequal</arg>
<arg>${EMPTY}</arg>
<tag>Assertion</tag>
<tag>Getter</tag>
<tag>PageContent</tag>
<doc>Returns text attribute of the element found by ``selector``.</doc>
<status status="PASS" starttime="20211208 17:19:57.035" endtime="20211208 17:19:57.049"/>
</kw>
<status status="PASS" starttime="20211208 17:19:56.962" endtime="20211208 17:19:57.050"/>
</kw>
<kw name="Search Filtro" library="ListagemActions">
<kw name="Click" library="Browser">
<arg>text=Pesquisar</arg>
<tag>PageContent</tag>
<tag>Setter</tag>
<doc>Simulates mouse click on the element found by ``selector``.</doc>
<status status="PASS" starttime="20211208 17:19:57.051" endtime="20211208 17:19:57.137"/>
</kw>
<kw name="Set Variable" library="BuiltIn">
<var>${compare}</var>
<arg>@</arg>
<doc>Returns the given values which can then be assigned to a variables.</doc>
<msg timestamp="20211208 17:19:57.138" level="INFO">${compare} = @</msg>
<status status="PASS" starttime="20211208 17:19:57.138" endtime="20211208 17:19:57.138"/>
</kw>
<kw name="Set Variable" library="BuiltIn">
<var>${result}</var>
<arg>xpath=/html/body/div[1]/main/div/main/div/div[2]/div[1]/div/div</arg>
<doc>Returns the given values which can then be assigned to a variables.</doc>
<msg timestamp="20211208 17:19:57.138" level="INFO">${result} = xpath=/html/body/div[1]/main/div/main/div/div[2]/div[1]/div/div</msg>
<status status="PASS" starttime="20211208 17:19:57.138" endtime="20211208 17:19:57.138"/>
</kw>
<kw name="Wait For Elements State" library="Browser">
<arg>${result}</arg>
<arg>visible</arg>
<arg>5</arg>
<tag>PageContent</tag>
<tag>Wait</tag>
<doc>Waits for the element found by ``selector`` to satisfy state option.</doc>
<msg timestamp="20211208 17:19:57.149" level="INFO">Waited for Element with selector xpath=/html/body/div[1]/main/div/main/div/div[2]/div[1]/div/div at state visible</msg>
<status status="PASS" starttime="20211208 17:19:57.138" endtime="20211208 17:19:57.150"/>
</kw>
<kw name="Get Text" library="Browser">
<arg>${result}</arg>
<arg>contains</arg>
<arg>${compare}</arg>
<tag>Assertion</tag>
<tag>Getter</tag>
<tag>PageContent</tag>
<doc>Returns text attribute of the element found by ``selector``.</doc>
<msg timestamp="20211208 17:19:58.318" level="INFO" html="true">&lt;/td&gt;&lt;/tr&gt;&lt;tr&gt;&lt;td colspan="3"&gt;&lt;a href="browser/screenshot/fail-screenshot-7.png"&gt;&lt;img src="browser/screenshot/fail-screenshot-7.png" width="800px"&gt;&lt;/a&gt;</msg>
<msg timestamp="20211208 17:19:58.319" level="FAIL">Text 'Sem dados' (str) should contain '@' (str)</msg>
<status status="FAIL" starttime="20211208 17:19:57.150" endtime="20211208 17:19:58.319"/>
</kw>
<status status="FAIL" starttime="20211208 17:19:57.050" endtime="20211208 17:19:58.319"/>
</kw>
<kw name="Finish Test" library="Base" type="TEARDOWN">
<kw name="Take Screenshot" library="Browser">
<tag>PageContent</tag>
<doc>Takes a screenshot of the current window or element and saves it to disk.</doc>
<msg timestamp="20211208 17:19:58.435" level="INFO" html="true">&lt;/td&gt;&lt;/tr&gt;&lt;tr&gt;&lt;td colspan="3"&gt;&lt;a href="browser/screenshot/robotframework-browser-screenshot-53.png"&gt;&lt;img src="browser/screenshot/robotframework-browser-screenshot-53.png" width="800px"&gt;&lt;/a&gt;</msg>
<status status="PASS" starttime="20211208 17:19:58.321" endtime="20211208 17:19:58.435"/>
</kw>
<status status="PASS" starttime="20211208 17:19:58.321" endtime="20211208 17:19:58.435"/>
</kw>
<tag>ListaComFiltroCliente</tag>
<status status="FAIL" starttime="20211208 17:19:56.800" endtime="20211208 17:19:58.436">Text 'Sem dados' (str) should contain '@' (str)</status>
</test>
<test id="s1-s8-t5" name="Redireciona Cadastro">
<kw name="Go To ListagemCliente" library="ListagemActions">
<kw name="Click" library="Browser">
<arg>text=Usuários</arg>
<tag>PageContent</tag>
<tag>Setter</tag>
<doc>Simulates mouse click on the element found by ``selector``.</doc>
<status status="PASS" starttime="20211208 17:19:58.445" endtime="20211208 17:19:58.507"/>
</kw>
<kw name="Click" library="Browser">
<arg>text=Gerenciar Clientes</arg>
<tag>PageContent</tag>
<tag>Setter</tag>
<doc>Simulates mouse click on the element found by ``selector``.</doc>
<status status="PASS" starttime="20211208 17:19:58.509" endtime="20211208 17:19:58.605"/>
</kw>
<kw name="Get Text" library="Browser">
<arg>text=Clientes</arg>
<tag>Assertion</tag>
<tag>Getter</tag>
<tag>PageContent</tag>
<doc>Returns text attribute of the element found by ``selector``.</doc>
<status status="PASS" starttime="20211208 17:19:58.605" endtime="20211208 17:19:58.623"/>
</kw>
<status status="PASS" starttime="20211208 17:19:58.445" endtime="20211208 17:19:58.623"/>
</kw>
<kw name="Go to CadastroCli" library="ListagemActions">
<kw name="Click" library="Browser">
<arg>text=Cadastrar</arg>
<tag>PageContent</tag>
<tag>Setter</tag>
<doc>Simulates mouse click on the element found by ``selector``.</doc>
<status status="PASS" starttime="20211208 17:19:58.623" endtime="20211208 17:19:58.700"/>
</kw>
<kw name="Get Text" library="Browser">
<arg>text=Cadastrar Clientes</arg>
<tag>Assertion</tag>
<tag>Getter</tag>
<tag>PageContent</tag>
<doc>Returns text attribute of the element found by ``selector``.</doc>
<msg timestamp="20211208 17:20:08.842" level="INFO" html="true">&lt;/td&gt;&lt;/tr&gt;&lt;tr&gt;&lt;td colspan="3"&gt;&lt;a href="browser/screenshot/fail-screenshot-8.png"&gt;&lt;img src="browser/screenshot/fail-screenshot-8.png" width="800px"&gt;&lt;/a&gt;</msg>
<msg timestamp="20211208 17:20:08.842" level="FAIL">TimeoutError: locator.elementHandle: Timeout 10000ms exceeded.
=========================== logs ===========================
waiting for selector "text=Cadastrar Clientes"
============================================================</msg>
<status status="FAIL" starttime="20211208 17:19:58.701" endtime="20211208 17:20:08.842"/>
</kw>
<status status="FAIL" starttime="20211208 17:19:58.623" endtime="20211208 17:20:08.842"/>
</kw>
<kw name="Finish Test" library="Base" type="TEARDOWN">
<kw name="Take Screenshot" library="Browser">
<tag>PageContent</tag>
<doc>Takes a screenshot of the current window or element and saves it to disk.</doc>
<msg timestamp="20211208 17:20:08.943" level="INFO" html="true">&lt;/td&gt;&lt;/tr&gt;&lt;tr&gt;&lt;td colspan="3"&gt;&lt;a href="browser/screenshot/robotframework-browser-screenshot-54.png"&gt;&lt;img src="browser/screenshot/robotframework-browser-screenshot-54.png" width="800px"&gt;&lt;/a&gt;</msg>
<status status="PASS" starttime="20211208 17:20:08.842" endtime="20211208 17:20:08.943"/>
</kw>
<status status="PASS" starttime="20211208 17:20:08.842" endtime="20211208 17:20:08.943"/>
</kw>
<tag>DirecionaCadastroCliente</tag>
<status status="FAIL" starttime="20211208 17:19:58.441" endtime="20211208 17:20:08.943">TimeoutError: locator.elementHandle: Timeout 10000ms exceeded.
=========================== logs ===========================
waiting for selector "text=Cadastrar Clientes"
============================================================</status>
</test>
<test id="s1-s8-t6" name="Limpa Filtro">
<kw name="Get DadosCad" library="Helpers">
<var>${DadosCad}</var>
<arg>PreencheFiltroCliente</arg>
<kw name="Get File" library="OperatingSystem">
<var>${fixture}</var>
<arg>${EXECDIR}/resources/fixtures/DadosCad.json</arg>
<doc>Returns the contents of a specified file.</doc>
<msg timestamp="20211208 17:20:08.970" level="INFO" html="true">Getting file '&lt;a href="file://C:\Luby\NeerHouse\QA\frontend\resources\fixtures\DadosCad.json"&gt;C:\Luby\NeerHouse\QA\frontend\resources\fixtures\DadosCad.json&lt;/a&gt;'.</msg>
<msg timestamp="20211208 17:20:08.970" level="INFO">${fixture} = {   
    "Adm1": {
        "email": "emailteste7@teste.com"
        },

    "EmailBranco": {
        "email": ""
    },

    "Vazio": {
        "email": ""
    },

    "PermissaoBranco":{
        "ema...</msg>
<status status="PASS" starttime="20211208 17:20:08.970" endtime="20211208 17:20:08.970"/>
</kw>
<kw name="Evaluate" library="BuiltIn">
<var>${json}</var>
<arg>json.loads($fixture)</arg>
<arg>json</arg>
<doc>Evaluates the given expression in Python and returns the result.</doc>
<msg timestamp="20211208 17:20:08.971" level="INFO">${json} = {'Adm1': {'email': 'emailteste7@teste.com'}, 'EmailBranco': {'email': ''}, 'Vazio': {'email': ''}, 'PermissaoBranco': {'email': 'email2@email.com'}, 'EmailInvalido': {'email': 'emailinvalido@'}, 'CadL...</msg>
<status status="PASS" starttime="20211208 17:20:08.970" endtime="20211208 17:20:08.971"/>
</kw>
<kw name="Set Variable" library="BuiltIn">
<var>${select_DadosCad}</var>
<arg>${json}[${DadosCad}]</arg>
<doc>Returns the given values which can then be assigned to a variables.</doc>
<msg timestamp="20211208 17:20:08.971" level="INFO">${select_DadosCad} = {'name': 'Clientetestes', 'CPF': '12548784459'}</msg>
<status status="PASS" starttime="20211208 17:20:08.971" endtime="20211208 17:20:08.971"/>
</kw>
<msg timestamp="20211208 17:20:08.971" level="INFO">${DadosCad} = {'name': 'Clientetestes', 'CPF': '12548784459'}</msg>
<status status="PASS" starttime="20211208 17:20:08.969" endtime="20211208 17:20:08.971"/>
</kw>
<kw name="Go To ListagemCliente" library="ListagemActions">
<kw name="Click" library="Browser">
<arg>text=Usuários</arg>
<tag>PageContent</tag>
<tag>Setter</tag>
<doc>Simulates mouse click on the element found by ``selector``.</doc>
<status status="PASS" starttime="20211208 17:20:08.972" endtime="20211208 17:20:09.017"/>
</kw>
<kw name="Click" library="Browser">
<arg>text=Gerenciar Clientes</arg>
<tag>PageContent</tag>
<tag>Setter</tag>
<doc>Simulates mouse click on the element found by ``selector``.</doc>
<status status="PASS" starttime="20211208 17:20:09.017" endtime="20211208 17:20:09.146"/>
</kw>
<kw name="Get Text" library="Browser">
<arg>text=Clientes</arg>
<tag>Assertion</tag>
<tag>Getter</tag>
<tag>PageContent</tag>
<doc>Returns text attribute of the element found by ``selector``.</doc>
<status status="PASS" starttime="20211208 17:20:09.146" endtime="20211208 17:20:09.164"/>
</kw>
<status status="PASS" starttime="20211208 17:20:08.972" endtime="20211208 17:20:09.164"/>
</kw>
<kw name="Fill FiltroCliente" library="ListagemActions">
<arg>${DadosCad}</arg>
<kw name="Fill Text" library="Browser">
<arg>id=name</arg>
<arg>${DadosCad}[name]</arg>
<tag>PageContent</tag>
<tag>Setter</tag>
<doc>Clears and fills the given ``txt`` into the text field found by ``selector``.</doc>
<msg timestamp="20211208 17:20:09.165" level="INFO">Fills the text 'Clientetestes' in the given field.</msg>
<status status="PASS" starttime="20211208 17:20:09.165" endtime="20211208 17:20:09.188"/>
</kw>
<kw name="Fill Text" library="Browser">
<arg>id=cpf</arg>
<arg>${DadosCad}[CPF]</arg>
<tag>PageContent</tag>
<tag>Setter</tag>
<doc>Clears and fills the given ``txt`` into the text field found by ``selector``.</doc>
<msg timestamp="20211208 17:20:09.188" level="INFO">Fills the text '12548784459' in the given field.</msg>
<status status="PASS" starttime="20211208 17:20:09.188" endtime="20211208 17:20:09.223"/>
</kw>
<kw name="Get Text" library="Browser">
<arg>id=name</arg>
<arg>inequal</arg>
<arg>${EMPTY}</arg>
<tag>Assertion</tag>
<tag>Getter</tag>
<tag>PageContent</tag>
<doc>Returns text attribute of the element found by ``selector``.</doc>
<status status="PASS" starttime="20211208 17:20:09.223" endtime="20211208 17:20:09.238"/>
</kw>
<kw name="Get Text" library="Browser">
<arg>id=cpf</arg>
<arg>inequal</arg>
<arg>${EMPTY}</arg>
<tag>Assertion</tag>
<tag>Getter</tag>
<tag>PageContent</tag>
<doc>Returns text attribute of the element found by ``selector``.</doc>
<status status="PASS" starttime="20211208 17:20:09.238" endtime="20211208 17:20:09.252"/>
</kw>
<status status="PASS" starttime="20211208 17:20:09.165" endtime="20211208 17:20:09.252"/>
</kw>
<kw name="Clear Filtro" library="ListagemActions">
<kw name="Click" library="Browser">
<arg>text=Limpar</arg>
<tag>PageContent</tag>
<tag>Setter</tag>
<doc>Simulates mouse click on the element found by ``selector``.</doc>
<status status="PASS" starttime="20211208 17:20:09.253" endtime="20211208 17:20:09.341"/>
</kw>
<kw name="Get Text" library="Browser">
<arg>id=email</arg>
<arg>equal</arg>
<arg>${EMPTY}</arg>
<tag>Assertion</tag>
<tag>Getter</tag>
<tag>PageContent</tag>
<doc>Returns text attribute of the element found by ``selector``.</doc>
<status status="PASS" starttime="20211208 17:20:09.341" endtime="20211208 17:20:09.366"/>
</kw>
<status status="PASS" starttime="20211208 17:20:09.253" endtime="20211208 17:20:09.366"/>
</kw>
<kw name="Finish Test" library="Base" type="TEARDOWN">
<kw name="Take Screenshot" library="Browser">
<tag>PageContent</tag>
<doc>Takes a screenshot of the current window or element and saves it to disk.</doc>
<msg timestamp="20211208 17:20:09.533" level="INFO" html="true">&lt;/td&gt;&lt;/tr&gt;&lt;tr&gt;&lt;td colspan="3"&gt;&lt;a href="browser/screenshot/robotframework-browser-screenshot-55.png"&gt;&lt;img src="browser/screenshot/robotframework-browser-screenshot-55.png" width="800px"&gt;&lt;/a&gt;</msg>
<status status="PASS" starttime="20211208 17:20:09.366" endtime="20211208 17:20:09.533"/>
</kw>
<status status="PASS" starttime="20211208 17:20:09.366" endtime="20211208 17:20:09.533"/>
</kw>
<tag>LimpaFiltroCliente</tag>
<status status="PASS" starttime="20211208 17:20:08.965" endtime="20211208 17:20:09.534"/>
</test>
<doc>Cadastro Cliente Teste</doc>
<status status="FAIL" starttime="20211208 17:19:46.429" endtime="20211208 17:20:09.539"/>
</suite>
<status status="FAIL" starttime="20211208 17:17:29.905" endtime="20211208 17:20:09.625"/>
</suite>
<statistics>
<total>
<stat pass="47" fail="8" skip="0">All Tests</stat>
</total>
<tag>
<stat pass="1" fail="0" skip="0">AtualizaAdm</stat>
<stat pass="0" fail="1" skip="0">AtualizaLojista</stat>
<stat pass="1" fail="0" skip="0">bloquearlojista</stat>
<stat pass="0" fail="1" skip="0">Cadastro</stat>
<stat pass="1" fail="0" skip="0">CadBranco</stat>
<stat pass="1" fail="0" skip="0">CadCliCPFIncompleto</stat>
<stat pass="1" fail="0" skip="0">CadcliDataNasc</stat>
<stat pass="1" fail="0" skip="0">CadCliEmailInvalido</stat>
<stat pass="1" fail="0" skip="0">CadCliente</stat>
<stat pass="1" fail="0" skip="0">CadCliFoneIncompleto</stat>
<stat pass="1" fail="0" skip="0">CadcliVazio</stat>
<stat pass="1" fail="0" skip="0">CadLojista</stat>
<stat pass="1" fail="0" skip="0">CadLojistaBranco</stat>
<stat pass="1" fail="0" skip="0">CadLojistaCompleto</stat>
<stat pass="1" fail="0" skip="0">CadLojistaEmailBranco</stat>
<stat pass="1" fail="0" skip="0">CadLojistaEmailInvalid</stat>
<stat pass="1" fail="0" skip="0">CadLojistaPhoneBranco</stat>
<stat pass="1" fail="0" skip="0">CadLojistaPhoneInvalid</stat>
<stat pass="1" fail="0" skip="0">CamposVazios</stat>
<stat pass="0" fail="1" skip="0">deleteadmin</stat>
<stat pass="0" fail="1" skip="0">deletelojista</stat>
<stat pass="1" fail="0" skip="0">desbloquearlojista</stat>
<stat pass="1" fail="0" skip="0">DirecionaCadastroADM</stat>
<stat pass="0" fail="1" skip="0">DirecionaCadastroCliente</stat>
<stat pass="1" fail="0" skip="0">DirecionaCadastroLojista</stat>
<stat pass="1" fail="0" skip="0">EmailInvalido</stat>
<stat pass="1" fail="0" skip="0">LimpaFiltroADM</stat>
<stat pass="1" fail="0" skip="0">LimpaFiltroCliente</stat>
<stat pass="1" fail="0" skip="0">LimpaFiltroLojista</stat>
<stat pass="1" fail="0" skip="0">ListaComDadosADM</stat>
<stat pass="0" fail="1" skip="0">ListaComDadosCliente</stat>
<stat pass="1" fail="0" skip="0">ListaComDadosLojista</stat>
<stat pass="1" fail="0" skip="0">ListaComFiltroADM</stat>
<stat pass="0" fail="1" skip="0">ListaComFiltroCliente</stat>
<stat pass="1" fail="0" skip="0">ListaComFiltroLojista</stat>
<stat pass="1" fail="0" skip="0">ListavaziaADM</stat>
<stat pass="1" fail="0" skip="0">ListavaziaCliente</stat>
<stat pass="1" fail="0" skip="0">ListavaziaLojista</stat>
<stat pass="1" fail="0" skip="0">loginsucesso</stat>
<stat pass="1" fail="0" skip="0">LoginVazio</stat>
<stat pass="1" fail="0" skip="0">MailBranco</stat>
<stat pass="1" fail="0" skip="0">MailInvalid</stat>
<stat pass="1" fail="0" skip="0">PermissionBranco</stat>
<stat pass="1" fail="0" skip="0">RecuperaSenhaAdmin</stat>
<stat pass="1" fail="0" skip="0">RecuperaSenhaLojista</stat>
<stat pass="1" fail="0" skip="0">Senhaincorreta</stat>
<stat pass="0" fail="1" skip="0">visaoadm</stat>
<stat pass="1" fail="0" skip="0">visaoLojista</stat>
</tag>
<suite>
<stat pass="47" fail="8" skip="0" id="s1" name="Tests">Tests</stat>
<stat pass="5" fail="0" skip="0" id="s1-s1" name="1.LoginTests">Tests.1.LoginTests</stat>
<stat pass="5" fail="1" skip="0" id="s1-s2" name="2.CadastrosAdminTests">Tests.2.CadastrosAdminTests</stat>
<stat pass="7" fail="4" skip="0" id="s1-s3" name="3.AtualizaRecuperaTests">Tests.3.AtualizaRecuperaTests</stat>
<stat pass="8" fail="0" skip="0" id="s1-s4" name="4.CadastroLojistaTests">Tests.4.CadastroLojistaTests</stat>
<stat pass="7" fail="0" skip="0" id="s1-s5" name="5.CadastroClienteTests">Tests.5.CadastroClienteTests</stat>
<stat pass="6" fail="0" skip="0" id="s1-s6" name="6.ListagemAdmTests">Tests.6.ListagemAdmTests</stat>
<stat pass="6" fail="0" skip="0" id="s1-s7" name="7.ListagemLojistaTests">Tests.7.ListagemLojistaTests</stat>
<stat pass="3" fail="3" skip="0" id="s1-s8" name="8.ListagemClienteTests">Tests.8.ListagemClienteTests</stat>
</suite>
</statistics>
<errors>
</errors>
</robot>
